{"numTotalTestSuites":110,"numPassedTestSuites":70,"numFailedTestSuites":40,"numPendingTestSuites":0,"numTotalTests":262,"numPassedTests":213,"numFailedTests":48,"numPendingTests":1,"numTodoTests":0,"snapshot":{"added":0,"failure":false,"filesAdded":0,"filesRemoved":0,"filesRemovedList":[],"filesUnmatched":0,"filesUpdated":0,"matched":0,"total":0,"unchecked":0,"uncheckedKeysByFile":[],"unmatched":0,"updated":0,"didUpdate":false},"startTime":1749837412349,"success":false,"testResults":[{"assertionResults":[{"ancestorTitles":["Bracket and Provide Integration"],"fullName":"Bracket and Provide Integration should properly provide resources from bracket to use tasks","status":"passed","title":"should properly provide resources from bracket to use tasks","duration":5.452300000000037,"failureMessages":[],"meta":{}},{"ancestorTitles":["Bracket and Provide Integration"],"fullName":"Bracket and Provide Integration should handle nested bracket provides correctly","status":"passed","title":"should handle nested bracket provides correctly","duration":4.119199999999978,"failureMessages":[],"meta":{}}],"startTime":1749837418601,"endTime":1749837418610.1191,"status":"passed","message":"","name":"C:/Users/Pglenn/effectively/test/bracket-provide-integration.test.ts"},{"assertionResults":[{"ancestorTitles":["Circuit Breaker (circuit-breaker.ts)","CircuitOpenError"],"fullName":"Circuit Breaker (circuit-breaker.ts) CircuitOpenError should create proper error with circuit ID","status":"passed","title":"should create proper error with circuit ID","duration":3.7786999999998443,"failureMessages":[],"meta":{}},{"ancestorTitles":["Circuit Breaker (circuit-breaker.ts)","CircuitOpenError"],"fullName":"Circuit Breaker (circuit-breaker.ts) CircuitOpenError should have proper prototype chain","status":"passed","title":"should have proper prototype chain","duration":0.6627000000003136,"failureMessages":[],"meta":{}},{"ancestorTitles":["Circuit Breaker (circuit-breaker.ts)","withCircuitBreaker","CLOSED state behavior"],"fullName":"Circuit Breaker (circuit-breaker.ts) withCircuitBreaker CLOSED state behavior should allow requests to pass through when circuit is closed","status":"passed","title":"should allow requests to pass through when circuit is closed","duration":4.604000000000269,"failureMessages":[],"meta":{}},{"ancestorTitles":["Circuit Breaker (circuit-breaker.ts)","withCircuitBreaker","CLOSED state behavior"],"fullName":"Circuit Breaker (circuit-breaker.ts) withCircuitBreaker CLOSED state behavior should record failures but allow requests until threshold is reached","status":"failed","title":"should record failures but allow requests until threshold is reached","duration":39.71309999999994,"failureMessages":["AssertionError: expected \"spy\" to be called with arguments: [ …(2) ]\u001b[90m\n\nReceived: \n\n\u001b[1m  1st spy call:\n\n\u001b[22m\u001b[2m  Array [\u001b[22m\n\u001b[32m-   \"[Circuit Breaker: closed-record-failures0] Recorded failure #1.\",\u001b[90m\n\u001b[31m+   \"[Circuit Breaker: closed-record-failures0] Recorded failure #1. Last failure at 1749837415523\",\u001b[90m\n\u001b[2m    Object {\u001b[22m\n\u001b[32m-     \"error\": ObjectContaining {\u001b[90m\n\u001b[32m-       \"message\": \"Failure 1\",\u001b[90m\n\u001b[32m-     },\u001b[90m\n\u001b[31m+     \"error\": [Error: Failure 1],\u001b[90m\n\u001b[2m    },\u001b[22m\n\u001b[2m  ]\u001b[22m\n\u001b[39m\u001b[90m\n\nNumber of calls: \u001b[1m1\u001b[22m\n\u001b[39m\n    at Proxy.<anonymous> (file:///C:/Users/Pglenn/effectively/node_modules/.pnpm/@vitest+expect@2.1.9/node_modules/@vitest/expect/dist/index.js:1465:13)\n    at Proxy.<anonymous> (file:///C:/Users/Pglenn/effectively/node_modules/.pnpm/@vitest+expect@2.1.9/node_modules/@vitest/expect/dist/index.js:972:17)\n    at Proxy.methodWrapper (file:///C:/Users/Pglenn/effectively/node_modules/.pnpm/chai@5.2.0/node_modules/chai/chai.js:1618:25)\n    at C:\\Users\\Pglenn\\effectively\\test\\circuit-breaker.test.ts:99:39\n    at processTicksAndRejections (node:internal/process/task_queues:105:5)\n    at file:///C:/Users/Pglenn/effectively/node_modules/.pnpm/@vitest+runner@2.1.9/node_modules/@vitest/runner/dist/index.js:533:5\n    at runTest (file:///C:/Users/Pglenn/effectively/node_modules/.pnpm/@vitest+runner@2.1.9/node_modules/@vitest/runner/dist/index.js:1056:11)\n    at runSuite (file:///C:/Users/Pglenn/effectively/node_modules/.pnpm/@vitest+runner@2.1.9/node_modules/@vitest/runner/dist/index.js:1205:15)\n    at runSuite (file:///C:/Users/Pglenn/effectively/node_modules/.pnpm/@vitest+runner@2.1.9/node_modules/@vitest/runner/dist/index.js:1205:15)\n    at runSuite (file:///C:/Users/Pglenn/effectively/node_modules/.pnpm/@vitest+runner@2.1.9/node_modules/@vitest/runner/dist/index.js:1205:15)"],"meta":{}},{"ancestorTitles":["Circuit Breaker (circuit-breaker.ts)","withCircuitBreaker","CLOSED state behavior"],"fullName":"Circuit Breaker (circuit-breaker.ts) withCircuitBreaker CLOSED state behavior should reset failure count on successful request","status":"failed","title":"should reset failure count on successful request","duration":7.592099999999846,"failureMessages":["AssertionError: expected \"spy\" to be called with arguments: [ …(2) ]\u001b[90m\n\nReceived: \n\n\u001b[1m  1st spy call:\n\n\u001b[22m\u001b[2m  Array [\u001b[22m\n\u001b[32m-   \"[Circuit Breaker: closed-reset-on-success0] Recorded failure #1.\",\u001b[90m\n\u001b[31m+   \"[Circuit Breaker: closed-reset-on-success0] Recorded failure #1. Last failure at 1749837415562\",\u001b[90m\n\u001b[2m    Object {\u001b[22m\n\u001b[32m-     \"error\": Any<Error>,\u001b[90m\n\u001b[31m+     \"error\": [Error: One-time failure],\u001b[90m\n\u001b[2m    },\u001b[22m\n\u001b[2m  ]\u001b[22m\n\u001b[39m\u001b[90m\n\nNumber of calls: \u001b[1m1\u001b[22m\n\u001b[39m\n    at Proxy.<anonymous> (file:///C:/Users/Pglenn/effectively/node_modules/.pnpm/@vitest+expect@2.1.9/node_modules/@vitest/expect/dist/index.js:1465:13)\n    at Proxy.<anonymous> (file:///C:/Users/Pglenn/effectively/node_modules/.pnpm/@vitest+expect@2.1.9/node_modules/@vitest/expect/dist/index.js:972:17)\n    at Proxy.methodWrapper (file:///C:/Users/Pglenn/effectively/node_modules/.pnpm/chai@5.2.0/node_modules/chai/chai.js:1618:25)\n    at C:\\Users\\Pglenn\\effectively\\test\\circuit-breaker.test.ts:134:39\n    at processTicksAndRejections (node:internal/process/task_queues:105:5)\n    at file:///C:/Users/Pglenn/effectively/node_modules/.pnpm/@vitest+runner@2.1.9/node_modules/@vitest/runner/dist/index.js:533:5\n    at runTest (file:///C:/Users/Pglenn/effectively/node_modules/.pnpm/@vitest+runner@2.1.9/node_modules/@vitest/runner/dist/index.js:1056:11)\n    at runSuite (file:///C:/Users/Pglenn/effectively/node_modules/.pnpm/@vitest+runner@2.1.9/node_modules/@vitest/runner/dist/index.js:1205:15)\n    at runSuite (file:///C:/Users/Pglenn/effectively/node_modules/.pnpm/@vitest+runner@2.1.9/node_modules/@vitest/runner/dist/index.js:1205:15)\n    at runSuite (file:///C:/Users/Pglenn/effectively/node_modules/.pnpm/@vitest+runner@2.1.9/node_modules/@vitest/runner/dist/index.js:1205:15)"],"meta":{}},{"ancestorTitles":["Circuit Breaker (circuit-breaker.ts)","withCircuitBreaker","OPEN state behavior"],"fullName":"Circuit Breaker (circuit-breaker.ts) withCircuitBreaker OPEN state behavior should trip to OPEN state after reaching failure threshold","status":"failed","title":"should trip to OPEN state after reaching failure threshold","duration":8.846000000000004,"failureMessages":["AssertionError: expected error to have message: Circuit Breaker \"open-trip-circuit0\" is open and not accepting requests.\n    at file:///C:/Users/Pglenn/effectively/node_modules/.pnpm/@vitest+expect@2.1.9/node_modules/@vitest/expect/dist/index.js:1849:31\n    at processTicksAndRejections (node:internal/process/task_queues:105:5)\n    at C:\\Users\\Pglenn\\effectively\\test\\circuit-breaker.test.ts:171:9\n    at file:///C:/Users/Pglenn/effectively/node_modules/.pnpm/@vitest+runner@2.1.9/node_modules/@vitest/runner/dist/index.js:533:5\n    at runTest (file:///C:/Users/Pglenn/effectively/node_modules/.pnpm/@vitest+runner@2.1.9/node_modules/@vitest/runner/dist/index.js:1056:11)\n    at runSuite (file:///C:/Users/Pglenn/effectively/node_modules/.pnpm/@vitest+runner@2.1.9/node_modules/@vitest/runner/dist/index.js:1205:15)\n    at runSuite (file:///C:/Users/Pglenn/effectively/node_modules/.pnpm/@vitest+runner@2.1.9/node_modules/@vitest/runner/dist/index.js:1205:15)\n    at runSuite (file:///C:/Users/Pglenn/effectively/node_modules/.pnpm/@vitest+runner@2.1.9/node_modules/@vitest/runner/dist/index.js:1205:15)\n    at runSuite (file:///C:/Users/Pglenn/effectively/node_modules/.pnpm/@vitest+runner@2.1.9/node_modules/@vitest/runner/dist/index.js:1205:15)\n    at runFiles (file:///C:/Users/Pglenn/effectively/node_modules/.pnpm/@vitest+runner@2.1.9/node_modules/@vitest/runner/dist/index.js:1262:5)"],"meta":{}},{"ancestorTitles":["Circuit Breaker (circuit-breaker.ts)","withCircuitBreaker","OPEN state behavior"],"fullName":"Circuit Breaker (circuit-breaker.ts) withCircuitBreaker OPEN state behavior should fail fast with CircuitOpenError when circuit is open","status":"failed","title":"should fail fast with CircuitOpenError when circuit is open","duration":10.057999999999993,"failureMessages":["AssertionError: expected error to have message: Circuit Breaker \"open-fail-fast-circuit0\" is open and not accepting requests.\n    at file:///C:/Users/Pglenn/effectively/node_modules/.pnpm/@vitest+expect@2.1.9/node_modules/@vitest/expect/dist/index.js:1849:31\n    at processTicksAndRejections (node:internal/process/task_queues:105:5)\n    at C:\\Users\\Pglenn\\effectively\\test\\circuit-breaker.test.ts:191:9\n    at file:///C:/Users/Pglenn/effectively/node_modules/.pnpm/@vitest+runner@2.1.9/node_modules/@vitest/runner/dist/index.js:533:5\n    at runTest (file:///C:/Users/Pglenn/effectively/node_modules/.pnpm/@vitest+runner@2.1.9/node_modules/@vitest/runner/dist/index.js:1056:11)\n    at runSuite (file:///C:/Users/Pglenn/effectively/node_modules/.pnpm/@vitest+runner@2.1.9/node_modules/@vitest/runner/dist/index.js:1205:15)\n    at runSuite (file:///C:/Users/Pglenn/effectively/node_modules/.pnpm/@vitest+runner@2.1.9/node_modules/@vitest/runner/dist/index.js:1205:15)\n    at runSuite (file:///C:/Users/Pglenn/effectively/node_modules/.pnpm/@vitest+runner@2.1.9/node_modules/@vitest/runner/dist/index.js:1205:15)\n    at runSuite (file:///C:/Users/Pglenn/effectively/node_modules/.pnpm/@vitest+runner@2.1.9/node_modules/@vitest/runner/dist/index.js:1205:15)\n    at runFiles (file:///C:/Users/Pglenn/effectively/node_modules/.pnpm/@vitest+runner@2.1.9/node_modules/@vitest/runner/dist/index.js:1262:5)"],"meta":{}},{"ancestorTitles":["Circuit Breaker (circuit-breaker.ts)","withCircuitBreaker","HALF-OPEN state behavior"],"fullName":"Circuit Breaker (circuit-breaker.ts) withCircuitBreaker HALF-OPEN state behavior should transition to HALF-OPEN after timeout and succeed on trial request","status":"failed","title":"should transition to HALF-OPEN after timeout and succeed on trial request","duration":16.769399999999678,"failureMessages":["AssertionError: expected error to have message: Circuit Breaker \"half-open-success-circuit0\" is open and not accepting requests.\n    at file:///C:/Users/Pglenn/effectively/node_modules/.pnpm/@vitest+expect@2.1.9/node_modules/@vitest/expect/dist/index.js:1849:31\n    at processTicksAndRejections (node:internal/process/task_queues:105:5)\n    at C:\\Users\\Pglenn\\effectively\\test\\circuit-breaker.test.ts:217:9\n    at file:///C:/Users/Pglenn/effectively/node_modules/.pnpm/@vitest+runner@2.1.9/node_modules/@vitest/runner/dist/index.js:533:5\n    at runTest (file:///C:/Users/Pglenn/effectively/node_modules/.pnpm/@vitest+runner@2.1.9/node_modules/@vitest/runner/dist/index.js:1056:11)\n    at runSuite (file:///C:/Users/Pglenn/effectively/node_modules/.pnpm/@vitest+runner@2.1.9/node_modules/@vitest/runner/dist/index.js:1205:15)\n    at runSuite (file:///C:/Users/Pglenn/effectively/node_modules/.pnpm/@vitest+runner@2.1.9/node_modules/@vitest/runner/dist/index.js:1205:15)\n    at runSuite (file:///C:/Users/Pglenn/effectively/node_modules/.pnpm/@vitest+runner@2.1.9/node_modules/@vitest/runner/dist/index.js:1205:15)\n    at runSuite (file:///C:/Users/Pglenn/effectively/node_modules/.pnpm/@vitest+runner@2.1.9/node_modules/@vitest/runner/dist/index.js:1205:15)\n    at runFiles (file:///C:/Users/Pglenn/effectively/node_modules/.pnpm/@vitest+runner@2.1.9/node_modules/@vitest/runner/dist/index.js:1262:5)"],"meta":{}},{"ancestorTitles":["Circuit Breaker (circuit-breaker.ts)","withCircuitBreaker","HALF-OPEN state behavior"],"fullName":"Circuit Breaker (circuit-breaker.ts) withCircuitBreaker HALF-OPEN state behavior should return to OPEN state if trial request fails","status":"failed","title":"should return to OPEN state if trial request fails","duration":15.039600000000064,"failureMessages":["AssertionError: expected error to have message: Circuit Breaker \"half-open-fail-circuit0\" is open and not accepting requests.\n    at file:///C:/Users/Pglenn/effectively/node_modules/.pnpm/@vitest+expect@2.1.9/node_modules/@vitest/expect/dist/index.js:1849:31\n    at processTicksAndRejections (node:internal/process/task_queues:105:5)\n    at C:\\Users\\Pglenn\\effectively\\test\\circuit-breaker.test.ts:262:9\n    at file:///C:/Users/Pglenn/effectively/node_modules/.pnpm/@vitest+runner@2.1.9/node_modules/@vitest/runner/dist/index.js:533:5\n    at runTest (file:///C:/Users/Pglenn/effectively/node_modules/.pnpm/@vitest+runner@2.1.9/node_modules/@vitest/runner/dist/index.js:1056:11)\n    at runSuite (file:///C:/Users/Pglenn/effectively/node_modules/.pnpm/@vitest+runner@2.1.9/node_modules/@vitest/runner/dist/index.js:1205:15)\n    at runSuite (file:///C:/Users/Pglenn/effectively/node_modules/.pnpm/@vitest+runner@2.1.9/node_modules/@vitest/runner/dist/index.js:1205:15)\n    at runSuite (file:///C:/Users/Pglenn/effectively/node_modules/.pnpm/@vitest+runner@2.1.9/node_modules/@vitest/runner/dist/index.js:1205:15)\n    at runSuite (file:///C:/Users/Pglenn/effectively/node_modules/.pnpm/@vitest+runner@2.1.9/node_modules/@vitest/runner/dist/index.js:1205:15)\n    at runFiles (file:///C:/Users/Pglenn/effectively/node_modules/.pnpm/@vitest+runner@2.1.9/node_modules/@vitest/runner/dist/index.js:1262:5)"],"meta":{}},{"ancestorTitles":["Circuit Breaker (circuit-breaker.ts)","withCircuitBreaker","HALF-OPEN state behavior"],"fullName":"Circuit Breaker (circuit-breaker.ts) withCircuitBreaker HALF-OPEN state behavior should only transition to HALF-OPEN after the full timeout period","status":"failed","title":"should only transition to HALF-OPEN after the full timeout period","duration":16.273299999999836,"failureMessages":["AssertionError: expected error to have message: Circuit Breaker \"half-open-full-timeout-circuit0\" is open and not accepting requests.\n    at file:///C:/Users/Pglenn/effectively/node_modules/.pnpm/@vitest+expect@2.1.9/node_modules/@vitest/expect/dist/index.js:1849:31\n    at processTicksAndRejections (node:internal/process/task_queues:105:5)\n    at C:\\Users\\Pglenn\\effectively\\test\\circuit-breaker.test.ts:277:9\n    at file:///C:/Users/Pglenn/effectively/node_modules/.pnpm/@vitest+runner@2.1.9/node_modules/@vitest/runner/dist/index.js:533:5\n    at runTest (file:///C:/Users/Pglenn/effectively/node_modules/.pnpm/@vitest+runner@2.1.9/node_modules/@vitest/runner/dist/index.js:1056:11)\n    at runSuite (file:///C:/Users/Pglenn/effectively/node_modules/.pnpm/@vitest+runner@2.1.9/node_modules/@vitest/runner/dist/index.js:1205:15)\n    at runSuite (file:///C:/Users/Pglenn/effectively/node_modules/.pnpm/@vitest+runner@2.1.9/node_modules/@vitest/runner/dist/index.js:1205:15)\n    at runSuite (file:///C:/Users/Pglenn/effectively/node_modules/.pnpm/@vitest+runner@2.1.9/node_modules/@vitest/runner/dist/index.js:1205:15)\n    at runSuite (file:///C:/Users/Pglenn/effectively/node_modules/.pnpm/@vitest+runner@2.1.9/node_modules/@vitest/runner/dist/index.js:1205:15)\n    at runFiles (file:///C:/Users/Pglenn/effectively/node_modules/.pnpm/@vitest+runner@2.1.9/node_modules/@vitest/runner/dist/index.js:1262:5)"],"meta":{}},{"ancestorTitles":["Circuit Breaker (circuit-breaker.ts)","withCircuitBreaker","Configuration options"],"fullName":"Circuit Breaker (circuit-breaker.ts) withCircuitBreaker Configuration options should respect custom failure threshold","status":"failed","title":"should respect custom failure threshold","duration":5.31439999999975,"failureMessages":["AssertionError: expected \"spy\" to be called with arguments: [ …(2) ]\u001b[90m\n\nReceived: \n\n\u001b[1m  1st spy call:\n\n\u001b[22m\u001b[2m  Array [\u001b[22m\n\u001b[32m-   \"[Circuit Breaker: config-threshold-circuit0] Recorded failure #1.\",\u001b[90m\n\u001b[31m+   \"[Circuit Breaker: config-threshold-circuit0] Recorded failure #1. Last failure at 1749837415641\",\u001b[90m\n\u001b[2m    Object {\u001b[22m\n\u001b[32m-     \"error\": Any<Error>,\u001b[90m\n\u001b[31m+     \"error\": [Error: Fails],\u001b[90m\n\u001b[2m    },\u001b[22m\n\u001b[2m  ]\u001b[22m\n\u001b[39m\u001b[90m\n\nNumber of calls: \u001b[1m1\u001b[22m\n\u001b[39m\n    at Proxy.<anonymous> (file:///C:/Users/Pglenn/effectively/node_modules/.pnpm/@vitest+expect@2.1.9/node_modules/@vitest/expect/dist/index.js:1465:13)\n    at Proxy.<anonymous> (file:///C:/Users/Pglenn/effectively/node_modules/.pnpm/@vitest+expect@2.1.9/node_modules/@vitest/expect/dist/index.js:972:17)\n    at Proxy.methodWrapper (file:///C:/Users/Pglenn/effectively/node_modules/.pnpm/chai@5.2.0/node_modules/chai/chai.js:1618:25)\n    at C:\\Users\\Pglenn\\effectively\\test\\circuit-breaker.test.ts:301:41\n    at processTicksAndRejections (node:internal/process/task_queues:105:5)\n    at file:///C:/Users/Pglenn/effectively/node_modules/.pnpm/@vitest+runner@2.1.9/node_modules/@vitest/runner/dist/index.js:533:5\n    at runTest (file:///C:/Users/Pglenn/effectively/node_modules/.pnpm/@vitest+runner@2.1.9/node_modules/@vitest/runner/dist/index.js:1056:11)\n    at runSuite (file:///C:/Users/Pglenn/effectively/node_modules/.pnpm/@vitest+runner@2.1.9/node_modules/@vitest/runner/dist/index.js:1205:15)\n    at runSuite (file:///C:/Users/Pglenn/effectively/node_modules/.pnpm/@vitest+runner@2.1.9/node_modules/@vitest/runner/dist/index.js:1205:15)\n    at runSuite (file:///C:/Users/Pglenn/effectively/node_modules/.pnpm/@vitest+runner@2.1.9/node_modules/@vitest/runner/dist/index.js:1205:15)"],"meta":{}},{"ancestorTitles":["Circuit Breaker (circuit-breaker.ts)","withCircuitBreaker","Configuration options"],"fullName":"Circuit Breaker (circuit-breaker.ts) withCircuitBreaker Configuration options should respect custom open state timeout","status":"failed","title":"should respect custom open state timeout","duration":5.743199999999888,"failureMessages":["AssertionError: expected error to have message: Circuit Breaker \"config-custom-timeout-circuit0\" is open and not accepting requests.\n    at file:///C:/Users/Pglenn/effectively/node_modules/.pnpm/@vitest+expect@2.1.9/node_modules/@vitest/expect/dist/index.js:1849:31\n    at processTicksAndRejections (node:internal/process/task_queues:105:5)\n    at C:\\Users\\Pglenn\\effectively\\test\\circuit-breaker.test.ts:327:9\n    at file:///C:/Users/Pglenn/effectively/node_modules/.pnpm/@vitest+runner@2.1.9/node_modules/@vitest/runner/dist/index.js:533:5\n    at runTest (file:///C:/Users/Pglenn/effectively/node_modules/.pnpm/@vitest+runner@2.1.9/node_modules/@vitest/runner/dist/index.js:1056:11)\n    at runSuite (file:///C:/Users/Pglenn/effectively/node_modules/.pnpm/@vitest+runner@2.1.9/node_modules/@vitest/runner/dist/index.js:1205:15)\n    at runSuite (file:///C:/Users/Pglenn/effectively/node_modules/.pnpm/@vitest+runner@2.1.9/node_modules/@vitest/runner/dist/index.js:1205:15)\n    at runSuite (file:///C:/Users/Pglenn/effectively/node_modules/.pnpm/@vitest+runner@2.1.9/node_modules/@vitest/runner/dist/index.js:1205:15)\n    at runSuite (file:///C:/Users/Pglenn/effectively/node_modules/.pnpm/@vitest+runner@2.1.9/node_modules/@vitest/runner/dist/index.js:1205:15)\n    at runFiles (file:///C:/Users/Pglenn/effectively/node_modules/.pnpm/@vitest+runner@2.1.9/node_modules/@vitest/runner/dist/index.js:1262:5)"],"meta":{}},{"ancestorTitles":["Circuit Breaker (circuit-breaker.ts)","withCircuitBreaker","Configuration options"],"fullName":"Circuit Breaker (circuit-breaker.ts) withCircuitBreaker Configuration options should respect custom isFailure predicate","status":"failed","title":"should respect custom isFailure predicate","duration":9.851900000000114,"failureMessages":["AssertionError: expected error to be instance of TemporaryError\n    at file:///C:/Users/Pglenn/effectively/node_modules/.pnpm/@vitest+expect@2.1.9/node_modules/@vitest/expect/dist/index.js:1849:31\n    at processTicksAndRejections (node:internal/process/task_queues:105:5)\n    at C:\\Users\\Pglenn\\effectively\\test\\circuit-breaker.test.ts:350:9\n    at file:///C:/Users/Pglenn/effectively/node_modules/.pnpm/@vitest+runner@2.1.9/node_modules/@vitest/runner/dist/index.js:533:5\n    at runTest (file:///C:/Users/Pglenn/effectively/node_modules/.pnpm/@vitest+runner@2.1.9/node_modules/@vitest/runner/dist/index.js:1056:11)\n    at runSuite (file:///C:/Users/Pglenn/effectively/node_modules/.pnpm/@vitest+runner@2.1.9/node_modules/@vitest/runner/dist/index.js:1205:15)\n    at runSuite (file:///C:/Users/Pglenn/effectively/node_modules/.pnpm/@vitest+runner@2.1.9/node_modules/@vitest/runner/dist/index.js:1205:15)\n    at runSuite (file:///C:/Users/Pglenn/effectively/node_modules/.pnpm/@vitest+runner@2.1.9/node_modules/@vitest/runner/dist/index.js:1205:15)\n    at runSuite (file:///C:/Users/Pglenn/effectively/node_modules/.pnpm/@vitest+runner@2.1.9/node_modules/@vitest/runner/dist/index.js:1205:15)\n    at runFiles (file:///C:/Users/Pglenn/effectively/node_modules/.pnpm/@vitest+runner@2.1.9/node_modules/@vitest/runner/dist/index.js:1262:5)"],"meta":{}},{"ancestorTitles":["Circuit Breaker (circuit-breaker.ts)","withCircuitBreaker","Configuration options"],"fullName":"Circuit Breaker (circuit-breaker.ts) withCircuitBreaker Configuration options should not count BacktrackSignal as failure by default","status":"failed","title":"should not count BacktrackSignal as failure by default","duration":11.538300000000163,"failureMessages":["AssertionError: expected [Function] to throw error including 'Real failure after backtrack' but got 'Cannot backtrack forward.'\n    at Assertion.<anonymous> (file:///C:/Users/Pglenn/effectively/node_modules/.pnpm/@vitest+expect@2.1.9/node_modules/@vitest/expect/dist/index.js:1509:21)\n    at Assertion.<anonymous> (file:///C:/Users/Pglenn/effectively/node_modules/.pnpm/@vitest+expect@2.1.9/node_modules/@vitest/expect/dist/index.js:972:17)\n    at Assertion.methodWrapper (file:///C:/Users/Pglenn/effectively/node_modules/.pnpm/chai@5.2.0/node_modules/chai/chai.js:1618:25)\n    at file:///C:/Users/Pglenn/effectively/node_modules/.pnpm/@vitest+expect@2.1.9/node_modules/@vitest/expect/dist/index.js:1849:31\n    at processTicksAndRejections (node:internal/process/task_queues:105:5)\n    at C:\\Users\\Pglenn\\effectively\\test\\circuit-breaker.test.ts:386:9\n    at file:///C:/Users/Pglenn/effectively/node_modules/.pnpm/@vitest+runner@2.1.9/node_modules/@vitest/runner/dist/index.js:533:5\n    at runTest (file:///C:/Users/Pglenn/effectively/node_modules/.pnpm/@vitest+runner@2.1.9/node_modules/@vitest/runner/dist/index.js:1056:11)\n    at runSuite (file:///C:/Users/Pglenn/effectively/node_modules/.pnpm/@vitest+runner@2.1.9/node_modules/@vitest/runner/dist/index.js:1205:15)\n    at runSuite (file:///C:/Users/Pglenn/effectively/node_modules/.pnpm/@vitest+runner@2.1.9/node_modules/@vitest/runner/dist/index.js:1205:15)"],"meta":{}},{"ancestorTitles":["Circuit Breaker (circuit-breaker.ts)","withCircuitBreaker","Multiple circuit instances"],"fullName":"Circuit Breaker (circuit-breaker.ts) withCircuitBreaker Multiple circuit instances should maintain separate state for different circuit IDs","status":"failed","title":"should maintain separate state for different circuit IDs","duration":12.2192,"failureMessages":["AssertionError: expected error to have message: Circuit Breaker \"multi-instance-id-A1\" is open and not accepting requests.\n    at file:///C:/Users/Pglenn/effectively/node_modules/.pnpm/@vitest+expect@2.1.9/node_modules/@vitest/expect/dist/index.js:1849:31\n    at processTicksAndRejections (node:internal/process/task_queues:105:5)\n    at C:\\Users\\Pglenn\\effectively\\test\\circuit-breaker.test.ts:415:9\n    at file:///C:/Users/Pglenn/effectively/node_modules/.pnpm/@vitest+runner@2.1.9/node_modules/@vitest/runner/dist/index.js:533:5\n    at runTest (file:///C:/Users/Pglenn/effectively/node_modules/.pnpm/@vitest+runner@2.1.9/node_modules/@vitest/runner/dist/index.js:1056:11)\n    at runSuite (file:///C:/Users/Pglenn/effectively/node_modules/.pnpm/@vitest+runner@2.1.9/node_modules/@vitest/runner/dist/index.js:1205:15)\n    at runSuite (file:///C:/Users/Pglenn/effectively/node_modules/.pnpm/@vitest+runner@2.1.9/node_modules/@vitest/runner/dist/index.js:1205:15)\n    at runSuite (file:///C:/Users/Pglenn/effectively/node_modules/.pnpm/@vitest+runner@2.1.9/node_modules/@vitest/runner/dist/index.js:1205:15)\n    at runSuite (file:///C:/Users/Pglenn/effectively/node_modules/.pnpm/@vitest+runner@2.1.9/node_modules/@vitest/runner/dist/index.js:1205:15)\n    at runFiles (file:///C:/Users/Pglenn/effectively/node_modules/.pnpm/@vitest+runner@2.1.9/node_modules/@vitest/runner/dist/index.js:1262:5)"],"meta":{}},{"ancestorTitles":["Circuit Breaker (circuit-breaker.ts)","withCircuitBreaker","Context integration"],"fullName":"Circuit Breaker (circuit-breaker.ts) withCircuitBreaker Context integration should work without logger in context if context only has scope","status":"passed","title":"should work without logger in context if context only has scope","duration":6.468700000000354,"failureMessages":[],"meta":{}},{"ancestorTitles":["Circuit Breaker (circuit-breaker.ts)","withCircuitBreaker","Context integration"],"fullName":"Circuit Breaker (circuit-breaker.ts) withCircuitBreaker Context integration should use context logger when available","status":"failed","title":"should use context logger when available","duration":11.424799999999777,"failureMessages":["AssertionError: expected \"spy\" to be called with arguments: [ …(2) ]\u001b[90m\n\nReceived: \n\n\u001b[1m  1st spy call:\n\n\u001b[22m\u001b[2m  Array [\u001b[22m\n\u001b[32m-   \"[Circuit Breaker: ctx-custom-logger-circuit-B0] Recorded failure #1.\",\u001b[90m\n\u001b[31m+   \"[Circuit Breaker: ctx-custom-logger-circuit-B0] Recorded failure #1. Last failure at 1749837415694\",\u001b[90m\n\u001b[2m    Object {\u001b[22m\n\u001b[32m-     \"error\": ObjectContaining {\u001b[90m\n\u001b[32m-       \"message\": \"Custom logger error\",\u001b[90m\n\u001b[32m-     },\u001b[90m\n\u001b[31m+     \"error\": [Error: Custom logger error],\u001b[90m\n\u001b[2m    },\u001b[22m\n\u001b[2m  ]\u001b[22m\n\u001b[39m\u001b[90m\n\nNumber of calls: \u001b[1m1\u001b[22m\n\u001b[39m\n    at Proxy.<anonymous> (file:///C:/Users/Pglenn/effectively/node_modules/.pnpm/@vitest+expect@2.1.9/node_modules/@vitest/expect/dist/index.js:1465:13)\n    at Proxy.<anonymous> (file:///C:/Users/Pglenn/effectively/node_modules/.pnpm/@vitest+expect@2.1.9/node_modules/@vitest/expect/dist/index.js:972:17)\n    at Proxy.methodWrapper (file:///C:/Users/Pglenn/effectively/node_modules/.pnpm/chai@5.2.0/node_modules/chai/chai.js:1618:25)\n    at C:\\Users\\Pglenn\\effectively\\test\\circuit-breaker.test.ts:455:40\n    at processTicksAndRejections (node:internal/process/task_queues:105:5)\n    at file:///C:/Users/Pglenn/effectively/node_modules/.pnpm/@vitest+runner@2.1.9/node_modules/@vitest/runner/dist/index.js:533:5\n    at runTest (file:///C:/Users/Pglenn/effectively/node_modules/.pnpm/@vitest+runner@2.1.9/node_modules/@vitest/runner/dist/index.js:1056:11)\n    at runSuite (file:///C:/Users/Pglenn/effectively/node_modules/.pnpm/@vitest+runner@2.1.9/node_modules/@vitest/runner/dist/index.js:1205:15)\n    at runSuite (file:///C:/Users/Pglenn/effectively/node_modules/.pnpm/@vitest+runner@2.1.9/node_modules/@vitest/runner/dist/index.js:1205:15)\n    at runSuite (file:///C:/Users/Pglenn/effectively/node_modules/.pnpm/@vitest+runner@2.1.9/node_modules/@vitest/runner/dist/index.js:1205:15)"],"meta":{}},{"ancestorTitles":["Circuit Breaker (circuit-breaker.ts)","withCircuitBreaker","Edge cases and error scenarios"],"fullName":"Circuit Breaker (circuit-breaker.ts) withCircuitBreaker Edge cases and error scenarios should handle undefined and null values correctly as input","status":"passed","title":"should handle undefined and null values correctly as input","duration":5.447200000000066,"failureMessages":[],"meta":{}},{"ancestorTitles":["Circuit Breaker (circuit-breaker.ts)","withCircuitBreaker","Edge cases and error scenarios"],"fullName":"Circuit Breaker (circuit-breaker.ts) withCircuitBreaker Edge cases and error scenarios should handle rapid successive calls correctly (trial request)","status":"failed","title":"should handle rapid successive calls correctly (trial request)","duration":5016.7862000000005,"failureMessages":["Error: Test timed out in 5000ms.\nIf this is a long-running test, pass a timeout value as the last argument or configure it globally with \"testTimeout\".\n    at Timeout.<anonymous> (file:///C:/Users/Pglenn/effectively/node_modules/.pnpm/@vitest+runner@2.1.9/node_modules/@vitest/runner/dist/index.js:44:18)\n    at listOnTimeout (node:internal/timers:614:17)\n    at processTimers (node:internal/timers:549:7)"],"meta":{}},{"ancestorTitles":["Circuit Breaker (circuit-breaker.ts)","withCircuitBreaker","Edge cases and error scenarios"],"fullName":"Circuit Breaker (circuit-breaker.ts) withCircuitBreaker Edge cases and error scenarios should maintain state across different run calls if ID is the same","status":"failed","title":"should maintain state across different run calls if ID is the same","duration":4.968799999999646,"failureMessages":["AssertionError: expected error to have message: Circuit Breaker \"fixed-id-for-shared-state-test-runs-B\" is open and not accepting requests.\n    at file:///C:/Users/Pglenn/effectively/node_modules/.pnpm/@vitest+expect@2.1.9/node_modules/@vitest/expect/dist/index.js:1849:31\n    at C:\\Users\\Pglenn\\effectively\\test\\circuit-breaker.test.ts:549:9\n    at file:///C:/Users/Pglenn/effectively/node_modules/.pnpm/@vitest+runner@2.1.9/node_modules/@vitest/runner/dist/index.js:533:5\n    at runTest (file:///C:/Users/Pglenn/effectively/node_modules/.pnpm/@vitest+runner@2.1.9/node_modules/@vitest/runner/dist/index.js:1056:11)\n    at runSuite (file:///C:/Users/Pglenn/effectively/node_modules/.pnpm/@vitest+runner@2.1.9/node_modules/@vitest/runner/dist/index.js:1205:15)\n    at runSuite (file:///C:/Users/Pglenn/effectively/node_modules/.pnpm/@vitest+runner@2.1.9/node_modules/@vitest/runner/dist/index.js:1205:15)\n    at runSuite (file:///C:/Users/Pglenn/effectively/node_modules/.pnpm/@vitest+runner@2.1.9/node_modules/@vitest/runner/dist/index.js:1205:15)\n    at runSuite (file:///C:/Users/Pglenn/effectively/node_modules/.pnpm/@vitest+runner@2.1.9/node_modules/@vitest/runner/dist/index.js:1205:15)\n    at runFiles (file:///C:/Users/Pglenn/effectively/node_modules/.pnpm/@vitest+runner@2.1.9/node_modules/@vitest/runner/dist/index.js:1262:5)\n    at startTests (file:///C:/Users/Pglenn/effectively/node_modules/.pnpm/@vitest+runner@2.1.9/node_modules/@vitest/runner/dist/index.js:1271:3)"],"meta":{}},{"ancestorTitles":["Circuit Breaker (circuit-breaker.ts)","withCircuitBreaker","Recovery scenarios"],"fullName":"Circuit Breaker (circuit-breaker.ts) withCircuitBreaker Recovery scenarios should handle mixed success/failure patterns correctly","status":"failed","title":"should handle mixed success/failure patterns correctly","duration":1.848399999999856,"failureMessages":["AssertionError: expected error to have message: Circuit Breaker \"recovery-mixed-pattern-circuit-B0\" is open and not accepting requests.\n    at file:///C:/Users/Pglenn/effectively/node_modules/.pnpm/@vitest+expect@2.1.9/node_modules/@vitest/expect/dist/index.js:1849:31\n    at C:\\Users\\Pglenn\\effectively\\test\\circuit-breaker.test.ts:579:9\n    at file:///C:/Users/Pglenn/effectively/node_modules/.pnpm/@vitest+runner@2.1.9/node_modules/@vitest/runner/dist/index.js:533:5\n    at runTest (file:///C:/Users/Pglenn/effectively/node_modules/.pnpm/@vitest+runner@2.1.9/node_modules/@vitest/runner/dist/index.js:1056:11)\n    at runSuite (file:///C:/Users/Pglenn/effectively/node_modules/.pnpm/@vitest+runner@2.1.9/node_modules/@vitest/runner/dist/index.js:1205:15)\n    at runSuite (file:///C:/Users/Pglenn/effectively/node_modules/.pnpm/@vitest+runner@2.1.9/node_modules/@vitest/runner/dist/index.js:1205:15)\n    at runSuite (file:///C:/Users/Pglenn/effectively/node_modules/.pnpm/@vitest+runner@2.1.9/node_modules/@vitest/runner/dist/index.js:1205:15)\n    at runSuite (file:///C:/Users/Pglenn/effectively/node_modules/.pnpm/@vitest+runner@2.1.9/node_modules/@vitest/runner/dist/index.js:1205:15)\n    at runFiles (file:///C:/Users/Pglenn/effectively/node_modules/.pnpm/@vitest+runner@2.1.9/node_modules/@vitest/runner/dist/index.js:1262:5)\n    at startTests (file:///C:/Users/Pglenn/effectively/node_modules/.pnpm/@vitest+runner@2.1.9/node_modules/@vitest/runner/dist/index.js:1271:3)"],"meta":{}}],"startTime":1749837415513,"endTime":1749837420734.8484,"status":"failed","message":"","name":"C:/Users/Pglenn/effectively/test/circuit-breaker.test.ts"},{"assertionResults":[{"ancestorTitles":["Composition Utilities (utils.ts)","Core composition functions","pipe"],"fullName":"Composition Utilities (utils.ts) Core composition functions pipe should pipe a value through a sequence of functions","status":"passed","title":"should pipe a value through a sequence of functions","duration":3.3549999999995634,"failureMessages":[],"meta":{}},{"ancestorTitles":["Composition Utilities (utils.ts)","Core composition functions","pipe"],"fullName":"Composition Utilities (utils.ts) Core composition functions pipe should work with a single function","status":"passed","title":"should work with a single function","duration":0.6788000000001375,"failureMessages":[],"meta":{}},{"ancestorTitles":["Composition Utilities (utils.ts)","Core composition functions","pipe"],"fullName":"Composition Utilities (utils.ts) Core composition functions pipe should return the value unchanged when no functions provided","status":"passed","title":"should return the value unchanged when no functions provided","duration":0.47539999999980864,"failureMessages":[],"meta":{}},{"ancestorTitles":["Composition Utilities (utils.ts)","Core composition functions","pipe"],"fullName":"Composition Utilities (utils.ts) Core composition functions pipe should handle complex transformations","status":"passed","title":"should handle complex transformations","duration":0.46769999999969514,"failureMessages":[],"meta":{}},{"ancestorTitles":["Composition Utilities (utils.ts)","Core composition functions","flow"],"fullName":"Composition Utilities (utils.ts) Core composition functions flow should compose functions from left to right","status":"passed","title":"should compose functions from left to right","duration":0.5392000000001644,"failureMessages":[],"meta":{}},{"ancestorTitles":["Composition Utilities (utils.ts)","Core composition functions","flow"],"fullName":"Composition Utilities (utils.ts) Core composition functions flow should handle functions with multiple arguments in first function","status":"passed","title":"should handle functions with multiple arguments in first function","duration":0.5011999999996988,"failureMessages":[],"meta":{}},{"ancestorTitles":["Composition Utilities (utils.ts)","Core composition functions","flow"],"fullName":"Composition Utilities (utils.ts) Core composition functions flow should handle single function","status":"passed","title":"should handle single function","duration":0.4128000000000611,"failureMessages":[],"meta":{}},{"ancestorTitles":["Composition Utilities (utils.ts)","Core composition functions","flow"],"fullName":"Composition Utilities (utils.ts) Core composition functions flow should handle no functions","status":"passed","title":"should handle no functions","duration":0.3613999999997759,"failureMessages":[],"meta":{}},{"ancestorTitles":["Composition Utilities (utils.ts)","Workflow creation","createWorkflow and chain"],"fullName":"Composition Utilities (utils.ts) Workflow creation createWorkflow and chain should chain tasks together sequentially","status":"passed","title":"should chain tasks together sequentially","duration":2.766899999999623,"failureMessages":[],"meta":{}},{"ancestorTitles":["Composition Utilities (utils.ts)","Workflow creation","createWorkflow and chain"],"fullName":"Composition Utilities (utils.ts) Workflow creation createWorkflow and chain should work with plain functions","status":"passed","title":"should work with plain functions","duration":3.0032000000001062,"failureMessages":[],"meta":{}},{"ancestorTitles":["Composition Utilities (utils.ts)","Workflow creation","createWorkflow and chain"],"fullName":"Composition Utilities (utils.ts) Workflow creation createWorkflow and chain should handle single task workflow","status":"passed","title":"should handle single task workflow","duration":0.8398000000001957,"failureMessages":[],"meta":{}},{"ancestorTitles":["Composition Utilities (utils.ts)","Workflow creation","createWorkflow and chain"],"fullName":"Composition Utilities (utils.ts) Workflow creation createWorkflow and chain should pass context through workflow","status":"passed","title":"should pass context through workflow","duration":0.8602000000000771,"failureMessages":[],"meta":{}},{"ancestorTitles":["Composition Utilities (utils.ts)","Workflow creation","createWorkflow and chain"],"fullName":"Composition Utilities (utils.ts) Workflow creation createWorkflow and chain should chain alias work identically","status":"passed","title":"should chain alias work identically","duration":0.9389000000001033,"failureMessages":[],"meta":{}},{"ancestorTitles":["Composition Utilities (utils.ts)","Workflow creation","Workflow starters","fromValue"],"fullName":"Composition Utilities (utils.ts) Workflow creation Workflow starters fromValue should start workflow with static value","status":"passed","title":"should start workflow with static value","duration":0.8553999999999178,"failureMessages":[],"meta":{}},{"ancestorTitles":["Composition Utilities (utils.ts)","Workflow creation","Workflow starters","fromValue"],"fullName":"Composition Utilities (utils.ts) Workflow creation Workflow starters fromValue should work with complex objects","status":"passed","title":"should work with complex objects","duration":0.7648000000003776,"failureMessages":[],"meta":{}},{"ancestorTitles":["Composition Utilities (utils.ts)","Workflow creation","Workflow starters","fromPromise"],"fullName":"Composition Utilities (utils.ts) Workflow creation Workflow starters fromPromise should start workflow with promise","status":"passed","title":"should start workflow with promise","duration":1.1151999999997315,"failureMessages":[],"meta":{}},{"ancestorTitles":["Composition Utilities (utils.ts)","Workflow creation","Workflow starters","fromPromise"],"fullName":"Composition Utilities (utils.ts) Workflow creation Workflow starters fromPromise should handle rejected promises","status":"passed","title":"should handle rejected promises","duration":3.1388999999999214,"failureMessages":[],"meta":{}},{"ancestorTitles":["Composition Utilities (utils.ts)","Workflow creation","Workflow starters","fromPromiseFn"],"fullName":"Composition Utilities (utils.ts) Workflow creation Workflow starters fromPromiseFn should start workflow with context-dependent function","status":"passed","title":"should start workflow with context-dependent function","duration":1.1395000000002256,"failureMessages":[],"meta":{}},{"ancestorTitles":["Composition Utilities (utils.ts)","Workflow creation","Workflow starters","fromPromiseFn"],"fullName":"Composition Utilities (utils.ts) Workflow creation Workflow starters fromPromiseFn should pass context correctly","status":"passed","title":"should pass context correctly","duration":0.6244000000001506,"failureMessages":[],"meta":{}},{"ancestorTitles":["Composition Utilities (utils.ts)","Pipeable operators","map"],"fullName":"Composition Utilities (utils.ts) Pipeable operators map should transform values in a workflow","status":"passed","title":"should transform values in a workflow","duration":1.2187999999996464,"failureMessages":[],"meta":{}},{"ancestorTitles":["Composition Utilities (utils.ts)","Pipeable operators","map"],"fullName":"Composition Utilities (utils.ts) Pipeable operators map should work with async mapping functions","status":"failed","title":"should work with async mapping functions","duration":5020.6561,"failureMessages":["Error: Test timed out in 5000ms.\nIf this is a long-running test, pass a timeout value as the last argument or configure it globally with \"testTimeout\".\n    at Timeout.<anonymous> (file:///C:/Users/Pglenn/effectively/node_modules/.pnpm/@vitest+runner@2.1.9/node_modules/@vitest/runner/dist/index.js:44:18)\n    at listOnTimeout (node:internal/timers:614:17)\n    at processTimers (node:internal/timers:549:7)"],"meta":{}},{"ancestorTitles":["Composition Utilities (utils.ts)","Pipeable operators","map"],"fullName":"Composition Utilities (utils.ts) Pipeable operators map should pass context to mapping function","status":"passed","title":"should pass context to mapping function","duration":0.8034999999999854,"failureMessages":[],"meta":{}},{"ancestorTitles":["Composition Utilities (utils.ts)","Pipeable operators","flatMap"],"fullName":"Composition Utilities (utils.ts) Pipeable operators flatMap should transform values into new tasks","status":"passed","title":"should transform values into new tasks","duration":0.76299999999992,"failureMessages":[],"meta":{}},{"ancestorTitles":["Composition Utilities (utils.ts)","Pipeable operators","flatMap"],"fullName":"Composition Utilities (utils.ts) Pipeable operators flatMap should pass context to flatMap function","status":"passed","title":"should pass context to flatMap function","duration":0.5854000000008455,"failureMessages":[],"meta":{}},{"ancestorTitles":["Composition Utilities (utils.ts)","Pipeable operators","pick"],"fullName":"Composition Utilities (utils.ts) Pipeable operators pick should pick specified keys from object","status":"passed","title":"should pick specified keys from object","duration":0.5978999999997541,"failureMessages":[],"meta":{}},{"ancestorTitles":["Composition Utilities (utils.ts)","Pipeable operators","pick"],"fullName":"Composition Utilities (utils.ts) Pipeable operators pick should handle missing keys gracefully","status":"passed","title":"should handle missing keys gracefully","duration":0.4556000000002314,"failureMessages":[],"meta":{}},{"ancestorTitles":["Composition Utilities (utils.ts)","Direct composition helpers","mapTask"],"fullName":"Composition Utilities (utils.ts) Direct composition helpers mapTask should transform task output","status":"passed","title":"should transform task output","duration":0.6777000000001863,"failureMessages":[],"meta":{}},{"ancestorTitles":["Composition Utilities (utils.ts)","Direct composition helpers","mapTask"],"fullName":"Composition Utilities (utils.ts) Direct composition helpers mapTask should work with async mappers","status":"failed","title":"should work with async mappers","duration":5004.6553,"failureMessages":["Error: Test timed out in 5000ms.\nIf this is a long-running test, pass a timeout value as the last argument or configure it globally with \"testTimeout\".\n    at Timeout.<anonymous> (file:///C:/Users/Pglenn/effectively/node_modules/.pnpm/@vitest+runner@2.1.9/node_modules/@vitest/runner/dist/index.js:44:18)\n    at listOnTimeout (node:internal/timers:614:17)\n    at processTimers (node:internal/timers:549:7)"],"meta":{}},{"ancestorTitles":["Composition Utilities (utils.ts)","Direct composition helpers","andThenTask"],"fullName":"Composition Utilities (utils.ts) Direct composition helpers andThenTask should chain tasks with direct composition","status":"passed","title":"should chain tasks with direct composition","duration":2.979699999999866,"failureMessages":[],"meta":{}},{"ancestorTitles":["Composition Utilities (utils.ts)","Flow control and logic","when"],"fullName":"Composition Utilities (utils.ts) Flow control and logic when should execute task when predicate is true","status":"passed","title":"should execute task when predicate is true","duration":2.055500000000393,"failureMessages":[],"meta":{}},{"ancestorTitles":["Composition Utilities (utils.ts)","Flow control and logic","when"],"fullName":"Composition Utilities (utils.ts) Flow control and logic when should skip task when predicate is false","status":"passed","title":"should skip task when predicate is false","duration":0.7735000000011496,"failureMessages":[],"meta":{}},{"ancestorTitles":["Composition Utilities (utils.ts)","Flow control and logic","when"],"fullName":"Composition Utilities (utils.ts) Flow control and logic when should work with async predicates","status":"failed","title":"should work with async predicates","duration":5001.875,"failureMessages":["Error: Test timed out in 5000ms.\nIf this is a long-running test, pass a timeout value as the last argument or configure it globally with \"testTimeout\".\n    at Timeout.<anonymous> (file:///C:/Users/Pglenn/effectively/node_modules/.pnpm/@vitest+runner@2.1.9/node_modules/@vitest/runner/dist/index.js:44:18)\n    at listOnTimeout (node:internal/timers:614:17)\n    at processTimers (node:internal/timers:549:7)"],"meta":{}},{"ancestorTitles":["Composition Utilities (utils.ts)","Flow control and logic","when"],"fullName":"Composition Utilities (utils.ts) Flow control and logic when should pass context to predicate","status":"passed","title":"should pass context to predicate","duration":0.7043999999987136,"failureMessages":[],"meta":{}},{"ancestorTitles":["Composition Utilities (utils.ts)","Flow control and logic","unless"],"fullName":"Composition Utilities (utils.ts) Flow control and logic unless should execute task when predicate is false","status":"passed","title":"should execute task when predicate is false","duration":0.5213999999978114,"failureMessages":[],"meta":{}},{"ancestorTitles":["Composition Utilities (utils.ts)","Flow control and logic","unless"],"fullName":"Composition Utilities (utils.ts) Flow control and logic unless should skip task when predicate is true","status":"passed","title":"should skip task when predicate is true","duration":0.4831999999987602,"failureMessages":[],"meta":{}},{"ancestorTitles":["Composition Utilities (utils.ts)","Flow control and logic","doWhile"],"fullName":"Composition Utilities (utils.ts) Flow control and logic doWhile should execute task repeatedly while condition is true","status":"passed","title":"should execute task repeatedly while condition is true","duration":0.5050000000010186,"failureMessages":[],"meta":{}},{"ancestorTitles":["Composition Utilities (utils.ts)","Flow control and logic","doWhile"],"fullName":"Composition Utilities (utils.ts) Flow control and logic doWhile should not execute if condition is initially false","status":"passed","title":"should not execute if condition is initially false","duration":0.3901999999980035,"failureMessages":[],"meta":{}},{"ancestorTitles":["Composition Utilities (utils.ts)","Flow control and logic","doWhile"],"fullName":"Composition Utilities (utils.ts) Flow control and logic doWhile should respect abort signals","status":"failed","title":"should respect abort signals","duration":5005.1306,"failureMessages":["Error: Test timed out in 5000ms.\nIf this is a long-running test, pass a timeout value as the last argument or configure it globally with \"testTimeout\".\n    at Timeout.<anonymous> (file:///C:/Users/Pglenn/effectively/node_modules/.pnpm/@vitest+runner@2.1.9/node_modules/@vitest/runner/dist/index.js:44:18)\n    at listOnTimeout (node:internal/timers:614:17)\n    at processTimers (node:internal/timers:549:7)"],"meta":{}},{"ancestorTitles":["Composition Utilities (utils.ts)","Flow control and logic","tap"],"fullName":"Composition Utilities (utils.ts) Flow control and logic tap should perform side effects without changing value","status":"passed","title":"should perform side effects without changing value","duration":0.7644000000000233,"failureMessages":[],"meta":{}},{"ancestorTitles":["Composition Utilities (utils.ts)","Flow control and logic","tap"],"fullName":"Composition Utilities (utils.ts) Flow control and logic tap should work with async side effects","status":"failed","title":"should work with async side effects","duration":5011.0093000000015,"failureMessages":["Error: Test timed out in 5000ms.\nIf this is a long-running test, pass a timeout value as the last argument or configure it globally with \"testTimeout\".\n    at Timeout.<anonymous> (file:///C:/Users/Pglenn/effectively/node_modules/.pnpm/@vitest+runner@2.1.9/node_modules/@vitest/runner/dist/index.js:44:18)\n    at listOnTimeout (node:internal/timers:614:17)\n    at processTimers (node:internal/timers:549:7)"],"meta":{}},{"ancestorTitles":["Composition Utilities (utils.ts)","Flow control and logic","tap"],"fullName":"Composition Utilities (utils.ts) Flow control and logic tap should pass context to side effect function","status":"passed","title":"should pass context to side effect function","duration":0.6417999999976018,"failureMessages":[],"meta":{}},{"ancestorTitles":["Composition Utilities (utils.ts)","Flow control and logic","sleep"],"fullName":"Composition Utilities (utils.ts) Flow control and logic sleep should pause workflow for specified duration","status":"failed","title":"should pause workflow for specified duration","duration":5006.326499999999,"failureMessages":["Error: Test timed out in 5000ms.\nIf this is a long-running test, pass a timeout value as the last argument or configure it globally with \"testTimeout\".\n    at Timeout.<anonymous> (file:///C:/Users/Pglenn/effectively/node_modules/.pnpm/@vitest+runner@2.1.9/node_modules/@vitest/runner/dist/index.js:44:18)\n    at listOnTimeout (node:internal/timers:614:17)\n    at processTimers (node:internal/timers:549:7)"],"meta":{}},{"ancestorTitles":["Composition Utilities (utils.ts)","Flow control and logic","sleep"],"fullName":"Composition Utilities (utils.ts) Flow control and logic sleep should respect abort signals","status":"passed","title":"should respect abort signals","duration":1.2364999999990687,"failureMessages":[],"meta":{}},{"ancestorTitles":["Composition Utilities (utils.ts)","Error handling and resilience","tapError"],"fullName":"Composition Utilities (utils.ts) Error handling and resilience tapError should perform side effects on error without catching it","status":"passed","title":"should perform side effects on error without catching it","duration":1.32220000000234,"failureMessages":[],"meta":{}},{"ancestorTitles":["Composition Utilities (utils.ts)","Error handling and resilience","tapError"],"fullName":"Composition Utilities (utils.ts) Error handling and resilience tapError should not perform side effect on success","status":"passed","title":"should not perform side effect on success","duration":0.494700000002922,"failureMessages":[],"meta":{}},{"ancestorTitles":["Composition Utilities (utils.ts)","Error handling and resilience","tapError"],"fullName":"Composition Utilities (utils.ts) Error handling and resilience tapError should pass context to error handler","status":"passed","title":"should pass context to error handler","duration":0.6635999999998603,"failureMessages":[],"meta":{}},{"ancestorTitles":["Composition Utilities (utils.ts)","Error handling and resilience","attempt"],"fullName":"Composition Utilities (utils.ts) Error handling and resilience attempt should convert exceptions to Result type","status":"passed","title":"should convert exceptions to Result type","duration":0.6490999999950873,"failureMessages":[],"meta":{}},{"ancestorTitles":["Composition Utilities (utils.ts)","Error handling and resilience","attempt"],"fullName":"Composition Utilities (utils.ts) Error handling and resilience attempt should wrap successful results in Ok","status":"passed","title":"should wrap successful results in Ok","duration":0.47990000000572763,"failureMessages":[],"meta":{}},{"ancestorTitles":["Composition Utilities (utils.ts)","Error handling and resilience","withRetry"],"fullName":"Composition Utilities (utils.ts) Error handling and resilience withRetry should retry failed tasks","status":"failed","title":"should retry failed tasks","duration":5010.4375,"failureMessages":["Error: Test timed out in 5000ms.\nIf this is a long-running test, pass a timeout value as the last argument or configure it globally with \"testTimeout\".\n    at Timeout.<anonymous> (file:///C:/Users/Pglenn/effectively/node_modules/.pnpm/@vitest+runner@2.1.9/node_modules/@vitest/runner/dist/index.js:44:18)\n    at listOnTimeout (node:internal/timers:614:17)\n    at processTimers (node:internal/timers:549:7)"],"meta":{}},{"ancestorTitles":["Composition Utilities (utils.ts)","Error handling and resilience","withRetry"],"fullName":"Composition Utilities (utils.ts) Error handling and resilience withRetry should fail after max attempts","status":"failed","title":"should fail after max attempts","duration":5006.719400000002,"failureMessages":["Error: Test timed out in 5000ms.\nIf this is a long-running test, pass a timeout value as the last argument or configure it globally with \"testTimeout\".\n    at Timeout.<anonymous> (file:///C:/Users/Pglenn/effectively/node_modules/.pnpm/@vitest+runner@2.1.9/node_modules/@vitest/runner/dist/index.js:44:18)\n    at listOnTimeout (node:internal/timers:614:17)\n    at processTimers (node:internal/timers:549:7)"],"meta":{}},{"ancestorTitles":["Composition Utilities (utils.ts)","Error handling and resilience","withRetry"],"fullName":"Composition Utilities (utils.ts) Error handling and resilience withRetry should use exponential backoff","status":"failed","title":"should use exponential backoff","duration":5008.000599999999,"failureMessages":["Error: Test timed out in 5000ms.\nIf this is a long-running test, pass a timeout value as the last argument or configure it globally with \"testTimeout\".\n    at Timeout.<anonymous> (file:///C:/Users/Pglenn/effectively/node_modules/.pnpm/@vitest+runner@2.1.9/node_modules/@vitest/runner/dist/index.js:44:18)\n    at listOnTimeout (node:internal/timers:614:17)\n    at processTimers (node:internal/timers:549:7)"],"meta":{}},{"ancestorTitles":["Composition Utilities (utils.ts)","Error handling and resilience","withRetry"],"fullName":"Composition Utilities (utils.ts) Error handling and resilience withRetry should respect shouldRetry predicate","status":"failed","title":"should respect shouldRetry predicate","duration":5001.164700000001,"failureMessages":["Error: Test timed out in 5000ms.\nIf this is a long-running test, pass a timeout value as the last argument or configure it globally with \"testTimeout\".\n    at Timeout.<anonymous> (file:///C:/Users/Pglenn/effectively/node_modules/.pnpm/@vitest+runner@2.1.9/node_modules/@vitest/runner/dist/index.js:44:18)\n    at listOnTimeout (node:internal/timers:614:17)\n    at processTimers (node:internal/timers:549:7)"],"meta":{}},{"ancestorTitles":["Composition Utilities (utils.ts)","Error handling and resilience","withRetry"],"fullName":"Composition Utilities (utils.ts) Error handling and resilience withRetry should not retry when shouldRetry returns false","status":"passed","title":"should not retry when shouldRetry returns false","duration":1.3168000000005122,"failureMessages":[],"meta":{}},{"ancestorTitles":["Composition Utilities (utils.ts)","Task enhancers","withName"],"fullName":"Composition Utilities (utils.ts) Task enhancers withName should attach name to task","status":"passed","title":"should attach name to task","duration":2.3016999999963446,"failureMessages":[],"meta":{}},{"ancestorTitles":["Composition Utilities (utils.ts)","Task enhancers","withName"],"fullName":"Composition Utilities (utils.ts) Task enhancers withName should preserve task functionality","status":"passed","title":"should preserve task functionality","duration":0.9123000000035972,"failureMessages":[],"meta":{}},{"ancestorTitles":["Composition Utilities (utils.ts)","Task enhancers","memoize"],"fullName":"Composition Utilities (utils.ts) Task enhancers memoize should cache results based on input","status":"failed","title":"should cache results based on input","duration":5003.450499999999,"failureMessages":["Error: Test timed out in 5000ms.\nIf this is a long-running test, pass a timeout value as the last argument or configure it globally with \"testTimeout\".\n    at Timeout.<anonymous> (file:///C:/Users/Pglenn/effectively/node_modules/.pnpm/@vitest+runner@2.1.9/node_modules/@vitest/runner/dist/index.js:44:18)\n    at listOnTimeout (node:internal/timers:614:17)\n    at processTimers (node:internal/timers:549:7)"],"meta":{}},{"ancestorTitles":["Composition Utilities (utils.ts)","Task enhancers","memoize"],"fullName":"Composition Utilities (utils.ts) Task enhancers memoize should use deep equality for cache keys","status":"passed","title":"should use deep equality for cache keys","duration":1.0964999999996508,"failureMessages":[],"meta":{}},{"ancestorTitles":["Composition Utilities (utils.ts)","Task enhancers","once"],"fullName":"Composition Utilities (utils.ts) Task enhancers once should execute task only once","status":"passed","title":"should execute task only once","duration":0.6770000000033178,"failureMessages":[],"meta":{}},{"ancestorTitles":["Composition Utilities (utils.ts)","Task enhancers","once"],"fullName":"Composition Utilities (utils.ts) Task enhancers once should share the same promise across calls","status":"passed","title":"should share the same promise across calls","duration":1.179100000001199,"failureMessages":[],"meta":{}},{"ancestorTitles":["Composition Utilities (utils.ts)","Task enhancers","withTimeout"],"fullName":"Composition Utilities (utils.ts) Task enhancers withTimeout should timeout long-running tasks","status":"passed","title":"should timeout long-running tasks","duration":1.4042000000044936,"failureMessages":[],"meta":{}},{"ancestorTitles":["Composition Utilities (utils.ts)","Task enhancers","withTimeout"],"fullName":"Composition Utilities (utils.ts) Task enhancers withTimeout should complete fast tasks normally","status":"passed","title":"should complete fast tasks normally","duration":0.5348000000012689,"failureMessages":[],"meta":{}},{"ancestorTitles":["Composition Utilities (utils.ts)","Task enhancers","withTimeout"],"fullName":"Composition Utilities (utils.ts) Task enhancers withTimeout should clean up timers on abort","status":"failed","title":"should clean up timers on abort","duration":5007.212800000001,"failureMessages":["Error: Test timed out in 5000ms.\nIf this is a long-running test, pass a timeout value as the last argument or configure it globally with \"testTimeout\".\n    at Timeout.<anonymous> (file:///C:/Users/Pglenn/effectively/node_modules/.pnpm/@vitest+runner@2.1.9/node_modules/@vitest/runner/dist/index.js:44:18)\n    at listOnTimeout (node:internal/timers:614:17)\n    at processTimers (node:internal/timers:549:7)"],"meta":{}},{"ancestorTitles":["Composition Utilities (utils.ts)","Task enhancers","withState"],"fullName":"Composition Utilities (utils.ts) Task enhancers withState should manage stateful workflows","status":"passed","title":"should manage stateful workflows","duration":1.0977999999959138,"failureMessages":[],"meta":{}},{"ancestorTitles":["Composition Utilities (utils.ts)","Task enhancers","withState"],"fullName":"Composition Utilities (utils.ts) Task enhancers withState should initialize state with input value","status":"passed","title":"should initialize state with input value","duration":0.5296999999991385,"failureMessages":[],"meta":{}},{"ancestorTitles":["Composition Utilities (utils.ts)","Advanced scheduling and batching","withThrottle"],"fullName":"Composition Utilities (utils.ts) Advanced scheduling and batching withThrottle should throttle task execution","status":"passed","title":"should throttle task execution","duration":1.6593999999968219,"failureMessages":[],"meta":{}},{"ancestorTitles":["Composition Utilities (utils.ts)","Advanced scheduling and batching","withThrottle"],"fullName":"Composition Utilities (utils.ts) Advanced scheduling and batching withThrottle should respect abort signals in throttle queue","status":"failed","title":"should respect abort signals in throttle queue","duration":4999.9277,"failureMessages":["Error: Test timed out in 5000ms.\nIf this is a long-running test, pass a timeout value as the last argument or configure it globally with \"testTimeout\".\n    at Timeout.<anonymous> (file:///C:/Users/Pglenn/effectively/node_modules/.pnpm/@vitest+runner@2.1.9/node_modules/@vitest/runner/dist/index.js:44:18)\n    at listOnTimeout (node:internal/timers:614:17)\n    at processTimers (node:internal/timers:549:7)"],"meta":{}},{"ancestorTitles":["Composition Utilities (utils.ts)","Advanced scheduling and batching","withPoll"],"fullName":"Composition Utilities (utils.ts) Advanced scheduling and batching withPoll should poll until condition is met","status":"failed","title":"should poll until condition is met","duration":5002.901700000002,"failureMessages":["Error: Test timed out in 5000ms.\nIf this is a long-running test, pass a timeout value as the last argument or configure it globally with \"testTimeout\".\n    at Timeout.<anonymous> (file:///C:/Users/Pglenn/effectively/node_modules/.pnpm/@vitest+runner@2.1.9/node_modules/@vitest/runner/dist/index.js:44:18)\n    at listOnTimeout (node:internal/timers:614:17)\n    at processTimers (node:internal/timers:549:7)"],"meta":{}},{"ancestorTitles":["Composition Utilities (utils.ts)","Advanced scheduling and batching","withPoll"],"fullName":"Composition Utilities (utils.ts) Advanced scheduling and batching withPoll should timeout if condition is never met","status":"passed","title":"should timeout if condition is never met","duration":1.350800000000163,"failureMessages":[],"meta":{}},{"ancestorTitles":["Composition Utilities (utils.ts)","Advanced scheduling and batching","createBatchingTask"],"fullName":"Composition Utilities (utils.ts) Advanced scheduling and batching createBatchingTask should batch multiple calls","status":"passed","title":"should batch multiple calls","duration":1.988100000002305,"failureMessages":[],"meta":{}},{"ancestorTitles":["Composition Utilities (utils.ts)","Advanced scheduling and batching","createBatchingTask"],"fullName":"Composition Utilities (utils.ts) Advanced scheduling and batching createBatchingTask should handle batch function errors","status":"passed","title":"should handle batch function errors","duration":1.1405999999988126,"failureMessages":[],"meta":{}},{"ancestorTitles":["Composition Utilities (utils.ts)","Advanced scheduling and batching","createBatchingTask"],"fullName":"Composition Utilities (utils.ts) Advanced scheduling and batching createBatchingTask should respect abort signals in batch queue","status":"failed","title":"should respect abort signals in batch queue","duration":5.904899999994086,"failureMessages":["AssertionError: expected [Function] to throw error including 'Aborted' but got 'Task failed: This operation was abort…'\n    at Assertion.<anonymous> (file:///C:/Users/Pglenn/effectively/node_modules/.pnpm/@vitest+expect@2.1.9/node_modules/@vitest/expect/dist/index.js:1509:21)\n    at Assertion.<anonymous> (file:///C:/Users/Pglenn/effectively/node_modules/.pnpm/@vitest+expect@2.1.9/node_modules/@vitest/expect/dist/index.js:972:17)\n    at Assertion.methodWrapper (file:///C:/Users/Pglenn/effectively/node_modules/.pnpm/chai@5.2.0/node_modules/chai/chai.js:1618:25)\n    at file:///C:/Users/Pglenn/effectively/node_modules/.pnpm/@vitest+expect@2.1.9/node_modules/@vitest/expect/dist/index.js:1849:31"],"meta":{}},{"ancestorTitles":["Composition Utilities (utils.ts)","Advanced scheduling and batching","withDebounce"],"fullName":"Composition Utilities (utils.ts) Advanced scheduling and batching withDebounce should debounce rapid calls","status":"passed","title":"should debounce rapid calls","duration":1.5464999999967404,"failureMessages":[],"meta":{}},{"ancestorTitles":["Composition Utilities (utils.ts)","Advanced scheduling and batching","withDebounce"],"fullName":"Composition Utilities (utils.ts) Advanced scheduling and batching withDebounce should execute after debounce period","status":"passed","title":"should execute after debounce period","duration":0.741199999989476,"failureMessages":[],"meta":{}}],"startTime":1749837415237,"endTime":1749837485401.7412,"status":"failed","message":"","name":"C:/Users/Pglenn/effectively/test/composition-utils.test.ts"},{"assertionResults":[{"ancestorTitles":["Core Execution Engine (run.ts)","createContext and basic execution"],"fullName":"Core Execution Engine (run.ts) createContext and basic execution should create a context and run a simple task","status":"passed","title":"should create a context and run a simple task","duration":4.832100000000082,"failureMessages":[],"meta":{}},{"ancestorTitles":["Core Execution Engine (run.ts)","createContext and basic execution"],"fullName":"Core Execution Engine (run.ts) createContext and basic execution should provide context to tasks","status":"passed","title":"should provide context to tasks","duration":0.8523999999997613,"failureMessages":[],"meta":{}},{"ancestorTitles":["Core Execution Engine (run.ts)","createContext and basic execution"],"fullName":"Core Execution Engine (run.ts) createContext and basic execution should handle context overrides","status":"passed","title":"should handle context overrides","duration":0.6446000000000822,"failureMessages":[],"meta":{}},{"ancestorTitles":["Core Execution Engine (run.ts)","createContext and basic execution"],"fullName":"Core Execution Engine (run.ts) createContext and basic execution should handle database operations through context","status":"passed","title":"should handle database operations through context","duration":2.742200000000139,"failureMessages":[],"meta":{}},{"ancestorTitles":["Core Execution Engine (run.ts)","Error handling and Result types"],"fullName":"Core Execution Engine (run.ts) Error handling and Result types should throw errors by default","status":"passed","title":"should throw errors by default","duration":2.436200000000099,"failureMessages":[],"meta":{}},{"ancestorTitles":["Core Execution Engine (run.ts)","Error handling and Result types"],"fullName":"Core Execution Engine (run.ts) Error handling and Result types should return Result when throw: false","status":"passed","title":"should return Result when throw: false","duration":1.1882000000000517,"failureMessages":[],"meta":{}},{"ancestorTitles":["Core Execution Engine (run.ts)","Error handling and Result types"],"fullName":"Core Execution Engine (run.ts) Error handling and Result types should handle successful tasks with throw: false","status":"passed","title":"should handle successful tasks with throw: false","duration":0.8666000000002896,"failureMessages":[],"meta":{}},{"ancestorTitles":["Core Execution Engine (run.ts)","Backtracking and control flow"],"fullName":"Core Execution Engine (run.ts) Backtracking and control flow should handle BacktrackSignal correctly","status":"failed","title":"should handle BacktrackSignal correctly","duration":34.71010000000024,"failureMessages":["WorkflowError: Cannot backtrack forward.\n    at runImpl (C:\\Users\\Pglenn\\effectively\\src\\run.ts:872:50)\n    at processTicksAndRejections (node:internal/process/task_queues:105:5)\n    at C:\\Users\\Pglenn\\effectively\\test\\core-run.test.ts:170:22\n    at file:///C:/Users/Pglenn/effectively/node_modules/.pnpm/@vitest+runner@2.1.9/node_modules/@vitest/runner/dist/index.js:533:5\n    at runTest (file:///C:/Users/Pglenn/effectively/node_modules/.pnpm/@vitest+runner@2.1.9/node_modules/@vitest/runner/dist/index.js:1056:11)\n    at runSuite (file:///C:/Users/Pglenn/effectively/node_modules/.pnpm/@vitest+runner@2.1.9/node_modules/@vitest/runner/dist/index.js:1205:15)\n    at runSuite (file:///C:/Users/Pglenn/effectively/node_modules/.pnpm/@vitest+runner@2.1.9/node_modules/@vitest/runner/dist/index.js:1205:15)\n    at runSuite (file:///C:/Users/Pglenn/effectively/node_modules/.pnpm/@vitest+runner@2.1.9/node_modules/@vitest/runner/dist/index.js:1205:15)\n    at runFiles (file:///C:/Users/Pglenn/effectively/node_modules/.pnpm/@vitest+runner@2.1.9/node_modules/@vitest/runner/dist/index.js:1262:5)\n    at startTests (file:///C:/Users/Pglenn/effectively/node_modules/.pnpm/@vitest+runner@2.1.9/node_modules/@vitest/runner/dist/index.js:1271:3)"],"meta":{}},{"ancestorTitles":["Core Execution Engine (run.ts)","Backtracking and control flow"],"fullName":"Core Execution Engine (run.ts) Backtracking and control flow should identify BacktrackSignal with type guard","status":"passed","title":"should identify BacktrackSignal with type guard","duration":0.7463999999999942,"failureMessages":[],"meta":{}},{"ancestorTitles":["Core Execution Engine (run.ts)","Backtracking and control flow"],"fullName":"Core Execution Engine (run.ts) Backtracking and control flow should prevent infinite backtracking loops","status":"failed","title":"should prevent infinite backtracking loops","duration":6.02599999999984,"failureMessages":["AssertionError: expected [Function] to throw error including 'Maximum backtrack limit' but got 'Cannot backtrack forward.'\n    at Assertion.<anonymous> (file:///C:/Users/Pglenn/effectively/node_modules/.pnpm/@vitest+expect@2.1.9/node_modules/@vitest/expect/dist/index.js:1509:21)\n    at Assertion.<anonymous> (file:///C:/Users/Pglenn/effectively/node_modules/.pnpm/@vitest+expect@2.1.9/node_modules/@vitest/expect/dist/index.js:972:17)\n    at Assertion.methodWrapper (file:///C:/Users/Pglenn/effectively/node_modules/.pnpm/chai@5.2.0/node_modules/chai/chai.js:1618:25)\n    at file:///C:/Users/Pglenn/effectively/node_modules/.pnpm/@vitest+expect@2.1.9/node_modules/@vitest/expect/dist/index.js:1849:31\n    at processTicksAndRejections (node:internal/process/task_queues:105:5)\n    at C:\\Users\\Pglenn\\effectively\\test\\core-run.test.ts:194:7\n    at file:///C:/Users/Pglenn/effectively/node_modules/.pnpm/@vitest+runner@2.1.9/node_modules/@vitest/runner/dist/index.js:533:5\n    at runTest (file:///C:/Users/Pglenn/effectively/node_modules/.pnpm/@vitest+runner@2.1.9/node_modules/@vitest/runner/dist/index.js:1056:11)\n    at runSuite (file:///C:/Users/Pglenn/effectively/node_modules/.pnpm/@vitest+runner@2.1.9/node_modules/@vitest/runner/dist/index.js:1205:15)\n    at runSuite (file:///C:/Users/Pglenn/effectively/node_modules/.pnpm/@vitest+runner@2.1.9/node_modules/@vitest/runner/dist/index.js:1205:15)"],"meta":{}},{"ancestorTitles":["Core Execution Engine (run.ts)","Context getters and safety"],"fullName":"Core Execution Engine (run.ts) Context getters and safety should throw ContextNotFoundError when getContext called outside run","status":"passed","title":"should throw ContextNotFoundError when getContext called outside run","duration":0.46450000000004366,"failureMessages":[],"meta":{}},{"ancestorTitles":["Core Execution Engine (run.ts)","Context getters and safety"],"fullName":"Core Execution Engine (run.ts) Context getters and safety should return error Result when getContextSafe called outside run","status":"passed","title":"should return error Result when getContextSafe called outside run","duration":0.3876000000000204,"failureMessages":[],"meta":{}},{"ancestorTitles":["Core Execution Engine (run.ts)","Context getters and safety"],"fullName":"Core Execution Engine (run.ts) Context getters and safety should return undefined when getContextOrUndefined called outside run","status":"passed","title":"should return undefined when getContextOrUndefined called outside run","duration":0.32249999999976353,"failureMessages":[],"meta":{}},{"ancestorTitles":["Core Execution Engine (run.ts)","Context getters and safety"],"fullName":"Core Execution Engine (run.ts) Context getters and safety should work correctly inside run","status":"passed","title":"should work correctly inside run","duration":0.6033999999999651,"failureMessages":[],"meta":{}},{"ancestorTitles":["Core Execution Engine (run.ts)","Smart, Local, and Global context functions"],"fullName":"Core Execution Engine (run.ts) Smart, Local, and Global context functions should use global context as fallback for smart functions","status":"passed","title":"should use global context as fallback for smart functions","duration":0.9787999999998647,"failureMessages":[],"meta":{}},{"ancestorTitles":["Core Execution Engine (run.ts)","Smart, Local, and Global context functions"],"fullName":"Core Execution Engine (run.ts) Smart, Local, and Global context functions should throw errors for local-only functions when no context","status":"passed","title":"should throw errors for local-only functions when no context","duration":0.6655000000000655,"failureMessages":[],"meta":{}},{"ancestorTitles":["Core Execution Engine (run.ts)","Smart, Local, and Global context functions"],"fullName":"Core Execution Engine (run.ts) Smart, Local, and Global context functions should work with global-only functions","status":"passed","title":"should work with global-only functions","duration":5.953300000000127,"failureMessages":[],"meta":{}},{"ancestorTitles":["Core Execution Engine (run.ts)","provide function and context overrides"],"fullName":"Core Execution Engine (run.ts) provide function and context overrides should temporarily override context values","status":"failed","title":"should temporarily override context values","duration":2.0826999999999316,"failureMessages":["AssertionError: expected 'test-user' to be 'temporary-user' // Object.is equality\n    at C:\\Users\\Pglenn\\effectively\\test\\core-run.test.ts:292:27\n    at processTicksAndRejections (node:internal/process/task_queues:105:5)\n    at file:///C:/Users/Pglenn/effectively/node_modules/.pnpm/@vitest+runner@2.1.9/node_modules/@vitest/runner/dist/index.js:533:5\n    at runTest (file:///C:/Users/Pglenn/effectively/node_modules/.pnpm/@vitest+runner@2.1.9/node_modules/@vitest/runner/dist/index.js:1056:11)\n    at runSuite (file:///C:/Users/Pglenn/effectively/node_modules/.pnpm/@vitest+runner@2.1.9/node_modules/@vitest/runner/dist/index.js:1205:15)\n    at runSuite (file:///C:/Users/Pglenn/effectively/node_modules/.pnpm/@vitest+runner@2.1.9/node_modules/@vitest/runner/dist/index.js:1205:15)\n    at runSuite (file:///C:/Users/Pglenn/effectively/node_modules/.pnpm/@vitest+runner@2.1.9/node_modules/@vitest/runner/dist/index.js:1205:15)\n    at runFiles (file:///C:/Users/Pglenn/effectively/node_modules/.pnpm/@vitest+runner@2.1.9/node_modules/@vitest/runner/dist/index.js:1262:5)\n    at startTests (file:///C:/Users/Pglenn/effectively/node_modules/.pnpm/@vitest+runner@2.1.9/node_modules/@vitest/runner/dist/index.js:1271:3)\n    at file:///C:/Users/Pglenn/effectively/node_modules/.pnpm/vitest@2.1.9_@types+node@22.15.31_jsdom@26.1.0/node_modules/vitest/dist/chunks/runBaseTests.3qpJUEJM.js:126:11"],"meta":{}},{"ancestorTitles":["Core Execution Engine (run.ts)","provide function and context overrides"],"fullName":"Core Execution Engine (run.ts) provide function and context overrides should nest provide calls correctly","status":"failed","title":"should nest provide calls correctly","duration":8.792599999999766,"failureMessages":["AssertionError: expected { userId: 'test-user', counter: +0 } to deeply equal { userId: 'level1', counter: 42 }\n    at C:\\Users\\Pglenn\\effectively\\test\\core-run.test.ts:311:22\n    at processTicksAndRejections (node:internal/process/task_queues:105:5)\n    at file:///C:/Users/Pglenn/effectively/node_modules/.pnpm/@vitest+runner@2.1.9/node_modules/@vitest/runner/dist/index.js:533:5\n    at runTest (file:///C:/Users/Pglenn/effectively/node_modules/.pnpm/@vitest+runner@2.1.9/node_modules/@vitest/runner/dist/index.js:1056:11)\n    at runSuite (file:///C:/Users/Pglenn/effectively/node_modules/.pnpm/@vitest+runner@2.1.9/node_modules/@vitest/runner/dist/index.js:1205:15)\n    at runSuite (file:///C:/Users/Pglenn/effectively/node_modules/.pnpm/@vitest+runner@2.1.9/node_modules/@vitest/runner/dist/index.js:1205:15)\n    at runSuite (file:///C:/Users/Pglenn/effectively/node_modules/.pnpm/@vitest+runner@2.1.9/node_modules/@vitest/runner/dist/index.js:1205:15)\n    at runFiles (file:///C:/Users/Pglenn/effectively/node_modules/.pnpm/@vitest+runner@2.1.9/node_modules/@vitest/runner/dist/index.js:1262:5)\n    at startTests (file:///C:/Users/Pglenn/effectively/node_modules/.pnpm/@vitest+runner@2.1.9/node_modules/@vitest/runner/dist/index.js:1271:3)\n    at file:///C:/Users/Pglenn/effectively/node_modules/.pnpm/vitest@2.1.9_@types+node@22.15.31_jsdom@26.1.0/node_modules/vitest/dist/chunks/runBaseTests.3qpJUEJM.js:126:11"],"meta":{}},{"ancestorTitles":["Core Execution Engine (run.ts)","provide function and context overrides"],"fullName":"Core Execution Engine (run.ts) provide function and context overrides should preserve scope in provide calls","status":"passed","title":"should preserve scope in provide calls","duration":1.5605000000000473,"failureMessages":[],"meta":{}},{"ancestorTitles":["Core Execution Engine (run.ts)","Context validation and merging"],"fullName":"Core Execution Engine (run.ts) Context validation and merging should validate context with schema","status":"passed","title":"should validate context with schema","duration":2.209200000000237,"failureMessages":[],"meta":{}},{"ancestorTitles":["Core Execution Engine (run.ts)","Context validation and merging"],"fullName":"Core Execution Engine (run.ts) Context validation and merging should merge contexts correctly","status":"passed","title":"should merge contexts correctly","duration":0.40630000000010114,"failureMessages":[],"meta":{}},{"ancestorTitles":["Core Execution Engine (run.ts)","Context validation and merging"],"fullName":"Core Execution Engine (run.ts) Context validation and merging should require context properties","status":"passed","title":"should require context properties","duration":14.6554000000001,"failureMessages":[],"meta":{}},{"ancestorTitles":["Core Execution Engine (run.ts)","Dependency injection"],"fullName":"Core Execution Engine (run.ts) Dependency injection should create and use injection tokens","status":"failed","title":"should create and use injection tokens","duration":1.7047999999999774,"failureMessages":["WorkflowError: Task failed: Task failed: [ContextTools(Object)] Injection token Symbol(UserService) not found.\n    at runImpl (C:\\Users\\Pglenn\\effectively\\src\\run.ts:880:15)\n    at processTicksAndRejections (node:internal/process/task_queues:105:5)\n    at C:\\Users\\Pglenn\\effectively\\test\\core-run.test.ts:398:22\n    at file:///C:/Users/Pglenn/effectively/node_modules/.pnpm/@vitest+runner@2.1.9/node_modules/@vitest/runner/dist/index.js:533:5\n    at runTest (file:///C:/Users/Pglenn/effectively/node_modules/.pnpm/@vitest+runner@2.1.9/node_modules/@vitest/runner/dist/index.js:1056:11)\n    at runSuite (file:///C:/Users/Pglenn/effectively/node_modules/.pnpm/@vitest+runner@2.1.9/node_modules/@vitest/runner/dist/index.js:1205:15)\n    at runSuite (file:///C:/Users/Pglenn/effectively/node_modules/.pnpm/@vitest+runner@2.1.9/node_modules/@vitest/runner/dist/index.js:1205:15)\n    at runSuite (file:///C:
[...]
enn\\effectively\\src\\run.ts:2216:12)\n    at C:\\Users\\Pglenn\\effectively\\test\\error-handling.test.ts:596:35\n    at file:///C:/Users/Pglenn/effectively/node_modules/.pnpm/@vitest+runner@2.1.9/node_modules/@vitest/runner/dist/index.js:146:14\n    at file:///C:/Users/Pglenn/effectively/node_modules/.pnpm/@vitest+runner@2.1.9/node_modules/@vitest/runner/dist/index.js:533:11\n    at runWithTimeout (file:///C:/Users/Pglenn/effectively/node_modules/.pnpm/@vitest+runner@2.1.9/node_modules/@vitest/runner/dist/index.js:39:7)\n    at runTest (file:///C:/Users/Pglenn/effectively/node_modules/.pnpm/@vitest+runner@2.1.9/node_modules/@vitest/runner/dist/index.js:1056:17)\n    at runSuite (file:///C:/Users/Pglenn/effectively/node_modules/.pnpm/@vitest+runner@2.1.9/node_modules/@vitest/runner/dist/index.js:1205:15)\n    at runSuite (file:///C:/Users/Pglenn/effectively/node_modules/.pnpm/@vitest+runner@2.1.9/node_modules/@vitest/runner/dist/index.js:1205:15)\n    at runSuite (file:///C:/Users/Pglenn/effectively/node_modules/.pnpm/@vitest+runner@2.1.9/node_modules/@vitest/runner/dist/index.js:1205:15)"],"meta":{}}],"startTime":1749837415511,"endTime":1749837415901.6748,"status":"failed","message":"","name":"C:/Users/Pglenn/effectively/test/error-handling.test.ts"},{"assertionResults":[{"ancestorTitles":["Global Provide Function Fix"],"fullName":"Global Provide Function Fix should properly enhance context when provide is called within existing context","status":"passed","title":"should properly enhance context when provide is called within existing context","duration":7.894500000000107,"failureMessages":[],"meta":{}},{"ancestorTitles":["Global Provide Function Fix"],"fullName":"Global Provide Function Fix should work with nested provide calls","status":"passed","title":"should work with nested provide calls","duration":1.9797000000000935,"failureMessages":[],"meta":{}}],"startTime":1749837418891,"endTime":1749837418900.9797,"status":"passed","message":"","name":"C:/Users/Pglenn/effectively/test/global-provide-fix.test.ts"},{"assertionResults":[{"ancestorTitles":["Resource Management (bracket.ts)","bracket function"],"fullName":"Resource Management (bracket.ts) bracket function should acquire, use, and release resources correctly","status":"passed","title":"should acquire, use, and release resources correctly","duration":6.4737999999997555,"failureMessages":[],"meta":{}},{"ancestorTitles":["Resource Management (bracket.ts)","bracket function"],"fullName":"Resource Management (bracket.ts) bracket function should release resources even when use task throws","status":"passed","title":"should release resources even when use task throws","duration":2.3243999999999687,"failureMessages":[],"meta":{}},{"ancestorTitles":["Resource Management (bracket.ts)","bracket function"],"fullName":"Resource Management (bracket.ts) bracket function should handle errors in acquire phase","status":"passed","title":"should handle errors in acquire phase","duration":0.8531000000002678,"failureMessages":[],"meta":{}},{"ancestorTitles":["Resource Management (bracket.ts)","bracket function"],"fullName":"Resource Management (bracket.ts) bracket function should handle errors in release phase","status":"passed","title":"should handle errors in release phase","duration":2.141099999999824,"failureMessages":[],"meta":{}},{"ancestorTitles":["Resource Management (bracket.ts)","bracket function"],"fullName":"Resource Management (bracket.ts) bracket function should handle errors in both use and release phases","status":"passed","title":"should handle errors in both use and release phases","duration":3.0396999999998116,"failureMessages":[],"meta":{}},{"ancestorTitles":["Resource Management (bracket.ts)","bracket function"],"fullName":"Resource Management (bracket.ts) bracket function should work with complex resource merging","status":"passed","title":"should work with complex resource merging","duration":0.8476999999998043,"failureMessages":[],"meta":{}},{"ancestorTitles":["Resource Management (bracket.ts)","Disposable utilities","isDisposable and isAsyncDisposable"],"fullName":"Resource Management (bracket.ts) Disposable utilities isDisposable and isAsyncDisposable should correctly identify disposable objects","status":"passed","title":"should correctly identify disposable objects","duration":0.8347999999996318,"failureMessages":[],"meta":{}},{"ancestorTitles":["Resource Management (bracket.ts)","Disposable utilities","makeDisposable"],"fullName":"Resource Management (bracket.ts) Disposable utilities makeDisposable should create a synchronous disposable wrapper","status":"passed","title":"should create a synchronous disposable wrapper","duration":0.49909999999999854,"failureMessages":[],"meta":{}},{"ancestorTitles":["Resource Management (bracket.ts)","Disposable utilities","makeDisposable"],"fullName":"Resource Management (bracket.ts) Disposable utilities makeDisposable should preserve original object properties","status":"passed","title":"should preserve original object properties","duration":0.5896000000002459,"failureMessages":[],"meta":{}},{"ancestorTitles":["Resource Management (bracket.ts)","Disposable utilities","makeAsyncDisposable"],"fullName":"Resource Management (bracket.ts) Disposable utilities makeAsyncDisposable should create an asynchronous disposable wrapper","status":"passed","title":"should create an asynchronous disposable wrapper","duration":24.920700000000124,"failureMessages":[],"meta":{}},{"ancestorTitles":["Resource Management (bracket.ts)","Disposable utilities","makeAsyncDisposable"],"fullName":"Resource Management (bracket.ts) Disposable utilities makeAsyncDisposable should preserve original object properties","status":"passed","title":"should preserve original object properties","duration":0.584400000000187,"failureMessages":[],"meta":{}},{"ancestorTitles":["Resource Management (bracket.ts)","bracketDisposable"],"fullName":"Resource Management (bracket.ts) bracketDisposable should work with synchronous disposable resources","status":"skipped","title":"should work with synchronous disposable resources","failureMessages":[],"meta":{}},{"ancestorTitles":["Resource Management (bracket.ts)","bracketDisposable"],"fullName":"Resource Management (bracket.ts) bracketDisposable should work with asynchronous disposable resources","status":"passed","title":"should work with asynchronous disposable resources","duration":1.1273999999998523,"failureMessages":[],"meta":{}},{"ancestorTitles":["Resource Management (bracket.ts)","bracketDisposable"],"fullName":"Resource Management (bracket.ts) bracketDisposable should dispose resources even when use task fails","status":"passed","title":"should dispose resources even when use task fails","duration":0.9320000000002437,"failureMessages":[],"meta":{}},{"ancestorTitles":["Resource Management (bracket.ts)","bracketDisposable"],"fullName":"Resource Management (bracket.ts) bracketDisposable should throw error for non-disposable resources","status":"passed","title":"should throw error for non-disposable resources","duration":2.0088999999998123,"failureMessages":[],"meta":{}},{"ancestorTitles":["Resource Management (bracket.ts)","bracketMany"],"fullName":"Resource Management (bracket.ts) bracketMany should manage multiple resources with acquisition order and reverse release order","status":"passed","title":"should manage multiple resources with acquisition order and reverse release order","duration":2.0595000000002983,"failureMessages":[],"meta":{}},{"ancestorTitles":["Resource Management (bracket.ts)","bracketMany"],"fullName":"Resource Management (bracket.ts) bracketMany should release acquired resources even if later acquisitions fail","status":"passed","title":"should release acquired resources even if later acquisitions fail","duration":0.8789999999999054,"failureMessages":[],"meta":{}},{"ancestorTitles":["Resource Management (bracket.ts)","bracketMany"],"fullName":"Resource Management (bracket.ts) bracketMany should handle release errors and continue releasing other resources","status":"passed","title":"should handle release errors and continue releasing other resources","duration":14.279399999999896,"failureMessages":[],"meta":{}},{"ancestorTitles":["Resource Management (bracket.ts)","bracketMany"],"fullName":"Resource Management (bracket.ts) bracketMany should throw AggregateError for multiple release failures with no use error","status":"passed","title":"should throw AggregateError for multiple release failures with no use error","duration":1.297399999999925,"failureMessages":[],"meta":{}},{"ancestorTitles":["Resource Management (bracket.ts)","bracketMany"],"fullName":"Resource Management (bracket.ts) bracketMany should handle single release failure with no use error","status":"passed","title":"should handle single release failure with no use error","duration":0.7631999999998698,"failureMessages":[],"meta":{}},{"ancestorTitles":["Resource Management (bracket.ts)","bracketMany"],"fullName":"Resource Management (bracket.ts) bracketMany should handle empty resource array","status":"passed","title":"should handle empty resource array","duration":0.6239000000000487,"failureMessages":[],"meta":{}},{"ancestorTitles":["Resource Management (bracket.ts)","DisposableConnection example class"],"fullName":"Resource Management (bracket.ts) DisposableConnection example class should implement AsyncDisposable correctly","status":"passed","title":"should implement AsyncDisposable correctly","duration":1.8600999999998749,"failureMessages":[],"meta":{}},{"ancestorTitles":["Resource Management (bracket.ts)","DisposableConnection example class"],"fullName":"Resource Management (bracket.ts) DisposableConnection example class should work with bracketDisposable","status":"passed","title":"should work with bracketDisposable","duration":1.0023999999998523,"failureMessages":[],"meta":{}},{"ancestorTitles":["Resource Management (bracket.ts)","DisposableConnection example class"],"fullName":"Resource Management (bracket.ts) DisposableConnection example class should close connection only once","status":"passed","title":"should close connection only once","duration":0.4546999999997752,"failureMessages":[],"meta":{}},{"ancestorTitles":["Resource Management (bracket.ts)","Integration with error scenarios"],"fullName":"Resource Management (bracket.ts) Integration with error scenarios should handle context abort signals during resource operations","status":"passed","title":"should handle context abort signals during resource operations","duration":103.15430000000015,"failureMessages":[],"meta":{}},{"ancestorTitles":["Resource Management (bracket.ts)","Integration with error scenarios"],"fullName":"Resource Management (bracket.ts) Integration with error scenarios should handle complex nested resource scenarios","status":"passed","title":"should handle complex nested resource scenarios","duration":2.3767000000002554,"failureMessages":[],"meta":{}}],"startTime":1749837415354,"endTime":1749837415532.3767,"status":"passed","message":"","name":"C:/Users/Pglenn/effectively/test/resource-management.test.ts"},{"assertionResults":[{"ancestorTitles":["Simple Bracket Test"],"fullName":"Simple Bracket Test should work with manual bracket pattern","status":"passed","title":"should work with manual bracket pattern","duration":4.120299999999929,"failureMessages":[],"meta":{}}],"startTime":1749837419685,"endTime":1749837419689.1204,"status":"passed","message":"","name":"C:/Users/Pglenn/effectively/test/simple-bracket.test.ts"},{"assertionResults":[{"ancestorTitles":["Structured Concurrency (structured-concurrency.ts)","forkJoin"],"fullName":"Structured Concurrency (structured-concurrency.ts) forkJoin should execute tasks in parallel and return keyed results","status":"passed","title":"should execute tasks in parallel and return keyed results","duration":11.723000000000184,"failureMessages":[],"meta":{}},{"ancestorTitles":["Structured Concurrency (structured-concurrency.ts)","forkJoin"],"fullName":"Structured Concurrency (structured-concurrency.ts) forkJoin should handle empty task object","status":"passed","title":"should handle empty task object","duration":5.740400000000136,"failureMessages":[],"meta":{}},{"ancestorTitles":["Structured Concurrency (structured-concurrency.ts)","forkJoin"],"fullName":"Structured Concurrency (structured-concurrency.ts) forkJoin should handle single task","status":"passed","title":"should handle single task","duration":1.758100000000013,"failureMessages":[],"meta":{}},{"ancestorTitles":["Structured Concurrency (structured-concurrency.ts)","forkJoin"],"fullName":"Structured Concurrency (structured-concurrency.ts) forkJoin should pass the same input to all tasks","status":"passed","title":"should pass the same input to all tasks","duration":1.7222999999999047,"failureMessages":[],"meta":{}},{"ancestorTitles":["Structured Concurrency (structured-concurrency.ts)","forkJoin"],"fullName":"Structured Concurrency (structured-concurrency.ts) forkJoin should handle task failures correctly","status":"passed","title":"should handle task failures correctly","duration":11.759999999999991,"failureMessages":[],"meta":{}},{"ancestorTitles":["Structured Concurrency (structured-concurrency.ts)","forkJoin"],"fullName":"Structured Concurrency (structured-concurrency.ts) forkJoin should maintain type safety","status":"passed","title":"should maintain type safety","duration":2.857200000000148,"failureMessages":[],"meta":{}},{"ancestorTitles":["Structured Concurrency (structured-concurrency.ts)","forkJoin"],"fullName":"Structured Concurrency (structured-concurrency.ts) forkJoin should respect context overrides","status":"passed","title":"should respect context overrides","duration":2.0592000000001462,"failureMessages":[],"meta":{}},{"ancestorTitles":["Structured Concurrency (structured-concurrency.ts)","ift (if-then-else)"],"fullName":"Structured Concurrency (structured-concurrency.ts) ift (if-then-else) should execute onTrue task when predicate is true","status":"passed","title":"should execute onTrue task when predicate is true","duration":1.6914999999999054,"failureMessages":[],"meta":{}},{"ancestorTitles":["Structured Concurrency (structured-concurrency.ts)","ift (if-then-else)"],"fullName":"Structured Concurrency (structured-concurrency.ts) ift (if-then-else) should execute onFalse task when predicate is false","status":"passed","title":"should execute onFalse task when predicate is false","duration":6.6550000000002,"failureMessages":[],"meta":{}},{"ancestorTitles":["Structured Concurrency (structured-concurrency.ts)","ift (if-then-else)"],"fullName":"Structured Concurrency (structured-concurrency.ts) ift (if-then-else) should work with async predicates","status":"passed","title":"should work with async predicates","duration":5.835299999999961,"failureMessages":[],"meta":{}},{"ancestorTitles":["Structured Concurrency (structured-concurrency.ts)","ift (if-then-else)"],"fullName":"Structured Concurrency (structured-concurrency.ts) ift (if-then-else) should pass context to predicate","status":"passed","title":"should pass context to predicate","duration":1.8231000000000677,"failureMessages":[],"meta":{}},{"ancestorTitles":["Structured Concurrency (structured-concurrency.ts)","ift (if-then-else)"],"fullName":"Structured Concurrency (structured-concurrency.ts) ift (if-then-else) should handle errors in predicate","status":"passed","title":"should handle errors in predicate","duration":3.7492999999999483,"failureMessages":[],"meta":{}},{"ancestorTitles":["Structured Concurrency (structured-concurrency.ts)","ift (if-then-else)"],"fullName":"Structured Concurrency (structured-concurrency.ts) ift (if-then-else) should handle errors in branch tasks","status":"passed","title":"should handle errors in branch tasks","duration":16.74890000000005,"failureMessages":[],"meta":{}},{"ancestorTitles":["Structured Concurrency (structured-concurrency.ts)","ift (if-then-else)"],"fullName":"Structured Concurrency (structured-concurrency.ts) ift (if-then-else) should support different return types from branches","status":"passed","title":"should support different return types from branches","duration":2.4069999999999254,"failureMessages":[],"meta":{}},{"ancestorTitles":["Structured Concurrency (structured-concurrency.ts)","ift (if-then-else)"],"fullName":"Structured Concurrency (structured-concurrency.ts) ift (if-then-else) should work with complex conditional logic","status":"passed","title":"should work with complex conditional logic","duration":2.1024999999999636,"failureMessages":[],"meta":{}},{"ancestorTitles":["Structured Concurrency (structured-concurrency.ts)","allTuple"],"fullName":"Structured Concurrency (structured-concurrency.ts) allTuple should execute tasks in parallel and return typed tuple","status":"passed","title":"should execute tasks in parallel and return typed tuple","duration":3.6755000000000564,"failureMessages":[],"meta":{}},{"ancestorTitles":["Structured Concurrency (structured-concurrency.ts)","allTuple"],"fullName":"Structured Concurrency (structured-concurrency.ts) allTuple should handle empty array","status":"passed","title":"should handle empty array","duration":1.090400000000045,"failureMessages":[],"meta":{}},{"ancestorTitles":["Structured Concurrency (structured-concurrency.ts)","allTuple"],"fullName":"Structured Concurrency (structured-concurrency.ts) allTuple should handle single task","status":"passed","title":"should handle single task","duration":0.5775000000001,"failureMessages":[],"meta":{}},{"ancestorTitles":["Structured Concurrency (structured-concurrency.ts)","allTuple"],"fullName":"Structured Concurrency (structured-concurrency.ts) allTuple should execute tasks in parallel","status":"passed","title":"should execute tasks in parallel","duration":0.7216999999998279,"failureMessages":[],"meta":{}},{"ancestorTitles":["Structured Concurrency (structured-concurrency.ts)","allTuple"],"fullName":"Structured Concurrency (structured-concurrency.ts) allTuple should handle task failures","status":"passed","title":"should handle task failures","duration":0.7923000000000684,"failureMessages":[],"meta":{}},{"ancestorTitles":["Structured Concurrency (structured-concurrency.ts)","allTuple"],"fullName":"Structured Concurrency (structured-concurrency.ts) allTuple should maintain order of results","status":"passed","title":"should maintain order of results","duration":0.516399999999976,"failureMessages":[],"meta":{}},{"ancestorTitles":["Structured Concurrency (structured-concurrency.ts)","allTuple"],"fullName":"Structured Concurrency (structured-concurrency.ts) allTuple should pass same input to all tasks","status":"passed","title":"should pass same input to all tasks","duration":0.4692000000000007,"failureMessages":[],"meta":{}},{"ancestorTitles":["Structured Concurrency (structured-concurrency.ts)","Integration tests"],"fullName":"Structured Concurrency (structured-concurrency.ts) Integration tests should combine forkJoin and ift for complex workflows","status":"passed","title":"should combine forkJoin and ift for complex workflows","duration":1.0222000000001117,"failureMessages":[],"meta":{}},{"ancestorTitles":["Structured Concurrency (structured-concurrency.ts)","Integration tests"],"fullName":"Structured Concurrency (structured-concurrency.ts) Integration tests should handle nested forkJoin operations","status":"passed","title":"should handle nested forkJoin operations","duration":0.6996999999998934,"failureMessages":[],"meta":{}},{"ancestorTitles":["Structured Concurrency (structured-concurrency.ts)","Integration tests"],"fullName":"Structured Concurrency (structured-concurrency.ts) Integration tests should handle complex predicate logic in ift","status":"passed","title":"should handle complex predicate logic in ift","duration":1.2330999999999221,"failureMessages":[],"meta":{}}],"startTime":1749837417377,"endTime":1749837417471.2332,"status":"passed","message":"","name":"C:/Users/Pglenn/effectively/test/structured-concurrency.test.ts"}]}