{"numTotalTestSuites":117,"numPassedTestSuites":78,"numFailedTestSuites":39,"numPendingTestSuites":0,"numTotalTests":275,"numPassedTests":238,"numFailedTests":37,"numPendingTests":0,"numTodoTests":0,"snapshot":{"added":0,"failure":false,"filesAdded":0,"filesRemoved":0,"filesRemovedList":[],"filesUnmatched":0,"filesUpdated":0,"matched":0,"total":0,"unchecked":0,"uncheckedKeysByFile":[],"unmatched":0,"updated":0,"didUpdate":false},"startTime":1749912344765,"success":false,"testResults":[{"assertionResults":[{"ancestorTitles":["Bracket and Provide Integration"],"fullName":"Bracket and Provide Integration should properly provide resources from bracket to use tasks","status":"passed","title":"should properly provide resources from bracket to use tasks","duration":10.261892999999986,"failureMessages":[],"meta":{}},{"ancestorTitles":["Bracket and Provide Integration"],"fullName":"Bracket and Provide Integration should handle nested bracket provides correctly","status":"passed","title":"should handle nested bracket provides correctly","duration":3.844349999999963,"failureMessages":[],"meta":{}}],"startTime":1749912345731,"endTime":1749912345745.8442,"status":"passed","message":"","name":"/home/patrick/Projects/effectively/test/bracket-provide-integration.test.ts"},{"assertionResults":[{"ancestorTitles":["Circuit Breaker (circuit-breaker.ts)","CircuitOpenError"],"fullName":"Circuit Breaker (circuit-breaker.ts) CircuitOpenError should create proper error with circuit ID","status":"passed","title":"should create proper error with circuit ID","duration":8.488409000000047,"failureMessages":[],"meta":{}},{"ancestorTitles":["Circuit Breaker (circuit-breaker.ts)","CircuitOpenError"],"fullName":"Circuit Breaker (circuit-breaker.ts) CircuitOpenError should have proper prototype chain","status":"passed","title":"should have proper prototype chain","duration":0.9100539999999455,"failureMessages":[],"meta":{}},{"ancestorTitles":["Circuit Breaker (circuit-breaker.ts)","withCircuitBreaker","CLOSED state behavior"],"fullName":"Circuit Breaker (circuit-breaker.ts) withCircuitBreaker CLOSED state behavior should allow requests to pass through when circuit is closed","status":"passed","title":"should allow requests to pass through when circuit is closed","duration":9.33791199999996,"failureMessages":[],"meta":{}},{"ancestorTitles":["Circuit Breaker (circuit-breaker.ts)","withCircuitBreaker","CLOSED state behavior"],"fullName":"Circuit Breaker (circuit-breaker.ts) withCircuitBreaker CLOSED state behavior should record failures but allow requests until threshold is reached","status":"passed","title":"should record failures but allow requests until threshold is reached","duration":17.573024999999916,"failureMessages":[],"meta":{}},{"ancestorTitles":["Circuit Breaker (circuit-breaker.ts)","withCircuitBreaker","CLOSED state behavior"],"fullName":"Circuit Breaker (circuit-breaker.ts) withCircuitBreaker CLOSED state behavior should reset failure count on successful request","status":"passed","title":"should reset failure count on successful request","duration":6.2913409999999885,"failureMessages":[],"meta":{}},{"ancestorTitles":["Circuit Breaker (circuit-breaker.ts)","withCircuitBreaker","OPEN state behavior"],"fullName":"Circuit Breaker (circuit-breaker.ts) withCircuitBreaker OPEN state behavior should trip to OPEN state after reaching failure threshold","status":"failed","title":"should trip to OPEN state after reaching failure threshold","duration":24.997573999999986,"failureMessages":["AssertionError: expected error to have message: Circuit Breaker \"open-trip-circuit0\" is open and not accepting requests.\n    at file:///home/patrick/Projects/effectively/node_modules/.pnpm/@vitest+expect@2.1.8/node_modules/@vitest/expect/dist/index.js:1849:31\n    at processTicksAndRejections (node:internal/process/task_queues:95:5)\n    at /home/patrick/Projects/effectively/test/circuit-breaker.test.ts:189:9\n    at file:///home/patrick/Projects/effectively/node_modules/.pnpm/@vitest+runner@2.1.8/node_modules/@vitest/runner/dist/index.js:533:5\n    at runTest (file:///home/patrick/Projects/effectively/node_modules/.pnpm/@vitest+runner@2.1.8/node_modules/@vitest/runner/dist/index.js:1056:11)\n    at runSuite (file:///home/patrick/Projects/effectively/node_modules/.pnpm/@vitest+runner@2.1.8/node_modules/@vitest/runner/dist/index.js:1205:15)\n    at runSuite (file:///home/patrick/Projects/effectively/node_modules/.pnpm/@vitest+runner@2.1.8/node_modules/@vitest/runner/dist/index.js:1205:15)\n    at runSuite (file:///home/patrick/Projects/effectively/node_modules/.pnpm/@vitest+runner@2.1.8/node_modules/@vitest/runner/dist/index.js:1205:15)\n    at runSuite (file:///home/patrick/Projects/effectively/node_modules/.pnpm/@vitest+runner@2.1.8/node_modules/@vitest/runner/dist/index.js:1205:15)\n    at runFiles (file:///home/patrick/Projects/effectively/node_modules/.pnpm/@vitest+runner@2.1.8/node_modules/@vitest/runner/dist/index.js:1262:5)"],"meta":{}},{"ancestorTitles":["Circuit Breaker (circuit-breaker.ts)","withCircuitBreaker","OPEN state behavior"],"fullName":"Circuit Breaker (circuit-breaker.ts) withCircuitBreaker OPEN state behavior should fail fast with CircuitOpenError when circuit is open","status":"failed","title":"should fail fast with CircuitOpenError when circuit is open","duration":7.357666999999992,"failureMessages":["AssertionError: expected error to have message: Circuit Breaker \"open-fail-fast-circuit0\" is open and not accepting requests.\n    at file:///home/patrick/Projects/effectively/node_modules/.pnpm/@vitest+expect@2.1.8/node_modules/@vitest/expect/dist/index.js:1849:31\n    at processTicksAndRejections (node:internal/process/task_queues:95:5)\n    at /home/patrick/Projects/effectively/test/circuit-breaker.test.ts:215:9\n    at file:///home/patrick/Projects/effectively/node_modules/.pnpm/@vitest+runner@2.1.8/node_modules/@vitest/runner/dist/index.js:533:5\n    at runTest (file:///home/patrick/Projects/effectively/node_modules/.pnpm/@vitest+runner@2.1.8/node_modules/@vitest/runner/dist/index.js:1056:11)\n    at runSuite (file:///home/patrick/Projects/effectively/node_modules/.pnpm/@vitest+runner@2.1.8/node_modules/@vitest/runner/dist/index.js:1205:15)\n    at runSuite (file:///home/patrick/Projects/effectively/node_modules/.pnpm/@vitest+runner@2.1.8/node_modules/@vitest/runner/dist/index.js:1205:15)\n    at runSuite (file:///home/patrick/Projects/effectively/node_modules/.pnpm/@vitest+runner@2.1.8/node_modules/@vitest/runner/dist/index.js:1205:15)\n    at runSuite (file:///home/patrick/Projects/effectively/node_modules/.pnpm/@vitest+runner@2.1.8/node_modules/@vitest/runner/dist/index.js:1205:15)\n    at runFiles (file:///home/patrick/Projects/effectively/node_modules/.pnpm/@vitest+runner@2.1.8/node_modules/@vitest/runner/dist/index.js:1262:5)"],"meta":{}},{"ancestorTitles":["Circuit Breaker (circuit-breaker.ts)","withCircuitBreaker","HALF-OPEN state behavior"],"fullName":"Circuit Breaker (circuit-breaker.ts) withCircuitBreaker HALF-OPEN state behavior should transition to HALF-OPEN after timeout and succeed on trial request","status":"failed","title":"should transition to HALF-OPEN after timeout and succeed on trial request","duration":2.2005049999999073,"failureMessages":["AssertionError: expected error to have message: Circuit Breaker \"half-open-success-circuit0\" is open and not accepting requests.\n    at file:///home/patrick/Projects/effectively/node_modules/.pnpm/@vitest+expect@2.1.8/node_modules/@vitest/expect/dist/index.js:1849:31\n    at processTicksAndRejections (node:internal/process/task_queues:95:5)\n    at /home/patrick/Projects/effectively/test/circuit-breaker.test.ts:247:9\n    at file:///home/patrick/Projects/effectively/node_modules/.pnpm/@vitest+runner@2.1.8/node_modules/@vitest/runner/dist/index.js:533:5\n    at runTest (file:///home/patrick/Projects/effectively/node_modules/.pnpm/@vitest+runner@2.1.8/node_modules/@vitest/runner/dist/index.js:1056:11)\n    at runSuite (file:///home/patrick/Projects/effectively/node_modules/.pnpm/@vitest+runner@2.1.8/node_modules/@vitest/runner/dist/index.js:1205:15)\n    at runSuite (file:///home/patrick/Projects/effectively/node_modules/.pnpm/@vitest+runner@2.1.8/node_modules/@vitest/runner/dist/index.js:1205:15)\n    at runSuite (file:///home/patrick/Projects/effectively/node_modules/.pnpm/@vitest+runner@2.1.8/node_modules/@vitest/runner/dist/index.js:1205:15)\n    at runSuite (file:///home/patrick/Projects/effectively/node_modules/.pnpm/@vitest+runner@2.1.8/node_modules/@vitest/runner/dist/index.js:1205:15)\n    at runFiles (file:///home/patrick/Projects/effectively/node_modules/.pnpm/@vitest+runner@2.1.8/node_modules/@vitest/runner/dist/index.js:1262:5)"],"meta":{}},{"ancestorTitles":["Circuit Breaker (circuit-breaker.ts)","withCircuitBreaker","HALF-OPEN state behavior"],"fullName":"Circuit Breaker (circuit-breaker.ts) withCircuitBreaker HALF-OPEN state behavior should return to OPEN state if trial request fails","status":"failed","title":"should return to OPEN state if trial request fails","duration":8.008495999999923,"failureMessages":["AssertionError: expected \"spy\" to be called with arguments: [ StringContaining{â€¦} ]\n\nReceived: \n\n  1st spy call:\n\n  Array [\n-   StringContaining \"[Circuit Breaker: half-open-fail-circuit0] State changed to HALF-OPEN. Attempting trial request.\",\n+   \"[Circuit Breaker: half-open-fail-circuit0] Recorded failure #1. Last failure at 1749912345812\",\n+   Object {\n+     \"error\": [Error: Trial always fails],\n+   },\n  ]\n\n  2nd spy call:\n\n  Array [\n-   StringContaining \"[Circuit Breaker: half-open-fail-circuit0] State changed to HALF-OPEN. Attempting trial request.\",\n+   \"[Circuit Breaker: half-open-fail-circuit0] State changed to HALF-OPEN. Ready for a trial request.\",\n  ]\n\n  3rd spy call:\n\n  Array [\n-   StringContaining \"[Circuit Breaker: half-open-fail-circuit0] State changed to HALF-OPEN. Attempting trial request.\",\n+   \"[Circuit Breaker: half-open-fail-circuit0] Recorded failure #2. Last failure at 1749912346313\",\n+   Object {\n+     \"error\": [Error: Trial always fails],\n+   },\n  ]\n\n\nNumber of calls: 3\n\n    at Proxy.<anonymous> (file:///home/patrick/Projects/effectively/node_modules/.pnpm/@vitest+expect@2.1.8/node_modules/@vitest/expect/dist/index.js:1465:13)\n    at Proxy.<anonymous> (file:///home/patrick/Projects/effectively/node_modules/.pnpm/@vitest+expect@2.1.8/node_modules/@vitest/expect/dist/index.js:972:17)\n    at Proxy.methodWrapper (file:///home/patrick/Projects/effectively/node_modules/.pnpm/chai@5.2.0/node_modules/chai/chai.js:1618:25)\n    at /home/patrick/Projects/effectively/test/circuit-breaker.test.ts:297:39\n    at processTicksAndRejections (node:internal/process/task_queues:95:5)\n    at file:///home/patrick/Projects/effectively/node_modules/.pnpm/@vitest+runner@2.1.8/node_modules/@vitest/runner/dist/index.js:533:5\n    at runTest (file:///home/patrick/Projects/effectively/node_modules/.pnpm/@vitest+runner@2.1.8/node_modules/@vitest/runner/dist/index.js:1056:11)\n    at runSuite (file:///home/patrick/Projects/effectively/node_modules/.pnpm/@vitest+runner@2.1.8/node_modules/@vitest/runner/dist/index.js:1205:15)\n    at runSuite (file:///home/patrick/Projects/effectively/node_modules/.pnpm/@vitest+runner@2.1.8/node_modules/@vitest/runner/dist/index.js:1205:15)\n    at runSuite (file:///home/patrick/Projects/effectively/node_modules/.pnpm/@vitest+runner@2.1.8/node_modules/@vitest/runner/dist/index.js:1205:15)"],"meta":{}},{"ancestorTitles":["Circuit Breaker (circuit-breaker.ts)","withCircuitBreaker","HALF-OPEN state behavior"],"fullName":"Circuit Breaker (circuit-breaker.ts) withCircuitBreaker HALF-OPEN state behavior should only transition to HALF-OPEN after the full timeout period","status":"failed","title":"should only transition to HALF-OPEN after the full timeout period","duration":2.6595839999999953,"failureMessages":["AssertionError: expected error to have message: Circuit Breaker \"half-open-full-timeout-circuit0\" is open and not accepting requests.\n    at file:///home/patrick/Projects/effectively/node_modules/.pnpm/@vitest+expect@2.1.8/node_modules/@vitest/expect/dist/index.js:1849:31\n    at processTicksAndRejections (node:internal/process/task_queues:95:5)\n    at /home/patrick/Projects/effectively/test/circuit-breaker.test.ts:327:9\n    at file:///home/patrick/Projects/effectively/node_modules/.pnpm/@vitest+runner@2.1.8/node_modules/@vitest/runner/dist/index.js:533:5\n    at runTest (file:///home/patrick/Projects/effectively/node_modules/.pnpm/@vitest+runner@2.1.8/node_modules/@vitest/runner/dist/index.js:1056:11)\n    at runSuite (file:///home/patrick/Projects/effectively/node_modules/.pnpm/@vitest+runner@2.1.8/node_modules/@vitest/runner/dist/index.js:1205:15)\n    at runSuite (file:///home/patrick/Projects/effectively/node_modules/.pnpm/@vitest+runner@2.1.8/node_modules/@vitest/runner/dist/index.js:1205:15)\n    at runSuite (file:///home/patrick/Projects/effectively/node_modules/.pnpm/@vitest+runner@2.1.8/node_modules/@vitest/runner/dist/index.js:1205:15)\n    at runSuite (file:///home/patrick/Projects/effectively/node_modules/.pnpm/@vitest+runner@2.1.8/node_modules/@vitest/runner/dist/index.js:1205:15)\n    at runFiles (file:///home/patrick/Projects/effectively/node_modules/.pnpm/@vitest+runner@2.1.8/node_modules/@vitest/runner/dist/index.js:1262:5)"],"meta":{}},{"ancestorTitles":["Circuit Breaker (circuit-breaker.ts)","withCircuitBreaker","Configuration options"],"fullName":"Circuit Breaker (circuit-breaker.ts) withCircuitBreaker Configuration options should respect custom failure threshold","status":"passed","title":"should respect custom failure threshold","duration":14.226277999999866,"failureMessages":[],"meta":{}},{"ancestorTitles":["Circuit Breaker (circuit-breaker.ts)","withCircuitBreaker","Configuration options"],"fullName":"Circuit Breaker (circuit-breaker.ts) withCircuitBreaker Configuration options should respect custom open state timeout","status":"failed","title":"should respect custom open state timeout","duration":4.666598000000022,"failureMessages":["AssertionError: expected error to have message: Circuit Breaker \"config-custom-timeout-circuit0\" is open and not accepting requests.\n    at file:///home/patrick/Projects/effectively/node_modules/.pnpm/@vitest+expect@2.1.8/node_modules/@vitest/expect/dist/index.js:1849:31\n    at processTicksAndRejections (node:internal/process/task_queues:95:5)\n    at /home/patrick/Projects/effectively/test/circuit-breaker.test.ts:390:9\n    at file:///home/patrick/Projects/effectively/node_modules/.pnpm/@vitest+runner@2.1.8/node_modules/@vitest/runner/dist/index.js:533:5\n    at runTest (file:///home/patrick/Projects/effectively/node_modules/.pnpm/@vitest+runner@2.1.8/node_modules/@vitest/runner/dist/index.js:1056:11)\n    at runSuite (file:///home/patrick/Projects/effectively/node_modules/.pnpm/@vitest+runner@2.1.8/node_modules/@vitest/runner/dist/index.js:1205:15)\n    at runSuite (file:///home/patrick/Projects/effectively/node_modules/.pnpm/@vitest+runner@2.1.8/node_modules/@vitest/runner/dist/index.js:1205:15)\n    at runSuite (file:///home/patrick/Projects/effectively/node_modules/.pnpm/@vitest+runner@2.1.8/node_modules/@vitest/runner/dist/index.js:1205:15)\n    at runSuite (file:///home/patrick/Projects/effectively/node_modules/.pnpm/@vitest+runner@2.1.8/node_modules/@vitest/runner/dist/index.js:1205:15)\n    at runFiles (file:///home/patrick/Projects/effectively/node_modules/.pnpm/@vitest+runner@2.1.8/node_modules/@vitest/runner/dist/index.js:1262:5)"],"meta":{}},{"ancestorTitles":["Circuit Breaker (circuit-breaker.ts)","withCircuitBreaker","Configuration options"],"fullName":"Circuit Breaker (circuit-breaker.ts) withCircuitBreaker Configuration options should respect custom isFailure predicate","status":"failed","title":"should respect custom isFailure predicate","duration":3.7602220000001125,"failureMessages":["AssertionError: expected error to be instance of TemporaryError\n    at file:///home/patrick/Projects/effectively/node_modules/.pnpm/@vitest+expect@2.1.8/node_modules/@vitest/expect/dist/index.js:1849:31\n    at processTicksAndRejections (node:internal/process/task_queues:95:5)\n    at /home/patrick/Projects/effectively/test/circuit-breaker.test.ts:429:9\n    at file:///home/patrick/Projects/effectively/node_modules/.pnpm/@vitest+runner@2.1.8/node_modules/@vitest/runner/dist/index.js:533:5\n    at runTest (file:///home/patrick/Projects/effectively/node_modules/.pnpm/@vitest+runner@2.1.8/node_modules/@vitest/runner/dist/index.js:1056:11)\n    at runSuite (file:///home/patrick/Projects/effectively/node_modules/.pnpm/@vitest+runner@2.1.8/node_modules/@vitest/runner/dist/index.js:1205:15)\n    at runSuite (file:///home/patrick/Projects/effectively/node_modules/.pnpm/@vitest+runner@2.1.8/node_modules/@vitest/runner/dist/index.js:1205:15)\n    at runSuite (file:///home/patrick/Projects/effectively/node_modules/.pnpm/@vitest+runner@2.1.8/node_modules/@vitest/runner/dist/index.js:1205:15)\n    at runSuite (file:///home/patrick/Projects/effectively/node_modules/.pnpm/@vitest+runner@2.1.8/node_modules/@vitest/runner/dist/index.js:1205:15)\n    at runFiles (file:///home/patrick/Projects/effectively/node_modules/.pnpm/@vitest+runner@2.1.8/node_modules/@vitest/runner/dist/index.js:1262:5)"],"meta":{}},{"ancestorTitles":["Circuit Breaker (circuit-breaker.ts)","withCircuitBreaker","Configuration options"],"fullName":"Circuit Breaker (circuit-breaker.ts) withCircuitBreaker Configuration options should not count BacktrackSignal as failure by default","status":"passed","title":"should not count BacktrackSignal as failure by default","duration":3.299193999999943,"failureMessages":[],"meta":{}},{"ancestorTitles":["Circuit Breaker (circuit-breaker.ts)","withCircuitBreaker","Multiple circuit instances"],"fullName":"Circuit Breaker (circuit-breaker.ts) withCircuitBreaker Multiple circuit instances should maintain separate state for different circuit IDs","status":"failed","title":"should maintain separate state for different circuit IDs","duration":5.620300000000043,"failureMessages":["AssertionError: expected error to have message: Circuit Breaker \"multi-instance-id-A1\" is open and not accepting requests.\n    at file:///home/patrick/Projects/effectively/node_modules/.pnpm/@vitest+expect@2.1.8/node_modules/@vitest/expect/dist/index.js:1849:31\n    at processTicksAndRejections (node:internal/process/task_queues:95:5)\n    at /home/patrick/Projects/effectively/test/circuit-breaker.test.ts:537:9\n    at file:///home/patrick/Projects/effectively/node_modules/.pnpm/@vitest+runner@2.1.8/node_modules/@vitest/runner/dist/index.js:533:5\n    at runTest (file:///home/patrick/Projects/effectively/node_modules/.pnpm/@vitest+runner@2.1.8/node_modules/@vitest/runner/dist/index.js:1056:11)\n    at runSuite (file:///home/patrick/Projects/effectively/node_modules/.pnpm/@vitest+runner@2.1.8/node_modules/@vitest/runner/dist/index.js:1205:15)\n    at runSuite (file:///home/patrick/Projects/effectively/node_modules/.pnpm/@vitest+runner@2.1.8/node_modules/@vitest/runner/dist/index.js:1205:15)\n    at runSuite (file:///home/patrick/Projects/effectively/node_modules/.pnpm/@vitest+runner@2.1.8/node_modules/@vitest/runner/dist/index.js:1205:15)\n    at runSuite (file:///home/patrick/Projects/effectively/node_modules/.pnpm/@vitest+runner@2.1.8/node_modules/@vitest/runner/dist/index.js:1205:15)\n    at runFiles (file:///home/patrick/Projects/effectively/node_modules/.pnpm/@vitest+runner@2.1.8/node_modules/@vitest/runner/dist/index.js:1262:5)"],"meta":{}},{"ancestorTitles":["Circuit Breaker (circuit-breaker.ts)","withCircuitBreaker","Context integration"],"fullName":"Circuit Breaker (circuit-breaker.ts) withCircuitBreaker Context integration should work without logger in context if context only has scope","status":"passed","title":"should work without logger in context if context only has scope","duration":8.128351000000066,"failureMessages":[],"meta":{}},{"ancestorTitles":["Circuit Breaker (circuit-breaker.ts)","withCircuitBreaker","Context integration"],"fullName":"Circuit Breaker (circuit-breaker.ts) withCircuitBreaker Context integration should use context logger when available","status":"passed","title":"should use context logger when available","duration":8.197313000000122,"failureMessages":[],"meta":{}},{"ancestorTitles":["Circuit Breaker (circuit-breaker.ts)","withCircuitBreaker","Edge cases and error scenarios"],"fullName":"Circuit Breaker (circuit-breaker.ts) withCircuitBreaker Edge cases and error scenarios should handle undefined and null values correctly as input","status":"passed","title":"should handle undefined and null values correctly as input","duration":9.714692000000014,"failureMessages":[],"meta":{}},{"ancestorTitles":["Circuit Breaker (circuit-breaker.ts)","withCircuitBreaker","Edge cases and error scenarios"],"fullName":"Circuit Breaker (circuit-breaker.ts) withCircuitBreaker Edge cases and error scenarios should handle rapid successive calls correctly (trial request)","status":"failed","title":"should handle rapid successive calls correctly (trial request)","duration":23.315158999999994,"failureMessages":["AssertionError: expected +0 to be 2 // Object.is equality\n    at /home/patrick/Projects/effectively/test/circuit-breaker.test.ts:692:35\n    at file:///home/patrick/Projects/effectively/node_modules/.pnpm/@vitest+runner@2.1.8/node_modules/@vitest/runner/dist/index.js:533:5\n    at runTest (file:///home/patrick/Projects/effectively/node_modules/.pnpm/@vitest+runner@2.1.8/node_modules/@vitest/runner/dist/index.js:1056:11)\n    at runSuite (file:///home/patrick/Projects/effectively/node_modules/.pnpm/@vitest+runner@2.1.8/node_modules/@vitest/runner/dist/index.js:1205:15)\n    at runSuite (file:///home/patrick/Projects/effectively/node_modules/.pnpm/@vitest+runner@2.1.8/node_modules/@vitest/runner/dist/index.js:1205:15)\n    at runSuite (file:///home/patrick/Projects/effectively/node_modules/.pnpm/@vitest+runner@2.1.8/node_modules/@vitest/runner/dist/index.js:1205:15)\n    at runSuite (file:///home/patrick/Projects/effectively/node_modules/.pnpm/@vitest+runner@2.1.8/node_modules/@vitest/runner/dist/index.js:1205:15)\n    at runFiles (file:///home/patrick/Projects/effectively/node_modules/.pnpm/@vitest+runner@2.1.8/node_modules/@vitest/runner/dist/index.js:1262:5)\n    at startTests (file:///home/patrick/Projects/effectively/node_modules/.pnpm/@vitest+runner@2.1.8/node_modules/@vitest/runner/dist/index.js:1271:3)\n    at file:///home/patrick/Projects/effectively/node_modules/.pnpm/vitest@2.1.8_@types+node@22.10.2_jsdom@26.1.0/node_modules/vitest/dist/chunks/runBaseTests.3qpJUEJM.js:126:11"],"meta":{}},{"ancestorTitles":["Circuit Breaker (circuit-breaker.ts)","withCircuitBreaker","Edge cases and error scenarios"],"fullName":"Circuit Breaker (circuit-breaker.ts) withCircuitBreaker Edge cases and error scenarios should maintain state across different run calls if ID is the same","status":"failed","title":"should maintain state across different run calls if ID is the same","duration":4.149058999999852,"failureMessages":["AssertionError: expected error to have message: Circuit Breaker \"fixed-id-for-shared-state-test-runs-B\" is open and not accepting requests.\n    at file:///home/patrick/Projects/effectively/node_modules/.pnpm/@vitest+expect@2.1.8/node_modules/@vitest/expect/dist/index.js:1849:31\n    at /home/patrick/Projects/effectively/test/circuit-breaker.test.ts:728:9\n    at file:///home/patrick/Projects/effectively/node_modules/.pnpm/@vitest+runner@2.1.8/node_modules/@vitest/runner/dist/index.js:533:5\n    at runTest (file:///home/patrick/Projects/effectively/node_modules/.pnpm/@vitest+runner@2.1.8/node_modules/@vitest/runner/dist/index.js:1056:11)\n    at runSuite (file:///home/patrick/Projects/effectively/node_modules/.pnpm/@vitest+runner@2.1.8/node_modules/@vitest/runner/dist/index.js:1205:15)\n    at runSuite (file:///home/patrick/Projects/effectively/node_modules/.pnpm/@vitest+runner@2.1.8/node_modules/@vitest/runner/dist/index.js:1205:15)\n    at runSuite (file:///home/patrick/Projects/effectively/node_modules/.pnpm/@vitest+runner@2.1.8/node_modules/@vitest/runner/dist/index.js:1205:15)\n    at runSuite (file:///home/patrick/Projects/effectively/node_modules/.pnpm/@vitest+runner@2.1.8/node_modules/@vitest/runner/dist/index.js:1205:15)\n    at runFiles (file:///home/patrick/Projects/effectively/node_modules/.pnpm/@vitest+runner@2.1.8/node_modules/@vitest/runner/dist/index.js:1262:5)\n    at startTests (file:///home/patrick/Projects/effectively/node_modules/.pnpm/@vitest+runner@2.1.8/node_modules/@vitest/runner/dist/index.js:1271:3)"],"meta":{}},{"ancestorTitles":["Circuit Breaker (circuit-breaker.ts)","withCircuitBreaker","Recovery scenarios"],"fullName":"Circuit Breaker (circuit-breaker.ts) withCircuitBreaker Recovery scenarios should handle mixed success/failure patterns correctly","status":"failed","title":"should handle mixed success/failure patterns correctly","duration":11.29960200000005,"failureMessages":["AssertionError: expected error to have message: Circuit Breaker \"recovery-mixed-pattern-circuit-B0\" is open and not accepting requests.\n    at file:///home/patrick/Projects/effectively/node_modules/.pnpm/@vitest+expect@2.1.8/node_modules/@vitest/expect/dist/index.js:1849:31\n    at /home/patrick/Projects/effectively/test/circuit-breaker.test.ts:775:9\n    at file:///home/patrick/Projects/effectively/node_modules/.pnpm/@vitest+runner@2.1.8/node_modules/@vitest/runner/dist/index.js:533:5\n    at runTest (file:///home/patrick/Projects/effectively/node_modules/.pnpm/@vitest+runner@2.1.8/node_modules/@vitest/runner/dist/index.js:1056:11)\n    at runSuite (file:///home/patrick/Projects/effectively/node_modules/.pnpm/@vitest+runner@2.1.8/node_modules/@vitest/runner/dist/index.js:1205:15)\n    at runSuite (file:///home/patrick/Projects/effectively/node_modules/.pnpm/@vitest+runner@2.1.8/node_modules/@vitest/runner/dist/index.js:1205:15)\n    at runSuite (file:///home/patrick/Projects/effectively/node_modules/.pnpm/@vitest+runner@2.1.8/node_modules/@vitest/runner/dist/index.js:1205:15)\n    at runSuite (file:///home/patrick/Projects/effectively/node_modules/.pnpm/@vitest+runner@2.1.8/node_modules/@vitest/runner/dist/index.js:1205:15)\n    at runFiles (file:///home/patrick/Projects/effectively/node_modules/.pnpm/@vitest+runner@2.1.8/node_modules/@vitest/runner/dist/index.js:1262:5)\n    at startTests (file:///home/patrick/Projects/effectively/node_modules/.pnpm/@vitest+runner@2.1.8/node_modules/@vitest/runner/dist/index.js:1271:3)"],"meta":{}}],"startTime":1749912345732,"endTime":1749912345922.2996,"status":"failed","message":"","name":"/home/patrick/Projects/effectively/test/circuit-breaker.test.ts"},{"assertionResults":[{"ancestorTitles":["Composition Utilities (utils.ts)","Core composition functions","pipe"],"fullName":"Composition Utilities (utils.ts) Core composition functions pipe should pipe a value through a sequence of functions","status":"passed","title":"should pipe a value through a sequence of functions","duration":7.444578999999976,"failureMessages":[],"meta":{}},{"ancestorTitles":["Composition Utilities (utils.ts)","Core composition functions","pipe"],"fullName":"Composition Utilities (utils.ts) Core composition functions pipe should work with a single function","status":"passed","title":"should work with a single function","duration":1.6693819999999278,"failureMessages":[],"meta":{}},{"ancestorTitles":["Composition Utilities (utils.ts)","Core composition functions","pipe"],"fullName":"Composition Utilities (utils.ts) Core composition functions pipe should return the value unchanged when no functions provided","status":"passed","title":"should return the value unchanged when no functions provided","duration":1.590718000000038,"failureMessages":[],"meta":{}},{"ancestorTitles":["Composition Utilities (utils.ts)","Core composition functions","pipe"],"fullName":"Composition Utilities (utils.ts) Core composition functions pipe should handle complex transformations","status":"passed","title":"should handle complex transformations","duration":0.9996680000000424,"failureMessages":[],"meta":{}},{"ancestorTitles":["Composition Utilities (utils.ts)","Core composition functions","flow"],"fullName":"Composition Utilities (utils.ts) Core composition functions flow should compose functions from left to right","status":"passed","title":"should compose functions from left to right","duration":1.5068170000000691,"failureMessages":[],"meta":{}},{"ancestorTitles":["Composition Utilities (utils.ts)","Core composition functions","flow"],"fullName":"Composition Utilities (utils.ts) Core composition functions flow should handle functions with multiple arguments in first function","status":"passed","title":"should handle functions with multiple arguments in first function","duration":1.0281139999999596,"failureMessages":[],"meta":{}},{"ancestorTitles":["Composition Utilities (utils.ts)","Core composition functions","flow"],"fullName":"Composition Utilities (utils.ts) Core composition functions flow should handle single function","status":"passed","title":"should handle single function","duration":0.8582679999999527,"failureMessages":[],"meta":{}},{"ancestorTitles":["Composition Utilities (utils.ts)","Core composition functions","flow"],"fullName":"Composition Utilities (utils.ts) Core composition functions flow should handle no functions","status":"passed","title":"should handle no functions","duration":0.9108509999999796,"failureMessages":[],"meta":{}},{"ancestorTitles":["Composition Utilities (utils.ts)","Workflow creation","createWorkflow and chain"],"fullName":"Composition Utilities (utils.ts) Workflow creation createWorkflow and chain should chain tasks together sequentially","status":"passed","title":"should chain tasks together sequentially","duration":7.784905999999978,"failureMessages":[],"meta":{}},{"ancestorTitles":["Composition Utilities (utils.ts)","Workflow creation","createWorkflow and chain"],"fullName":"Composition Utilities (utils.ts) Workflow creation createWorkflow and chain should work with plain functions","status":"passed","title":"should work with plain functions","duration":1.993991000000051,"failureMessages":[],"meta":{}},{"ancestorTitles":["Composition Utilities (utils.ts)","Workflow creation","createWorkflow and chain"],"fullName":"Composition Utilities (utils.ts) Workflow creation createWorkflow and chain should handle single task workflow","status":"passed","title":"should handle single task workflow","duration":1.6385040000000117,"failureMessages":[],"meta":{}},{"ancestorTitles":["Composition Utilities (utils.ts)","Workflow creation","createWorkflow and chain"],"fullName":"Composition Utilities (utils.ts) Workflow creation createWorkflow and chain should pass context through workflow","status":"passed","title":"should pass context through workflow","duration":3.1178320000000213,"failureMessages":[],"meta":{}},{"ancestorTitles":["Composition Utilities (utils.ts)","Workflow creation","createWorkflow and chain"],"fullName":"Composition Utilities (utils.ts) Workflow creation createWorkflow and chain should chain alias work identically","status":"passed","title":"should chain alias work identically","duration":4.7667829999999185,"failureMessages":[],"meta":{}},{"ancestorTitles":["Composition Utilities (utils.ts)","Workflow creation","Workflow starters","fromValue"],"fullName":"Composition Utilities (utils.ts) Workflow creation Workflow starters fromValue should start workflow with static value","status":"passed","title":"should start workflow with static value","duration":2.6681449999999813,"failureMessages":[],"meta":{}},{"ancestorTitles":["Composition Utilities (utils.ts)","Workflow creation","Workflow starters","fromValue"],"fullName":"Composition Utilities (utils.ts) Workflow creation Workflow starters fromValue should work with complex objects","status":"passed","title":"should work with complex objects","duration":2.4273660000000064,"failureMessages":[],"meta":{}},{"ancestorTitles":["Composition Utilities (utils.ts)","Workflow creation","Workflow starters","fromPromise"],"fullName":"Composition Utilities (utils.ts) Workflow creation Workflow starters fromPromise should start workflow with promise","status":"passed","title":"should start workflow with promise","duration":1.5836359999999559,"failureMessages":[],"meta":{}},{"ancestorTitles":["Composition Utilities (utils.ts)","Workflow creation","Workflow starters","fromPromise"],"fullName":"Composition Utilities (utils.ts) Workflow creation Workflow starters fromPromise should handle rejected promises","status":"passed","title":"should handle rejected promises","duration":2.8821320000000696,"failureMessages":[],"meta":{}},{"ancestorTitles":["Composition Utilities (utils.ts)","Workflow creation","Workflow starters","fromPromiseFn"],"fullName":"Composition Utilities (utils.ts) Workflow creation Workflow starters fromPromiseFn should start workflow with context-dependent function","status":"passed","title":"should start workflow with context-dependent function","duration":0.8406669999999394,"failureMessages":[],"meta":{}},{"ancestorTitles":["Composition Utilities (utils.ts)","Workflow creation","Workflow starters","fromPromiseFn"],"fullName":"Composition Utilities (utils.ts) Workflow creation Workflow starters fromPromiseFn should pass context correctly","status":"passed","title":"should pass context correctly","duration":0.6848360000000184,"failureMessages":[],"meta":{}},{"ancestorTitles":["Composition Utilities (utils.ts)","Pipeable operators","map"],"fullName":"Composition Utilities (utils.ts) Pipeable operators map should transform values in a workflow","status":"passed","title":"should transform values in a workflow","duration":1.2448500000000422,"failureMessages":[],"meta":{}},{"ancestorTitles":["Composition Utilities (utils.ts)","Pipeable operators","map"],"fullName":"Composition Utilities (utils.ts) Pipeable operators map should work with async mapping functions","status":"passed","title":"should work with async mapping functions","duration":6.858774999999923,"failureMessages":[],"meta":{}},{"ancestorTitles":["Composition Utilities (utils.ts)","Pipeable operators","map"],"fullName":"Composition Utilities (utils.ts) Pipeable operators map should pass context to mapping function","status":"passed","title":"should pass context to mapping function","duration":6.6763180000000375,"failureMessages":[],"meta":{}},{"ancestorTitles":["Composition Utilities (utils.ts)","Pipeable operators","flatMap"],"fullName":"Composition Utilities (utils.ts) Pipeable operators flatMap should transform values into new tasks","status":"passed","title":"should transform values into new tasks","duration":5.135641999999962,"failureMessages":[],"meta":{}},{"ancestorTitles":["Composition Utilities (utils.ts)","Pipeable operators","flatMap"],"fullName":"Composition Utilities (utils.ts) Pipeable operators flatMap should pass context to flatMap function","status":"passed","title":"should pass context to flatMap function","duration":2.019649999999956,"failureMessages":[],"meta":{}},{"ancestorTitles":["Composition Utilities (utils.ts)","Pipeable operators","pick"],"fullName":"Composition Utilities (utils.ts) Pipeable operators pick should pick specified keys from object","status":"passed","title":"should pick specified keys from object","duration":3.179237999999941,"failureMessages":[],"meta":{}},{"ancestorTitles":["Composition Utilities (utils.ts)","Pipeable operators","pick"],"fullName":"Composition Utilities (utils.ts) Pipeable operators pick should handle missing keys gracefully","status":"passed","title":"should handle missing keys gracefully","duration":2.157602999999881,"failureMessages":[],"meta":{}},{"ancestorTitles":["Composition Utilities (utils.ts)","Direct composition helpers","mapTask"],"fullName":"Composition Utilities (utils.ts) Direct composition helpers mapTask should transform task output","status":"passed","title":"should transform task output","duration":2.284972999999809,"failureMessages":[],"meta":{}},{"ancestorTitles":["Composition Utilities (utils.ts)","Direct composition helpers","mapTask"],"fullName":"Composition Utilities (utils.ts) Direct composition helpers mapTask should work with async mappers","status":"passed","title":"should work with async mappers","duration":15.077456999999868,"failureMessages":[],"meta":{}},{"ancestorTitles":["Composition Utilities (utils.ts)","Direct composition helpers","andThenTask"],"fullName":"Composition Utilities (utils.ts) Direct composition helpers andThenTask should chain tasks with direct composition","status":"passed","title":"should chain tasks with direct composition","duration":4.559369999999944,"failureMessages":[],"meta":{}},{"ancestorTitles":["Composition Utilities (utils.ts)","Flow control and logic","when"],"fullName":"Composition Utilities (utils.ts) Flow control and logic when should execute task when predicate is true","status":"passed","title":"should execute task when predicate is true","duration":2.974946999999929,"failureMessages":[],"meta":{}},{"ancestorTitles":["Composition Utilities (utils.ts)","Flow control and logic","when"],"fullName":"Composition Utilities (utils.ts) Flow control and logic when should skip task when predicate is false","status":"passed","title":"should skip task when predicate is false","duration":2.0093470000001616,"failureMessages":[],"meta":{}},{"ancestorTitles":["Composition Utilities (utils.ts)","Flow control and logic","when"],"fullName":"Composition Utilities (utils.ts) Flow control and logic when should work with async predicates","status":"passed","title":"should work with async predicates","duration":2.0284529999998995,"failureMessages":[],"meta":{}},{"ancestorTitles":["Composition Utilities (utils.ts)","Flow control and logic","when"],"fullName":"Composition Utilities (utils.ts) Flow control and logic when should pass context to predicate","status":"passed","title":"should pass context to predicate","duration":4.624711999999818,"failureMessages":[],"meta":{}},{"ancestorTitles":["Composition Utilities (utils.ts)","Flow control and logic","unless"],"fullName":"Composition Utilities (utils.ts) Flow control and logic unless should execute task when predicate is false","status":"passed","title":"should execute task when predicate is false","duration":2.5987680000000637,"failureMessages":[],"meta":{}},{"ancestorTitles":["Composition Utilities (utils.ts)","Flow control and logic","unless"],"fullName":"Composition Utilities (utils.ts) Flow control and logic unless should skip task when predicate is true","status":"passed","title":"should skip task when predicate is true","duration":1.892376000000013,"failureMessages":[],"meta":{}},{"ancestorTitles":["Composition Utilities (utils.ts)","Flow control and logic","doWhile"],"fullName":"Composition Utilities (utils.ts) Flow control and logic doWhile should execute task repeatedly while condition is true","status":"passed","title":"should execute task repeatedly while condition is true","duration":2.4134579999999914,"failureMessages":[],"meta":{}},{"ancestorTitles":["Composition Utilities (utils.ts)","Flow control and logic","doWhile"],"fullName":"Composition Utilities (utils.ts) Flow control and logic doWhile should not execute if condition is initially false","status":"passed","title":"should not execute if condition is initially false","duration":1.6583009999999376,"failureMessages":[],"meta":{}},{"ancestorTitles":["Composition Utilities (utils.ts)","Flow control and logic","doWhile"],"fullName":"Composition Utilities (utils.ts) Flow control and logic doWhile should respect abort signals","status":"failed","title":"should respect abort signals","duration":5009.426559,"failureMessages":["Error: Test timed out in 5000ms.\nIf this is a long-running test, pass a timeout value as the last argument or configure it globally with \"testTimeout\".\n    at Timeout.<anonymous> (file:///home/patrick/Projects/effectively/node_modules/.pnpm/@vitest+runner@2.1.8/node_modules/@vitest/runner/dist/index.js:44:18)\n    at listOnTimeout (node:internal/timers:581:17)\n    at processTimers (node:internal/timers:519:7)"],"meta":{}},{"ancestorTitles":["Composition Utilities (utils.ts)","Flow control and logic","tap"],"fullName":"Composition Utilities (utils.ts) Flow control and logic tap should perform side effects without changing value","status":"passed","title":"should perform side effects without changing value","duration":1.2960779999993974,"failureMessages":[],"meta":{}},{"ancestorTitles":["Composition Utilities (utils.ts)","Flow control and logic","tap"],"fullName":"Composition Utilities (utils.ts) Flow control and logic tap should work with async side effects","status":"passed","title":"should work with async side effects","duration":1.929033000000345,"failureMessages":[],"meta":{}},{"ancestorTitles":["Composition Utilities (utils.ts)","Flow control and logic","tap"],"fullName":"Composition Utilities (utils.ts) Flow control and logic tap should pass context to side effect function","status":"passed","title":"should pass context to side effect function","duration":1.134823000000324,"failureMessages":[],"meta":{}},{"ancestorTitles":["Composition Utilities (utils.ts)","Flow control and logic","sleep"],"fullName":"Composition Utilities (utils.ts) Flow control and logic sleep should pause workflow for specified duration","status":"passed","title":"should pause workflow for specified duration","duration":3.0845200000003388,"failureMessages":[],"meta":{}},{"ancestorTitles":["Composition Utilities (utils.ts)","Flow control and logic","sleep"],"fullName":"Composition Utilities (utils.ts) Flow control and logic sleep should respect abort signals","status":"failed","title":"should respect abort signals","duration":5003.4641679999995,"failureMessages":["Error: Test timed out in 5000ms.\nIf this is a long-running test, pass a timeout value as the last argument or configure it globally with \"testTimeout\".\n    at Timeout.<anonymous> (file:///home/patrick/Projects/effectively/node_modules/.pnpm/@vitest+runner@2.1.8/node_modules/@vitest/runner/dist/index.js:44:18)\n    at listOnTimeout (node:internal/timers:581:17)\n    at processTimers (node:internal/timers:519:7)"],"meta":{}},{"ancestorTitles":["Composition Utilities (utils.ts)","Error handling and resilience","tapError"],"fullName":"Composition Utilities (utils.ts) Error handling and resilience tapError should perform side effects on error without catching it","status":"passed","title":"should perform side effects on error without catching it","duration":2.584630000001198,"failureMessages":[],"meta":{}},{"ancestorTitles":["Composition Utilities (utils.ts)","Error handling and resilience","tapError"],"fullName":"Composition Utilities (utils.ts) Error handling and resilience tapError should not perform side effect on success","status":"passed","title":"should not perform side effect on success","duration":1.0605020000002696,"failureMessages":[],"meta":{}},{"ancestorTitles":["Composition Utilities (utils.ts)","Error handling and resilience","tapError"],"fullName":"Composition Utilities (utils.ts) Error handling and resilience tapError should pass context to error handler","status":"passed","title":"should pass context to error handler","duration":1.6016380000000936,"failureMessages":[],"meta":{}},{"ancestorTitles":["Composition Utilities (utils.ts)","Error handling and resilience","attempt"],"fullName":"Composition Utilities (utils.ts) Error handling and resilience attempt should convert exceptions to Result type","status":"passed","title":"should convert exceptions to Result type","duration":1.7521059999999125,"failureMessages":[],"meta":{}},{"ancestorTitles":["Composition Utilities (utils.ts)","Error handling and resilience","attempt"],"fullName":"Composition Utilities (utils.ts) Error handling and resilience attempt should wrap successful results in Ok","status":"passed","title":"should wrap successful results in Ok","duration":1.2549720000006346,"failureMessages":[],"meta":{}},{"ancestorTitles":["Composition Utilities (utils.ts)","Error handling and resilience","withRetry"],"fullName":"Composition Utilities (utils.ts) Error handling and resilience withRetry should retry failed tasks","status":"failed","title":"should retry failed tasks","duration":5002.7880829999995,"failureMessages":["Error: Test timed out in 5000ms.\nIf this is a long-running test, pass a timeout value as the last argument or configure it globally with \"testTimeout\".\n    at Timeout.<anonymous> (file:///home/patrick/Projects/effectively/node_modules/.pnpm/@vitest+runner@2.1.8/node_modules/@vitest/runner/dist/index.js:44:18)\n    at listOnTimeout (node:internal/timers:581:17)\n    at processTimers (node:internal/timers:519:7)"],"meta":{}},{"ancestorTitles":["Composition Utilities (utils.ts)","Error handling and resilience","withRetry"],"fullName":"Composition Utilities (utils.ts) Error handling and resilience withRetry should fail after max attempts","status":"passed","title":"should fail after max attempts","duration":22.441655000000537,"failureMessages":[],"meta":{}},{"ancestorTitles":["Composition Utilities (utils.ts)","Error handling and resilience","withRetry"],"fullName":"Composition Utilities (utils.ts) Error handling and resilience withRetry should use exponential backoff","status":"failed","title":"should use exponential backoff","duration":6.4334319999998115,"failureMessages":["Error: promise resolved \"undefined\" instead of rejecting\n    at Assertion.__VITEST_REJECTS__ (file:///home/patrick/Projects/effectively/node_modules/.pnpm/@vitest+expect@2.1.8/node_modules/@vitest/expect/dist/index.js:1805:21)\n    at Assertion.propertyGetter (file:///home/patrick/Projects/effectively/node_modules/.pnpm/chai@5.2.0/node_modules/chai/chai.js:1486:27)\n    at Reflect.get (<anonymous>)\n    at Object.proxyGetter [as get] (file:///home/patrick/Projects/effectively/node_modules/.pnpm/chai@5.2.0/node_modules/chai/chai.js:1577:22)\n    at /home/patrick/Projects/effectively/test/composition-utils.test.ts:738:29\n    at file:///home/patrick/Projects/effectively/node_modules/.pnpm/@vitest+runner@2.1.8/node_modules/@vitest/runner/dist/index.js:533:5\n    at runTest (file:///home/patrick/Projects/effectively/node_modules/.pnpm/@vitest+runner@2.1.8/node_modules/@vitest/runner/dist/index.js:1056:11)\n    at runSuite (file:///home/patrick/Projects/effectively/node_modules/.pnpm/@vitest+runner@2.1.8/node_modules/@vitest/runner/dist/index.js:1205:15)\n    at runSuite (file:///home/patrick/Projects/effectively/node_modules/.pnpm/@vitest+runner@2.1.8/node_modules/@vitest/runner/dist/index.js:1205:15)\n    at runSuite (file:///home/patrick/Projects/effectively/node_modules/.pnpm/@vitest+runner@2.1.8/node_modules/@vitest/runner/dist/index.js:1205:15)"],"meta":{}},{"ancestorTitles":["Composition Utilities (utils.ts)","Error handling and resilience","withRetry"],"fullName":"Composition Utilities (utils.ts) Error handling and resilience withRetry should respect shouldRetry predicate","status":"failed","title":"should respect shouldRetry predicate","duration":5001.606055999999,"failureMessages":["Error: Test timed out in 5000ms.\nIf this is a long-running test, pass a timeout value as the last argument or configure it globally with \"testTimeout\".\n    at Timeout.<anonymous> (file:///home/patrick/Projects/effectively/node_modules/.pnpm/@vitest+runner@2.1.8/node_modules/@vitest/runner/dist/index.js:44:18)\n    at listOnTimeout (node:internal/timers:581:17)\n    at processTimers (node:internal/timers:519:7)"],"meta":{}},{"ancestorTitles":["Composition Utilities (utils.ts)","Error handling and resilience","withRetry"],"fullName":"Composition Utilities (utils.ts) Error handling and resilience withRetry should not retry when shouldRetry returns false","status":"passed","title":"should not retry when shouldRetry returns false","duration":1.7130729999989853,"failureMessages":[],"meta":{}},{"ancestorTitles":["Composition Utilities (utils.ts)","Task enhancers","withName"],"fullName":"Composition Utilities (utils.ts) Task enhancers withName should attach name to task","status":"passed","title":"should attach name to task","duration":1.0006240000002435,"failureMessages":[],"meta":{}},{"ancestorTitles":["Composition Utilities (utils.ts)","Task enhancers","withName"],"fullName":"Composition Utilities (utils.ts) Task enhancers withName should preserve task functionality","status":"passed","title":"should preserve task functionality","duration":0.7801740000031714,"failureMessages":[],"meta":{}},{"ancestorTitles":["Composition Utilities (utils.ts)","Task enhancers","memoize"],"fullName":"Composition Utilities (utils.ts) Task enhancers memoize should cache results based on input","status":"passed","title":"should cache results based on input","duration":3.4661049999995157,"failureMessages":[],"meta":{}},{"ancestorTitles":["Composition Utilities (utils.ts)","Task enhancers","memoize"],"fullName":"Composition Utilities (utils.ts) Task enhancers memoize should use deep equality for cache keys","status":"passed","title":"should use deep equality for cache keys","duration":2.782230000000709,"failureMessages":[],"meta":{}},{"ancestorTitles":["Composition Utilities (utils.ts)","Task enhancers","once"],"fullName":"Composition Utilities (utils.ts) Task enhancers once should execute task only once","status":"passed","title":"should execute task only once","duration":1.5775639999992563,"failureMessages":[],"meta":{}},{"ancestorTitles":["Composition Utilities (utils.ts)","Task enhancers","once"],"fullName":"Composition Utilities (utils.ts) Task enhancers once should share the same promise across calls","status":"passed","title":"should share the same promise across calls","duration":2.352520000000368,"failureMessages":[],"meta":{}},{"ancestorTitles":["Composition Utilities (utils.ts)","Task enhancers","withTimeout"],"fullName":"Composition Utilities (utils.ts) Task enhancers withTimeout should timeout long-running tasks","status":"passed","title":"should timeout long-running tasks","duration":6.2608949999994365,"failureMessages":[],"meta":{}},{"ancestorTitles":["Composition Utilities (utils.ts)","Task enhancers","withTimeout"],"fullName":"Composition Utilities (utils.ts) Task enhancers withTimeout should complete fast tasks normally","status":"passed","title":"should complete fast tasks normally","duration":1.8233590000018012,"failureMessages":[],"meta":{}},{"ancestorTitles":["Composition Utilities (utils.ts)","Task enhancers","withTimeout"],"fullName":"Composition Utilities (utils.ts) Task enhancers withTimeout should clean up timers on abort","status":"failed","title":"should clean up timers on abort","duration":5003.967270999998,"failureMessages":["Error: Test timed out in 5000ms.\nIf this is a long-running test, pass a timeout value as the last argument or configure it globally with \"testTimeout\".\n    at Timeout.<anonymous> (file:///home/patrick/Projects/effectively/node_modules/.pnpm/@vitest+runner@2.1.8/node_modules/@vitest/runner/dist/index.js:44:18)\n    at listOnTimeout (node:internal/timers:581:17)\n    at processTimers (node:internal/timers:519:7)"],"meta":{}},{"ancestorTitles":["Composition Utilities (utils.ts)","Task enhancers","withState"],"fullName":"Composition Utilities (utils.ts) Task enhancers withState should manage stateful workflows and provide tools via context","status":"failed","title":"should manage stateful workflows and provide tools via context","duration":10.195286999998643,"failureMessages":["WorkflowError: Task failed: useState() can only be used within a task wrapped by withState(). Ensure withState() is an ancestor enhancer in your workflow.\n    at runImpl (/home/patrick/Projects/effectively/src/run.ts:939:15)\n    at /home/patrick/Projects/effectively/test/composition-utils.test.ts:981:24\n    at file:///home/patrick/Projects/effectively/node_modules/.pnpm/@vitest+runner@2.1.8/node_modules/@vitest/runner/dist/index.js:533:5\n    at runTest (file:///home/patrick/Projects/effectively/node_modules/.pnpm/@vitest+runner@2.1.8/node_modules/@vitest/runner/dist/index.js:1056:11)\n    at runSuite (file:///home/patrick/Projects/effectively/node_modules/.pnpm/@vitest+runner@2.1.8/node_modules/@vitest/runner/dist/index.js:1205:15)\n    at runSuite (file:///home/patrick/Projects/effectively/node_modules/.pnpm/@vitest+runner@2.1.8/node_modules/@vitest/runner/dist/index.js:1205:15)\n    at runSuite (file:///home/patrick/Projects/effectively/node_modules/.pnpm/@vitest+runner@2.1.8/node_modules/@vitest/runner/dist/index.js:1205:15)\n    at runSuite (file:///home/patrick/Projects/effectively/node_modules/.pnpm/@vitest+runner@2.1.8/node_modules/@vitest/runner/dist/index.js:1205:15)\n    at runFiles (file:///home/patrick/Projects/effectively/node_modules/.pnpm/@vitest+runner@2.1.8/node_modules/@vitest/runner/dist/index.js:1262:5)\n    at startTests (file:///home/patrick/Projects/effectively/node_modules/.pnpm/@vitest+runner@2.1.8/node_modules/@vitest/runner/dist/index.js:1271:3)"],"meta":{}},{"ancestorTitles":["Composition Utilities (utils.ts)","Task enhancers","withState"],"fullName":"Composition Utilities (utils.ts) Task enhancers withState should initialize state with a static value","status":"passed","title":"should initialize state with a static value","duration":4.376460999999836,"failureMessages":[],"meta":{}},{"ancestorTitles":["Composition Utilities (utils.ts)","Task enhancers","withState"],"fullName":"Composition Utilities (utils.ts) Task enhancers withState should throw if useState is used outside a withState context","status":"passed","title":"should throw if useState is used outside a withState context","duration":3.8564140000016778,"failureMessages":[],"meta":{}},{"ancestorTitles":["Composition Utilities (utils.ts)","Advanced scheduling and batching","withThrottle"],"fullName":"Composition Utilities (utils.ts) Advanced scheduling and batching withThrottle should throttle task execution","status":"passed","title":"should throttle task execution","duration":4.88702899999771,"failureMessages":[],"meta":{}},{"ancestorTitles":["Composition Utilities (utils.ts)","Advanced scheduling and batching","withThrottle"],"fullName":"Composition Utilities (utils.ts) Advanced scheduling and batching withThrottle should respect abort signals in throttle queue","status":"failed","title":"should respect abort signals in throttle queue","duration":5002.081533999997,"failureMessages":["Error: Test timed out in 5000ms.\nIf this is a long-running test, pass a timeout value as the last argument or configure it globally with \"testTimeout\".\n    at Timeout.<anonymous> (file:///home/patrick/Projects/effectively/node_modules/.pnpm/@vitest+runner@2.1.8/node_modules/@vitest/runner/dist/index.js:44:18)\n    at listOnTimeout (node:internal/timers:581:17)\n    at processTimers (node:internal/timers:519:7)"],"meta":{}},{"ancestorTitles":["Composition Utilities (utils.ts)","Advanced scheduling and batching","withPoll"],"fullName":"Composition Utilities (utils.ts) Advanced scheduling and batching withPoll should poll until condition is met","status":"passed","title":"should poll until condition is met","duration":6.099947999999131,"failureMessages":[],"meta":{}},{"ancestorTitles":["Composition Utilities (utils.ts)","Advanced scheduling and batching","withPoll"],"fullName":"Composition Utilities (utils.ts) Advanced scheduling and batching withPoll should timeout if condition is never met","status":"failed","title":"should timeout if condition is never met","duration":5.881473000001279,"failureMessages":["AssertionError: expected error to be instance of PollTimeoutError\n    at file:///home/patrick/Projects/effectively/node_modules/.pnpm/@vitest+expect@2.1.8/node_modules/@vitest/expect/dist/index.js:1849:31"],"meta":{}},{"ancestorTitles":["Composition Utilities (utils.ts)","Advanced scheduling and batching","createBatchingTask"],"fullName":"Composition Utilities (utils.ts) Advanced scheduling and batching createBatchingTask should batch multiple calls","status":"passed","title":"should batch multiple calls","duration":1.7196069999990868,"failureMessages":[],"meta":{}},{"ancestorTitles":["Composition Utilities (utils.ts)","Advanced scheduling and batching","createBatchingTask"],"fullName":"Composition Utilities (utils.ts) Advanced scheduling and batching createBatchingTask should handle batch function errors","status":"passed","title":"should handle batch function errors","duration":2.9487000000008265,"failureMessages":[],"meta":{}},{"ancestorTitles":["Composition Utilities (utils.ts)","Advanced scheduling and batching","createBatchingTask"],"fullName":"Composition Utilities (utils.ts) Advanced scheduling and batching createBatchingTask should respect abort signals in batch queue","status":"failed","title":"should respect abort signals in batch queue","duration":5.177761999999348,"failureMessages":["AssertionError: expected [Function] to throw error including 'Aborted' but got 'Task failed: This operation was abortâ€¦'\n    at Assertion.<anonymous> (file:///home/patrick/Projects/effectively/node_modules/.pnpm/@vitest+expect@2.1.8/node_modules/@vitest/expect/dist/index.js:1509:21)\n    at Assertion.<anonymous> (file:///home/patrick/Projects/effectively/node_modules/.pnpm/@vitest+expect@2.1.8/node_modules/@vitest/expect/dist/index.js:972:17)\n    at Assertion.methodWrapper (file:///home/patrick/Projects/effectively/node_modules/.pnpm/chai@5.2.0/node_modules/chai/chai.js:1618:25)\n    at file:///home/patrick/Projects/effectively/node_modules/.pnpm/@vitest+expect@2.1.8/node_modules/@vitest/expect/dist/index.js:1849:31"],"meta":{}},{"ancestorTitles":["Composition Utilities (utils.ts)","Advanced scheduling and batching","withDebounce"],"fullName":"Composition Utilities (utils.ts) Advanced scheduling and batching withDebounce should debounce rapid calls","status":"passed","title":"should debounce rapid calls","duration":1.610954000003403,"failureMessages":[],"meta":{}},{"ancestorTitles":["Composition Utilities (utils.ts)","Advanced scheduling and batching","withDebounce"],"fullName":"Composition Utilities (utils.ts) Advanced scheduling and batching withDebounce should execute after debounce period","status":"passed","title":"should execute after debounce period","duration":0.8099719999991066,"failureMessages":[],"meta":{}}],"startTime":1749912345764,"endTime":1749912376031.81,"status":"failed","message":"","name":"/home/patrick/Projects/effectively/test/composition-utils.test.ts"},{"assertionResults":[{"ancestorTitles":["Core Execution Engine (run.ts)","createContext and basic execution"],"fullName":"Core Execution Engine (run.ts) createContext and basic execution should create a context and run a simple task","status":"passed","title":"should create a context and run a simple task","duration":12.346694999999954,"failureMessages":[],"meta":{}},{"ancestorTitles":["Core Execution Engine (run.ts)","createContext and basic execution"],"fullName":"Core Execution Engine (run.ts) createContext and basic execution should provide context to tasks","status":"passed","title":"should provide context to tasks","duration":2.3451990000000933,"failureMessages":[],"meta":{}},{"ancestorTitles":["Core Execution Engine (run.ts)","createContext and basic execution"],"fullName":"Core Execution Engine (run.ts) createContext and basic execution should handle context overrides","status":"passed","title":"should handle context overrides","duration":2.3647000000000844,"failureMessages":[],"meta":{}},{"ancestorTitles":["Core Execution Engine (run.ts)","createContext and basic execution"],"fullName":"Core Execution Engine (run.ts) createContext and basic execution should handle database operations through context","status":"passed","title":"should handle database operations through context","duration":7.746281999999837,"failureMessages":[],"meta":{}},{"ancestorTitles":["Core Execution Engine (run.ts)","Error handling and Result types"],"fullName":"Core Execution Engine (run.ts) Error handling and Result types should throw errors by default","status":"passed","title":"should throw errors by default","duration":5.833486999999877,"failureMessages":[],"meta":{}},{"ancestorTitles":["Core Execution Engine (run.ts)","Error handling and Result types"],"fullName":"Core Execution Engine (run.ts) Error handling and Result types should return Result when throw: false","status":"passed","title":"should return Result when throw: false","duration":4.6257479999999305,"failureMessages":[],"meta":{}},{"ancestorTitles":["Core Execution Engine (run.ts)","Error handling and Result types"],"fullName":"Core Execution Engine (run.ts) Error handling and Result types should handle successful tasks with throw: false","status":"passed","title":"should handle successful tasks with throw: false","duration":2.679234999999835,"failureMessages":[],"meta":{}},{"ancestorTitles":["Core Execution Engine (run.ts)","Backtracking and control flow"],"fullName":"Core Execution Engine (run.ts) Backtracking and control flow should handle BacktrackSignal correctly","status":"passed","title":"should handle BacktrackSignal correctly","duration":2.549938000000111,"failureMessages":[],"meta":{}},{"ancestorTitles":["Core Execution Engine (run.ts)","Backtracking and control flow"],"fullName":"Core Execution Engine (run.ts) Backtracking and control flow should identify BacktrackSignal with type guard","status":"passed","title":"should identify BacktrackSignal with type guard","duration":3.377651999999898,"failureMessages":[],"meta":{}},{"ancestorTitles":["Core Execution Engine (run.ts)","Backtracking and control flow"],"fullName":"Core Execution Engine (run.ts) Backtracking and control flow should prevent infinite backtracking loops","status":"passed","title":"should prevent infinite backtracking loops","duration":55.408509000000095,"failureMessages":[],"meta":{}},{"ancestorTitles":["Core Execution Engine (run.ts)","Context getters and safety"],"fullName":"Core Execution Engine (run.ts) Context getters and safety should throw ContextNotFoundError when getContext called outside run","status":"passed","title":"should throw ContextNotFoundError when getContext called outside run","duration":1.7614260000000286,"failureMessages":[],"meta":{}},{"ancestorTitles":["Core Execution Engine (run.ts)","Context getters and safety"],"fullName":"Core Execution Engine (run.ts) Context getters and safety should return error Result when getContextSafe called outside run","status":"passed","title":"should return error Result when getContextSafe called outside run","duration":0.5028539999998429,"failureMessages":[],"meta":{}},{"ancestorTitles":["Core Execution Engine (run.ts)","Context getters and safety"],"fullName":"Core Execution Engine (run.ts) Context getters and safety should return undefined when getContextOrUndefined called outside run","status":"passed","title":"should return undefined when getContextOrUndefined called outside run","duration":0.5909970000000158,"failureMessages":[],"meta":{}},{"ancestorTitles":["Core Execution Engine (run.ts)","Context getters and safety"],"fullName":"Core Execution Engine (run.ts) Context getters and safety should work correctly inside run","status":"passed","title":"should work correctly inside run","duration":0.7019900000000234,"failureMessages":[],"meta":{}},{"ancestorTitles":["Core Execution Engine (run.ts)","Smart, Local, and Global context functions"],"fullName":"Core Execution Engine (run.ts) Smart, Local, and Global context functions should use global context as fallback for smart functions","status":"passed","title":"should use global context as fallback for smart functions","duration":1.5814480000001367,"failureMessages":[],"meta":{}},{"ancestorTitles":["Core Execution Engine (run.ts)","Smart, Local, and Global context functions"],"fullName":"Core Execution Engine (run.ts) Smart, Local, and Global context functions should throw errors for local-only functions when no context","status":"passed","title":"should throw errors for local-only functions when no context","duration":0.6303949999999077,"failureMessages":[],"meta":{}},{"ancestorTitles":["Core Execution Engine (run.ts)","Smart, Local, and Global context functions"],"fullName":"Core Execution Engine (run.ts) Smart, Local, and Global context functions should work with global-only functions","status":"passed","title":"should work with global-only functions","duration":0.6072000000001481,"failureMessages":[],"meta":{}},{"ancestorTitles":["Core Execution Engine (run.ts)","provide function and context overrides"],"fullName":"Core Execution Engine (run.ts) provide function and context overrides should temporarily override context values","status":"failed","title":"should temporarily override context values","duration":15.848158000000012,"failureMessages":["Error: Context is not available\n    at Object.use (file:///home/patrick/Projects/effectively/node_modules/.pnpm/unctx@2.4.1/node_modules/unctx/dist/index.mjs:31:15)\n    at provide (/home/patrick/Projects/effectively/src/run.ts:2312:57)\n    at /home/patrick/Projects/effectively/test/core-run.test.ts:329:33\n    at processTicksAndRejections (node:internal/process/task_queues:95:5)\n    at file:///home/patrick/Projects/effectively/node_modules/.pnpm/@vitest+runner@2.1.8/node_modules/@vitest/runner/dist/index.js:533:5\n    at runTest (file:///home/patrick/Projects/effectively/node_modules/.pnpm/@vitest+runner@2.1.8/node_modules/@vitest/runner/dist/index.js:1056:11)\n    at runSuite (file:///home/patrick/Projects/effectively/node_modules/.pnpm/@vitest+runner@2.1.8/node_modules/@vitest/runner/dist/index.js:1205:15)\n    at runSuite (file:///home/patrick/Projects/effectively/node_modules/.pnpm/@vitest+runner@2.1.8/node_modules/@vitest/runner/dist/index.js:1205:15)\n    at runSuite (file:///home/patrick/Projects/effectively/node_modules/.pnpm/@vitest+runner@2.1.8/node_modules/@vitest/runner/dist/index.js:1205:15)\n    at runFiles (file:///home/patrick/Projects/effectively/node_modules/.pnpm/@vitest+runner@2.1.8/node_modules/@vitest/runner/dist/index.js:1262:5)"],"meta":{}},{"ancestorTitles":["Core Execution Engine (run.ts)","provide function and context overrides"],"fullName":"Core Execution Engine (run.ts) provide function and context overrides should nest provide calls correctly","status":"failed","title":"should nest provide calls correctly","duration":14.913043000000016,"failureMessages":["AssertionError: expected { userId: 'test-user', counter: +0 } to deeply equal { userId: 'level1', counter: 42 }\n    at /home/patrick/Projects/effectively/test/core-run.test.ts:356:22\n    at processTicksAndRejections (node:internal/process/task_queues:95:5)\n    at file:///home/patrick/Projects/effectively/node_modules/.pnpm/@vitest+runner@2.1.8/node_modules/@vitest/runner/dist/index.js:533:5\n    at runTest (file:///home/patrick/Projects/effectively/node_modules/.pnpm/@vitest+runner@2.1.8/node_modules/@vitest/runner/dist/index.js:1056:11)\n    at runSuite (file:///home/patrick/Projects/effectively/node_modules/.pnpm/@vitest+runner@2.1.8/node_modules/@vitest/runner/dist/index.js:1205:15)\n    at runSuite (file:///home/patrick/Projects/effectively/node_modules/.pnpm/@vitest+runner@2.1.8/node_modules/@vitest/runner/dist/index.js:1205:15)\n    at runSuite (file:///home/patrick/Projects/effectively/node_modules/.pnpm/@vitest+runner@2.1.8/node_modules/@vitest/runner/dist/index.js:1205:15)\n    at runFiles (file:///home/patrick/Projects/effectively/node_modules/.pnpm/@vitest+runner@2.1.8/node_modules/@vitest/runner/dist/index.js:1262:5)\n    at startTests (file:///home/patrick/Projects/effectively/node_modules/.pnpm/@vitest+runner@2.1.8/node_modules/@vitest/runner/dist/index.js:1271:3)\n    at file:///home/patrick/Projects/effectively/node_modules/.pnpm/vitest@2.1.8_@types+node@22.10.2_jsdom@26.1.0/node_modules/vitest/dist/chunks/runBaseTests.3qpJUEJM.js:126:11"],"meta":{}},{"ancestorTitles":["Core Execution Engine (run.ts)","provide function and context overrides"],"fullName":"Core Execution Engine (run.ts) provide function and context overrides should preserve scope in provide calls","status":"passed","title":"should preserve scope in provide calls","duration":2.151914999999917,"failureMessages":[],"meta":{}},{"ancestorTitles":["Core Execution Engine (run.ts)","Context validation and merging"],"fullName":"Core Execution Engine (run.ts) Context validation and merging should validate context with schema","status":"passed","title":"should validate context with schema","duration":1.681826000000001,"failureMessages":[],"meta":{}},{"ancestorTitles":["Core Execution Engine (run.ts)","Context validation and merging"],"fullName":"Core Execution Engine (run.ts) Context validation and merging should merge contexts correctly","status":"passed","title":"should merge contexts correctly","duration":1.2476020000001427,"failureMessages":[],"meta":{}},{"ancestorTitles":["Core Execution Engine (run.ts)","Context validation and merging"],"fullName":"Core Execution Engine (run.ts) Context validation and merging should require context properties","status":"passed","title":"should require context properties","duration":2.131010999999944,"failureMessages":[],"meta":{}},{"ancestorTitles":["Core Execution Engine (run.ts)","Dependency injection"],"fullName":"Core Execution Engine (run.ts) Dependency injection should create and use injection tokens","status":"failed","title":"should create and use injection tokens","duration":2.0811029999999846,"failureMessages":["Error: Context is not available\n    at Object.use (file:///home/patrick/Projects/effectively/node_modules/.pnpm/unctx@2.4.1/node_modules/unctx/dist/index.mjs:31:15)\n    at provide (/home/patrick/Projects/effectively/src/run.ts:2312:57)\n    at /home/patrick/Projects/effectively/test/core-run.test.ts:461:28\n    at file:///home/patrick/Projects/effectively/node_modules/.pnpm/@vitest+runner@2.1.8/node_modules/@vitest/runner/dist/index.js:146:14\n    at file:///home/patrick/Projects/effectively/node_modules/.pnpm/@vitest+runner@2.1.8/node_modules/@vitest/runner/dist/index.js:533:11\n    at runWithTimeout (file:///home/patrick/Projects/effectively/node_modules/.pnpm/@vitest+runner@2.1.8/node_modules/@vitest/runner/dist/index.js:39:7)\n    at runTest (file:///home/patrick/Projects/effectively/node_modules/.pnpm/@vitest+runner@2.1.8/node_modules/@vitest/runner/dist/index.js:1056:17)\n    at processTicksAndRejections (node:internal/process/task_queues:95:5)\n    at runSuite (file:///home/patrick/Projects/effectively/node_modules/.pnpm/@vitest+runner@2.1.8/node_modules/@vitest/runner/dist/index.js:1205:15)\n    at runSuite (file:///home/patrick/Projects/effectively/node_modules/.pnpm/@vitest+runner@2.1.8/node_modules/@vitest/runner/dist/index.js:1205:15)"],"meta":{}},{"ancestorTitles":["Core Execution Engine (run.ts)","Dependency injection"],"fullName":"Core Execution Engine (run.ts) Dependency injection should handle optional injection","status":"passed","title":"should handle optional injection","duration":1.1920110000000932,"failureMessages":[],"meta":{}},{"ancestorTitles":["Core Execution Engine (run.ts)","Dependency injection"],"fullName":"Core Execution Engine (run.ts) Dependency injection should throw when required injection not found","status":"passed","title":"should throw when required injection not found","duration":1.7568690000000515,"failureMessages":[],"meta":{}},{"ancestorTitles":["Core Execution Engine (run.ts)","Cancellation and abort signals"],"fullName":"Core Execution Engine (run.ts) Cancellation and abort signals should propagate abort signals to context scope","status":"passed","title":"should propagate abort signals to context scope","duration":1.444298000000117,"failureMessages":[],"meta":{}},{"ancestorTitles":["Core Execution Engine (run.ts)","Cancellation and abort signals"],"fullName":"Core Execution Engine (run.ts) Cancellation and abort signals should handle abort during execution","status":"passed","title":"should handle abort during execution","duration":15.04732799999988,"failureMessages":[],"meta":{}},{"ancestorTitles":["Core Execution Engine (run.ts)","Logging"],"fullName":"Core Execution Engine (run.ts) Logging should use provided logger","status":"passed","title":"should use provided logger","duration":4.001988999999867,"failureMessages":[],"meta":{}},{"ancestorTitles":["Core Execution Engine (run.ts)","Logging"],"fullName":"Core Execution Engine (run.ts) Logging should handle errors with logger","status":"passed","title":"should handle errors with logger","duration":3.039310999999998,"failureMessages":[],"meta":{}},{"ancestorTitles":["Core Execution Engine (run.ts)","Edge cases and error scenarios"],"fullName":"Core Execution Engine (run.ts) Edge cases and error scenarios should handle null/undefined inputs gracefully","status":"passed","title":"should handle null/undefined inputs gracefully","duration":0.8667290000000776,"failureMessages":[],"meta":{}},{"ancestorTitles":["Core Execution Engine (run.ts)","Edge cases and error scenarios"],"fullName":"Core Execution Engine (run.ts) Edge cases and error scenarios should handle deeply nested task execution","status":"passed","title":"should handle deeply nested task execution","duration":1.1547829999999522,"failureMessages":[],"meta":{}},{"ancestorTitles":["Core Execution Engine (run.ts)","Edge cases and error scenarios"],"fullName":"Core Execution Engine (run.ts) Edge cases and error scenarios should preserve context through complex async operations","status":"passed","title":"should preserve context through complex async operations","duration":11.922406000000137,"failureMessages":[],"meta":{}}],"startTime":1749912346206,"endTime":1749912346401.9224,"status":"failed","message":"","name":"/home/patrick/Projects/effectively/test/core-run.test.ts"},{"assertionResults":[{"ancestorTitles":["Data Processing (data-processing.ts)","mapReduce"],"fullName":"Data Processing (data-processing.ts) mapReduce should perform parallel map and sequential reduce","status":"passed","title":"should perform parallel map and sequential reduce","duration":38.170815000000175,"failureMessages":[],"meta":{}},{"ancestorTitles":["Data Processing (data-processing.ts)","mapReduce"],"fullName":"Data Processing (data-processing.ts) mapReduce should handle empty arrays","status":"passed","title":"should handle empty arrays","duration":2.057038999999804,"failureMessages":[],"meta":{}},{"ancestorTitles":["Data Processing (data-processing.ts)","mapReduce"],"fullName":"Data Processing (data-processing.ts) mapReduce should handle single element arrays","status":"passed","title":"should handle single element arrays","duration":2.244459000000006,"failureMessages":[],"meta":{}},{"ancestorTitles":["Data Processing (data-processing.ts)","mapReduce"],"fullName":"Data Processing (data-processing.ts) mapReduce should work with complex data types","status":"passed","title":"should work with complex data types","duration":4.577667999999903,"failureMessages":[],"meta":{}},{"ancestorTitles":["Data Processing (data-processing.ts)","mapReduce"],"fullName":"Data Processing (data-processing.ts) mapReduce should work with string concatenation","status":"passed","title":"should work with string concatenation","duration":9.508514999999989,"failureMessages":[],"meta":{}},{"ancestorTitles":["Data Processing (data-processing.ts)","mapReduce"],"fullName":"Data Processing (data-processing.ts) mapReduce should handle concurrency limits","status":"passed","title":"should handle concurrency limits","duration":41.1648110000001,"failureMessages":[],"meta":{}},{"ancestorTitles":["Data Processing (data-processing.ts)","mapReduce"],"fullName":"Data Processing (data-processing.ts) mapReduce should handle task failures gracefully","status":"passed","title":"should handle task failures gracefully","duration":14.317712000000029,"failureMessages":[],"meta":{}},{"ancestorTitles":["Data Processing (data-processing.ts)","filter"],"fullName":"Data Processing (data-processing.ts) filter should filter array based on async predicate","status":"passed","title":"should filter array based on async predicate","duration":24.339553000000024,"failureMessages":[],"meta":{}},{"ancestorTitles":["Data Processing (data-processing.ts)","filter"],"fullName":"Data Processing (data-processing.ts) filter should handle empty arrays","status":"passed","title":"should handle empty arrays","duration":1.2445920000000115,"failureMessages":[],"meta":{}},{"ancestorTitles":["Data Processing (data-processing.ts)","filter"],"fullName":"Data Processing (data-processing.ts) filter should handle arrays where no items pass filter","status":"passed","title":"should handle arrays where no items pass filter","duration":6.138351999999941,"failureMessages":[],"meta":{}},{"ancestorTitles":["Data Processing (data-processing.ts)","filter"],"fullName":"Data Processing (data-processing.ts) filter should handle arrays where all items pass filter","status":"passed","title":"should handle arrays where all items pass filter","duration":4.37754300000006,"failureMessages":[],"meta":{}},{"ancestorTitles":["Data Processing (data-processing.ts)","filter"],"fullName":"Data Processing (data-processing.ts) filter should work with complex data types","status":"passed","title":"should work with complex data types","duration":11.464546000000155,"failureMessages":[],"meta":{}},{"ancestorTitles":["Data Processing (data-processing.ts)","filter"],"fullName":"Data Processing (data-processing.ts) filter should respect concurrency limits","status":"passed","title":"should respect concurrency limits","duration":65.60535200000004,"failureMessages":[],"meta":{}},{"ancestorTitles":["Data Processing (data-processing.ts)","filter"],"fullName":"Data Processing (data-processing.ts) filter should handle predicate task failures","status":"passed","title":"should handle predicate task failures","duration":35.14495899999997,"failureMessages":[],"meta":{}},{"ancestorTitles":["Data Processing (data-processing.ts)","filter"],"fullName":"Data Processing (data-processing.ts) filter should maintain original order of elements","status":"passed","title":"should maintain original order of elements","duration":11.43348200000014,"failureMessages":[],"meta":{}},{"ancestorTitles":["Data Processing (data-processing.ts)","groupBy"],"fullName":"Data Processing (data-processing.ts) groupBy should group items by key generated from async task","status":"passed","title":"should group items by key generated from async task","duration":10.473790000000008,"failureMessages":[],"meta":{}},{"ancestorTitles":["Data Processing (data-processing.ts)","groupBy"],"fullName":"Data Processing (data-processing.ts) groupBy should handle empty arrays","status":"passed","title":"should handle empty arrays","duration":1.357870000000048,"failureMessages":[],"meta":{}},{"ancestorTitles":["Data Processing (data-processing.ts)","groupBy"],"fullName":"Data Processing (data-processing.ts) groupBy should handle arrays with single group","status":"passed","title":"should handle arrays with single group","duration":3.245149999999967,"failureMessages":[],"meta":{}},{"ancestorTitles":["Data Processing (data-processing.ts)","groupBy"],"fullName":"Data Processing (data-processing.ts) groupBy should work with complex data types","status":"passed","title":"should work with complex data types","duration":7.868877999999995,"failureMessages":[],"meta":{}},{"ancestorTitles":["Data Processing (data-processing.ts)","groupBy"],"fullName":"Data Processing (data-processing.ts) groupBy should handle numeric keys","status":"passed","title":"should handle numeric keys","duration":4.400877000000037,"failureMessages":[],"meta":{}},{"ancestorTitles":["Data Processing (data-processing.ts)","groupBy"],"fullName":"Data Processing (data-processing.ts) groupBy should respect concurrency limits","status":"passed","title":"should respect concurrency limits","duration":39.512022000000115,"failureMessages":[],"meta":{}},{"ancestorTitles":["Data Processing (data-processing.ts)","groupBy"],"fullName":"Data Processing (data-processing.ts) groupBy should handle keying task failures","status":"passed","title":"should handle keying task failures","duration":10.090198999999984,"failureMessages":[],"meta":{}},{"ancestorTitles":["Data Processing (data-processing.ts)","groupBy"],"fullName":"Data Processing (data-processing.ts) groupBy should maintain insertion order within groups","status":"passed","title":"should maintain insertion order within groups","duration":8.021090999999842,"failureMessages":[],"meta":{}},{"ancestorTitles":["Data Processing (data-processing.ts)","groupBy"],"fullName":"Data Processing (data-processing.ts) groupBy should handle duplicate keys correctly","status":"passed","title":"should handle duplicate keys correctly","duration":3.8443919999999707,"failureMessages":[],"meta":{}},{"ancestorTitles":["Data Processing (data-processing.ts)","Integration tests"],"fullName":"Data Processing (data-processing.ts) Integration tests should combine mapReduce with filter for complex processing","status":"passed","title":"should combine mapReduce with filter for complex processing","duration":6.2820939999999155,"failureMessages":[],"meta":{}},{"ancestorTitles":["Data Processing (data-processing.ts)","Integration tests"],"fullName":"Data Processing (data-processing.ts) Integration tests should use groupBy with mapReduce for aggregation","status":"passed","title":"should use groupBy with mapReduce for aggregation","duration":27.91480200000001,"failureMessages":[],"meta":{}}],"startTime":1749912345851,"endTime":1749912346255.9148,"status":"passed","message":"","name":"/home/patrick/Projects/effectively/test/data-processing.test.ts"},{"assertionResults":[{"ancestorTitles":["Debug Provide"],"fullName":"Debug Provide should work with context-specific provide","status":"passed","title":"should work with context-specific provide","duration":10.726471000000004,"failureMessages":[],"meta":{}},{"ancestorTitles":["Debug Provide"],"fullName":"Debug Provide should work with global provide","status":"passed","title":"should work with global provide","duration":3.351624999999956,"failureMessages":[],"meta":{}}],"startTime":1749912346369,"endTime":1749912346383.3516,"status":"passed","message":"","name":"/home/patrick/Projects/effectively/test/debug-provide.test.ts"},{"assertionResults":[{"ancestorTitles":["Do Notation","doTask"],"fullName":"Do Notation doTask should execute simple do block with tasks","status":"passed","title":"should execute simple do block with tasks","duration":5.918369999999982,"failureMessages":[],"meta":{}},{"ancestorTitles":["Do Notation","doTask"],"fullName":"Do Notation doTask should handle input values","status":"passed","title":"should handle input values","duration":0.9433859999999186,"failureMessages":[],"meta":{}},{"ancestorTitles":["Do Notation","doTask"],"fullName":"Do Notation doTask should handle plain values with pure","status":"passed","title":"should handle plain values with pure","duration":0.8432409999999209,"failureMessages":[],"meta":{}},{"ancestorTitles":["Do Notation","doTask"],"fullName":"Do Notation doTask should handle Promise values","status":"passed","title":"should handle Promise values","duration":4.8646139999999605,"failureMessages":[],"meta":{}},{"ancestorTitles":["Do Notation","doTask"],"fullName":"Do Notation doTask should handle Result types - success case","status":"passed","title":"should handle Result types - success case","duration":2.5439709999999423,"failureMessages":[],"meta":{}},{"ancestorTitles":["Do Notation","doTask"],"fullName":"Do Notation doTask should handle Result types - error case","status":"passed","title":"should handle Result types - error case","duration":9.431855000000041,"failureMessages":[],"meta":{}},{"ancestorTitles":["Do Notation","doTask"],"fullName":"Do Notation doTask should propagate errors from tasks","status":"passed","title":"should propagate errors from tasks","duration":1.793600999999967,"failureMessages":[],"meta":{}},{"ancestorTitles":["Do Notation","doTask"],"fullName":"Do Notation doTask should handle try/catch in generators","status":"passed","title":"should handle try/catch in generators","duration":2.6987289999999575,"failureMessages":[],"meta":{}},{"ancestorTitles":["Do Notation","context-specific doTask"],"fullName":"Do Notation context-specific doTask should work with typed context","status":"passed","title":"should work with typed context","duration":1.1781820000001062,"failureMessages":[],"meta":{}},{"ancestorTitles":["Do Notation","context-specific doTask"],"fullName":"Do Notation context-specific doTask should work with doBlock for no-input workflows","status":"passed","title":"should work with doBlock for no-input workflows","duration":3.9061380000000554,"failureMessages":[],"meta":{}},{"ancestorTitles":["Do Notation","conditional functions"],"fullName":"Do Notation conditional functions should execute doWhen with true condition","status":"passed","title":"should execute doWhen with true condition","duration":1.9667449999999462,"failureMessages":[],"meta":{}},{"ancestorTitles":["Do Notation","conditional functions"],"fullName":"Do Notation conditional functions should execute doWhen with false condition","status":"passed","title":"should execute doWhen with false condition","duration":1.6581679999999324,"failureMessages":[],"meta":{}},{"ancestorTitles":["Do Notation","conditional functions"],"fullName":"Do Notation conditional functions should execute doUnless with false condition","status":"passed","title":"should execute doUnless with false condition","duration":1.0693780000000288,"failureMessages":[],"meta":{}},{"ancestorTitles":["Do Notation","conditional functions"],"fullName":"Do Notation conditional functions should skip doUnless with true condition","status":"passed","title":"should skip doUnless with true condition","duration":1.0725869999999986,"failureMessages":[],"meta":{}},{"ancestorTitles":["Do Notation","sequence function"],"fullName":"Do Notation sequence function should execute tasks in sequence and collect results","status":"passed","title":"should execute tasks in sequence and collect results","duration":1.7136030000000346,"failureMessages":[],"meta":{}},{"ancestorTitles":["Do Notation","sequence function"],"fullName":"Do Notation sequence function should handle empty sequence","status":"passed","title":"should handle empty sequence","duration":1.310102000000029,"failureMessages":[],"meta":{}},{"ancestorTitles":["Do Notation","forEach function"],"fullName":"Do Notation forEach function should iterate over items and execute generator for each","status":"passed","title":"should iterate over items and execute generator for each","duration":1.7737580000000435,"failureMessages":[],"meta":{}},{"ancestorTitles":["Do Notation","forEach function"],"fullName":"Do Notation forEach function should handle empty array","status":"passed","title":"should handle empty array","duration":1.2811199999999872,"failureMessages":[],"meta":{}},{"ancestorTitles":["Do Notation","integration tests"],"fullName":"Do Notation integration tests should handle complex workflow with multiple patterns","status":"passed","title":"should handle complex workflow with multiple patterns","duration":1.7411060000000589,"failureMessages":[],"meta":{}}],"startTime":1749912345724,"endTime":1749912345777.7412,"status":"passed","message":"","name":"/home/patrick/Projects/effectively/test/do-notation.test.ts"},{"assertionResults":[{"ancestorTitles":["Error Handling (errors.ts)","createErrorType"],"fullName":"Error Handling (errors.ts) createErrorType should create a basic custom error type","status":"passed","title":"should create a basic custom error type","duration":2.2097840000000133,"failureMessages":[],"meta":{}},{"ancestorTitles":["Error Handling (errors.ts)","createErrorType"],"fullName":"Error Handling (errors.ts) createErrorType should create hierarchical error types","status":"passed","title":"should create hierarchical error types","duration":0.786555999999905,"failureMessages":[],"meta":{}},{"ancestorTitles":["Error Handling (errors.ts)","createErrorType"],"fullName":"Error Handling (errors.ts) createErrorType should create multi-level inheritance hierarchies","status":"passed","title":"should create multi-level inheritance hierarchies","duration":1.3963400000000092,"failureMessages":[],"meta":{}},{"ancestorTitles":["Error Handling (errors.ts)","createErrorType"],"fullName":"Error Handling (errors.ts) createErrorType should handle custom constructor parameters","status":"passed","title":"should handle custom constructor parameters","duration":1.8831109999999853,"failureMessages":[],"meta":{}},{"ancestorTitles":["Error Handling (errors.ts)","createErrorType"],"fullName":"Error Handling (errors.ts) createErrorType should maintain proper stack traces","status":"passed","title":"should maintain proper stack traces","duration":15.877242000000024,"failureMessages":[],"meta":{}},{"ancestorTitles":["Error Handling (errors.ts)","createErrorType"],"fullName":"Error Handling (errors.ts) createErrorType should set constructor name properly","status":"passed","title":"should set constructor name properly","duration":0.8605589999999665,"failureMessages":[],"meta":{}},{"ancestorTitles":["Error Handling (errors.ts)","createErrorType"],"fullName":"Error Handling (errors.ts) createErrorType should handle errors with no message","status":"passed","title":"should handle errors with no message","duration":3.9507529999999633,"failureMessages":[],"meta":{}},{"ancestorTitles":["Error Handling (errors.ts)","createErrorHandler"],"fullName":"Error Handling (errors.ts) createErrorHandler should create a typed error handler tuple","status":"passed","title":"should create a typed error handler tuple","duration":3.6793720000000576,"failureMessages":[],"meta":{}},{"ancestorTitles":["Error Handling (errors.ts)","createErrorHandler"],"fullName":"Error Handling (errors.ts) createErrorHandler should provide correct error typing in handler","status":"passed","title":"should provide correct error typing in handler","duration":2.152870000000007,"failureMessages":[],"meta":{}},{"ancestorTitles":["Error Handling (errors.ts)","createErrorHandler"],"fullName":"Error Handling (errors.ts) createErrorHandler should work with async handlers","status":"passed","title":"should work with async handlers","duration":12.419960999999944,"failureMessages":[],"meta":{}},{"ancestorTitles":["Error Handling (errors.ts)","withErrorBoundary"],"fullName":"Error Handling (errors.ts) withErrorBoundary should catch and handle specific errors","status":"passed","title":"should catch and handle specific errors","duration":7.32028600000001,"failureMessages":[],"meta":{}},{"ancestorTitles":["Error Handling (errors.ts)","withErrorBoundary"],"fullName":"Error Handling (errors.ts) withErrorBoundary should handle hierarchical errors correctly","status":"passed","title":"should handle hierarchical errors correctly","duration":2.9776450000000523,"failureMessages":[],"meta":{}},{"ancestorTitles":["Error Handling (errors.ts)","withErrorBoundary"],"fullName":"Error Handling (errors.ts) withErrorBoundary should match handlers in order","status":"passed","title":"should match handlers in order","duration":4.476563999999939,"failureMessages":[],"meta":{}},{"ancestorTitles":["Error Handling (errors.ts)","withErrorBoundary"],"fullName":"Error Handling (errors.ts) withErrorBoundary should not catch BacktrackSignal errors","status":"passed","title":"should not catch BacktrackSignal errors","duration":1.6746650000000045,"failureMessages":[],"meta":{}},{"ancestorTitles":["Error Handling (errors.ts)","withErrorBoundary"],"fullName":"Error Handling (errors.ts) withErrorBoundary should rethrow unhandled errors","status":"passed","title":"should rethrow unhandled errors","duration":4.15810399999998,"failureMessages":[],"meta":{}},{"ancestorTitles":["Error Handling (errors.ts)","withErrorBoundary"],"fullName":"Error Handling (errors.ts) withErrorBoundary should pass context to error handlers","status":"passed","title":"should pass context to error handlers","duration":3.5622640000000274,"failureMessages":[],"meta":{}},{"ancestorTitles":["Error Handling (errors.ts)","withErrorBoundary"],"fullName":"Error Handling (errors.ts) withErrorBoundary should handle async error handlers","status":"passed","title":"should handle async error handlers","duration":17.646371000000045,"failureMessages":[],"meta":{}},{"ancestorTitles":["Error Handling (errors.ts)","withErrorBoundary"],"fullName":"Error Handling (errors.ts) withErrorBoundary should work with successful tasks","status":"passed","title":"should work with successful tasks","duration":0.6779900000000225,"failureMessages":[],"meta":{}},{"ancestorTitles":["Error Handling (errors.ts)","withErrorBoundary"],"fullName":"Error Handling (errors.ts) withErrorBoundary should handle non-Error thrown values","status":"passed","title":"should handle non-Error thrown values","duration":1.135624000000007,"failureMessages":[],"meta":{}},{"ancestorTitles":["Error Handling (errors.ts)","withErrorBoundary"],"fullName":"Error Handling (errors.ts) withErrorBoundary should handle multiple error types in complex workflows","status":"passed","title":"should handle multiple error types in complex workflows","duration":3.4452949999999873,"failureMessages":[],"meta":{}},{"ancestorTitles":["Error Handling (errors.ts)","tryCatch"],"fullName":"Error Handling (errors.ts) tryCatch should convert successful sync functions to Ok results","status":"passed","title":"should convert successful sync functions to Ok results","duration":3.2866280000000643,"failureMessages":[],"meta":{}},{"ancestorTitles":["Error Handling (errors.ts)","tryCatch"],"fullName":"Error Handling (errors.ts) tryCatch should convert successful async functions to Ok results","status":"passed","title":"should convert successful async functions to Ok results","duration":12.16138500000011,"failureMessages":[],"meta":{}},{"ancestorTitles":["Error Handling (errors.ts)","tryCatch"],"fullName":"Error Handling (errors.ts) tryCatch should convert thrown errors to Err results","status":"passed","title":"should convert thrown errors to Err results","duration":1.386981999999989,"failureMessages":[],"meta":{}},{"ancestorTitles":["Error Handling (errors.ts)","tryCatch"],"fullName":"Error Handling (errors.ts) tryCatch should convert async thrown errors to Err results","status":"passed","title":"should convert async thrown errors to Err results","duration":13.039629999999988,"failureMessages":[],"meta":{}},{"ancestorTitles":["Error Handling (errors.ts)","tryCatch"],"fullName":"Error Handling (errors.ts) tryCatch should handle non-Error thrown values","status":"passed","title":"should handle non-Error thrown values","duration":1.001074000000017,"failureMessages":[],"meta":{}},{"ancestorTitles":["Error Handling (errors.ts)","tryCatch"],"fullName":"Error Handling (errors.ts) tryCatch should preserve function arguments","status":"passed","title":"should preserve function arguments","duration":0.9593830000001162,"failureMessages":[],"meta":{}},{"ancestorTitles":["Error Handling (errors.ts)","tryCatch"],"fullName":"Error Handling (errors.ts) tryCatch should work with functions that return undefined","status":"passed","title":"should work with functions that return undefined","duration":0.7554199999999582,"failureMessages":[],"meta":{}},{"ancestorTitles":["Error Handling (errors.ts)","tryCatch"],"fullName":"Error Handling (errors.ts) tryCatch should work with functions that return null","status":"passed","title":"should work with functions that return null","duration":0.7945229999997991,"failureMessages":[],"meta":{}},{"ancestorTitles":["Error Handling (errors.ts)","tryCatch"],"fullName":"Error Handling (errors.ts) tryCatch should handle custom error types","status":"passed","title":"should handle custom error types","duration":1.7204499999998006,"failureMessages":[],"meta":{}},{"ancestorTitles":["Error Handling (errors.ts)","tryCatch"],"fullName":"Error Handling (errors.ts) tryCatch should work with API-like functions","status":"passed","title":"should work with API-like functions","duration":1.994032000000061,"failureMessages":[],"meta":{}},{"ancestorTitles":["Error Handling (errors.ts)","Integration with task workflows"],"fullName":"Error Handling (errors.ts) Integration with task workflows should integrate error boundaries with complex workflows","status":"passed","title":"should integrate error boundaries with complex workflows","duration":5.6706329999999525,"failureMessages":[],"meta":{}},{"ancestorTitles":["Error Handling (errors.ts)","Integration with task workflows"],"fullName":"Error Handling (errors.ts) Integration with task workflows should combine tryCatch with task workflows","status":"passed","title":"should combine tryCatch with task workflows","duration":2.920673000000079,"failureMessages":[],"meta":{}}],"startTime":1749912345729,"endTime":1749912345873.9207,"status":"passed","message":"","name":"/home/patrick/Projects/effectively/test/error-handling.test.ts"},{"assertionResults":[{"ancestorTitles":["Global Provide Function Fix"],"fullName":"Global Provide Function Fix should properly enhance context when provide is called within existing context","status":"passed","title":"should properly enhance context when provide is called within existing context","duration":9.663854999999955,"failureMessages":[],"meta":{}},{"ancestorTitles":["Global Provide Function Fix"],"fullName":"Global Provide Function Fix should work with nested provide calls","status":"passed","title":"should work with nested provide calls","duration":1.587175000000002,"failureMessages":[],"meta":{}}],"startTime":1749912346356,"endTime":1749912346367.5872,"status":"passed","message":"","name":"/home/patrick/Projects/effectively/test/global-provide-fix.test.ts"},{"assertionResults":[{"ancestorTitles":["Resource Management (bracket.ts)","withResource (bracket)"],"fullName":"Resource Management (bracket.ts) withResource (bracket) should acquire, use, and release resources correctly","status":"passed","title":"should acquire, use, and release resources correctly","duration":10.856893000000014,"failureMessages":[],"meta":{}},{"ancestorTitles":["Resource Management (bracket.ts)","withResource (bracket)"],"fullName":"Resource Management (bracket.ts) withResource (bracket) should release resources even when use task throws","status":"passed","title":"should release resources even when use task throws","duration":10.435635000000048,"failureMessages":[],"meta":{}},{"ancestorTitles":["Resource Management (bracket.ts)","withResource (bracket)"],"fullName":"Resource Management (bracket.ts) withResource (bracket) should handle errors in acquire phase","status":"passed","title":"should handle errors in acquire phase","duration":1.6088249999999107,"failureMessages":[],"meta":{}},{"ancestorTitles":["Resource Management (bracket.ts)","withResource (bracket)"],"fullName":"Resource Management (bracket.ts) withResource (bracket) should handle errors in release phase","status":"passed","title":"should handle errors in release phase","duration":0.9570410000000038,"failureMessages":[],"meta":{}},{"ancestorTitles":["Resource Management (bracket.ts)","withResource (bracket)"],"fullName":"Resource Management (bracket.ts) withResource (bracket) should handle errors in both use and release phases","status":"failed","title":"should handle errors in both use and release phases","duration":18.489231000000018,"failureMessages":["AssertionError: expected error to be instance of AggregateError\n    at file:///home/patrick/Projects/effectively/node_modules/.pnpm/@vitest+expect@2.1.8/node_modules/@vitest/expect/dist/index.js:1849:31\n    at processTicksAndRejections (node:internal/process/task_queues:95:5)\n    at /home/patrick/Projects/effectively/test/resource-management.test.ts:146:7\n    at file:///home/patrick/Projects/effectively/node_modules/.pnpm/@vitest+runner@2.1.8/node_modules/@vitest/runner/dist/index.js:533:5\n    at runTest (file:///home/patrick/Projects/effectively/node_modules/.pnpm/@vitest+runner@2.1.8/node_modules/@vitest/runner/dist/index.js:1056:11)\n    at runSuite (file:///home/patrick/Projects/effectively/node_modules/.pnpm/@vitest+runner@2.1.8/node_modules/@vitest/runner/dist/index.js:1205:15)\n    at runSuite (file:///home/patrick/Projects/effectively/node_modules/.pnpm/@vitest+runner@2.1.8/node_modules/@vitest/runner/dist/index.js:1205:15)\n    at runSuite (file:///home/patrick/Projects/effectively/node_modules/.pnpm/@vitest+runner@2.1.8/node_modules/@vitest/runner/dist/index.js:1205:15)\n    at runFiles (file:///home/patrick/Projects/effectively/node_modules/.pnpm/@vitest+runner@2.1.8/node_modules/@vitest/runner/dist/index.js:1262:5)\n    at startTests (file:///home/patrick/Projects/effectively/node_modules/.pnpm/@vitest+runner@2.1.8/node_modules/@vitest/runner/dist/index.js:1271:3)"],"meta":{}},{"ancestorTitles":["Resource Management (bracket.ts)","withResource (bracket)"],"fullName":"Resource Management (bracket.ts) withResource (bracket) should work with complex resource merging","status":"passed","title":"should work with complex resource merging","duration":1.7769649999999046,"failureMessages":[],"meta":{}},{"ancestorTitles":["Resource Management (bracket.ts)","Disposable and helper functions"],"fullName":"Resource Management (bracket.ts) Disposable and helper functions isDisposable and isAsyncDisposable should work correctly","status":"passed","title":"isDisposable and isAsyncDisposable should work correctly","duration":1.1405089999999518,"failureMessages":[],"meta":{}},{"ancestorTitles":["Resource Management (bracket.ts)","Disposable and helper functions"],"fullName":"Resource Management (bracket.ts) Disposable and helper functions asAsyncDisposable should adapt an object with a cleanup method","status":"passed","title":"asAsyncDisposable should adapt an object with a cleanup method","duration":0.9735590000000229,"failureMessages":[],"meta":{}},{"ancestorTitles":["Resource Management (bracket.ts)","Disposable and helper functions"],"fullName":"Resource Management (bracket.ts) Disposable and helper functions createResource should create a valid resource definition","status":"passed","title":"createResource should create a valid resource definition","duration":1.0288049999999203,"failureMessages":[],"meta":{}},{"ancestorTitles":["Resource Management (bracket.ts)","withDisposableResource"],"fullName":"Resource Management (bracket.ts) withDisposableResource should work with synchronous disposable resources","status":"passed","title":"should work with synchronous disposable resources","duration":1.1697070000000167,"failureMessages":[],"meta":{}},{"ancestorTitles":["Resource Management (bracket.ts)","withDisposableResource"],"fullName":"Resource Management (bracket.ts) withDisposableResource should work with asynchronous disposable resources","status":"passed","title":"should work with asynchronous disposable resources","duration":4.901088999999956,"failureMessages":[],"meta":{}},{"ancestorTitles":["Resource Management (bracket.ts)","withDisposableResource"],"fullName":"Resource Management (bracket.ts) withDisposableResource should dispose resources even when use task fails","status":"passed","title":"should dispose resources even when use task fails","duration":2.5244559999999865,"failureMessages":[],"meta":{}},{"ancestorTitles":["Resource Management (bracket.ts)","withResources (bracketMany)"],"fullName":"Resource Management (bracket.ts) withResources (bracketMany) should manage multiple resources correctly","status":"passed","title":"should manage multiple resources correctly","duration":2.775867000000062,"failureMessages":[],"meta":{}},{"ancestorTitles":["Resource Management (bracket.ts)","withResources (bracketMany)"],"fullName":"Resource Management (bracket.ts) withResources (bracketMany) should release acquired resources if a later acquisition fails","status":"passed","title":"should release acquired resources if a later acquisition fails","duration":7.079991000000064,"failureMessages":[],"meta":{}},{"ancestorTitles":["Resource Management (bracket.ts)","DatabaseConnection example class"],"fullName":"Resource Management (bracket.ts) DatabaseConnection example class should be constructable and disposable","status":"passed","title":"should be constructable and disposable","duration":5.332698999999934,"failureMessages":[],"meta":{}}],"startTime":1749912345733,"endTime":1749912345807.3328,"status":"failed","message":"","name":"/home/patrick/Projects/effectively/test/resource-management.test.ts"},{"assertionResults":[{"ancestorTitles":["Simple Bracket Test"],"fullName":"Simple Bracket Test should work with manual bracket pattern","status":"passed","title":"should work with manual bracket pattern","duration":6.9879040000000145,"failureMessages":[],"meta":{}}],"startTime":1749912346369,"endTime":1749912346375.9878,"status":"passed","message":"","name":"/home/patrick/Projects/effectively/test/simple-bracket.test.ts"},{"assertionResults":[{"ancestorTitles":["Structured Concurrency (structured-concurrency.ts)","forkJoin"],"fullName":"Structured Concurrency (structured-concurrency.ts) forkJoin should execute tasks in parallel and return keyed results","status":"passed","title":"should execute tasks in parallel and return keyed results","duration":14.229671000000053,"failureMessages":[],"meta":{}},{"ancestorTitles":["Structured Concurrency (structured-concurrency.ts)","forkJoin"],"fullName":"Structured Concurrency (structured-concurrency.ts) forkJoin should handle empty task object","status":"passed","title":"should handle empty task object","duration":1.379656999999952,"failureMessages":[],"meta":{}},{"ancestorTitles":["Structured Concurrency (structured-concurrency.ts)","forkJoin"],"fullName":"Structured Concurrency (structured-concurrency.ts) forkJoin should handle single task","status":"passed","title":"should handle single task","duration":2.8134469999999965,"failureMessages":[],"meta":{}},{"ancestorTitles":["Structured Concurrency (structured-concurrency.ts)","forkJoin"],"fullName":"Structured Concurrency (structured-concurrency.ts) forkJoin should pass the same input to all tasks","status":"passed","title":"should pass the same input to all tasks","duration":1.8682349999999133,"failureMessages":[],"meta":{}},{"ancestorTitles":["Structured Concurrency (structured-concurrency.ts)","forkJoin"],"fullName":"Structured Concurrency (structured-concurrency.ts) forkJoin should handle task failures correctly","status":"passed","title":"should handle task failures correctly","duration":3.7634360000000697,"failureMessages":[],"meta":{}},{"ancestorTitles":["Structured Concurrency (structured-concurrency.ts)","forkJoin"],"fullName":"Structured Concurrency (structured-concurrency.ts) forkJoin should maintain type safety","status":"passed","title":"should maintain type safety","duration":1.2325240000000122,"failureMessages":[],"meta":{}},{"ancestorTitles":["Structured Concurrency (structured-concurrency.ts)","forkJoin"],"fullName":"Structured Concurrency (structured-concurrency.ts) forkJoin should respect context overrides","status":"passed","title":"should respect context overrides","duration":1.0774659999999585,"failureMessages":[],"meta":{}},{"ancestorTitles":["Structured Concurrency (structured-concurrency.ts)","ift (if-then-else)"],"fullName":"Structured Concurrency (structured-concurrency.ts) ift (if-then-else) should execute onTrue task when predicate is true","status":"passed","title":"should execute onTrue task when predicate is true","duration":4.5930800000001,"failureMessages":[],"meta":{}},{"ancestorTitles":["Structured Concurrency (structured-concurrency.ts)","ift (if-then-else)"],"fullName":"Structured Concurrency (structured-concurrency.ts) ift (if-then-else) should execute onFalse task when predicate is false","status":"passed","title":"should execute onFalse task when predicate is false","duration":1.991847000000007,"failureMessages":[],"meta":{}},{"ancestorTitles":["Structured Concurrency (structured-concurrency.ts)","ift (if-then-else)"],"fullName":"Structured Concurrency (structured-concurrency.ts) ift (if-then-else) should work with async predicates","status":"passed","title":"should work with async predicates","duration":2.3612340000000813,"failureMessages":[],"meta":{}},{"ancestorTitles":["Structured Concurrency (structured-concurrency.ts)","ift (if-then-else)"],"fullName":"Structured Concurrency (structured-concurrency.ts) ift (if-then-else) should pass context to predicate","status":"passed","title":"should pass context to predicate","duration":2.812272000000007,"failureMessages":[],"meta":{}},{"ancestorTitles":["Structured Concurrency (structured-concurrency.ts)","ift (if-then-else)"],"fullName":"Structured Concurrency (structured-concurrency.ts) ift (if-then-else) should handle errors in predicate","status":"passed","title":"should handle errors in predicate","duration":3.686657999999966,"failureMessages":[],"meta":{}},{"ancestorTitles":["Structured Concurrency (structured-concurrency.ts)","ift (if-then-else)"],"fullName":"Structured Concurrency (structured-concurrency.ts) ift (if-then-else) should handle errors in branch tasks","status":"passed","title":"should handle errors in branch tasks","duration":3.488899999999944,"failureMessages":[],"meta":{}},{"ancestorTitles":["Structured Concurrency (structured-concurrency.ts)","ift (if-then-else)"],"fullName":"Structured Concurrency (structured-concurrency.ts) ift (if-then-else) should support different return types from branches","status":"passed","title":"should support different return types from branches","duration":3.0579219999999623,"failureMessages":[],"meta":{}},{"ancestorTitles":["Structured Concurrency (structured-concurrency.ts)","ift (if-then-else)"],"fullName":"Structured Concurrency (structured-concurrency.ts) ift (if-then-else) should work with complex conditional logic","status":"passed","title":"should work with complex conditional logic","duration":2.5292990000000373,"failureMessages":[],"meta":{}},{"ancestorTitles":["Structured Concurrency (structured-concurrency.ts)","allTuple"],"fullName":"Structured Concurrency (structured-concurrency.ts) allTuple should execute tasks in parallel and return typed tuple","status":"passed","title":"should execute tasks in parallel and return typed tuple","duration":1.2610500000000684,"failureMessages":[],"meta":{}},{"ancestorTitles":["Structured Concurrency (structured-concurrency.ts)","allTuple"],"fullName":"Structured Concurrency (structured-concurrency.ts) allTuple should handle empty array","status":"passed","title":"should handle empty array","duration":0.9555289999999559,"failureMessages":[],"meta":{}},{"ancestorTitles":["Structured Concurrency (structured-concurrency.ts)","allTuple"],"fullName":"Structured Concurrency (structured-concurrency.ts) allTuple should handle single task","status":"passed","title":"should handle single task","duration":0.7819630000000188,"failureMessages":[],"meta":{}},{"ancestorTitles":["Structured Concurrency (structured-concurrency.ts)","allTuple"],"fullName":"Structured Concurrency (structured-concurrency.ts) allTuple should execute tasks in parallel","status":"passed","title":"should execute tasks in parallel","duration":1.0204579999999623,"failureMessages":[],"meta":{}},{"ancestorTitles":["Structured Concurrency (structured-concurrency.ts)","allTuple"],"fullName":"Structured Concurrency (structured-concurrency.ts) allTuple should handle task failures","status":"passed","title":"should handle task failures","duration":1.0760119999999915,"failureMessages":[],"meta":{}},{"ancestorTitles":["Structured Concurrency (structured-concurrency.ts)","allTuple"],"fullName":"Structured Concurrency (structured-concurrency.ts) allTuple should maintain order of results","status":"passed","title":"should maintain order of results","duration":1.0392679999999928,"failureMessages":[],"meta":{}},{"ancestorTitles":["Structured Concurrency (structured-concurrency.ts)","allTuple"],"fullName":"Structured Concurrency (structured-concurrency.ts) allTuple should pass same input to all tasks","status":"passed","title":"should pass same input to all tasks","duration":0.8335190000000239,"failureMessages":[],"meta":{}},{"ancestorTitles":["Structured Concurrency (structured-concurrency.ts)","Integration tests"],"fullName":"Structured Concurrency (structured-concurrency.ts) Integration tests should combine forkJoin and ift for complex workflows","status":"passed","title":"should combine forkJoin and ift for complex workflows","duration":1.7005539999998973,"failureMessages":[],"meta":{}},{"ancestorTitles":["Structured Concurrency (structured-concurrency.ts)","Integration tests"],"fullName":"Structured Concurrency (structured-concurrency.ts) Integration tests should handle nested forkJoin operations","status":"passed","title":"should handle nested forkJoin operations","duration":1.3204389999999648,"failureMessages":[],"meta":{}},{"ancestorTitles":["Structured Concurrency (structured-concurrency.ts)","Integration tests"],"fullName":"Structured Concurrency (structured-concurrency.ts) Integration tests should handle complex predicate logic in ift","status":"passed","title":"should handle complex predicate logic in ift","duration":1.5273829999999862,"failureMessages":[],"meta":{}}],"startTime":1749912345756,"endTime":1749912345823.5273,"status":"passed","message":"","name":"/home/patrick/Projects/effectively/test/structured-concurrency.test.ts"},{"assertionResults":[{"ancestorTitles":["Telemetry (telemetry.ts)","withSpan"],"fullName":"Telemetry (telemetry.ts) withSpan should create a span, set status OK on success, and return task result","status":"passed","title":"should create a span, set status OK on success, and return task result","duration":19.97532000000001,"failureMessages":[],"meta":{}},{"ancestorTitles":["Telemetry (telemetry.ts)","withSpan"],"fullName":"Telemetry (telemetry.ts) withSpan should create a span, record exception, set status ERROR on failure, and re-throw","status":"passed","title":"should create a span, record exception, set status ERROR on failure, and re-throw","duration":5.99817199999984,"failureMessages":[],"meta":{}},{"ancestorTitles":["Telemetry (telemetry.ts)","withSpan"],"fullName":"Telemetry (telemetry.ts) withSpan should fall back to logging when no tracer is available","status":"passed","title":"should fall back to logging when no tracer is available","duration":1.7734989999999016,"failureMessages":[],"meta":{}},{"ancestorTitles":["Telemetry (telemetry.ts)","recordMetric"],"fullName":"Telemetry (telemetry.ts) recordMetric should record a counter metric","status":"passed","title":"should record a counter metric","duration":1.3609930000000077,"failureMessages":[],"meta":{}},{"ancestorTitles":["Telemetry (telemetry.ts)","recordMetric"],"fullName":"Telemetry (telemetry.ts) recordMetric should record a histogram metric","status":"passed","title":"should record a histogram metric","duration":1.0509240000001228,"failureMessages":[],"meta":{}},{"ancestorTitles":["Telemetry (telemetry.ts)","recordMetric"],"fullName":"Telemetry (telemetry.ts) recordMetric should fall back to logging when no meter is available","status":"passed","title":"should fall back to logging when no meter is available","duration":0.7676040000001194,"failureMessages":[],"meta":{}},{"ancestorTitles":["Telemetry (telemetry.ts)","Higher-Level Enhancers"],"fullName":"Telemetry (telemetry.ts) Higher-Level Enhancers withTiming should record a histogram on success and failure","status":"passed","title":"withTiming should record a histogram on success and failure","duration":1.937639999999874,"failureMessages":[],"meta":{}},{"ancestorTitles":["Telemetry (telemetry.ts)","Higher-Level Enhancers"],"fullName":"Telemetry (telemetry.ts) Higher-Level Enhancers withCounter should increment on success and failure","status":"passed","title":"withCounter should increment on success and failure","duration":1.7711980000001404,"failureMessages":[],"meta":{}},{"ancestorTitles":["Telemetry (telemetry.ts)","Higher-Level Enhancers"],"fullName":"Telemetry (telemetry.ts) Higher-Level Enhancers withObservability should call span, timer, and counter logic","status":"failed","title":"withObservability should call span, timer, and counter logic","duration":25.38860999999997,"failureMessages":["AssertionError: expected \"spy\" to be called with arguments: [ 'observed_duration', Any<Object> ]\n\nReceived: \n\n  1st spy call:\n\n  Array [\n-   \"observed_duration\",\n-   Any<Object>,\n+   \"observed.duration\",\n+   Object {\n+     \"description\": \"Execution time for withCounter(anonymousTask)\",\n+     \"unit\": \"ms\",\n+   },\n  ]\n\n\nNumber of calls: 1\n\n    at Proxy.<anonymous> (file:///home/patrick/Projects/effectively/node_modules/.pnpm/@vitest+expect@2.1.8/node_modules/@vitest/expect/dist/index.js:1465:13)\n    at Proxy.<anonymous> (file:///home/patrick/Projects/effectively/node_modules/.pnpm/@vitest+expect@2.1.8/node_modules/@vitest/expect/dist/index.js:972:17)\n    at Proxy.methodWrapper (file:///home/patrick/Projects/effectively/node_modules/.pnpm/chai@5.2.0/node_modules/chai/chai.js:1618:25)\n    at /home/patrick/Projects/effectively/test/telemetry.test.ts:251:41\n    at processTicksAndRejections (node:internal/process/task_queues:95:5)\n    at file:///home/patrick/Projects/effectively/node_modules/.pnpm/@vitest+runner@2.1.8/node_modules/@vitest/runner/dist/index.js:533:5\n    at runTest (file:///home/patrick/Projects/effectively/node_modules/.pnpm/@vitest+runner@2.1.8/node_modules/@vitest/runner/dist/index.js:1056:11)\n    at runSuite (file:///home/patrick/Projects/effectively/node_modules/.pnpm/@vitest+runner@2.1.8/node_modules/@vitest/runner/dist/index.js:1205:15)\n    at runSuite (file:///home/patrick/Projects/effectively/node_modules/.pnpm/@vitest+runner@2.1.8/node_modules/@vitest/runner/dist/index.js:1205:15)\n    at runSuite (file:///home/patrick/Projects/effectively/node_modules/.pnpm/@vitest+runner@2.1.8/node_modules/@vitest/runner/dist/index.js:1205:15)"],"meta":{}},{"ancestorTitles":["Telemetry (telemetry.ts)","Manual Span Helpers"],"fullName":"Telemetry (telemetry.ts) Manual Span Helpers addSpanAttributes should call setAttributes on the active span","status":"passed","title":"addSpanAttributes should call setAttributes on the active span","duration":5.048600000000079,"failureMessages":[],"meta":{}},{"ancestorTitles":["Telemetry (telemetry.ts)","Manual Span Helpers"],"fullName":"Telemetry (telemetry.ts) Manual Span Helpers recordSpanException should call recordException on the active span","status":"passed","title":"recordSpanException should call recordException on the active span","duration":1.5285519999999906,"failureMessages":[],"meta":{}},{"ancestorTitles":["Telemetry (telemetry.ts)","Manual Span Helpers"],"fullName":"Telemetry (telemetry.ts) Manual Span Helpers getCurrentSpan should return the active span","status":"failed","title":"getCurrentSpan should return the active span","duration":7.169957000000068,"failureMessages":["AssertionError: expected null to be { setAttributes: [Function spy], â€¦(3) } // Object.is equality\n    at /home/patrick/Projects/effectively/test/telemetry.test.ts:300:20\n    at file:///home/patrick/Projects/effectively/node_modules/.pnpm/@vitest+runner@2.1.8/node_modules/@vitest/runner/dist/index.js:146:14\n    at file:///home/patrick/Projects/effectively/node_modules/.pnpm/@vitest+runner@2.1.8/node_modules/@vitest/runner/dist/index.js:533:11\n    at runWithTimeout (file:///home/patrick/Projects/effectively/node_modules/.pnpm/@vitest+runner@2.1.8/node_modules/@vitest/runner/dist/index.js:39:7)\n    at runTest (file:///home/patrick/Projects/effectively/node_modules/.pnpm/@vitest+runner@2.1.8/node_modules/@vitest/runner/dist/index.js:1056:17)\n    at processTicksAndRejections (node:internal/process/task_queues:95:5)\n    at runSuite (file:///home/patrick/Projects/effectively/node_modules/.pnpm/@vitest+runner@2.1.8/node_modules/@vitest/runner/dist/index.js:1205:15)\n    at runSuite (file:///home/patrick/Projects/effectively/node_modules/.pnpm/@vitest+runner@2.1.8/node_modules/@vitest/runner/dist/index.js:1205:15)\n    at runSuite (file:///home/patrick/Projects/effectively/node_modules/.pnpm/@vitest+runner@2.1.8/node_modules/@vitest/runner/dist/index.js:1205:15)\n    at runFiles (file:///home/patrick/Projects/effectively/node_modules/.pnpm/@vitest+runner@2.1.8/node_modules/@vitest/runner/dist/index.js:1262:5)"],"meta":{}},{"ancestorTitles":["Telemetry (telemetry.ts)","@traced Decorator"],"fullName":"Telemetry (telemetry.ts) @traced Decorator should wrap a class method with a span","status":"failed","title":"should wrap a class method with a span","duration":8.01333499999987,"failureMessages":["AssertionError: expected \"spy\" to be called with arguments: [ 'my-service-method', Any<Function> ]\n\nReceived: \n\n  1st spy call:\n\n  Array [\n    \"my-service-method\",\n-   Any<Function>,\n+   Object {},\n+   [Function anonymous],\n  ]\n\n\nNumber of calls: 1\n\n    at Proxy.<anonymous> (file:///home/patrick/Projects/effectively/node_modules/.pnpm/@vitest+expect@2.1.8/node_modules/@vitest/expect/dist/index.js:1465:13)\n    at Proxy.<anonymous> (file:///home/patrick/Projects/effectively/node_modules/.pnpm/@vitest+expect@2.1.8/node_modules/@vitest/expect/dist/index.js:972:17)\n    at Proxy.methodWrapper (file:///home/patrick/Projects/effectively/node_modules/.pnpm/chai@5.2.0/node_modules/chai/chai.js:1618:25)\n    at /home/patrick/Projects/effectively/test/telemetry.test.ts:326:42\n    at processTicksAndRejections (node:internal/process/task_queues:95:5)\n    at file:///home/patrick/Projects/effectively/node_modules/.pnpm/@vitest+runner@2.1.8/node_modules/@vitest/runner/dist/index.js:533:5\n    at runTest (file:///home/patrick/Projects/effectively/node_modules/.pnpm/@vitest+runner@2.1.8/node_modules/@vitest/runner/dist/index.js:1056:11)\n    at runSuite (file:///home/patrick/Projects/effectively/node_modules/.pnpm/@vitest+runner@2.1.8/node_modules/@vitest/runner/dist/index.js:1205:15)\n    at runSuite (file:///home/patrick/Projects/effectively/node_modules/.pnpm/@vitest+runner@2.1.8/node_modules/@vitest/runner/dist/index.js:1205:15)\n    at runSuite (file:///home/patrick/Projects/effectively/node_modules/.pnpm/@vitest+runner@2.1.8/node_modules/@vitest/runner/dist/index.js:1205:15)"],"meta":{}},{"ancestorTitles":["Telemetry (telemetry.ts)","@traced Decorator"],"fullName":"Telemetry (telemetry.ts) @traced Decorator should use class.method as default span name","status":"failed","title":"should use class.method as default span name","duration":3.938227000000097,"failureMessages":["AssertionError: expected \"spy\" to be called with arguments: [ Array(2) ]\n\nReceived: \n\n  1st spy call:\n\n  Array [\n    \"MyOtherService.anotherMethod\",\n-   Any<Function>,\n+   Object {},\n+   [Function anonymous],\n  ]\n\n\nNumber of calls: 1\n\n    at Proxy.<anonymous> (file:///home/patrick/Projects/effectively/node_modules/.pnpm/@vitest+expect@2.1.8/node_modules/@vitest/expect/dist/index.js:1465:13)\n    at Proxy.<anonymous> (file:///home/patrick/Projects/effectively/node_modules/.pnpm/@vitest+expect@2.1.8/node_modules/@vitest/expect/dist/index.js:972:17)\n    at Proxy.methodWrapper (file:///home/patrick/Projects/effectively/node_modules/.pnpm/chai@5.2.0/node_modules/chai/chai.js:1618:25)\n    at /home/patrick/Projects/effectively/test/telemetry.test.ts:349:42\n    at processTicksAndRejections (node:internal/process/task_queues:95:5)\n    at file:///home/patrick/Projects/effectively/node_modules/.pnpm/@vitest+runner@2.1.8/node_modules/@vitest/runner/dist/index.js:533:5\n    at runTest (file:///home/patrick/Projects/effectively/node_modules/.pnpm/@vitest+runner@2.1.8/node_modules/@vitest/runner/dist/index.js:1056:11)\n    at runSuite (file:///home/patrick/Projects/effectively/node_modules/.pnpm/@vitest+runner@2.1.8/node_modules/@vitest/runner/dist/index.js:1205:15)\n    at runSuite (file:///home/patrick/Projects/effectively/node_modules/.pnpm/@vitest+runner@2.1.8/node_modules/@vitest/runner/dist/index.js:1205:15)\n    at runSuite (file:///home/patrick/Projects/effectively/node_modules/.pnpm/@vitest+runner@2.1.8/node_modules/@vitest/runner/dist/index.js:1205:15)"],"meta":{}},{"ancestorTitles":["Telemetry (telemetry.ts)","@traced Decorator"],"fullName":"Telemetry (telemetry.ts) @traced Decorator should not wrap if no tracer is present in context","status":"passed","title":"should not wrap if no tracer is present in context","duration":2.2718540000000758,"failureMessages":[],"meta":{}}],"startTime":1749912345899,"endTime":1749912345990.272,"status":"failed","message":"","name":"/home/patrick/Projects/effectively/test/telemetry.test.ts"},{"assertionResults":[{"ancestorTitles":["Web Worker Utilities (worker.ts)","runOnWorker (Request-Response)"],"fullName":"Web Worker Utilities (worker.ts) runOnWorker (Request-Response) should successfully execute a task on the worker and return the result","status":"failed","title":"should successfully execute a task on the worker and return the result","duration":81.48282399999994,"failureMessages":["WorkflowError: Task failed: Seroval caught an error during the deserialization process.\n  \nTypeError\nCannot read properties of undefined (reading 't')\n\n- For more information, please check the \"cause\" property of this error.\n- If you believe this is an error in Seroval, please submit an issue at https://github.com/lxsmnsyc/seroval/issues/new\n    at runImpl (/home/patrick/Projects/effectively/src/run.ts:939:15)\n    at processTicksAndRejections (node:internal/process/task_queues:95:5)\n    at /home/patrick/Projects/effectively/test/worker.test.ts:135:22\n    at file:///home/patrick/Projects/effectively/node_modules/.pnpm/@vitest+runner@2.1.8/node_modules/@vitest/runner/dist/index.js:533:5\n    at runTest (file:///home/patrick/Projects/effectively/node_modules/.pnpm/@vitest+runner@2.1.8/node_modules/@vitest/runner/dist/index.js:1056:11)\n    at runSuite (file:///home/patrick/Projects/effectively/node_modules/.pnpm/@vitest+runner@2.1.8/node_modules/@vitest/runner/dist/index.js:1205:15)\n    at runSuite (file:///home/patrick/Projects/effectively/node_modules/.pnpm/@vitest+runner@2.1.8/node_modules/@vitest/runner/dist/index.js:1205:15)\n    at runSuite (file:///home/patrick/Projects/effectively/node_modules/.pnpm/@vitest+runner@2.1.8/node_modules/@vitest/runner/dist/index.js:1205:15)\n    at runFiles (file:///home/patrick/Projects/effectively/node_modules/.pnpm/@vitest+runner@2.1.8/node_modules/@vitest/runner/dist/index.js:1262:5)\n    at startTests (file:///home/patrick/Projects/effectively/node_modules/.pnpm/@vitest+runner@2.1.8/node_modules/@vitest/runner/dist/index.js:1271:3)"],"meta":{}},{"ancestorTitles":["Web Worker Utilities (worker.ts)","runOnWorker (Request-Response)"],"fullName":"Web Worker Utilities (worker.ts) runOnWorker (Request-Response) should correctly propagate an error from the worker task","status":"failed","title":"should correctly propagate an error from the worker task","duration":36.551934000000074,"failureMessages":["AssertionError: expected [Function] to throw error including 'Worker task failed deliberately' but got 'Task failed: Seroval caught an error â€¦'\n    at Assertion.<anonymous> (file:///home/patrick/Projects/effectively/node_modules/.pnpm/@vitest+expect@2.1.8/node_modules/@vitest/expect/dist/index.js:1509:21)\n    at Assertion.<anonymous> (file:///home/patrick/Projects/effectively/node_modules/.pnpm/@vitest+expect@2.1.8/node_modules/@vitest/expect/dist/index.js:972:17)\n    at Assertion.methodWrapper (file:///home/patrick/Projects/effectively/node_modules/.pnpm/chai@5.2.0/node_modules/chai/chai.js:1618:25)\n    at file:///home/patrick/Projects/effectively/node_modules/.pnpm/@vitest+expect@2.1.8/node_modules/@vitest/expect/dist/index.js:1849:31\n    at processTicksAndRejections (node:internal/process/task_queues:95:5)\n    at /home/patrick/Projects/effectively/test/worker.test.ts:143:7\n    at file:///home/patrick/Projects/effectively/node_modules/.pnpm/@vitest+runner@2.1.8/node_modules/@vitest/runner/dist/index.js:533:5\n    at runTest (file:///home/patrick/Projects/effectively/node_modules/.pnpm/@vitest+runner@2.1.8/node_modules/@vitest/runner/dist/index.js:1056:11)\n    at runSuite (file:///home/patrick/Projects/effectively/node_modules/.pnpm/@vitest+runner@2.1.8/node_modules/@vitest/runner/dist/index.js:1205:15)\n    at runSuite (file:///home/patrick/Projects/effectively/node_modules/.pnpm/@vitest+runner@2.1.8/node_modules/@vitest/runner/dist/index.js:1205:15)"],"meta":{}},{"ancestorTitles":["Web Worker Utilities (worker.ts)","runOnWorker (Request-Response)"],"fullName":"Web Worker Utilities (worker.ts) runOnWorker (Request-Response) should reject if the taskId is not found on the worker","status":"failed","title":"should reject if the taskId is not found on the worker","duration":9.164545999999973,"failureMessages":["AssertionError: expected [Function] to throw error including 'Task \"nonExistentTask\" not found on wâ€¦' but got 'Task failed: Seroval caught an error â€¦'\n    at Assertion.<anonymous> (file:///home/patrick/Projects/effectively/node_modules/.pnpm/@vitest+expect@2.1.8/node_modules/@vitest/expect/dist/index.js:1509:21)\n    at Assertion.<anonymous> (file:///home/patrick/Projects/effectively/node_modules/.pnpm/@vitest+expect@2.1.8/node_modules/@vitest/expect/dist/index.js:972:17)\n    at Assertion.methodWrapper (file:///home/patrick/Projects/effectively/node_modules/.pnpm/chai@5.2.0/node_modules/chai/chai.js:1618:25)\n    at file:///home/patrick/Projects/effectively/node_modules/.pnpm/@vitest+expect@2.1.8/node_modules/@vitest/expect/dist/index.js:1849:31\n    at processTicksAndRejections (node:internal/process/task_queues:95:5)\n    at /home/patrick/Projects/effectively/test/worker.test.ts:150:7\n    at file:///home/patrick/Projects/effectively/node_modules/.pnpm/@vitest+runner@2.1.8/node_modules/@vitest/runner/dist/index.js:533:5\n    at runTest (file:///home/patrick/Projects/effectively/node_modules/.pnpm/@vitest+runner@2.1.8/node_modules/@vitest/runner/dist/index.js:1056:11)\n    at runSuite (file:///home/patrick/Projects/effectively/node_modules/.pnpm/@vitest+runner@2.1.8/node_modules/@vitest/runner/dist/index.js:1205:15)\n    at runSuite (file:///home/patrick/Projects/effectively/node_modules/.pnpm/@vitest+runner@2.1.8/node_modules/@vitest/runner/dist/index.js:1205:15)"],"meta":{}},{"ancestorTitles":["Web Worker Utilities (worker.ts)","runOnWorker (Request-Response)"],"fullName":"Web Worker Utilities (worker.ts) runOnWorker (Request-Response) should handle cancellation from the main thread","status":"failed","title":"should handle cancellation from the main thread","duration":4.673230999999987,"failureMessages":["AssertionError: expected [Function] to throw error including 'Operation aborted by main thread' but got 'Task failed: This operation was abortâ€¦'\n    at Assertion.<anonymous> (file:///home/patrick/Projects/effectively/node_modules/.pnpm/@vitest+expect@2.1.8/node_modules/@vitest/expect/dist/index.js:1509:21)\n    at Assertion.<anonymous> (file:///home/patrick/Projects/effectively/node_modules/.pnpm/@vitest+expect@2.1.8/node_modules/@vitest/expect/dist/index.js:972:17)\n    at Assertion.methodWrapper (file:///home/patrick/Projects/effectively/node_modules/.pnpm/chai@5.2.0/node_modules/chai/chai.js:1618:25)\n    at file:///home/patrick/Projects/effectively/node_modules/.pnpm/@vitest+expect@2.1.8/node_modules/@vitest/expect/dist/index.js:1849:31\n    at processTicksAndRejections (node:internal/process/task_queues:95:5)\n    at /home/patrick/Projects/effectively/test/worker.test.ts:167:7\n    at file:///home/patrick/Projects/effectively/node_modules/.pnpm/@vitest+runner@2.1.8/node_modules/@vitest/runner/dist/index.js:533:5\n    at runTest (file:///home/patrick/Projects/effectively/node_modules/.pnpm/@vitest+runner@2.1.8/node_modules/@vitest/runner/dist/index.js:1056:11)\n    at runSuite (file:///home/patrick/Projects/effectively/node_modules/.pnpm/@vitest+runner@2.1.8/node_modules/@vitest/runner/dist/index.js:1205:15)\n    at runSuite (file:///home/patrick/Projects/effectively/node_modules/.pnpm/@vitest+runner@2.1.8/node_modules/@vitest/runner/dist/index.js:1205:15)"],"meta":{}},{"ancestorTitles":["Web Worker Utilities (worker.ts)","runStreamOnWorker (Streaming)"],"fullName":"Web Worker Utilities (worker.ts) runStreamOnWorker (Streaming) should stream all results successfully from the worker","status":"failed","title":"should stream all results successfully from the worker","duration":5001.403332,"failureMessages":["Error: Test timed out in 5000ms.\nIf this is a long-running test, pass a timeout value as the last argument or configure it globally with \"testTimeout\".\n    at Timeout.<anonymous> (file:///home/patrick/Projects/effectively/node_modules/.pnpm/@vitest+runner@2.1.8/node_modules/@vitest/runner/dist/index.js:44:18)\n    at listOnTimeout (node:internal/timers:581:17)\n    at processTimers (node:internal/timers:519:7)"],"meta":{}},{"ancestorTitles":["Web Worker Utilities (worker.ts)","runStreamOnWorker (Streaming)"],"fullName":"Web Worker Utilities (worker.ts) runStreamOnWorker (Streaming) should propagate an error thrown from the worker stream","status":"failed","title":"should propagate an error thrown from the worker stream","duration":5002.1959830000005,"failureMessages":["Error: Test timed out in 5000ms.\nIf this is a long-running test, pass a timeout value as the last argument or configure it globally with \"testTimeout\".\n    at Timeout.<anonymous> (file:///home/patrick/Projects/effectively/node_modules/.pnpm/@vitest+runner@2.1.8/node_modules/@vitest/runner/dist/index.js:44:18)\n    at listOnTimeout (node:internal/timers:581:17)\n    at processTimers (node:internal/timers:519:7)"],"meta":{}},{"ancestorTitles":["Web Worker Utilities (worker.ts)","runStreamOnWorker (Streaming)"],"fullName":"Web Worker Utilities (worker.ts) runStreamOnWorker (Streaming) should handle cancellation from the main thread during streaming","status":"failed","title":"should handle cancellation from the main thread during streaming","duration":5003.706206999999,"failureMessages":["Error: Test timed out in 5000ms.\nIf this is a long-running test, pass a timeout value as the last argument or configure it globally with \"testTimeout\".\n    at Timeout.<anonymous> (file:///home/patrick/Projects/effectively/node_modules/.pnpm/@vitest+runner@2.1.8/node_modules/@vitest/runner/dist/index.js:44:18)\n    at listOnTimeout (node:internal/timers:581:17)\n    at processTimers (node:internal/timers:519:7)"],"meta":{}},{"ancestorTitles":["Web Worker Utilities (worker.ts)","runStreamOnWorker (Streaming)"],"fullName":"Web Worker Utilities (worker.ts) runStreamOnWorker (Streaming) should handle the consumer breaking the loop early","status":"failed","title":"should handle the consumer breaking the loop early","duration":5003.429291999999,"failureMessages":["Error: Test timed out in 5000ms.\nIf this is a long-running test, pass a timeout value as the last argument or configure it globally with \"testTimeout\".\n    at Timeout.<anonymous> (file:///home/patrick/Projects/effectively/node_modules/.pnpm/@vitest+runner@2.1.8/node_modules/@vitest/runner/dist/index.js:44:18)\n    at listOnTimeout (node:internal/timers:581:17)\n    at processTimers (node:internal/timers:519:7)"],"meta":{}}],"startTime":1749912345921,"endTime":1749912366064.4292,"status":"failed","message":"","name":"/home/patrick/Projects/effectively/test/worker.test.ts"}]}
> @doeixd/effectively@0.0.22 test /home/patrick/Projects/effectively
> vitest --run --reporter=default --reporter=json --outputFile=./test-results.json


 RUN  v2.1.8 /home/patrick/Projects/effectively

stdout | test/resource-management.test.ts > Resource Management (bracket.ts) > DatabaseConnection example class > should be constructable and disposable
Connecting to test-db...

stderr | test/data-processing.test.ts > Data Processing (data-processing.ts) > filter > should handle predicate task failures
[filter] Predicate for item at index 2 (value: 3) rejected with reason: Error: Predicate failed for number 3
    at /home/patrick/Projects/effectively/test/data-processing.test.ts:281:17
    at anonymousTask (/home/patrick/Projects/effectively/src/run.ts:552:12)
    at filterItemPredicate(anonymousTask)_idx2 (/home/patrick/Projects/effectively/src/data-processing.ts:147:91)
    at scheduler.postTask.priority.priority (/home/patrick/Projects/effectively/src/scheduler.ts:307:52)
    at Timeout.taskFn [as _onTimeout] (/home/patrick/Projects/effectively/src/scheduler.ts:151:25)
    at listOnTimeout (node:internal/timers:581:17)
    at processTimers (node:internal/timers:519:7)

stdout | test/debug-provide.test.ts > Debug Provide > should work with context-specific provide
Logs: [
  'before provide',
  'inside provide',
  'db available: true',
  'cache available: true',
  'after provide'
]

stdout | test/debug-provide.test.ts > Debug Provide > should work with global provide
Global Logs: [
  'before global provide',
  'inside global provide',
  'db available: true',
  'cache available: true',
  'after global provide'
]

       âœ“ should work with complex resource merging
     âœ“ Disposable and helper functions (3)
       âœ“ should work with complex resource merging
       âœ“ should work with complex resource merging
     âœ“ Disposable and helper functions (3)
     âœ“ withDisposableResource (3)
     âœ“ withResources (bracketMany) (2)
 âœ“ test/bracket-provide-integration.test.ts (2)
 â¯ test/circuit-breaker.test.ts (21)
   â¯ Circuit Breaker (circuit-breaker.ts) (21)
     âœ“ CircuitOpenError (2)
     â¯ withCircuitBreaker (19)
       âœ“ CLOSED state behavior (3)
       â¯ OPEN state behavior (2)
         Ã— should trip to OPEN state after reaching failure threshold
         Ã— should fail fast with CircuitOpenError when circuit is open
       â¯ HALF-OPEN state behavior (3)
         Ã— should transition to HALF-OPEN after timeout and succeed on trial request
         Ã— should return to OPEN state if trial request fails
         Ã— should only transition to HALF-OPEN after the full timeout period
       â¯ Configuration options (4)
         âœ“ should respect custom failure threshold
         Ã— should respect custom open state timeout
         Ã— should respect custom isFailure predicate
         âœ“ should not count BacktrackSignal as failure by default
       â¯ Multiple circuit instances (1)
         Ã— should maintain separate state for different circuit IDs
       âœ“ Context integration (2)
       â¯ Edge cases and error scenarios (3)
         âœ“ should handle undefined and null values correctly as input
         Ã— should handle rapid successive calls correctly (trial request)
         Ã— should maintain state across different run calls if ID is the same
       â¯ Recovery scenarios (1)
         Ã— should handle mixed success/failure patterns correctly
 â¯ test/composition-utils.test.ts (74) 30272ms
   â¯ Composition Utilities (utils.ts) (74) 30270ms
     âœ“ Core composition functions (8)
     âœ“ Workflow creation (11)
     âœ“ Pipeable operators (7)
     âœ“ Direct composition helpers (3)
     â¯ Flow control and logic (14) 10043ms
       âœ“ when (4)
       âœ“ unless (2)
       â¯ doWhile (3) 5014ms
         âœ“ should execute task repeatedly while condition is true
         âœ“ should not execute if condition is initially false
         Ã— should respect abort signals 5009ms
       âœ“ tap (3)
       â¯ sleep (2) 5007ms
         âœ“ should pause workflow for specified duration
         Ã— should respect abort signals 5003ms
     â¯ Error handling and resilience (10) 10044ms
       âœ“ tapError (3)
       âœ“ attempt (2)
       â¯ withRetry (5) 10035ms
         Ã— should retry failed tasks 5003ms
         âœ“ should fail after max attempts
         Ã— should use exponential backoff
         Ã— should respect shouldRetry predicate 5002ms
         âœ“ should not retry when shouldRetry returns false
     â¯ Task enhancers (12) 5044ms
       âœ“ withName (2)
       âœ“ memoize (2)
       âœ“ once (2)
       â¯ withTimeout (3) 5012ms
         âœ“ should timeout long-running tasks
         âœ“ should complete fast tasks normally
         Ã— should clean up timers on abort 5004ms
       â¯ withState (3)
         Ã— should manage stateful workflows and provide tools via context
         âœ“ should initialize state with a static value
         âœ“ should throw if useState is used outside a withState context
     â¯ Advanced scheduling and batching (9) 5032ms
       â¯ withThrottle (2) 5007ms
         âœ“ should throttle task execution
         Ã— should respect abort signals in throttle queue 5002ms
       â¯ withPoll (2)
         âœ“ should poll until condition is met
         Ã— should timeout if condition is never met
       â¯ createBatchingTask (3)
         âœ“ should batch multiple calls
         âœ“ should handle batch function errors
         Ã— should respect abort signals in batch queue
       âœ“ withDebounce (2)
 â¯ test/core-run.test.ts (33)
   â¯ Core Execution Engine (run.ts) (33)
     âœ“ createContext and basic execution (4)
     âœ“ Error handling and Result types (3)
     âœ“ Backtracking and control flow (3)
     âœ“ Context getters and safety (4)
     âœ“ Smart, Local, and Global context functions (3)
     â¯ provide function and context overrides (3)
       Ã— should temporarily override context values
       Ã— should nest provide calls correctly
       âœ“ should preserve scope in provide calls
     âœ“ Context validation and merging (3)
     â¯ Dependency injection (3)
       Ã— should create and use injection tokens
       âœ“ should handle optional injection
       âœ“ should throw when required injection not found
     âœ“ Cancellation and abort signals (2)
     âœ“ Logging (2)
     âœ“ Edge cases and error scenarios (3)
 âœ“ test/data-processing.test.ts (26) 408ms
 âœ“ test/debug-provide.test.ts (2)
 âœ“ test/do-notation.test.ts (19)
 âœ“ test/error-handling.test.ts (32)
 âœ“ test/global-provide-fix.test.ts (2)
 â¯ test/resource-management.test.ts (15)
   â¯ Resource Management (bracket.ts) (15)
     â¯ withResource (bracket) (6)
       âœ“ should acquire, use, and release resources correctly
       âœ“ should release resources even when use task throws
       âœ“ should handle errors in acquire phase
       âœ“ should handle errors in release phase
       Ã— should handle errors in both use and release phases
       âœ“ should work with complex resource merging
     âœ“ Disposable and helper functions (3)
     âœ“ withDisposableResource (3)
     âœ“ withResources (bracketMany) (2)
     âœ“ DatabaseConnection example class (1)
 âœ“ test/simple-bracket.test.ts (1)
 âœ“ test/structured-concurrency.test.ts (25)
 â¯ test/telemetry.test.ts (15)
   â¯ Telemetry (telemetry.ts) (15)
     âœ“ withSpan (3)
     âœ“ recordMetric (3)
     â¯ Higher-Level Enhancers (3)
       âœ“ withTiming should record a histogram on success and failure
       âœ“ withCounter should increment on success and failure
       Ã— withObservability should call span, timer, and counter logic
     â¯ Manual Span Helpers (3)
       âœ“ addSpanAttributes should call setAttributes on the active span
       âœ“ recordSpanException should call recordException on the active span
       Ã— getCurrentSpan should return the active span
     â¯ @traced Decorator (3)
       Ã— should wrap a class method with a span
       Ã— should use class.method as default span name
       âœ“ should not wrap if no tracer is present in context
 â¯ test/worker.test.ts (8) 20147ms
   â¯ Web Worker Utilities (worker.ts) (8) 20146ms
     â¯ runOnWorker (Request-Response) (4)
       Ã— should successfully execute a task on the worker and return the result
       Ã— should correctly propagate an error from the worker task
       Ã— should reject if the taskId is not found on the worker
       Ã— should handle cancellation from the main thread
     â¯ runStreamOnWorker (Streaming) (4) 20011ms
       Ã— should stream all results successfully from the worker 5001ms
       Ã— should propagate an error thrown from the worker stream 5002ms
       Ã— should handle cancellation from the main thread during streaming 5004ms
       Ã— should handle the consumer breaking the loop early 5003ms

âŽ¯âŽ¯âŽ¯âŽ¯âŽ¯âŽ¯âŽ¯âŽ¯âŽ¯âŽ¯âŽ¯âŽ¯âŽ¯âŽ¯âŽ¯âŽ¯âŽ¯âŽ¯âŽ¯âŽ¯âŽ¯âŽ¯âŽ¯âŽ¯âŽ¯âŽ¯âŽ¯âŽ¯âŽ¯âŽ¯âŽ¯âŽ¯âŽ¯âŽ¯âŽ¯âŽ¯âŽ¯âŽ¯âŽ¯âŽ¯âŽ¯âŽ¯âŽ¯âŽ¯âŽ¯âŽ¯âŽ¯âŽ¯âŽ¯âŽ¯âŽ¯âŽ¯âŽ¯âŽ¯âŽ¯âŽ¯âŽ¯âŽ¯âŽ¯âŽ¯âŽ¯âŽ¯âŽ¯âŽ¯âŽ¯âŽ¯âŽ¯âŽ¯âŽ¯âŽ¯âŽ¯âŽ¯âŽ¯ Failed Tests 37 âŽ¯âŽ¯âŽ¯âŽ¯âŽ¯âŽ¯âŽ¯âŽ¯âŽ¯âŽ¯âŽ¯âŽ¯âŽ¯âŽ¯âŽ¯âŽ¯âŽ¯âŽ¯âŽ¯âŽ¯âŽ¯âŽ¯âŽ¯âŽ¯âŽ¯âŽ¯âŽ¯âŽ¯âŽ¯âŽ¯âŽ¯âŽ¯âŽ¯âŽ¯âŽ¯âŽ¯âŽ¯âŽ¯âŽ¯âŽ¯âŽ¯âŽ¯âŽ¯âŽ¯âŽ¯âŽ¯âŽ¯âŽ¯âŽ¯âŽ¯âŽ¯âŽ¯âŽ¯âŽ¯âŽ¯âŽ¯âŽ¯âŽ¯âŽ¯âŽ¯âŽ¯âŽ¯âŽ¯âŽ¯âŽ¯âŽ¯âŽ¯âŽ¯âŽ¯âŽ¯âŽ¯âŽ¯âŽ¯

 FAIL  test/circuit-breaker.test.ts > Circuit Breaker (circuit-breaker.ts) > withCircuitBreaker > OPEN state behavior > should trip to OPEN state after reaching failure threshold
AssertionError: expected error to have message: Circuit Breaker "open-trip-circuit0" is open and not accepting requests.

Expected: "Circuit Breaker "open-trip-circuit0" is open and not accepting requests."
Received: "Task failed: Circuit Breaker "open-trip-circuit0" is open and not accepting requests."

 â¯ test/circuit-breaker.test.ts:189:9
    187|         );
    188|
    189|         await expect(run(protectedTask, "test3")).rejects.toThrow(
       |         ^
    190|           new CircuitOpenError(circuitId),
    191|         );

âŽ¯âŽ¯âŽ¯âŽ¯âŽ¯âŽ¯âŽ¯âŽ¯âŽ¯âŽ¯âŽ¯âŽ¯âŽ¯âŽ¯âŽ¯âŽ¯âŽ¯âŽ¯âŽ¯âŽ¯âŽ¯âŽ¯âŽ¯âŽ¯âŽ¯âŽ¯âŽ¯âŽ¯âŽ¯âŽ¯âŽ¯âŽ¯âŽ¯âŽ¯âŽ¯âŽ¯âŽ¯âŽ¯âŽ¯âŽ¯âŽ¯âŽ¯âŽ¯âŽ¯âŽ¯âŽ¯âŽ¯âŽ¯âŽ¯âŽ¯âŽ¯âŽ¯âŽ¯âŽ¯âŽ¯âŽ¯âŽ¯âŽ¯âŽ¯âŽ¯âŽ¯âŽ¯âŽ¯âŽ¯âŽ¯âŽ¯âŽ¯âŽ¯âŽ¯âŽ¯âŽ¯âŽ¯âŽ¯âŽ¯âŽ¯âŽ¯âŽ¯âŽ¯âŽ¯âŽ¯âŽ¯âŽ¯âŽ¯âŽ¯âŽ¯âŽ¯âŽ¯âŽ¯âŽ¯âŽ¯âŽ¯âŽ¯âŽ¯âŽ¯âŽ¯âŽ¯âŽ¯âŽ¯âŽ¯âŽ¯âŽ¯âŽ¯âŽ¯âŽ¯âŽ¯âŽ¯âŽ¯âŽ¯âŽ¯âŽ¯âŽ¯âŽ¯âŽ¯âŽ¯âŽ¯âŽ¯âŽ¯âŽ¯âŽ¯âŽ¯âŽ¯âŽ¯âŽ¯âŽ¯âŽ¯âŽ¯âŽ¯âŽ¯âŽ¯âŽ¯âŽ¯âŽ¯âŽ¯âŽ¯âŽ¯âŽ¯âŽ¯âŽ¯âŽ¯âŽ¯âŽ¯âŽ¯âŽ¯âŽ¯âŽ¯âŽ¯âŽ¯âŽ¯âŽ¯âŽ¯âŽ¯âŽ¯âŽ¯âŽ¯âŽ¯âŽ¯[1/37]âŽ¯

 FAIL  test/circuit-breaker.test.ts > Circuit Breaker (circuit-breaker.ts) > withCircuitBreaker > OPEN state behavior > should fail fast with CircuitOpenError when circuit is open
AssertionError: expected error to have message: Circuit Breaker "open-fail-fast-circuit0" is open and not accepting requests.

Expected: "Circuit Breaker "open-fail-fast-circuit0" is open and not accepting requests."
Received: "Task failed: Circuit Breaker "open-fail-fast-circuit0" is open and not accepting requests."

 â¯ test/circuit-breaker.test.ts:215:9
    213|
    214|         const startTime = Date.now();
    215|         await expect(run(protectedTask, "test2")).rejects.toThrow(
       |         ^
    216|           new CircuitOpenError(circuitId),
    217|         );

âŽ¯âŽ¯âŽ¯âŽ¯âŽ¯âŽ¯âŽ¯âŽ¯âŽ¯âŽ¯âŽ¯âŽ¯âŽ¯âŽ¯âŽ¯âŽ¯âŽ¯âŽ¯âŽ¯âŽ¯âŽ¯âŽ¯âŽ¯âŽ¯âŽ¯âŽ¯âŽ¯âŽ¯âŽ¯âŽ¯âŽ¯âŽ¯âŽ¯âŽ¯âŽ¯âŽ¯âŽ¯âŽ¯âŽ¯âŽ¯âŽ¯âŽ¯âŽ¯âŽ¯âŽ¯âŽ¯âŽ¯âŽ¯âŽ¯âŽ¯âŽ¯âŽ¯âŽ¯âŽ¯âŽ¯âŽ¯âŽ¯âŽ¯âŽ¯âŽ¯âŽ¯âŽ¯âŽ¯âŽ¯âŽ¯âŽ¯âŽ¯âŽ¯âŽ¯âŽ¯âŽ¯âŽ¯âŽ¯âŽ¯âŽ¯âŽ¯âŽ¯âŽ¯âŽ¯âŽ¯âŽ¯âŽ¯âŽ¯âŽ¯âŽ¯âŽ¯âŽ¯âŽ¯âŽ¯âŽ¯âŽ¯âŽ¯âŽ¯âŽ¯âŽ¯âŽ¯âŽ¯âŽ¯âŽ¯âŽ¯âŽ¯âŽ¯âŽ¯âŽ¯âŽ¯âŽ¯âŽ¯âŽ¯âŽ¯âŽ¯âŽ¯âŽ¯âŽ¯âŽ¯âŽ¯âŽ¯âŽ¯âŽ¯âŽ¯âŽ¯âŽ¯âŽ¯âŽ¯âŽ¯âŽ¯âŽ¯âŽ¯âŽ¯âŽ¯âŽ¯âŽ¯âŽ¯âŽ¯âŽ¯âŽ¯âŽ¯âŽ¯âŽ¯âŽ¯âŽ¯âŽ¯âŽ¯âŽ¯âŽ¯âŽ¯âŽ¯âŽ¯âŽ¯âŽ¯âŽ¯âŽ¯âŽ¯âŽ¯âŽ¯âŽ¯âŽ¯[2/37]âŽ¯

 FAIL  test/circuit-breaker.test.ts > Circuit Breaker (circuit-breaker.ts) > withCircuitBreaker > HALF-OPEN state behavior > should transition to HALF-OPEN after timeout and succeed on trial request
AssertionError: expected error to have message: Circuit Breaker "half-open-success-circuit0" is open and not accepting requests.

Expected: "Circuit Breaker "half-open-success-circuit0" is open and not accepting requests."
Received: "Task failed: Circuit Breaker "half-open-success-circuit0" is open and not accepting requests."

 â¯ test/circuit-breaker.test.ts:247:9
    245|           ),
    246|         );
    247|         await expect(run(protectedTask, "test2")).rejects.toThrow(
       |         ^
    248|           new CircuitOpenError(circuitId),
    249|         );

âŽ¯âŽ¯âŽ¯âŽ¯âŽ¯âŽ¯âŽ¯âŽ¯âŽ¯âŽ¯âŽ¯âŽ¯âŽ¯âŽ¯âŽ¯âŽ¯âŽ¯âŽ¯âŽ¯âŽ¯âŽ¯âŽ¯âŽ¯âŽ¯âŽ¯âŽ¯âŽ¯âŽ¯âŽ¯âŽ¯âŽ¯âŽ¯âŽ¯âŽ¯âŽ¯âŽ¯âŽ¯âŽ¯âŽ¯âŽ¯âŽ¯âŽ¯âŽ¯âŽ¯âŽ¯âŽ¯âŽ¯âŽ¯âŽ¯âŽ¯âŽ¯âŽ¯âŽ¯âŽ¯âŽ¯âŽ¯âŽ¯âŽ¯âŽ¯âŽ¯âŽ¯âŽ¯âŽ¯âŽ¯âŽ¯âŽ¯âŽ¯âŽ¯âŽ¯âŽ¯âŽ¯âŽ¯âŽ¯âŽ¯âŽ¯âŽ¯âŽ¯âŽ¯âŽ¯âŽ¯âŽ¯âŽ¯âŽ¯âŽ¯âŽ¯âŽ¯âŽ¯âŽ¯âŽ¯âŽ¯âŽ¯âŽ¯âŽ¯âŽ¯âŽ¯âŽ¯âŽ¯âŽ¯âŽ¯âŽ¯âŽ¯âŽ¯âŽ¯âŽ¯âŽ¯âŽ¯âŽ¯âŽ¯âŽ¯âŽ¯âŽ¯âŽ¯âŽ¯âŽ¯âŽ¯âŽ¯âŽ¯âŽ¯âŽ¯âŽ¯âŽ¯âŽ¯âŽ¯âŽ¯âŽ¯âŽ¯âŽ¯âŽ¯âŽ¯âŽ¯âŽ¯âŽ¯âŽ¯âŽ¯âŽ¯âŽ¯âŽ¯âŽ¯âŽ¯âŽ¯âŽ¯âŽ¯âŽ¯âŽ¯âŽ¯âŽ¯âŽ¯âŽ¯âŽ¯âŽ¯âŽ¯âŽ¯âŽ¯âŽ¯âŽ¯âŽ¯[3/37]âŽ¯

 FAIL  test/circuit-breaker.test.ts > Circuit Breaker (circuit-breaker.ts) > withCircuitBreaker > HALF-OPEN state behavior > should return to OPEN state if trial request fails
AssertionError: expected "spy" to be called with arguments: [ StringContaining{â€¦} ]

Received:

  1st spy call:

  Array [
-   StringContaining "[Circuit Breaker: half-open-fail-circuit0] State changed to HALF-OPEN. Attempting trial request.",
+   "[Circuit Breaker: half-open-fail-circuit0] Recorded failure #1. Last failure at 1749912345812",
+   Object {
+     "error": [Error: Trial always fails],
+   },
  ]

  2nd spy call:

  Array [
-   StringContaining "[Circuit Breaker: half-open-fail-circuit0] State changed to HALF-OPEN. Attempting trial request.",
+   "[Circuit Breaker: half-open-fail-circuit0] State changed to HALF-OPEN. Ready for a trial request.",
  ]

  3rd spy call:

  Array [
-   StringContaining "[Circuit Breaker: half-open-fail-circuit0] State changed to HALF-OPEN. Attempting trial request.",
+   "[Circuit Breaker: half-open-fail-circuit0] Recorded failure #2. Last failure at 1749912346313",
+   Object {
+     "error": [Error: Trial always fails],
+   },
  ]


Number of calls: 3

 â¯ test/circuit-breaker.test.ts:297:39
    295|           "Trial always fails",
    296|         );
    297|         expect(globalMockLogger.warn).toHaveBeenCalledWith(
       |                                       ^
    298|           expect.stringContaining(
    299|             `[Circuit Breaker: ${circuitId}] State changed to HALF-OPEN. Attempting trial request.`,

âŽ¯âŽ¯âŽ¯âŽ¯âŽ¯âŽ¯âŽ¯âŽ¯âŽ¯âŽ¯âŽ¯âŽ¯âŽ¯âŽ¯âŽ¯âŽ¯âŽ¯âŽ¯âŽ¯âŽ¯âŽ¯âŽ¯âŽ¯âŽ¯âŽ¯âŽ¯âŽ¯âŽ¯âŽ¯âŽ¯âŽ¯âŽ¯âŽ¯âŽ¯âŽ¯âŽ¯âŽ¯âŽ¯âŽ¯âŽ¯âŽ¯âŽ¯âŽ¯âŽ¯âŽ¯âŽ¯âŽ¯âŽ¯âŽ¯âŽ¯âŽ¯âŽ¯âŽ¯âŽ¯âŽ¯âŽ¯âŽ¯âŽ¯âŽ¯âŽ¯âŽ¯âŽ¯âŽ¯âŽ¯âŽ¯âŽ¯âŽ¯âŽ¯âŽ¯âŽ¯âŽ¯âŽ¯âŽ¯âŽ¯âŽ¯âŽ¯âŽ¯âŽ¯âŽ¯âŽ¯âŽ¯âŽ¯âŽ¯âŽ¯âŽ¯âŽ¯âŽ¯âŽ¯âŽ¯âŽ¯âŽ¯âŽ¯âŽ¯âŽ¯âŽ¯âŽ¯âŽ¯âŽ¯âŽ¯âŽ¯âŽ¯âŽ¯âŽ¯âŽ¯âŽ¯âŽ¯âŽ¯âŽ¯âŽ¯âŽ¯âŽ¯âŽ¯âŽ¯âŽ¯âŽ¯âŽ¯âŽ¯âŽ¯âŽ¯âŽ¯âŽ¯âŽ¯âŽ¯âŽ¯âŽ¯âŽ¯âŽ¯âŽ¯âŽ¯âŽ¯âŽ¯âŽ¯âŽ¯âŽ¯âŽ¯âŽ¯âŽ¯âŽ¯âŽ¯âŽ¯âŽ¯âŽ¯âŽ¯âŽ¯âŽ¯âŽ¯âŽ¯âŽ¯âŽ¯âŽ¯âŽ¯âŽ¯âŽ¯âŽ¯âŽ¯âŽ¯[4/37]âŽ¯

 FAIL  test/circuit-breaker.test.ts > Circuit Breaker (circuit-breaker.ts) > withCircuitBreaker > HALF-OPEN state behavior > should only transition to HALF-OPEN after the full timeout period
AssertionError: expected error to have message: Circuit Breaker "half-open-full-timeout-circuit0" is open and not accepting requests.

Expected: "Circuit Breaker "half-open-full-timeout-circuit0" is open and not accepting requests."
Received: "Task failed: Circuit Breaker "half-open-full-timeout-circuit0" is open and not accepting requests."

 â¯ test/circuit-breaker.test.ts:327:9
    325|
    326|         vi.advanceTimersByTime(1999);
    327|         await expect(run(protectedTask, "still-open")).rejects.toThrow(
       |         ^
    328|           new CircuitOpenError(circuitId),
    329|         );

âŽ¯âŽ¯âŽ¯âŽ¯âŽ¯âŽ¯âŽ¯âŽ¯âŽ¯âŽ¯âŽ¯âŽ¯âŽ¯âŽ¯âŽ¯âŽ¯âŽ¯âŽ¯âŽ¯âŽ¯âŽ¯âŽ¯âŽ¯âŽ¯âŽ¯âŽ¯âŽ¯âŽ¯âŽ¯âŽ¯âŽ¯âŽ¯âŽ¯âŽ¯âŽ¯âŽ¯âŽ¯âŽ¯âŽ¯âŽ¯âŽ¯âŽ¯âŽ¯âŽ¯âŽ¯âŽ¯âŽ¯âŽ¯âŽ¯âŽ¯âŽ¯âŽ¯âŽ¯âŽ¯âŽ¯âŽ¯âŽ¯âŽ¯âŽ¯âŽ¯âŽ¯âŽ¯âŽ¯âŽ¯âŽ¯âŽ¯âŽ¯âŽ¯âŽ¯âŽ¯âŽ¯âŽ¯âŽ¯âŽ¯âŽ¯âŽ¯âŽ¯âŽ¯âŽ¯âŽ¯âŽ¯âŽ¯âŽ¯âŽ¯âŽ¯âŽ¯âŽ¯âŽ¯âŽ¯âŽ¯âŽ¯âŽ¯âŽ¯âŽ¯âŽ¯âŽ¯âŽ¯âŽ¯âŽ¯âŽ¯âŽ¯âŽ¯âŽ¯âŽ¯âŽ¯âŽ¯âŽ¯âŽ¯âŽ¯âŽ¯âŽ¯âŽ¯âŽ¯âŽ¯âŽ¯âŽ¯âŽ¯âŽ¯âŽ¯âŽ¯âŽ¯âŽ¯âŽ¯âŽ¯âŽ¯âŽ¯âŽ¯âŽ¯âŽ¯âŽ¯âŽ¯âŽ¯âŽ¯âŽ¯âŽ¯âŽ¯âŽ¯âŽ¯âŽ¯âŽ¯âŽ¯âŽ¯âŽ¯âŽ¯âŽ¯âŽ¯âŽ¯âŽ¯âŽ¯âŽ¯âŽ¯âŽ¯âŽ¯âŽ¯âŽ¯âŽ¯[5/37]âŽ¯

 FAIL  test/circuit-breaker.test.ts > Circuit Breaker (circuit-breaker.ts) > withCircuitBreaker > Configuration options > should respect custom open state timeout
AssertionError: expected error to have message: Circuit Breaker "config-custom-timeout-circuit0" is open and not accepting requests.

Expected: "Circuit Breaker "config-custom-timeout-circuit0" is open and not accepting requests."
Received: "Task failed: Circuit Breaker "config-custom-timeout-circuit0" is open and not accepting requests."

 â¯ test/circuit-breaker.test.ts:390:9
    388|
    389|         vi.advanceTimersByTime(4999);
    390|         await expect(run(protectedTask, "still-open")).rejects.toThrow(
       |         ^
    391|           new CircuitOpenError(circuitId),
    392|         );

âŽ¯âŽ¯âŽ¯âŽ¯âŽ¯âŽ¯âŽ¯âŽ¯âŽ¯âŽ¯âŽ¯âŽ¯âŽ¯âŽ¯âŽ¯âŽ¯âŽ¯âŽ¯âŽ¯âŽ¯âŽ¯âŽ¯âŽ¯âŽ¯âŽ¯âŽ¯âŽ¯âŽ¯âŽ¯âŽ¯âŽ¯âŽ¯âŽ¯âŽ¯âŽ¯âŽ¯âŽ¯âŽ¯âŽ¯âŽ¯âŽ¯âŽ¯âŽ¯âŽ¯âŽ¯âŽ¯âŽ¯âŽ¯âŽ¯âŽ¯âŽ¯âŽ¯âŽ¯âŽ¯âŽ¯âŽ¯âŽ¯âŽ¯âŽ¯âŽ¯âŽ¯âŽ¯âŽ¯âŽ¯âŽ¯âŽ¯âŽ¯âŽ¯âŽ¯âŽ¯âŽ¯âŽ¯âŽ¯âŽ¯âŽ¯âŽ¯âŽ¯âŽ¯âŽ¯âŽ¯âŽ¯âŽ¯âŽ¯âŽ¯âŽ¯âŽ¯âŽ¯âŽ¯âŽ¯âŽ¯âŽ¯âŽ¯âŽ¯âŽ¯âŽ¯âŽ¯âŽ¯âŽ¯âŽ¯âŽ¯âŽ¯âŽ¯âŽ¯âŽ¯âŽ¯âŽ¯âŽ¯âŽ¯âŽ¯âŽ¯âŽ¯âŽ¯âŽ¯âŽ¯âŽ¯âŽ¯âŽ¯âŽ¯âŽ¯âŽ¯âŽ¯âŽ¯âŽ¯âŽ¯âŽ¯âŽ¯âŽ¯âŽ¯âŽ¯âŽ¯âŽ¯âŽ¯âŽ¯âŽ¯âŽ¯âŽ¯âŽ¯âŽ¯âŽ¯âŽ¯âŽ¯âŽ¯âŽ¯âŽ¯âŽ¯âŽ¯âŽ¯âŽ¯âŽ¯âŽ¯âŽ¯âŽ¯âŽ¯âŽ¯âŽ¯âŽ¯[6/37]âŽ¯

 FAIL  test/circuit-breaker.test.ts > Circuit Breaker (circuit-breaker.ts) > withCircuitBreaker > Configuration options > should respect custom isFailure predicate
AssertionError: expected error to be instance of TemporaryError

- Expected:
[Function TemporaryError]

+ Received:
[WorkflowError: Task failed: Temporary]

 â¯ test/circuit-breaker.test.ts:429:9
    427|
    428|         errorToThrow = new TemporaryError();
    429|         await expect(run(protectedTask, "temp1")).rejects.toThrow(
       |         ^
    430|           TemporaryError,
    431|         );

âŽ¯âŽ¯âŽ¯âŽ¯âŽ¯âŽ¯âŽ¯âŽ¯âŽ¯âŽ¯âŽ¯âŽ¯âŽ¯âŽ¯âŽ¯âŽ¯âŽ¯âŽ¯âŽ¯âŽ¯âŽ¯âŽ¯âŽ¯âŽ¯âŽ¯âŽ¯âŽ¯âŽ¯âŽ¯âŽ¯âŽ¯âŽ¯âŽ¯âŽ¯âŽ¯âŽ¯âŽ¯âŽ¯âŽ¯âŽ¯âŽ¯âŽ¯âŽ¯âŽ¯âŽ¯âŽ¯âŽ¯âŽ¯âŽ¯âŽ¯âŽ¯âŽ¯âŽ¯âŽ¯âŽ¯âŽ¯âŽ¯âŽ¯âŽ¯âŽ¯âŽ¯âŽ¯âŽ¯âŽ¯âŽ¯âŽ¯âŽ¯âŽ¯âŽ¯âŽ¯âŽ¯âŽ¯âŽ¯âŽ¯âŽ¯âŽ¯âŽ¯âŽ¯âŽ¯âŽ¯âŽ¯âŽ¯âŽ¯âŽ¯âŽ¯âŽ¯âŽ¯âŽ¯âŽ¯âŽ¯âŽ¯âŽ¯âŽ¯âŽ¯âŽ¯âŽ¯âŽ¯âŽ¯âŽ¯âŽ¯âŽ¯âŽ¯âŽ¯âŽ¯âŽ¯âŽ¯âŽ¯âŽ¯âŽ¯âŽ¯âŽ¯âŽ¯âŽ¯âŽ¯âŽ¯âŽ¯âŽ¯âŽ¯âŽ¯âŽ¯âŽ¯âŽ¯âŽ¯âŽ¯âŽ¯âŽ¯âŽ¯âŽ¯âŽ¯âŽ¯âŽ¯âŽ¯âŽ¯âŽ¯âŽ¯âŽ¯âŽ¯âŽ¯âŽ¯âŽ¯âŽ¯âŽ¯âŽ¯âŽ¯âŽ¯âŽ¯âŽ¯âŽ¯âŽ¯âŽ¯âŽ¯âŽ¯âŽ¯âŽ¯âŽ¯âŽ¯[7/37]âŽ¯

 FAIL  test/circuit-breaker.test.ts > Circuit Breaker (circuit-breaker.ts) > withCircuitBreaker > Multiple circuit instances > should maintain separate state for different circuit IDs
AssertionError: expected error to have message: Circuit Breaker "multi-instance-id-A1" is open and not accepting requests.

Expected: "Circuit Breaker "multi-instance-id-A1" is open and not accepting requests."
Received: "Task failed: Circuit Breaker "multi-instance-id-A1" is open and not accepting requests."

 â¯ test/circuit-breaker.test.ts:537:9
    535|         globalMockLogger.warn.mockClear();
    536|
    537|         await expect(run(protected1, "1b")).rejects.toThrow(
       |         ^
    538|           new CircuitOpenError(id1),
    539|         );

âŽ¯âŽ¯âŽ¯âŽ¯âŽ¯âŽ¯âŽ¯âŽ¯âŽ¯âŽ¯âŽ¯âŽ¯âŽ¯âŽ¯âŽ¯âŽ¯âŽ¯âŽ¯âŽ¯âŽ¯âŽ¯âŽ¯âŽ¯âŽ¯âŽ¯âŽ¯âŽ¯âŽ¯âŽ¯âŽ¯âŽ¯âŽ¯âŽ¯âŽ¯âŽ¯âŽ¯âŽ¯âŽ¯âŽ¯âŽ¯âŽ¯âŽ¯âŽ¯âŽ¯âŽ¯âŽ¯âŽ¯âŽ¯âŽ¯âŽ¯âŽ¯âŽ¯âŽ¯âŽ¯âŽ¯âŽ¯âŽ¯âŽ¯âŽ¯âŽ¯âŽ¯âŽ¯âŽ¯âŽ¯âŽ¯âŽ¯âŽ¯âŽ¯âŽ¯âŽ¯âŽ¯âŽ¯âŽ¯âŽ¯âŽ¯âŽ¯âŽ¯âŽ¯âŽ¯âŽ¯âŽ¯âŽ¯âŽ¯âŽ¯âŽ¯âŽ¯âŽ¯âŽ¯âŽ¯âŽ¯âŽ¯âŽ¯âŽ¯âŽ¯âŽ¯âŽ¯âŽ¯âŽ¯âŽ¯âŽ¯âŽ¯âŽ¯âŽ¯âŽ¯âŽ¯âŽ¯âŽ¯âŽ¯âŽ¯âŽ¯âŽ¯âŽ¯âŽ¯âŽ¯âŽ¯âŽ¯âŽ¯âŽ¯âŽ¯âŽ¯âŽ¯âŽ¯âŽ¯âŽ¯âŽ¯âŽ¯âŽ¯âŽ¯âŽ¯âŽ¯âŽ¯âŽ¯âŽ¯âŽ¯âŽ¯âŽ¯âŽ¯âŽ¯âŽ¯âŽ¯âŽ¯âŽ¯âŽ¯âŽ¯âŽ¯âŽ¯âŽ¯âŽ¯âŽ¯âŽ¯âŽ¯âŽ¯âŽ¯âŽ¯âŽ¯âŽ¯[8/37]âŽ¯

 FAIL  test/circuit-breaker.test.ts > Circuit Breaker (circuit-breaker.ts) > withCircuitBreaker > Edge cases and error scenarios > should handle rapid successive calls correctly (trial request)
AssertionError: expected +0 to be 2 // Object.is equality

- Expected
+ Received

- 2
+ 0

 â¯ test/circuit-breaker.test.ts:692:35
    690|         expect(actualTaskExecutions).toBe(1);
    691|         expect(successResults.length).toBe(1);
    692|         expect(openErrors.length).toBe(2);
       |                                   ^
    693|
    694|         expect(globalMockLogger.warn).toHaveBeenCalledWith(

âŽ¯âŽ¯âŽ¯âŽ¯âŽ¯âŽ¯âŽ¯âŽ¯âŽ¯âŽ¯âŽ¯âŽ¯âŽ¯âŽ¯âŽ¯âŽ¯âŽ¯âŽ¯âŽ¯âŽ¯âŽ¯âŽ¯âŽ¯âŽ¯âŽ¯âŽ¯âŽ¯âŽ¯âŽ¯âŽ¯âŽ¯âŽ¯âŽ¯âŽ¯âŽ¯âŽ¯âŽ¯âŽ¯âŽ¯âŽ¯âŽ¯âŽ¯âŽ¯âŽ¯âŽ¯âŽ¯âŽ¯âŽ¯âŽ¯âŽ¯âŽ¯âŽ¯âŽ¯âŽ¯âŽ¯âŽ¯âŽ¯âŽ¯âŽ¯âŽ¯âŽ¯âŽ¯âŽ¯âŽ¯âŽ¯âŽ¯âŽ¯âŽ¯âŽ¯âŽ¯âŽ¯âŽ¯âŽ¯âŽ¯âŽ¯âŽ¯âŽ¯âŽ¯âŽ¯âŽ¯âŽ¯âŽ¯âŽ¯âŽ¯âŽ¯âŽ¯âŽ¯âŽ¯âŽ¯âŽ¯âŽ¯âŽ¯âŽ¯âŽ¯âŽ¯âŽ¯âŽ¯âŽ¯âŽ¯âŽ¯âŽ¯âŽ¯âŽ¯âŽ¯âŽ¯âŽ¯âŽ¯âŽ¯âŽ¯âŽ¯âŽ¯âŽ¯âŽ¯âŽ¯âŽ¯âŽ¯âŽ¯âŽ¯âŽ¯âŽ¯âŽ¯âŽ¯âŽ¯âŽ¯âŽ¯âŽ¯âŽ¯âŽ¯âŽ¯âŽ¯âŽ¯âŽ¯âŽ¯âŽ¯âŽ¯âŽ¯âŽ¯âŽ¯âŽ¯âŽ¯âŽ¯âŽ¯âŽ¯âŽ¯âŽ¯âŽ¯âŽ¯âŽ¯âŽ¯âŽ¯âŽ¯âŽ¯âŽ¯âŽ¯âŽ¯âŽ¯[9/37]âŽ¯

 FAIL  test/circuit-breaker.test.ts > Circuit Breaker (circuit-breaker.ts) > withCircuitBreaker > Edge cases and error scenarios > should maintain state across different run calls if ID is the same
AssertionError: expected error to have message: Circuit Breaker "fixed-id-for-shared-state-test-runs-B" is open and not accepting requests.

Expected: "Circuit Breaker "fixed-id-for-shared-state-test-runs-B" is open and not accepting requests."
Received: "Task failed: Circuit Breaker "fixed-id-for-shared-state-test-runs-B" is open and not accepting requests."

 â¯ test/circuit-breaker.test.ts:728:9
    726|
    727|         // Call run again with the SAME protectedTask instance
    728|         await expect(
       |         ^
    729|           run(protectedTask, undefined, { overrides: { counter: 123 } }),
    730|         ).rejects.toThrow(new CircuitOpenError(circuitId));

âŽ¯âŽ¯âŽ¯âŽ¯âŽ¯âŽ¯âŽ¯âŽ¯âŽ¯âŽ¯âŽ¯âŽ¯âŽ¯âŽ¯âŽ¯âŽ¯âŽ¯âŽ¯âŽ¯âŽ¯âŽ¯âŽ¯âŽ¯âŽ¯âŽ¯âŽ¯âŽ¯âŽ¯âŽ¯âŽ¯âŽ¯âŽ¯âŽ¯âŽ¯âŽ¯âŽ¯âŽ¯âŽ¯âŽ¯âŽ¯âŽ¯âŽ¯âŽ¯âŽ¯âŽ¯âŽ¯âŽ¯âŽ¯âŽ¯âŽ¯âŽ¯âŽ¯âŽ¯âŽ¯âŽ¯âŽ¯âŽ¯âŽ¯âŽ¯âŽ¯âŽ¯âŽ¯âŽ¯âŽ¯âŽ¯âŽ¯âŽ¯âŽ¯âŽ¯âŽ¯âŽ¯âŽ¯âŽ¯âŽ¯âŽ¯âŽ¯âŽ¯âŽ¯âŽ¯âŽ¯âŽ¯âŽ¯âŽ¯âŽ¯âŽ¯âŽ¯âŽ¯âŽ¯âŽ¯âŽ¯âŽ¯âŽ¯âŽ¯âŽ¯âŽ¯âŽ¯âŽ¯âŽ¯âŽ¯âŽ¯âŽ¯âŽ¯âŽ¯âŽ¯âŽ¯âŽ¯âŽ¯âŽ¯âŽ¯âŽ¯âŽ¯âŽ¯âŽ¯âŽ¯âŽ¯âŽ¯âŽ¯âŽ¯âŽ¯âŽ¯âŽ¯âŽ¯âŽ¯âŽ¯âŽ¯âŽ¯âŽ¯âŽ¯âŽ¯âŽ¯âŽ¯âŽ¯âŽ¯âŽ¯âŽ¯âŽ¯âŽ¯âŽ¯âŽ¯âŽ¯âŽ¯âŽ¯âŽ¯âŽ¯âŽ¯âŽ¯âŽ¯âŽ¯âŽ¯âŽ¯âŽ¯âŽ¯âŽ¯âŽ¯âŽ¯[10/37]âŽ¯

 FAIL  test/circuit-breaker.test.ts > Circuit Breaker (circuit-breaker.ts) > withCircuitBreaker > Recovery scenarios > should handle mixed success/failure patterns correctly
AssertionError: expected error to have message: Circuit Breaker "recovery-mixed-pattern-circuit-B0" is open and not accepting requests.

Expected: "Circuit Breaker "recovery-mixed-pattern-circuit-B0" is open and not accepting requests."
Received: "Task failed: Circuit Breaker "recovery-mixed-pattern-circuit-B0" is open and not accepting requests."

 â¯ test/circuit-breaker.test.ts:775:9
    773|         );
    774|
    775|         await expect(run(protectedTask, undefined)).rejects.toThrow(
       |         ^
    776|           new CircuitOpenError(circuitId),
    777|         );

âŽ¯âŽ¯âŽ¯âŽ¯âŽ¯âŽ¯âŽ¯âŽ¯âŽ¯âŽ¯âŽ¯âŽ¯âŽ¯âŽ¯âŽ¯âŽ¯âŽ¯âŽ¯âŽ¯âŽ¯âŽ¯âŽ¯âŽ¯âŽ¯âŽ¯âŽ¯âŽ¯âŽ¯âŽ¯âŽ¯âŽ¯âŽ¯âŽ¯âŽ¯âŽ¯âŽ¯âŽ¯âŽ¯âŽ¯âŽ¯âŽ¯âŽ¯âŽ¯âŽ¯âŽ¯âŽ¯âŽ¯âŽ¯âŽ¯âŽ¯âŽ¯âŽ¯âŽ¯âŽ¯âŽ¯âŽ¯âŽ¯âŽ¯âŽ¯âŽ¯âŽ¯âŽ¯âŽ¯âŽ¯âŽ¯âŽ¯âŽ¯âŽ¯âŽ¯âŽ¯âŽ¯âŽ¯âŽ¯âŽ¯âŽ¯âŽ¯âŽ¯âŽ¯âŽ¯âŽ¯âŽ¯âŽ¯âŽ¯âŽ¯âŽ¯âŽ¯âŽ¯âŽ¯âŽ¯âŽ¯âŽ¯âŽ¯âŽ¯âŽ¯âŽ¯âŽ¯âŽ¯âŽ¯âŽ¯âŽ¯âŽ¯âŽ¯âŽ¯âŽ¯âŽ¯âŽ¯âŽ¯âŽ¯âŽ¯âŽ¯âŽ¯âŽ¯âŽ¯âŽ¯âŽ¯âŽ¯âŽ¯âŽ¯âŽ¯âŽ¯âŽ¯âŽ¯âŽ¯âŽ¯âŽ¯âŽ¯âŽ¯âŽ¯âŽ¯âŽ¯âŽ¯âŽ¯âŽ¯âŽ¯âŽ¯âŽ¯âŽ¯âŽ¯âŽ¯âŽ¯âŽ¯âŽ¯âŽ¯âŽ¯âŽ¯âŽ¯âŽ¯âŽ¯âŽ¯âŽ¯âŽ¯âŽ¯âŽ¯âŽ¯âŽ¯[11/37]âŽ¯

 FAIL  test/composition-utils.test.ts > Composition Utilities (utils.ts) > Flow control and logic > doWhile > should respect abort signals
 FAIL  test/composition-utils.test.ts > Composition Utilities (utils.ts) > Flow control and logic > sleep > should respect abort signals
 FAIL  test/composition-utils.test.ts > Composition Utilities (utils.ts) > Error handling and resilience > withRetry > should retry failed tasks
 FAIL  test/composition-utils.test.ts > Composition Utilities (utils.ts) > Error handling and resilience > withRetry > should respect shouldRetry predicate
 FAIL  test/composition-utils.test.ts > Composition Utilities (utils.ts) > Task enhancers > withTimeout > should clean up timers on abort
 FAIL  test/composition-utils.test.ts > Composition Utilities (utils.ts) > Advanced scheduling and batching > withThrottle > should respect abort signals in throttle queue
 FAIL  test/worker.test.ts > Web Worker Utilities (worker.ts) > runStreamOnWorker (Streaming) > should stream all results successfully from the worker
 FAIL  test/worker.test.ts > Web Worker Utilities (worker.ts) > runStreamOnWorker (Streaming) > should propagate an error thrown from the worker stream
 FAIL  test/worker.test.ts > Web Worker Utilities (worker.ts) > runStreamOnWorker (Streaming) > should handle cancellation from the main thread during streaming
 FAIL  test/worker.test.ts > Web Worker Utilities (worker.ts) > runStreamOnWorker (Streaming) > should handle the consumer breaking the loop early
Error: Test timed out in 5000ms.
If this is a long-running test, pass a timeout value as the last argument or configure it globally with "testTimeout".
âŽ¯âŽ¯âŽ¯âŽ¯âŽ¯âŽ¯âŽ¯âŽ¯âŽ¯âŽ¯âŽ¯âŽ¯âŽ¯âŽ¯âŽ¯âŽ¯âŽ¯âŽ¯âŽ¯âŽ¯âŽ¯âŽ¯âŽ¯âŽ¯âŽ¯âŽ¯âŽ¯âŽ¯âŽ¯âŽ¯âŽ¯âŽ¯âŽ¯âŽ¯âŽ¯âŽ¯âŽ¯âŽ¯âŽ¯âŽ¯âŽ¯âŽ¯âŽ¯âŽ¯âŽ¯âŽ¯âŽ¯âŽ¯âŽ¯âŽ¯âŽ¯âŽ¯âŽ¯âŽ¯âŽ¯âŽ¯âŽ¯âŽ¯âŽ¯âŽ¯âŽ¯âŽ¯âŽ¯âŽ¯âŽ¯âŽ¯âŽ¯âŽ¯âŽ¯âŽ¯âŽ¯âŽ¯âŽ¯âŽ¯âŽ¯âŽ¯âŽ¯âŽ¯âŽ¯âŽ¯âŽ¯âŽ¯âŽ¯âŽ¯âŽ¯âŽ¯âŽ¯âŽ¯âŽ¯âŽ¯âŽ¯âŽ¯âŽ¯âŽ¯âŽ¯âŽ¯âŽ¯âŽ¯âŽ¯âŽ¯âŽ¯âŽ¯âŽ¯âŽ¯âŽ¯âŽ¯âŽ¯âŽ¯âŽ¯âŽ¯âŽ¯âŽ¯âŽ¯âŽ¯âŽ¯âŽ¯âŽ¯âŽ¯âŽ¯âŽ¯âŽ¯âŽ¯âŽ¯âŽ¯âŽ¯âŽ¯âŽ¯âŽ¯âŽ¯âŽ¯âŽ¯âŽ¯âŽ¯âŽ¯âŽ¯âŽ¯âŽ¯âŽ¯âŽ¯âŽ¯âŽ¯âŽ¯âŽ¯âŽ¯âŽ¯âŽ¯âŽ¯âŽ¯âŽ¯âŽ¯âŽ¯âŽ¯âŽ¯âŽ¯âŽ¯[12/37]âŽ¯

 FAIL  test/composition-utils.test.ts > Composition Utilities (utils.ts) > Error handling and resilience > withRetry > should use exponential backoff
AssertionError: promise resolved "undefined" instead of rejecting

- Expected:
[Error: rejected promise]

+ Received:
undefined

 â¯ test/composition-utils.test.ts:738:29
    736|         await vi.advanceTimersByTimeAsync(300);
    737|
    738|         await expect(promise).rejects.toThrow("Temporary failure");
       |                             ^
    739|         expect(attempts).toBe(3);
    740|       });

âŽ¯âŽ¯âŽ¯âŽ¯âŽ¯âŽ¯âŽ¯âŽ¯âŽ¯âŽ¯âŽ¯âŽ¯âŽ¯âŽ¯âŽ¯âŽ¯âŽ¯âŽ¯âŽ¯âŽ¯âŽ¯âŽ¯âŽ¯âŽ¯âŽ¯âŽ¯âŽ¯âŽ¯âŽ¯âŽ¯âŽ¯âŽ¯âŽ¯âŽ¯âŽ¯âŽ¯âŽ¯âŽ¯âŽ¯âŽ¯âŽ¯âŽ¯âŽ¯âŽ¯âŽ¯âŽ¯âŽ¯âŽ¯âŽ¯âŽ¯âŽ¯âŽ¯âŽ¯âŽ¯âŽ¯âŽ¯âŽ¯âŽ¯âŽ¯âŽ¯âŽ¯âŽ¯âŽ¯âŽ¯âŽ¯âŽ¯âŽ¯âŽ¯âŽ¯âŽ¯âŽ¯âŽ¯âŽ¯âŽ¯âŽ¯âŽ¯âŽ¯âŽ¯âŽ¯âŽ¯âŽ¯âŽ¯âŽ¯âŽ¯âŽ¯âŽ¯âŽ¯âŽ¯âŽ¯âŽ¯âŽ¯âŽ¯âŽ¯âŽ¯âŽ¯âŽ¯âŽ¯âŽ¯âŽ¯âŽ¯âŽ¯âŽ¯âŽ¯âŽ¯âŽ¯âŽ¯âŽ¯âŽ¯âŽ¯âŽ¯âŽ¯âŽ¯âŽ¯âŽ¯âŽ¯âŽ¯âŽ¯âŽ¯âŽ¯âŽ¯âŽ¯âŽ¯âŽ¯âŽ¯âŽ¯âŽ¯âŽ¯âŽ¯âŽ¯âŽ¯âŽ¯âŽ¯âŽ¯âŽ¯âŽ¯âŽ¯âŽ¯âŽ¯âŽ¯âŽ¯âŽ¯âŽ¯âŽ¯âŽ¯âŽ¯âŽ¯âŽ¯âŽ¯âŽ¯âŽ¯âŽ¯âŽ¯âŽ¯âŽ¯âŽ¯[13/37]âŽ¯

 FAIL  test/composition-utils.test.ts > Composition Utilities (utils.ts) > Task enhancers > withState > should manage stateful workflows and provide tools via context
WorkflowError: Task failed: useState() can only be used within a task wrapped by withState(). Ensure withState() is an ancestor enhancer in your workflow.
 â¯ runImpl src/run.ts:939:15
    937|         }
    938|
    939|         throw new WorkflowError(
       |               ^
    940|           `Task failed: ${error instanceof Error ? error.message : String(error)}`,
    941|           error,
 â¯ test/composition-utils.test.ts:981:24

Caused by: Error: useState() can only be used within a task wrapped by withState(). Ensure withState() is an ancestor enhancer in your workflow.
 â¯ Module.useState src/utils.ts:1521:11
 â¯ test/composition-utils.test.ts:955:34
 â¯ src/utils.ts:789:11
 â¯ liftedContextAwareFn src/utils.ts:387:24
 â¯ workflow(liftedContextAwareFn_then_liftedContextAwareFn_then_liftedContextAwareFn) src/utils.ts:412:28
 â¯ src/utils.ts:1592:13
 â¯ Object.callAsync node_modules/.pnpm/unctx@2.4.1/node_modules/unctx/dist/index.mjs:68:29
 â¯ _INTERNAL_provideImpl src/run.ts:1301:38
 â¯ provide src/run.ts:1393:10

âŽ¯âŽ¯âŽ¯âŽ¯âŽ¯âŽ¯âŽ¯âŽ¯âŽ¯âŽ¯âŽ¯âŽ¯âŽ¯âŽ¯âŽ¯âŽ¯âŽ¯âŽ¯âŽ¯âŽ¯âŽ¯âŽ¯âŽ¯âŽ¯âŽ¯âŽ¯âŽ¯âŽ¯âŽ¯âŽ¯âŽ¯âŽ¯âŽ¯âŽ¯âŽ¯âŽ¯âŽ¯âŽ¯âŽ¯âŽ¯âŽ¯âŽ¯âŽ¯âŽ¯âŽ¯âŽ¯âŽ¯âŽ¯âŽ¯âŽ¯âŽ¯âŽ¯âŽ¯âŽ¯âŽ¯âŽ¯âŽ¯âŽ¯âŽ¯âŽ¯âŽ¯âŽ¯âŽ¯âŽ¯âŽ¯âŽ¯âŽ¯âŽ¯âŽ¯âŽ¯âŽ¯âŽ¯âŽ¯âŽ¯âŽ¯âŽ¯âŽ¯âŽ¯âŽ¯âŽ¯âŽ¯âŽ¯âŽ¯âŽ¯âŽ¯âŽ¯âŽ¯âŽ¯âŽ¯âŽ¯âŽ¯âŽ¯âŽ¯âŽ¯âŽ¯âŽ¯âŽ¯âŽ¯âŽ¯âŽ¯âŽ¯âŽ¯âŽ¯âŽ¯âŽ¯âŽ¯âŽ¯âŽ¯âŽ¯âŽ¯âŽ¯âŽ¯âŽ¯âŽ¯âŽ¯âŽ¯âŽ¯âŽ¯âŽ¯âŽ¯âŽ¯âŽ¯âŽ¯âŽ¯âŽ¯âŽ¯âŽ¯âŽ¯âŽ¯âŽ¯âŽ¯âŽ¯âŽ¯âŽ¯âŽ¯âŽ¯âŽ¯âŽ¯âŽ¯âŽ¯âŽ¯âŽ¯âŽ¯âŽ¯âŽ¯âŽ¯âŽ¯âŽ¯âŽ¯âŽ¯âŽ¯âŽ¯âŽ¯âŽ¯âŽ¯[14/37]âŽ¯

 FAIL  test/composition-utils.test.ts > Composition Utilities (utils.ts) > Advanced scheduling and batching > withPoll > should timeout if condition is never met
AssertionError: expected error to be instance of PollTimeoutError

- Expected:
[Function PollTimeoutError]

+ Received:
[WorkflowError: Task failed: Task 'anonymousTask' timed out after 250ms.]

âŽ¯âŽ¯âŽ¯âŽ¯âŽ¯âŽ¯âŽ¯âŽ¯âŽ¯âŽ¯âŽ¯âŽ¯âŽ¯âŽ¯âŽ¯âŽ¯âŽ¯âŽ¯âŽ¯âŽ¯âŽ¯âŽ¯âŽ¯âŽ¯âŽ¯âŽ¯âŽ¯âŽ¯âŽ¯âŽ¯âŽ¯âŽ¯âŽ¯âŽ¯âŽ¯âŽ¯âŽ¯âŽ¯âŽ¯âŽ¯âŽ¯âŽ¯âŽ¯âŽ¯âŽ¯âŽ¯âŽ¯âŽ¯âŽ¯âŽ¯âŽ¯âŽ¯âŽ¯âŽ¯âŽ¯âŽ¯âŽ¯âŽ¯âŽ¯âŽ¯âŽ¯âŽ¯âŽ¯âŽ¯âŽ¯âŽ¯âŽ¯âŽ¯âŽ¯âŽ¯âŽ¯âŽ¯âŽ¯âŽ¯âŽ¯âŽ¯âŽ¯âŽ¯âŽ¯âŽ¯âŽ¯âŽ¯âŽ¯âŽ¯âŽ¯âŽ¯âŽ¯âŽ¯âŽ¯âŽ¯âŽ¯âŽ¯âŽ¯âŽ¯âŽ¯âŽ¯âŽ¯âŽ¯âŽ¯âŽ¯âŽ¯âŽ¯âŽ¯âŽ¯âŽ¯âŽ¯âŽ¯âŽ¯âŽ¯âŽ¯âŽ¯âŽ¯âŽ¯âŽ¯âŽ¯âŽ¯âŽ¯âŽ¯âŽ¯âŽ¯âŽ¯âŽ¯âŽ¯âŽ¯âŽ¯âŽ¯âŽ¯âŽ¯âŽ¯âŽ¯âŽ¯âŽ¯âŽ¯âŽ¯âŽ¯âŽ¯âŽ¯âŽ¯âŽ¯âŽ¯âŽ¯âŽ¯âŽ¯âŽ¯âŽ¯âŽ¯âŽ¯âŽ¯âŽ¯âŽ¯âŽ¯âŽ¯âŽ¯âŽ¯âŽ¯[15/37]âŽ¯

 FAIL  test/composition-utils.test.ts > Composition Utilities (utils.ts) > Advanced scheduling and batching > createBatchingTask > should respect abort signals in batch queue
AssertionError: expected [Function] to throw error including 'Aborted' but got 'Task failed: This operation was abortâ€¦'

Expected: "Aborted"
Received: "Task failed: This operation was aborted"

âŽ¯âŽ¯âŽ¯âŽ¯âŽ¯âŽ¯âŽ¯âŽ¯âŽ¯âŽ¯âŽ¯âŽ¯âŽ¯âŽ¯âŽ¯âŽ¯âŽ¯âŽ¯âŽ¯âŽ¯âŽ¯âŽ¯âŽ¯âŽ¯âŽ¯âŽ¯âŽ¯âŽ¯âŽ¯âŽ¯âŽ¯âŽ¯âŽ¯âŽ¯âŽ¯âŽ¯âŽ¯âŽ¯âŽ¯âŽ¯âŽ¯âŽ¯âŽ¯âŽ¯âŽ¯âŽ¯âŽ¯âŽ¯âŽ¯âŽ¯âŽ¯âŽ¯âŽ¯âŽ¯âŽ¯âŽ¯âŽ¯âŽ¯âŽ¯âŽ¯âŽ¯âŽ¯âŽ¯âŽ¯âŽ¯âŽ¯âŽ¯âŽ¯âŽ¯âŽ¯âŽ¯âŽ¯âŽ¯âŽ¯âŽ¯âŽ¯âŽ¯âŽ¯âŽ¯âŽ¯âŽ¯âŽ¯âŽ¯âŽ¯âŽ¯âŽ¯âŽ¯âŽ¯âŽ¯âŽ¯âŽ¯âŽ¯âŽ¯âŽ¯âŽ¯âŽ¯âŽ¯âŽ¯âŽ¯âŽ¯âŽ¯âŽ¯âŽ¯âŽ¯âŽ¯âŽ¯âŽ¯âŽ¯âŽ¯âŽ¯âŽ¯âŽ¯âŽ¯âŽ¯âŽ¯âŽ¯âŽ¯âŽ¯âŽ¯âŽ¯âŽ¯âŽ¯âŽ¯âŽ¯âŽ¯âŽ¯âŽ¯âŽ¯âŽ¯âŽ¯âŽ¯âŽ¯âŽ¯âŽ¯âŽ¯âŽ¯âŽ¯âŽ¯âŽ¯âŽ¯âŽ¯âŽ¯âŽ¯âŽ¯âŽ¯âŽ¯âŽ¯âŽ¯âŽ¯âŽ¯âŽ¯âŽ¯âŽ¯âŽ¯âŽ¯[16/37]âŽ¯

 FAIL  test/core-run.test.ts > Core Execution Engine (run.ts) > provide function and context overrides > should temporarily override context values
Error: Context is not available
 â¯ Object.use node_modules/.pnpm/unctx@2.4.1/node_modules/unctx/dist/index.mjs:31:15
 â¯ provide src/run.ts:2312:57
    2310|   ): Promise<Pr> {
    2311|     let parentDataForProvide: C;
    2312|     const activeCtxForThisInstance = localUnctxInstance.use();
       |                                                         ^
    2313|
    2314|     if (activeCtxForThisInstance) {
 â¯ test/core-run.test.ts:329:33

âŽ¯âŽ¯âŽ¯âŽ¯âŽ¯âŽ¯âŽ¯âŽ¯âŽ¯âŽ¯âŽ¯âŽ¯âŽ¯âŽ¯âŽ¯âŽ¯âŽ¯âŽ¯âŽ¯âŽ¯âŽ¯âŽ¯âŽ¯âŽ¯âŽ¯âŽ¯âŽ¯âŽ¯âŽ¯âŽ¯âŽ¯âŽ¯âŽ¯âŽ¯âŽ¯âŽ¯âŽ¯âŽ¯âŽ¯âŽ¯âŽ¯âŽ¯âŽ¯âŽ¯âŽ¯âŽ¯âŽ¯âŽ¯âŽ¯âŽ¯âŽ¯âŽ¯âŽ¯âŽ¯âŽ¯âŽ¯âŽ¯âŽ¯âŽ¯âŽ¯âŽ¯âŽ¯âŽ¯âŽ¯âŽ¯âŽ¯âŽ¯âŽ¯âŽ¯âŽ¯âŽ¯âŽ¯âŽ¯âŽ¯âŽ¯âŽ¯âŽ¯âŽ¯âŽ¯âŽ¯âŽ¯âŽ¯âŽ¯âŽ¯âŽ¯âŽ¯âŽ¯âŽ¯âŽ¯âŽ¯âŽ¯âŽ¯âŽ¯âŽ¯âŽ¯âŽ¯âŽ¯âŽ¯âŽ¯âŽ¯âŽ¯âŽ¯âŽ¯âŽ¯âŽ¯âŽ¯âŽ¯âŽ¯âŽ¯âŽ¯âŽ¯âŽ¯âŽ¯âŽ¯âŽ¯âŽ¯âŽ¯âŽ¯âŽ¯âŽ¯âŽ¯âŽ¯âŽ¯âŽ¯âŽ¯âŽ¯âŽ¯âŽ¯âŽ¯âŽ¯âŽ¯âŽ¯âŽ¯âŽ¯âŽ¯âŽ¯âŽ¯âŽ¯âŽ¯âŽ¯âŽ¯âŽ¯âŽ¯âŽ¯âŽ¯âŽ¯âŽ¯âŽ¯âŽ¯âŽ¯âŽ¯âŽ¯âŽ¯âŽ¯âŽ¯[17/37]âŽ¯

 FAIL  test/core-run.test.ts > Core Execution Engine (run.ts) > provide function and context overrides > should nest provide calls correctly
AssertionError: expected { userId: 'test-user', counter: +0 } to deeply equal { userId: 'level1', counter: 42 }

- Expected
+ Received

  Object {
-   "counter": 42,
-   "userId": "level1",
+   "counter": 0,
+   "userId": "test-user",
  }

 â¯ test/core-run.test.ts:356:22
    354|       }, undefined);
    355|
    356|       expect(result).toEqual({ userId: "level1", counter: 42 });
       |                      ^
    357|     });
    358|

âŽ¯âŽ¯âŽ¯âŽ¯âŽ¯âŽ¯âŽ¯âŽ¯âŽ¯âŽ¯âŽ¯âŽ¯âŽ¯âŽ¯âŽ¯âŽ¯âŽ¯âŽ¯âŽ¯âŽ¯âŽ¯âŽ¯âŽ¯âŽ¯âŽ¯âŽ¯âŽ¯âŽ¯âŽ¯âŽ¯âŽ¯âŽ¯âŽ¯âŽ¯âŽ¯âŽ¯âŽ¯âŽ¯âŽ¯âŽ¯âŽ¯âŽ¯âŽ¯âŽ¯âŽ¯âŽ¯âŽ¯âŽ¯âŽ¯âŽ¯âŽ¯âŽ¯âŽ¯âŽ¯âŽ¯âŽ¯âŽ¯âŽ¯âŽ¯âŽ¯âŽ¯âŽ¯âŽ¯âŽ¯âŽ¯âŽ¯âŽ¯âŽ¯âŽ¯âŽ¯âŽ¯âŽ¯âŽ¯âŽ¯âŽ¯âŽ¯âŽ¯âŽ¯âŽ¯âŽ¯âŽ¯âŽ¯âŽ¯âŽ¯âŽ¯âŽ¯âŽ¯âŽ¯âŽ¯âŽ¯âŽ¯âŽ¯âŽ¯âŽ¯âŽ¯âŽ¯âŽ¯âŽ¯âŽ¯âŽ¯âŽ¯âŽ¯âŽ¯âŽ¯âŽ¯âŽ¯âŽ¯âŽ¯âŽ¯âŽ¯âŽ¯âŽ¯âŽ¯âŽ¯âŽ¯âŽ¯âŽ¯âŽ¯âŽ¯âŽ¯âŽ¯âŽ¯âŽ¯âŽ¯âŽ¯âŽ¯âŽ¯âŽ¯âŽ¯âŽ¯âŽ¯âŽ¯âŽ¯âŽ¯âŽ¯âŽ¯âŽ¯âŽ¯âŽ¯âŽ¯âŽ¯âŽ¯âŽ¯âŽ¯âŽ¯âŽ¯âŽ¯âŽ¯âŽ¯âŽ¯âŽ¯âŽ¯âŽ¯âŽ¯âŽ¯[18/37]âŽ¯

 FAIL  test/core-run.test.ts > Core Execution Engine (run.ts) > Dependency injection > should create and use injection tokens
Error: Context is not available
 â¯ Object.use node_modules/.pnpm/unctx@2.4.1/node_modules/unctx/dist/index.mjs:31:15
 â¯ provide src/run.ts:2312:57
    2310|   ): Promise<Pr> {
    2311|     let parentDataForProvide: C;
    2312|     const activeCtxForThisInstance = localUnctxInstance.use();
       |                                                         ^
    2313|
    2314|     if (activeCtxForThisInstance) {
 â¯ test/core-run.test.ts:461:28

âŽ¯âŽ¯âŽ¯âŽ¯âŽ¯âŽ¯âŽ¯âŽ¯âŽ¯âŽ¯âŽ¯âŽ¯âŽ¯âŽ¯âŽ¯âŽ¯âŽ¯âŽ¯âŽ¯âŽ¯âŽ¯âŽ¯âŽ¯âŽ¯âŽ¯âŽ¯âŽ¯âŽ¯âŽ¯âŽ¯âŽ¯âŽ¯âŽ¯âŽ¯âŽ¯âŽ¯âŽ¯âŽ¯âŽ¯âŽ¯âŽ¯âŽ¯âŽ¯âŽ¯âŽ¯âŽ¯âŽ¯âŽ¯âŽ¯âŽ¯âŽ¯âŽ¯âŽ¯âŽ¯âŽ¯âŽ¯âŽ¯âŽ¯âŽ¯âŽ¯âŽ¯âŽ¯âŽ¯âŽ¯âŽ¯âŽ¯âŽ¯âŽ¯âŽ¯âŽ¯âŽ¯âŽ¯âŽ¯âŽ¯âŽ¯âŽ¯âŽ¯âŽ¯âŽ¯âŽ¯âŽ¯âŽ¯âŽ¯âŽ¯âŽ¯âŽ¯âŽ¯âŽ¯âŽ¯âŽ¯âŽ¯âŽ¯âŽ¯âŽ¯âŽ¯âŽ¯âŽ¯âŽ¯âŽ¯âŽ¯âŽ¯âŽ¯âŽ¯âŽ¯âŽ¯âŽ¯âŽ¯âŽ¯âŽ¯âŽ¯âŽ¯âŽ¯âŽ¯âŽ¯âŽ¯âŽ¯âŽ¯âŽ¯âŽ¯âŽ¯âŽ¯âŽ¯âŽ¯âŽ¯âŽ¯âŽ¯âŽ¯âŽ¯âŽ¯âŽ¯âŽ¯âŽ¯âŽ¯âŽ¯âŽ¯âŽ¯âŽ¯âŽ¯âŽ¯âŽ¯âŽ¯âŽ¯âŽ¯âŽ¯âŽ¯âŽ¯âŽ¯âŽ¯âŽ¯âŽ¯âŽ¯âŽ¯âŽ¯âŽ¯âŽ¯[19/37]âŽ¯

 FAIL  test/resource-management.test.ts > Resource Management (bracket.ts) > withResource (bracket) > should handle errors in both use and release phases
AssertionError: expected error to be instance of AggregateError

- Expected:
[Function AggregateError]

+ Received:
[WorkflowError: Task failed: An error occurred during the "use" phase, and a subsequent error occurred during the "release" phase.]

 â¯ test/resource-management.test.ts:146:7
    144|       });
    145|
    146|       await expect(run(workflow, 'test-input')).rejects.toThrow(AggregateError);
       |       ^
    147|       await expect(run(workflow, 'test-input')).rejects.toThrow('An error occurred during the "use" phase, and a subsequent error occurred during the "reâ€¦
    148|     });

âŽ¯âŽ¯âŽ¯âŽ¯âŽ¯âŽ¯âŽ¯âŽ¯âŽ¯âŽ¯âŽ¯âŽ¯âŽ¯âŽ¯âŽ¯âŽ¯âŽ¯âŽ¯âŽ¯âŽ¯âŽ¯âŽ¯âŽ¯âŽ¯âŽ¯âŽ¯âŽ¯âŽ¯âŽ¯âŽ¯âŽ¯âŽ¯âŽ¯âŽ¯âŽ¯âŽ¯âŽ¯âŽ¯âŽ¯âŽ¯âŽ¯âŽ¯âŽ¯âŽ¯âŽ¯âŽ¯âŽ¯âŽ¯âŽ¯âŽ¯âŽ¯âŽ¯âŽ¯âŽ¯âŽ¯âŽ¯âŽ¯âŽ¯âŽ¯âŽ¯âŽ¯âŽ¯âŽ¯âŽ¯âŽ¯âŽ¯âŽ¯âŽ¯âŽ¯âŽ¯âŽ¯âŽ¯âŽ¯âŽ¯âŽ¯âŽ¯âŽ¯âŽ¯âŽ¯âŽ¯âŽ¯âŽ¯âŽ¯âŽ¯âŽ¯âŽ¯âŽ¯âŽ¯âŽ¯âŽ¯âŽ¯âŽ¯âŽ¯âŽ¯âŽ¯âŽ¯âŽ¯âŽ¯âŽ¯âŽ¯âŽ¯âŽ¯âŽ¯âŽ¯âŽ¯âŽ¯âŽ¯âŽ¯âŽ¯âŽ¯âŽ¯âŽ¯âŽ¯âŽ¯âŽ¯âŽ¯âŽ¯âŽ¯âŽ¯âŽ¯âŽ¯âŽ¯âŽ¯âŽ¯âŽ¯âŽ¯âŽ¯âŽ¯âŽ¯âŽ¯âŽ¯âŽ¯âŽ¯âŽ¯âŽ¯âŽ¯âŽ¯âŽ¯âŽ¯âŽ¯âŽ¯âŽ¯âŽ¯âŽ¯âŽ¯âŽ¯âŽ¯âŽ¯âŽ¯âŽ¯âŽ¯âŽ¯âŽ¯âŽ¯âŽ¯[20/37]âŽ¯

 FAIL  test/telemetry.test.ts > Telemetry (telemetry.ts) > Higher-Level Enhancers > withObservability should call span, timer, and counter logic
AssertionError: expected "spy" to be called with arguments: [ 'observed_duration', Any<Object> ]

Received:

  1st spy call:

  Array [
-   "observed_duration",
-   Any<Object>,
+   "observed.duration",
+   Object {
+     "description": "Execution time for withCounter(anonymousTask)",
+     "unit": "ms",
+   },
  ]


Number of calls: 1

 â¯ test/telemetry.test.ts:251:41
    249|         expect.any(Function),
    250|       );
    251|       expect(mockMeter.createHistogram).toHaveBeenCalledWith(
       |                                         ^
    252|         "observed_duration",
    253|         expect.any(Object),

âŽ¯âŽ¯âŽ¯âŽ¯âŽ¯âŽ¯âŽ¯âŽ¯âŽ¯âŽ¯âŽ¯âŽ¯âŽ¯âŽ¯âŽ¯âŽ¯âŽ¯âŽ¯âŽ¯âŽ¯âŽ¯âŽ¯âŽ¯âŽ¯âŽ¯âŽ¯âŽ¯âŽ¯âŽ¯âŽ¯âŽ¯âŽ¯âŽ¯âŽ¯âŽ¯âŽ¯âŽ¯âŽ¯âŽ¯âŽ¯âŽ¯âŽ¯âŽ¯âŽ¯âŽ¯âŽ¯âŽ¯âŽ¯âŽ¯âŽ¯âŽ¯âŽ¯âŽ¯âŽ¯âŽ¯âŽ¯âŽ¯âŽ¯âŽ¯âŽ¯âŽ¯âŽ¯âŽ¯âŽ¯âŽ¯âŽ¯âŽ¯âŽ¯âŽ¯âŽ¯âŽ¯âŽ¯âŽ¯âŽ¯âŽ¯âŽ¯âŽ¯âŽ¯âŽ¯âŽ¯âŽ¯âŽ¯âŽ¯âŽ¯âŽ¯âŽ¯âŽ¯âŽ¯âŽ¯âŽ¯âŽ¯âŽ¯âŽ¯âŽ¯âŽ¯âŽ¯âŽ¯âŽ¯âŽ¯âŽ¯âŽ¯âŽ¯âŽ¯âŽ¯âŽ¯âŽ¯âŽ¯âŽ¯âŽ¯âŽ¯âŽ¯âŽ¯âŽ¯âŽ¯âŽ¯âŽ¯âŽ¯âŽ¯âŽ¯âŽ¯âŽ¯âŽ¯âŽ¯âŽ¯âŽ¯âŽ¯âŽ¯âŽ¯âŽ¯âŽ¯âŽ¯âŽ¯âŽ¯âŽ¯âŽ¯âŽ¯âŽ¯âŽ¯âŽ¯âŽ¯âŽ¯âŽ¯âŽ¯âŽ¯âŽ¯âŽ¯âŽ¯âŽ¯âŽ¯âŽ¯âŽ¯âŽ¯âŽ¯âŽ¯âŽ¯[21/37]âŽ¯

 FAIL  test/telemetry.test.ts > Telemetry (telemetry.ts) > Manual Span Helpers > getCurrentSpan should return the active span
AssertionError: expected null to be { setAttributes: [Function spy], â€¦(3) } // Object.is equality

- Expected:
Object {
  "end": [Function spy],
  "recordException": [Function spy],
  "setAttributes": [Function spy],
  "setStatus": [Function spy],
}

+ Received:
null

 â¯ test/telemetry.test.ts:300:20
    298|       };
    299|       const span = getCurrentSpan(context);
    300|       expect(span).toBe(mockSpan);
       |                    ^
    301|       expect(mockTracer.getActiveSpan).toHaveBeenCalled();
    302|     });

âŽ¯âŽ¯âŽ¯âŽ¯âŽ¯âŽ¯âŽ¯âŽ¯âŽ¯âŽ¯âŽ¯âŽ¯âŽ¯âŽ¯âŽ¯âŽ¯âŽ¯âŽ¯âŽ¯âŽ¯âŽ¯âŽ¯âŽ¯âŽ¯âŽ¯âŽ¯âŽ¯âŽ¯âŽ¯âŽ¯âŽ¯âŽ¯âŽ¯âŽ¯âŽ¯âŽ¯âŽ¯âŽ¯âŽ¯âŽ¯âŽ¯âŽ¯âŽ¯âŽ¯âŽ¯âŽ¯âŽ¯âŽ¯âŽ¯âŽ¯âŽ¯âŽ¯âŽ¯âŽ¯âŽ¯âŽ¯âŽ¯âŽ¯âŽ¯âŽ¯âŽ¯âŽ¯âŽ¯âŽ¯âŽ¯âŽ¯âŽ¯âŽ¯âŽ¯âŽ¯âŽ¯âŽ¯âŽ¯âŽ¯âŽ¯âŽ¯âŽ¯âŽ¯âŽ¯âŽ¯âŽ¯âŽ¯âŽ¯âŽ¯âŽ¯âŽ¯âŽ¯âŽ¯âŽ¯âŽ¯âŽ¯âŽ¯âŽ¯âŽ¯âŽ¯âŽ¯âŽ¯âŽ¯âŽ¯âŽ¯âŽ¯âŽ¯âŽ¯âŽ¯âŽ¯âŽ¯âŽ¯âŽ¯âŽ¯âŽ¯âŽ¯âŽ¯âŽ¯âŽ¯âŽ¯âŽ¯âŽ¯âŽ¯âŽ¯âŽ¯âŽ¯âŽ¯âŽ¯âŽ¯âŽ¯âŽ¯âŽ¯âŽ¯âŽ¯âŽ¯âŽ¯âŽ¯âŽ¯âŽ¯âŽ¯âŽ¯âŽ¯âŽ¯âŽ¯âŽ¯âŽ¯âŽ¯âŽ¯âŽ¯âŽ¯âŽ¯âŽ¯âŽ¯âŽ¯âŽ¯âŽ¯âŽ¯âŽ¯âŽ¯âŽ¯[22/37]âŽ¯

 FAIL  test/telemetry.test.ts > Telemetry (telemetry.ts) > @traced Decorator > should wrap a class method with a span
AssertionError: expected "spy" to be called with arguments: [ 'my-service-method', Any<Function> ]

Received:

  1st spy call:

  Array [
    "my-service-method",
-   Any<Function>,
+   Object {},
+   [Function anonymous],
  ]


Number of calls: 1

 â¯ test/telemetry.test.ts:326:42
    324|
    325|       expect(result).toBe("work done on test");
    326|       expect(mockTracer.startActiveSpan).toHaveBeenCalledWith(
       |                                          ^
    327|         "my-service-method",
    328|         expect.any(Function),

âŽ¯âŽ¯âŽ¯âŽ¯âŽ¯âŽ¯âŽ¯âŽ¯âŽ¯âŽ¯âŽ¯âŽ¯âŽ¯âŽ¯âŽ¯âŽ¯âŽ¯âŽ¯âŽ¯âŽ¯âŽ¯âŽ¯âŽ¯âŽ¯âŽ¯âŽ¯âŽ¯âŽ¯âŽ¯âŽ¯âŽ¯âŽ¯âŽ¯âŽ¯âŽ¯âŽ¯âŽ¯âŽ¯âŽ¯âŽ¯âŽ¯âŽ¯âŽ¯âŽ¯âŽ¯âŽ¯âŽ¯âŽ¯âŽ¯âŽ¯âŽ¯âŽ¯âŽ¯âŽ¯âŽ¯âŽ¯âŽ¯âŽ¯âŽ¯âŽ¯âŽ¯âŽ¯âŽ¯âŽ¯âŽ¯âŽ¯âŽ¯âŽ¯âŽ¯âŽ¯âŽ¯âŽ¯âŽ¯âŽ¯âŽ¯âŽ¯âŽ¯âŽ¯âŽ¯âŽ¯âŽ¯âŽ¯âŽ¯âŽ¯âŽ¯âŽ¯âŽ¯âŽ¯âŽ¯âŽ¯âŽ¯âŽ¯âŽ¯âŽ¯âŽ¯âŽ¯âŽ¯âŽ¯âŽ¯âŽ¯âŽ¯âŽ¯âŽ¯âŽ¯âŽ¯âŽ¯âŽ¯âŽ¯âŽ¯âŽ¯âŽ¯âŽ¯âŽ¯âŽ¯âŽ¯âŽ¯âŽ¯âŽ¯âŽ¯âŽ¯âŽ¯âŽ¯âŽ¯âŽ¯âŽ¯âŽ¯âŽ¯âŽ¯âŽ¯âŽ¯âŽ¯âŽ¯âŽ¯âŽ¯âŽ¯âŽ¯âŽ¯âŽ¯âŽ¯âŽ¯âŽ¯âŽ¯âŽ¯âŽ¯âŽ¯âŽ¯âŽ¯âŽ¯âŽ¯âŽ¯âŽ¯âŽ¯âŽ¯âŽ¯âŽ¯[23/37]âŽ¯

 FAIL  test/telemetry.test.ts > Telemetry (telemetry.ts) > @traced Decorator > should use class.method as default span name
AssertionError: expected "spy" to be called with arguments: [ Array(2) ]

Received:

  1st spy call:

  Array [
    "MyOtherService.anotherMethod",
-   Any<Function>,
+   Object {},
+   [Function anonymous],
  ]


Number of calls: 1

 â¯ test/telemetry.test.ts:349:42
    347|       await service.anotherMethod();
    348|
    349|       expect(mockTracer.startActiveSpan).toHaveBeenCalledWith(
       |                                          ^
    350|         "MyOtherService.anotherMethod",
    351|         expect.any(Function),

âŽ¯âŽ¯âŽ¯âŽ¯âŽ¯âŽ¯âŽ¯âŽ¯âŽ¯âŽ¯âŽ¯âŽ¯âŽ¯âŽ¯âŽ¯âŽ¯âŽ¯âŽ¯âŽ¯âŽ¯âŽ¯âŽ¯âŽ¯âŽ¯âŽ¯âŽ¯âŽ¯âŽ¯âŽ¯âŽ¯âŽ¯âŽ¯âŽ¯âŽ¯âŽ¯âŽ¯âŽ¯âŽ¯âŽ¯âŽ¯âŽ¯âŽ¯âŽ¯âŽ¯âŽ¯âŽ¯âŽ¯âŽ¯âŽ¯âŽ¯âŽ¯âŽ¯âŽ¯âŽ¯âŽ¯âŽ¯âŽ¯âŽ¯âŽ¯âŽ¯âŽ¯âŽ¯âŽ¯âŽ¯âŽ¯âŽ¯âŽ¯âŽ¯âŽ¯âŽ¯âŽ¯âŽ¯âŽ¯âŽ¯âŽ¯âŽ¯âŽ¯âŽ¯âŽ¯âŽ¯âŽ¯âŽ¯âŽ¯âŽ¯âŽ¯âŽ¯âŽ¯âŽ¯âŽ¯âŽ¯âŽ¯âŽ¯âŽ¯âŽ¯âŽ¯âŽ¯âŽ¯âŽ¯âŽ¯âŽ¯âŽ¯âŽ¯âŽ¯âŽ¯âŽ¯âŽ¯âŽ¯âŽ¯âŽ¯âŽ¯âŽ¯âŽ¯âŽ¯âŽ¯âŽ¯âŽ¯âŽ¯âŽ¯âŽ¯âŽ¯âŽ¯âŽ¯âŽ¯âŽ¯âŽ¯âŽ¯âŽ¯âŽ¯âŽ¯âŽ¯âŽ¯âŽ¯âŽ¯âŽ¯âŽ¯âŽ¯âŽ¯âŽ¯âŽ¯âŽ¯âŽ¯âŽ¯âŽ¯âŽ¯âŽ¯âŽ¯âŽ¯âŽ¯âŽ¯âŽ¯âŽ¯âŽ¯âŽ¯âŽ¯âŽ¯[24/37]âŽ¯

 FAIL  test/worker.test.ts > Web Worker Utilities (worker.ts) > runOnWorker (Request-Response) > should successfully execute a task on the worker and return the result
WorkflowError: Task failed: Seroval caught an error during the deserialization process.

TypeError
Cannot read properties of undefined (reading 't')

- For more information, please check the "cause" property of this error.
- If you believe this is an error in Seroval, please submit an issue at https://github.com/lxsmnsyc/seroval/issues/new
 â¯ runImpl src/run.ts:939:15
    937|         }
    938|
    939|         throw new WorkflowError(
       |               ^
    940|           `Task failed: ${error instanceof Error ? error.message : String(error)}`,
    941|           error,
 â¯ test/worker.test.ts:135:22

Caused by: Error: Seroval caught an error during the deserialization process.

TypeError
Cannot read properties of undefined (reading 't')

- For more information, please check the "cause" property of this error.
- If you believe this is an error in Seroval, please submit an issue at https://github.com/lxsmnsyc/seroval/issues/new
 â¯ VanillaDeserializerContext.deserializeTop node_modules/.pnpm/seroval@1.3.2/node_modules/seroval/src/core/context/deserializer.ts:379:13
 â¯ Module.fromJSON node_modules/.pnpm/seroval@1.3.2/node_modules/seroval/src/core/tree/index.ts:110:14
 â¯ MockMessagePort.worker2.onmessage src/worker.ts:316:38
 â¯ test/worker.test.ts:28:25

Caused by: TypeError: Cannot read properties of undefined (reading 't')
 â¯ VanillaDeserializerContext.deserialize node_modules/.pnpm/seroval@1.3.2/node_modules/seroval/src/core/context/deserializer.ts:384:18
 â¯ VanillaDeserializerContext.deserializeTop node_modules/.pnpm/seroval@1.3.2/node_modules/seroval/src/core/context/deserializer.ts:377:19
 â¯ Module.fromJSON node_modules/.pnpm/seroval@1.3.2/node_modules/seroval/src/core/tree/index.ts:110:14
 â¯ MockMessagePort.worker2.onmessage src/worker.ts:316:38
 â¯ test/worker.test.ts:28:25

âŽ¯âŽ¯âŽ¯âŽ¯âŽ¯âŽ¯âŽ¯âŽ¯âŽ¯âŽ¯âŽ¯âŽ¯âŽ¯âŽ¯âŽ¯âŽ¯âŽ¯âŽ¯âŽ¯âŽ¯âŽ¯âŽ¯âŽ¯âŽ¯âŽ¯âŽ¯âŽ¯âŽ¯âŽ¯âŽ¯âŽ¯âŽ¯âŽ¯âŽ¯âŽ¯âŽ¯âŽ¯âŽ¯âŽ¯âŽ¯âŽ¯âŽ¯âŽ¯âŽ¯âŽ¯âŽ¯âŽ¯âŽ¯âŽ¯âŽ¯âŽ¯âŽ¯âŽ¯âŽ¯âŽ¯âŽ¯âŽ¯âŽ¯âŽ¯âŽ¯âŽ¯âŽ¯âŽ¯âŽ¯âŽ¯âŽ¯âŽ¯âŽ¯âŽ¯âŽ¯âŽ¯âŽ¯âŽ¯âŽ¯âŽ¯âŽ¯âŽ¯âŽ¯âŽ¯âŽ¯âŽ¯âŽ¯âŽ¯âŽ¯âŽ¯âŽ¯âŽ¯âŽ¯âŽ¯âŽ¯âŽ¯âŽ¯âŽ¯âŽ¯âŽ¯âŽ¯âŽ¯âŽ¯âŽ¯âŽ¯âŽ¯âŽ¯âŽ¯âŽ¯âŽ¯âŽ¯âŽ¯âŽ¯âŽ¯âŽ¯âŽ¯âŽ¯âŽ¯âŽ¯âŽ¯âŽ¯âŽ¯âŽ¯âŽ¯âŽ¯âŽ¯âŽ¯âŽ¯âŽ¯âŽ¯âŽ¯âŽ¯âŽ¯âŽ¯âŽ¯âŽ¯âŽ¯âŽ¯âŽ¯âŽ¯âŽ¯âŽ¯âŽ¯âŽ¯âŽ¯âŽ¯âŽ¯âŽ¯âŽ¯âŽ¯âŽ¯âŽ¯âŽ¯âŽ¯âŽ¯âŽ¯âŽ¯âŽ¯âŽ¯âŽ¯[25/37]âŽ¯

 FAIL  test/worker.test.ts > Web Worker Utilities (worker.ts) > runOnWorker (Request-Response) > should correctly propagate an error from the worker task
AssertionError: expected [Function] to throw error including 'Worker task failed deliberately' but got 'Task failed: Seroval caught an error â€¦'

- Expected
+ Received

- Worker task failed deliberately
+ Task failed: Seroval caught an error during the deserialization process.
+
+ TypeError
+ Cannot read properties of undefined (reading 't')
+
+ - For more information, please check the "cause" property of this error.
+ - If you believe this is an error in Seroval, please submit an issue at https://github.com/lxsmnsyc/seroval/issues/new

 â¯ test/worker.test.ts:143:7
    141|         plugins: [DOMExceptionPlugin],
    142|       });
    143|       await expect(testRun(remoteTask, null)).rejects.toThrow(
       |       ^
    144|         "Worker task failed deliberately",
    145|       );

âŽ¯âŽ¯âŽ¯âŽ¯âŽ¯âŽ¯âŽ¯âŽ¯âŽ¯âŽ¯âŽ¯âŽ¯âŽ¯âŽ¯âŽ¯âŽ¯âŽ¯âŽ¯âŽ¯âŽ¯âŽ¯âŽ¯âŽ¯âŽ¯âŽ¯âŽ¯âŽ¯âŽ¯âŽ¯âŽ¯âŽ¯âŽ¯âŽ¯âŽ¯âŽ¯âŽ¯âŽ¯âŽ¯âŽ¯âŽ¯âŽ¯âŽ¯âŽ¯âŽ¯âŽ¯âŽ¯âŽ¯âŽ¯âŽ¯âŽ¯âŽ¯âŽ¯âŽ¯âŽ¯âŽ¯âŽ¯âŽ¯âŽ¯âŽ¯âŽ¯âŽ¯âŽ¯âŽ¯âŽ¯âŽ¯âŽ¯âŽ¯âŽ¯âŽ¯âŽ¯âŽ¯âŽ¯âŽ¯âŽ¯âŽ¯âŽ¯âŽ¯âŽ¯âŽ¯âŽ¯âŽ¯âŽ¯âŽ¯âŽ¯âŽ¯âŽ¯âŽ¯âŽ¯âŽ¯âŽ¯âŽ¯âŽ¯âŽ¯âŽ¯âŽ¯âŽ¯âŽ¯âŽ¯âŽ¯âŽ¯âŽ¯âŽ¯âŽ¯âŽ¯âŽ¯âŽ¯âŽ¯âŽ¯âŽ¯âŽ¯âŽ¯âŽ¯âŽ¯âŽ¯âŽ¯âŽ¯âŽ¯âŽ¯âŽ¯âŽ¯âŽ¯âŽ¯âŽ¯âŽ¯âŽ¯âŽ¯âŽ¯âŽ¯âŽ¯âŽ¯âŽ¯âŽ¯âŽ¯âŽ¯âŽ¯âŽ¯âŽ¯âŽ¯âŽ¯âŽ¯âŽ¯âŽ¯âŽ¯âŽ¯âŽ¯âŽ¯âŽ¯âŽ¯âŽ¯âŽ¯âŽ¯âŽ¯âŽ¯âŽ¯âŽ¯[26/37]âŽ¯

 FAIL  test/worker.test.ts > Web Worker Utilities (worker.ts) > runOnWorker (Request-Response) > should reject if the taskId is not found on the worker
AssertionError: expected [Function] to throw error including 'Task "nonExistentTask" not found on wâ€¦' but got 'Task failed: Seroval caught an error â€¦'

- Expected
+ Received

- Task "nonExistentTask" not found on worker
+ Task failed: Seroval caught an error during the deserialization process.
+
+ TypeError
+ Cannot read properties of undefined (reading 't')
+
+ - For more information, please check the "cause" property of this error.
+ - If you believe this is an error in Seroval, please submit an issue at https://github.com/lxsmnsyc/seroval/issues/new

 â¯ test/worker.test.ts:150:7
    148|     it("should reject if the taskId is not found on the worker", async () => {
    149|       const remoteTask = runOnWorker(mockWorker as any, "nonExistentTask");
    150|       await expect(testRun(remoteTask, null)).rejects.toThrow(
       |       ^
    151|         'Task "nonExistentTask" not found on worker',
    152|       );

âŽ¯âŽ¯âŽ¯âŽ¯âŽ¯âŽ¯âŽ¯âŽ¯âŽ¯âŽ¯âŽ¯âŽ¯âŽ¯âŽ¯âŽ¯âŽ¯âŽ¯âŽ¯âŽ¯âŽ¯âŽ¯âŽ¯âŽ¯âŽ¯âŽ¯âŽ¯âŽ¯âŽ¯âŽ¯âŽ¯âŽ¯âŽ¯âŽ¯âŽ¯âŽ¯âŽ¯âŽ¯âŽ¯âŽ¯âŽ¯âŽ¯âŽ¯âŽ¯âŽ¯âŽ¯âŽ¯âŽ¯âŽ¯âŽ¯âŽ¯âŽ¯âŽ¯âŽ¯âŽ¯âŽ¯âŽ¯âŽ¯âŽ¯âŽ¯âŽ¯âŽ¯âŽ¯âŽ¯âŽ¯âŽ¯âŽ¯âŽ¯âŽ¯âŽ¯âŽ¯âŽ¯âŽ¯âŽ¯âŽ¯âŽ¯âŽ¯âŽ¯âŽ¯âŽ¯âŽ¯âŽ¯âŽ¯âŽ¯âŽ¯âŽ¯âŽ¯âŽ¯âŽ¯âŽ¯âŽ¯âŽ¯âŽ¯âŽ¯âŽ¯âŽ¯âŽ¯âŽ¯âŽ¯âŽ¯âŽ¯âŽ¯âŽ¯âŽ¯âŽ¯âŽ¯âŽ¯âŽ¯âŽ¯âŽ¯âŽ¯âŽ¯âŽ¯âŽ¯âŽ¯âŽ¯âŽ¯âŽ¯âŽ¯âŽ¯âŽ¯âŽ¯âŽ¯âŽ¯âŽ¯âŽ¯âŽ¯âŽ¯âŽ¯âŽ¯âŽ¯âŽ¯âŽ¯âŽ¯âŽ¯âŽ¯âŽ¯âŽ¯âŽ¯âŽ¯âŽ¯âŽ¯âŽ¯âŽ¯âŽ¯âŽ¯âŽ¯âŽ¯âŽ¯âŽ¯âŽ¯âŽ¯âŽ¯âŽ¯âŽ¯âŽ¯[27/37]âŽ¯

 FAIL  test/worker.test.ts > Web Worker Utilities (worker.ts) > runOnWorker (Request-Response) > should handle cancellation from the main thread
AssertionError: expected [Function] to throw error including 'Operation aborted by main thread' but got 'Task failed: This operation was abortâ€¦'

Expected: "Operation aborted by main thread"
Received: "Task failed: This operation was aborted"

 â¯ test/worker.test.ts:167:7
    165|       controller.abort();
    166|
    167|       await expect(promise).rejects.toThrow("Operation aborted by main thread");
       |       ^
    168|     });
    169|   });

âŽ¯âŽ¯âŽ¯âŽ¯âŽ¯âŽ¯âŽ¯âŽ¯âŽ¯âŽ¯âŽ¯âŽ¯âŽ¯âŽ¯âŽ¯âŽ¯âŽ¯âŽ¯âŽ¯âŽ¯âŽ¯âŽ¯âŽ¯âŽ¯âŽ¯âŽ¯âŽ¯âŽ¯âŽ¯âŽ¯âŽ¯âŽ¯âŽ¯âŽ¯âŽ¯âŽ¯âŽ¯âŽ¯âŽ¯âŽ¯âŽ¯âŽ¯âŽ¯âŽ¯âŽ¯âŽ¯âŽ¯âŽ¯âŽ¯âŽ¯âŽ¯âŽ¯âŽ¯âŽ¯âŽ¯âŽ¯âŽ¯âŽ¯âŽ¯âŽ¯âŽ¯âŽ¯âŽ¯âŽ¯âŽ¯âŽ¯âŽ¯âŽ¯âŽ¯âŽ¯âŽ¯âŽ¯âŽ¯âŽ¯âŽ¯âŽ¯âŽ¯âŽ¯âŽ¯âŽ¯âŽ¯âŽ¯âŽ¯âŽ¯âŽ¯âŽ¯âŽ¯âŽ¯âŽ¯âŽ¯âŽ¯âŽ¯âŽ¯âŽ¯âŽ¯âŽ¯âŽ¯âŽ¯âŽ¯âŽ¯âŽ¯âŽ¯âŽ¯âŽ¯âŽ¯âŽ¯âŽ¯âŽ¯âŽ¯âŽ¯âŽ¯âŽ¯âŽ¯âŽ¯âŽ¯âŽ¯âŽ¯âŽ¯âŽ¯âŽ¯âŽ¯âŽ¯âŽ¯âŽ¯âŽ¯âŽ¯âŽ¯âŽ¯âŽ¯âŽ¯âŽ¯âŽ¯âŽ¯âŽ¯âŽ¯âŽ¯âŽ¯âŽ¯âŽ¯âŽ¯âŽ¯âŽ¯âŽ¯âŽ¯âŽ¯âŽ¯âŽ¯âŽ¯âŽ¯âŽ¯âŽ¯âŽ¯âŽ¯âŽ¯âŽ¯[28/37]âŽ¯

âŽ¯âŽ¯âŽ¯âŽ¯âŽ¯âŽ¯âŽ¯âŽ¯âŽ¯âŽ¯âŽ¯âŽ¯âŽ¯âŽ¯âŽ¯âŽ¯âŽ¯âŽ¯âŽ¯âŽ¯âŽ¯âŽ¯âŽ¯âŽ¯âŽ¯âŽ¯âŽ¯âŽ¯âŽ¯âŽ¯âŽ¯âŽ¯âŽ¯âŽ¯âŽ¯âŽ¯âŽ¯âŽ¯âŽ¯âŽ¯âŽ¯âŽ¯âŽ¯âŽ¯âŽ¯âŽ¯âŽ¯âŽ¯âŽ¯âŽ¯âŽ¯âŽ¯âŽ¯âŽ¯âŽ¯âŽ¯âŽ¯âŽ¯âŽ¯âŽ¯âŽ¯âŽ¯âŽ¯âŽ¯âŽ¯âŽ¯âŽ¯âŽ¯âŽ¯âŽ¯âŽ¯âŽ¯ Unhandled Errors âŽ¯âŽ¯âŽ¯âŽ¯âŽ¯âŽ¯âŽ¯âŽ¯âŽ¯âŽ¯âŽ¯âŽ¯âŽ¯âŽ¯âŽ¯âŽ¯âŽ¯âŽ¯âŽ¯âŽ¯âŽ¯âŽ¯âŽ¯âŽ¯âŽ¯âŽ¯âŽ¯âŽ¯âŽ¯âŽ¯âŽ¯âŽ¯âŽ¯âŽ¯âŽ¯âŽ¯âŽ¯âŽ¯âŽ¯âŽ¯âŽ¯âŽ¯âŽ¯âŽ¯âŽ¯âŽ¯âŽ¯âŽ¯âŽ¯âŽ¯âŽ¯âŽ¯âŽ¯âŽ¯âŽ¯âŽ¯âŽ¯âŽ¯âŽ¯âŽ¯âŽ¯âŽ¯âŽ¯âŽ¯âŽ¯âŽ¯âŽ¯âŽ¯âŽ¯âŽ¯âŽ¯âŽ¯âŽ¯

Vitest caught 6 unhandled errors during the test run.
This might cause false positive tests. Resolve unhandled errors to make sure your tests are not affected.

âŽ¯âŽ¯âŽ¯âŽ¯âŽ¯âŽ¯âŽ¯âŽ¯âŽ¯âŽ¯âŽ¯âŽ¯âŽ¯âŽ¯âŽ¯âŽ¯âŽ¯âŽ¯âŽ¯âŽ¯âŽ¯âŽ¯âŽ¯âŽ¯âŽ¯âŽ¯âŽ¯âŽ¯âŽ¯âŽ¯âŽ¯âŽ¯âŽ¯âŽ¯âŽ¯âŽ¯âŽ¯âŽ¯âŽ¯âŽ¯âŽ¯âŽ¯âŽ¯âŽ¯âŽ¯âŽ¯âŽ¯âŽ¯âŽ¯âŽ¯âŽ¯âŽ¯âŽ¯âŽ¯âŽ¯âŽ¯âŽ¯âŽ¯âŽ¯âŽ¯âŽ¯âŽ¯âŽ¯âŽ¯âŽ¯âŽ¯âŽ¯âŽ¯âŽ¯âŽ¯âŽ¯ Unhandled Rejection âŽ¯âŽ¯âŽ¯âŽ¯âŽ¯âŽ¯âŽ¯âŽ¯âŽ¯âŽ¯âŽ¯âŽ¯âŽ¯âŽ¯âŽ¯âŽ¯âŽ¯âŽ¯âŽ¯âŽ¯âŽ¯âŽ¯âŽ¯âŽ¯âŽ¯âŽ¯âŽ¯âŽ¯âŽ¯âŽ¯âŽ¯âŽ¯âŽ¯âŽ¯âŽ¯âŽ¯âŽ¯âŽ¯âŽ¯âŽ¯âŽ¯âŽ¯âŽ¯âŽ¯âŽ¯âŽ¯âŽ¯âŽ¯âŽ¯âŽ¯âŽ¯âŽ¯âŽ¯âŽ¯âŽ¯âŽ¯âŽ¯âŽ¯âŽ¯âŽ¯âŽ¯âŽ¯âŽ¯âŽ¯âŽ¯âŽ¯âŽ¯âŽ¯âŽ¯âŽ¯âŽ¯
WorkflowError: Task failed: Always fails
 â¯ runImpl src/run.ts:939:15
    937|         }
    938|
    939|         throw new WorkflowError(
       |               ^
    940|           `Task failed: ${error instanceof Error ? error.message : String(error)}`,
    941|           error,

âŽ¯âŽ¯âŽ¯âŽ¯âŽ¯âŽ¯âŽ¯âŽ¯âŽ¯âŽ¯âŽ¯âŽ¯âŽ¯âŽ¯âŽ¯âŽ¯âŽ¯âŽ¯âŽ¯âŽ¯âŽ¯âŽ¯âŽ¯âŽ¯âŽ¯âŽ¯âŽ¯âŽ¯âŽ¯âŽ¯âŽ¯âŽ¯âŽ¯âŽ¯âŽ¯âŽ¯âŽ¯âŽ¯âŽ¯âŽ¯âŽ¯âŽ¯âŽ¯âŽ¯âŽ¯âŽ¯âŽ¯âŽ¯âŽ¯âŽ¯âŽ¯âŽ¯âŽ¯âŽ¯âŽ¯âŽ¯âŽ¯âŽ¯âŽ¯âŽ¯âŽ¯âŽ¯âŽ¯âŽ¯âŽ¯âŽ¯âŽ¯âŽ¯âŽ¯âŽ¯âŽ¯âŽ¯âŽ¯âŽ¯âŽ¯âŽ¯âŽ¯âŽ¯âŽ¯âŽ¯âŽ¯âŽ¯âŽ¯âŽ¯âŽ¯âŽ¯âŽ¯âŽ¯âŽ¯âŽ¯âŽ¯âŽ¯âŽ¯âŽ¯âŽ¯âŽ¯âŽ¯âŽ¯âŽ¯âŽ¯âŽ¯âŽ¯âŽ¯âŽ¯âŽ¯âŽ¯âŽ¯âŽ¯âŽ¯âŽ¯âŽ¯âŽ¯âŽ¯âŽ¯âŽ¯âŽ¯âŽ¯âŽ¯âŽ¯âŽ¯âŽ¯âŽ¯âŽ¯âŽ¯âŽ¯âŽ¯âŽ¯âŽ¯âŽ¯âŽ¯âŽ¯âŽ¯âŽ¯âŽ¯âŽ¯âŽ¯âŽ¯âŽ¯âŽ¯âŽ¯âŽ¯âŽ¯âŽ¯âŽ¯âŽ¯âŽ¯âŽ¯âŽ¯âŽ¯âŽ¯âŽ¯âŽ¯âŽ¯âŽ¯âŽ¯âŽ¯âŽ¯âŽ¯âŽ¯âŽ¯âŽ¯âŽ¯âŽ¯
Serialized Error: { taskName: 'withRetry(anonymousTask, attempts=2)', taskIndex: +0 }
This error originated in "test/composition-utils.test.ts" test file. It doesn't mean the error was thrown inside the file itself, but while it was running.
The latest test that might've caused the error is "should fail after max attempts". It might mean one of the following:
- The error was thrown, while Vitest was running this test.
- If the error occurred after the test had been completed, this was the last documented test before it was thrown.
Caused by: Error: Always fails
 â¯ test/composition-utils.test.ts:704:17
 â¯ anonymousTask src/run.ts:552:12
 â¯ withRetry(anonymousTask, attempts=2) src/utils.ts:1117:22
 â¯ Object.callAsync node_modules/.pnpm/unctx@2.4.1/node_modules/unctx/dist/index.mjs:72:16
 â¯ runImpl src/run.ts:906:24


âŽ¯âŽ¯âŽ¯âŽ¯âŽ¯âŽ¯âŽ¯âŽ¯âŽ¯âŽ¯âŽ¯âŽ¯âŽ¯âŽ¯âŽ¯âŽ¯âŽ¯âŽ¯âŽ¯âŽ¯âŽ¯âŽ¯âŽ¯âŽ¯âŽ¯âŽ¯âŽ¯âŽ¯âŽ¯âŽ¯âŽ¯âŽ¯âŽ¯âŽ¯âŽ¯âŽ¯âŽ¯âŽ¯âŽ¯âŽ¯âŽ¯âŽ¯âŽ¯âŽ¯âŽ¯âŽ¯âŽ¯âŽ¯âŽ¯âŽ¯âŽ¯âŽ¯âŽ¯âŽ¯âŽ¯âŽ¯âŽ¯âŽ¯âŽ¯âŽ¯âŽ¯âŽ¯âŽ¯âŽ¯âŽ¯âŽ¯âŽ¯âŽ¯âŽ¯âŽ¯âŽ¯ Unhandled Rejection âŽ¯âŽ¯âŽ¯âŽ¯âŽ¯âŽ¯âŽ¯âŽ¯âŽ¯âŽ¯âŽ¯âŽ¯âŽ¯âŽ¯âŽ¯âŽ¯âŽ¯âŽ¯âŽ¯âŽ¯âŽ¯âŽ¯âŽ¯âŽ¯âŽ¯âŽ¯âŽ¯âŽ¯âŽ¯âŽ¯âŽ¯âŽ¯âŽ¯âŽ¯âŽ¯âŽ¯âŽ¯âŽ¯âŽ¯âŽ¯âŽ¯âŽ¯âŽ¯âŽ¯âŽ¯âŽ¯âŽ¯âŽ¯âŽ¯âŽ¯âŽ¯âŽ¯âŽ¯âŽ¯âŽ¯âŽ¯âŽ¯âŽ¯âŽ¯âŽ¯âŽ¯âŽ¯âŽ¯âŽ¯âŽ¯âŽ¯âŽ¯âŽ¯âŽ¯âŽ¯âŽ¯
WorkflowError: Task failed: Task 'anonymousTask' timed out after 500ms.
 â¯ runImpl src/run.ts:939:15
    937|         }
    938|
    939|         throw new WorkflowError(
       |               ^
    940|           `Task failed: ${error instanceof Error ? error.message : String(error)}`,
    941|           error,

âŽ¯âŽ¯âŽ¯âŽ¯âŽ¯âŽ¯âŽ¯âŽ¯âŽ¯âŽ¯âŽ¯âŽ¯âŽ¯âŽ¯âŽ¯âŽ¯âŽ¯âŽ¯âŽ¯âŽ¯âŽ¯âŽ¯âŽ¯âŽ¯âŽ¯âŽ¯âŽ¯âŽ¯âŽ¯âŽ¯âŽ¯âŽ¯âŽ¯âŽ¯âŽ¯âŽ¯âŽ¯âŽ¯âŽ¯âŽ¯âŽ¯âŽ¯âŽ¯âŽ¯âŽ¯âŽ¯âŽ¯âŽ¯âŽ¯âŽ¯âŽ¯âŽ¯âŽ¯âŽ¯âŽ¯âŽ¯âŽ¯âŽ¯âŽ¯âŽ¯âŽ¯âŽ¯âŽ¯âŽ¯âŽ¯âŽ¯âŽ¯âŽ¯âŽ¯âŽ¯âŽ¯âŽ¯âŽ¯âŽ¯âŽ¯âŽ¯âŽ¯âŽ¯âŽ¯âŽ¯âŽ¯âŽ¯âŽ¯âŽ¯âŽ¯âŽ¯âŽ¯âŽ¯âŽ¯âŽ¯âŽ¯âŽ¯âŽ¯âŽ¯âŽ¯âŽ¯âŽ¯âŽ¯âŽ¯âŽ¯âŽ¯âŽ¯âŽ¯âŽ¯âŽ¯âŽ¯âŽ¯âŽ¯âŽ¯âŽ¯âŽ¯âŽ¯âŽ¯âŽ¯âŽ¯âŽ¯âŽ¯âŽ¯âŽ¯âŽ¯âŽ¯âŽ¯âŽ¯âŽ¯âŽ¯âŽ¯âŽ¯âŽ¯âŽ¯âŽ¯âŽ¯âŽ¯âŽ¯âŽ¯âŽ¯âŽ¯âŽ¯âŽ¯âŽ¯âŽ¯âŽ¯âŽ¯âŽ¯âŽ¯âŽ¯âŽ¯âŽ¯âŽ¯âŽ¯âŽ¯âŽ¯âŽ¯âŽ¯âŽ¯âŽ¯âŽ¯âŽ¯âŽ¯âŽ¯âŽ¯âŽ¯âŽ¯âŽ¯
Serialized Error: { taskName: 'withTimeout(anonymousTask, 500ms)', taskIndex: +0 }
This error originated in "test/composition-utils.test.ts" test file. It doesn't mean the error was thrown inside the file itself, but while it was running.
The latest test that might've caused the error is "should timeout long-running tasks". It might mean one of the following:
- The error was thrown, while Vitest was running this test.
- If the error occurred after the test had been completed, this was the last documented test before it was thrown.
Caused by: TimeoutError: Task 'anonymousTask' timed out after 500ms.
 â¯ src/utils.ts:1413:16
 â¯ callTimer node_modules/.pnpm/vitest@2.1.8_@types+node@22.10.2_jsdom@26.1.0/node_modules/vitest/dist/chunks/vi.DgezovHB.js:2300:25
 â¯ doTickInner node_modules/.pnpm/vitest@2.1.8_@types+node@22.10.2_jsdom@26.1.0/node_modules/vitest/dist/chunks/vi.DgezovHB.js:2886:30
 â¯ doTick node_modules/.pnpm/vitest@2.1.8_@types+node@22.10.2_jsdom@26.1.0/node_modules/vitest/dist/chunks/vi.DgezovHB.js:2967:21
 â¯ Immediate.<anonymous> node_modules/.pnpm/vitest@2.1.8_@types+node@22.10.2_jsdom@26.1.0/node_modules/vitest/dist/chunks/vi.DgezovHB.js:2987:30
 â¯ processImmediate node:internal/timers:483:21
 â¯ process.callbackTrampoline node:internal/async_hooks:130:17

âŽ¯âŽ¯âŽ¯âŽ¯âŽ¯âŽ¯âŽ¯âŽ¯âŽ¯âŽ¯âŽ¯âŽ¯âŽ¯âŽ¯âŽ¯âŽ¯âŽ¯âŽ¯âŽ¯âŽ¯âŽ¯âŽ¯âŽ¯âŽ¯âŽ¯âŽ¯âŽ¯âŽ¯âŽ¯âŽ¯âŽ¯âŽ¯âŽ¯âŽ¯âŽ¯âŽ¯âŽ¯âŽ¯âŽ¯âŽ¯âŽ¯âŽ¯âŽ¯âŽ¯âŽ¯âŽ¯âŽ¯âŽ¯âŽ¯âŽ¯âŽ¯âŽ¯âŽ¯âŽ¯âŽ¯âŽ¯âŽ¯âŽ¯âŽ¯âŽ¯âŽ¯âŽ¯âŽ¯âŽ¯âŽ¯âŽ¯âŽ¯âŽ¯âŽ¯âŽ¯âŽ¯âŽ¯âŽ¯âŽ¯âŽ¯âŽ¯âŽ¯âŽ¯âŽ¯âŽ¯âŽ¯âŽ¯âŽ¯âŽ¯âŽ¯âŽ¯âŽ¯âŽ¯âŽ¯âŽ¯âŽ¯âŽ¯âŽ¯âŽ¯âŽ¯âŽ¯âŽ¯âŽ¯âŽ¯âŽ¯âŽ¯âŽ¯âŽ¯âŽ¯âŽ¯âŽ¯âŽ¯âŽ¯âŽ¯âŽ¯âŽ¯âŽ¯âŽ¯âŽ¯âŽ¯âŽ¯âŽ¯âŽ¯âŽ¯âŽ¯âŽ¯âŽ¯âŽ¯âŽ¯âŽ¯âŽ¯âŽ¯âŽ¯âŽ¯âŽ¯âŽ¯âŽ¯âŽ¯âŽ¯âŽ¯âŽ¯âŽ¯âŽ¯âŽ¯âŽ¯âŽ¯âŽ¯âŽ¯âŽ¯âŽ¯âŽ¯âŽ¯âŽ¯âŽ¯âŽ¯âŽ¯âŽ¯âŽ¯âŽ¯âŽ¯âŽ¯âŽ¯âŽ¯âŽ¯âŽ¯âŽ¯âŽ¯âŽ¯
Serialized Error: { _tag: 'TimeoutError' }

âŽ¯âŽ¯âŽ¯âŽ¯âŽ¯âŽ¯âŽ¯âŽ¯âŽ¯âŽ¯âŽ¯âŽ¯âŽ¯âŽ¯âŽ¯âŽ¯âŽ¯âŽ¯âŽ¯âŽ¯âŽ¯âŽ¯âŽ¯âŽ¯âŽ¯âŽ¯âŽ¯âŽ¯âŽ¯âŽ¯âŽ¯âŽ¯âŽ¯âŽ¯âŽ¯âŽ¯âŽ¯âŽ¯âŽ¯âŽ¯âŽ¯âŽ¯âŽ¯âŽ¯âŽ¯âŽ¯âŽ¯âŽ¯âŽ¯âŽ¯âŽ¯âŽ¯âŽ¯âŽ¯âŽ¯âŽ¯âŽ¯âŽ¯âŽ¯âŽ¯âŽ¯âŽ¯âŽ¯âŽ¯âŽ¯âŽ¯âŽ¯âŽ¯âŽ¯âŽ¯âŽ¯ Unhandled Rejection âŽ¯âŽ¯âŽ¯âŽ¯âŽ¯âŽ¯âŽ¯âŽ¯âŽ¯âŽ¯âŽ¯âŽ¯âŽ¯âŽ¯âŽ¯âŽ¯âŽ¯âŽ¯âŽ¯âŽ¯âŽ¯âŽ¯âŽ¯âŽ¯âŽ¯âŽ¯âŽ¯âŽ¯âŽ¯âŽ¯âŽ¯âŽ¯âŽ¯âŽ¯âŽ¯âŽ¯âŽ¯âŽ¯âŽ¯âŽ¯âŽ¯âŽ¯âŽ¯âŽ¯âŽ¯âŽ¯âŽ¯âŽ¯âŽ¯âŽ¯âŽ¯âŽ¯âŽ¯âŽ¯âŽ¯âŽ¯âŽ¯âŽ¯âŽ¯âŽ¯âŽ¯âŽ¯âŽ¯âŽ¯âŽ¯âŽ¯âŽ¯âŽ¯âŽ¯âŽ¯âŽ¯
WorkflowError: Task failed: Task 'anonymousTask' timed out after 250ms.
 â¯ runImpl src/run.ts:939:15
    937|         }
    938|
    939|         throw new WorkflowError(
       |               ^
    940|           `Task failed: ${error instanceof Error ? error.message : String(error)}`,
    941|           error,

âŽ¯âŽ¯âŽ¯âŽ¯âŽ¯âŽ¯âŽ¯âŽ¯âŽ¯âŽ¯âŽ¯âŽ¯âŽ¯âŽ¯âŽ¯âŽ¯âŽ¯âŽ¯âŽ¯âŽ¯âŽ¯âŽ¯âŽ¯âŽ¯âŽ¯âŽ¯âŽ¯âŽ¯âŽ¯âŽ¯âŽ¯âŽ¯âŽ¯âŽ¯âŽ¯âŽ¯âŽ¯âŽ¯âŽ¯âŽ¯âŽ¯âŽ¯âŽ¯âŽ¯âŽ¯âŽ¯âŽ¯âŽ¯âŽ¯âŽ¯âŽ¯âŽ¯âŽ¯âŽ¯âŽ¯âŽ¯âŽ¯âŽ¯âŽ¯âŽ¯âŽ¯âŽ¯âŽ¯âŽ¯âŽ¯âŽ¯âŽ¯âŽ¯âŽ¯âŽ¯âŽ¯âŽ¯âŽ¯âŽ¯âŽ¯âŽ¯âŽ¯âŽ¯âŽ¯âŽ¯âŽ¯âŽ¯âŽ¯âŽ¯âŽ¯âŽ¯âŽ¯âŽ¯âŽ¯âŽ¯âŽ¯âŽ¯âŽ¯âŽ¯âŽ¯âŽ¯âŽ¯âŽ¯âŽ¯âŽ¯âŽ¯âŽ¯âŽ¯âŽ¯âŽ¯âŽ¯âŽ¯âŽ¯âŽ¯âŽ¯âŽ¯âŽ¯âŽ¯âŽ¯âŽ¯âŽ¯âŽ¯âŽ¯âŽ¯âŽ¯âŽ¯âŽ¯âŽ¯âŽ¯âŽ¯âŽ¯âŽ¯âŽ¯âŽ¯âŽ¯âŽ¯âŽ¯âŽ¯âŽ¯âŽ¯âŽ¯âŽ¯âŽ¯âŽ¯âŽ¯âŽ¯âŽ¯âŽ¯âŽ¯âŽ¯âŽ¯âŽ¯âŽ¯âŽ¯âŽ¯âŽ¯âŽ¯âŽ¯âŽ¯âŽ¯âŽ¯âŽ¯âŽ¯âŽ¯âŽ¯âŽ¯âŽ¯âŽ¯
Serialized Error: { taskName: 'withPoll(anonymousTask, interval=100ms, timeout=250ms)', taskIndex: +0 }
This error originated in "test/composition-utils.test.ts" test file. It doesn't mean the error was thrown inside the file itself, but while it was running.
The latest test that might've caused the error is "should timeout if condition is never met". It might mean one of the following:
- The error was thrown, while Vitest was running this test.
- If the error occurred after the test had been completed, this was the last documented test before it was thrown.
Caused by: PollTimeoutError: Task 'anonymousTask' timed out after 250ms.
 â¯ withPoll(anonymousTask, interval=100ms, timeout=250ms) src/utils.ts:1879:15
 â¯ Object.callAsync node_modules/.pnpm/unctx@2.4.1/node_modules/unctx/dist/index.mjs:72:16
 â¯ runImpl src/run.ts:906:24

âŽ¯âŽ¯âŽ¯âŽ¯âŽ¯âŽ¯âŽ¯âŽ¯âŽ¯âŽ¯âŽ¯âŽ¯âŽ¯âŽ¯âŽ¯âŽ¯âŽ¯âŽ¯âŽ¯âŽ¯âŽ¯âŽ¯âŽ¯âŽ¯âŽ¯âŽ¯âŽ¯âŽ¯âŽ¯âŽ¯âŽ¯âŽ¯âŽ¯âŽ¯âŽ¯âŽ¯âŽ¯âŽ¯âŽ¯âŽ¯âŽ¯âŽ¯âŽ¯âŽ¯âŽ¯âŽ¯âŽ¯âŽ¯âŽ¯âŽ¯âŽ¯âŽ¯âŽ¯âŽ¯âŽ¯âŽ¯âŽ¯âŽ¯âŽ¯âŽ¯âŽ¯âŽ¯âŽ¯âŽ¯âŽ¯âŽ¯âŽ¯âŽ¯âŽ¯âŽ¯âŽ¯âŽ¯âŽ¯âŽ¯âŽ¯âŽ¯âŽ¯âŽ¯âŽ¯âŽ¯âŽ¯âŽ¯âŽ¯âŽ¯âŽ¯âŽ¯âŽ¯âŽ¯âŽ¯âŽ¯âŽ¯âŽ¯âŽ¯âŽ¯âŽ¯âŽ¯âŽ¯âŽ¯âŽ¯âŽ¯âŽ¯âŽ¯âŽ¯âŽ¯âŽ¯âŽ¯âŽ¯âŽ¯âŽ¯âŽ¯âŽ¯âŽ¯âŽ¯âŽ¯âŽ¯âŽ¯âŽ¯âŽ¯âŽ¯âŽ¯âŽ¯âŽ¯âŽ¯âŽ¯âŽ¯âŽ¯âŽ¯âŽ¯âŽ¯âŽ¯âŽ¯âŽ¯âŽ¯âŽ¯âŽ¯âŽ¯âŽ¯âŽ¯âŽ¯âŽ¯âŽ¯âŽ¯âŽ¯âŽ¯âŽ¯âŽ¯âŽ¯âŽ¯âŽ¯âŽ¯âŽ¯âŽ¯âŽ¯âŽ¯âŽ¯âŽ¯âŽ¯âŽ¯âŽ¯âŽ¯âŽ¯âŽ¯âŽ¯
Serialized Error: { _tag: 'TimeoutError' }

âŽ¯âŽ¯âŽ¯âŽ¯âŽ¯âŽ¯âŽ¯âŽ¯âŽ¯âŽ¯âŽ¯âŽ¯âŽ¯âŽ¯âŽ¯âŽ¯âŽ¯âŽ¯âŽ¯âŽ¯âŽ¯âŽ¯âŽ¯âŽ¯âŽ¯âŽ¯âŽ¯âŽ¯âŽ¯âŽ¯âŽ¯âŽ¯âŽ¯âŽ¯âŽ¯âŽ¯âŽ¯âŽ¯âŽ¯âŽ¯âŽ¯âŽ¯âŽ¯âŽ¯âŽ¯âŽ¯âŽ¯âŽ¯âŽ¯âŽ¯âŽ¯âŽ¯âŽ¯âŽ¯âŽ¯âŽ¯âŽ¯âŽ¯âŽ¯âŽ¯âŽ¯âŽ¯âŽ¯âŽ¯âŽ¯âŽ¯âŽ¯âŽ¯âŽ¯âŽ¯âŽ¯ Unhandled Rejection âŽ¯âŽ¯âŽ¯âŽ¯âŽ¯âŽ¯âŽ¯âŽ¯âŽ¯âŽ¯âŽ¯âŽ¯âŽ¯âŽ¯âŽ¯âŽ¯âŽ¯âŽ¯âŽ¯âŽ¯âŽ¯âŽ¯âŽ¯âŽ¯âŽ¯âŽ¯âŽ¯âŽ¯âŽ¯âŽ¯âŽ¯âŽ¯âŽ¯âŽ¯âŽ¯âŽ¯âŽ¯âŽ¯âŽ¯âŽ¯âŽ¯âŽ¯âŽ¯âŽ¯âŽ¯âŽ¯âŽ¯âŽ¯âŽ¯âŽ¯âŽ¯âŽ¯âŽ¯âŽ¯âŽ¯âŽ¯âŽ¯âŽ¯âŽ¯âŽ¯âŽ¯âŽ¯âŽ¯âŽ¯âŽ¯âŽ¯âŽ¯âŽ¯âŽ¯âŽ¯âŽ¯
WorkflowError: Task failed: Batch failed
 â¯ runImpl src/run.ts:939:15
    937|         }
    938|
    939|         throw new WorkflowError(
       |               ^
    940|           `Task failed: ${error instanceof Error ? error.message : String(error)}`,
    941|           error,

âŽ¯âŽ¯âŽ¯âŽ¯âŽ¯âŽ¯âŽ¯âŽ¯âŽ¯âŽ¯âŽ¯âŽ¯âŽ¯âŽ¯âŽ¯âŽ¯âŽ¯âŽ¯âŽ¯âŽ¯âŽ¯âŽ¯âŽ¯âŽ¯âŽ¯âŽ¯âŽ¯âŽ¯âŽ¯âŽ¯âŽ¯âŽ¯âŽ¯âŽ¯âŽ¯âŽ¯âŽ¯âŽ¯âŽ¯âŽ¯âŽ¯âŽ¯âŽ¯âŽ¯âŽ¯âŽ¯âŽ¯âŽ¯âŽ¯âŽ¯âŽ¯âŽ¯âŽ¯âŽ¯âŽ¯âŽ¯âŽ¯âŽ¯âŽ¯âŽ¯âŽ¯âŽ¯âŽ¯âŽ¯âŽ¯âŽ¯âŽ¯âŽ¯âŽ¯âŽ¯âŽ¯âŽ¯âŽ¯âŽ¯âŽ¯âŽ¯âŽ¯âŽ¯âŽ¯âŽ¯âŽ¯âŽ¯âŽ¯âŽ¯âŽ¯âŽ¯âŽ¯âŽ¯âŽ¯âŽ¯âŽ¯âŽ¯âŽ¯âŽ¯âŽ¯âŽ¯âŽ¯âŽ¯âŽ¯âŽ¯âŽ¯âŽ¯âŽ¯âŽ¯âŽ¯âŽ¯âŽ¯âŽ¯âŽ¯âŽ¯âŽ¯âŽ¯âŽ¯âŽ¯âŽ¯âŽ¯âŽ¯âŽ¯âŽ¯âŽ¯âŽ¯âŽ¯âŽ¯âŽ¯âŽ¯âŽ¯âŽ¯âŽ¯âŽ¯âŽ¯âŽ¯âŽ¯âŽ¯âŽ¯âŽ¯âŽ¯âŽ¯âŽ¯âŽ¯âŽ¯âŽ¯âŽ¯âŽ¯âŽ¯âŽ¯âŽ¯âŽ¯âŽ¯âŽ¯âŽ¯âŽ¯âŽ¯âŽ¯âŽ¯âŽ¯âŽ¯âŽ¯âŽ¯âŽ¯âŽ¯âŽ¯âŽ¯âŽ¯
Serialized Error: { taskName: 'createBatchingTask(batchFn)', taskIndex: +0 }
This error originated in "test/composition-utils.test.ts" test file. It doesn't mean the error was thrown inside the file itself, but while it was running.
The latest test that might've caused the error is "should handle batch function errors". It might mean one of the following:
- The error was thrown, while Vitest was running this test.
- If the error occurred after the test had been completed, this was the last documented test before it was thrown.
Caused by: Error: Batch failed
 â¯ batchFn test/composition-utils.test.ts:1133:17
 â¯ dispatch src/utils.ts:2041:5
 â¯ callTimer node_modules/.pnpm/vitest@2.1.8_@types+node@22.10.2_jsdom@26.1.0/node_modules/vitest/dist/chunks/vi.DgezovHB.js:2300:25
 â¯ doTickInner node_modules/.pnpm/vitest@2.1.8_@types+node@22.10.2_jsdom@26.1.0/node_modules/vitest/dist/chunks/vi.DgezovHB.js:2886:30
 â¯ doTick node_modules/.pnpm/vitest@2.1.8_@types+node@22.10.2_jsdom@26.1.0/node_modules/vitest/dist/chunks/vi.DgezovHB.js:2967:21
 â¯ Immediate.<anonymous> node_modules/.pnpm/vitest@2.1.8_@types+node@22.10.2_jsdom@26.1.0/node_modules/vitest/dist/chunks/vi.DgezovHB.js:2987:30
 â¯ processImmediate node:internal/timers:483:21
 â¯ process.callbackTrampoline node:internal/async_hooks:130:17


âŽ¯âŽ¯âŽ¯âŽ¯âŽ¯âŽ¯âŽ¯âŽ¯âŽ¯âŽ¯âŽ¯âŽ¯âŽ¯âŽ¯âŽ¯âŽ¯âŽ¯âŽ¯âŽ¯âŽ¯âŽ¯âŽ¯âŽ¯âŽ¯âŽ¯âŽ¯âŽ¯âŽ¯âŽ¯âŽ¯âŽ¯âŽ¯âŽ¯âŽ¯âŽ¯âŽ¯âŽ¯âŽ¯âŽ¯âŽ¯âŽ¯âŽ¯âŽ¯âŽ¯âŽ¯âŽ¯âŽ¯âŽ¯âŽ¯âŽ¯âŽ¯âŽ¯âŽ¯âŽ¯âŽ¯âŽ¯âŽ¯âŽ¯âŽ¯âŽ¯âŽ¯âŽ¯âŽ¯âŽ¯âŽ¯âŽ¯âŽ¯âŽ¯âŽ¯âŽ¯âŽ¯ Unhandled Rejection âŽ¯âŽ¯âŽ¯âŽ¯âŽ¯âŽ¯âŽ¯âŽ¯âŽ¯âŽ¯âŽ¯âŽ¯âŽ¯âŽ¯âŽ¯âŽ¯âŽ¯âŽ¯âŽ¯âŽ¯âŽ¯âŽ¯âŽ¯âŽ¯âŽ¯âŽ¯âŽ¯âŽ¯âŽ¯âŽ¯âŽ¯âŽ¯âŽ¯âŽ¯âŽ¯âŽ¯âŽ¯âŽ¯âŽ¯âŽ¯âŽ¯âŽ¯âŽ¯âŽ¯âŽ¯âŽ¯âŽ¯âŽ¯âŽ¯âŽ¯âŽ¯âŽ¯âŽ¯âŽ¯âŽ¯âŽ¯âŽ¯âŽ¯âŽ¯âŽ¯âŽ¯âŽ¯âŽ¯âŽ¯âŽ¯âŽ¯âŽ¯âŽ¯âŽ¯âŽ¯âŽ¯
WorkflowError: Task failed: Batch failed
 â¯ runImpl src/run.ts:939:15
    937|         }
    938|
    939|         throw new WorkflowError(
       |               ^
    940|           `Task failed: ${error instanceof Error ? error.message : String(error)}`,
    941|           error,

âŽ¯âŽ¯âŽ¯âŽ¯âŽ¯âŽ¯âŽ¯âŽ¯âŽ¯âŽ¯âŽ¯âŽ¯âŽ¯âŽ¯âŽ¯âŽ¯âŽ¯âŽ¯âŽ¯âŽ¯âŽ¯âŽ¯âŽ¯âŽ¯âŽ¯âŽ¯âŽ¯âŽ¯âŽ¯âŽ¯âŽ¯âŽ¯âŽ¯âŽ¯âŽ¯âŽ¯âŽ¯âŽ¯âŽ¯âŽ¯âŽ¯âŽ¯âŽ¯âŽ¯âŽ¯âŽ¯âŽ¯âŽ¯âŽ¯âŽ¯âŽ¯âŽ¯âŽ¯âŽ¯âŽ¯âŽ¯âŽ¯âŽ¯âŽ¯âŽ¯âŽ¯âŽ¯âŽ¯âŽ¯âŽ¯âŽ¯âŽ¯âŽ¯âŽ¯âŽ¯âŽ¯âŽ¯âŽ¯âŽ¯âŽ¯âŽ¯âŽ¯âŽ¯âŽ¯âŽ¯âŽ¯âŽ¯âŽ¯âŽ¯âŽ¯âŽ¯âŽ¯âŽ¯âŽ¯âŽ¯âŽ¯âŽ¯âŽ¯âŽ¯âŽ¯âŽ¯âŽ¯âŽ¯âŽ¯âŽ¯âŽ¯âŽ¯âŽ¯âŽ¯âŽ¯âŽ¯âŽ¯âŽ¯âŽ¯âŽ¯âŽ¯âŽ¯âŽ¯âŽ¯âŽ¯âŽ¯âŽ¯âŽ¯âŽ¯âŽ¯âŽ¯âŽ¯âŽ¯âŽ¯âŽ¯âŽ¯âŽ¯âŽ¯âŽ¯âŽ¯âŽ¯âŽ¯âŽ¯âŽ¯âŽ¯âŽ¯âŽ¯âŽ¯âŽ¯âŽ¯âŽ¯âŽ¯âŽ¯âŽ¯âŽ¯âŽ¯âŽ¯âŽ¯âŽ¯âŽ¯âŽ¯âŽ¯âŽ¯âŽ¯âŽ¯âŽ¯âŽ¯âŽ¯âŽ¯âŽ¯âŽ¯âŽ¯âŽ¯
Serialized Error: { taskName: 'createBatchingTask(batchFn)', taskIndex: +0 }
This error originated in "test/composition-utils.test.ts" test file. It doesn't mean the error was thrown inside the file itself, but while it was running.
The latest test that might've caused the error is "should handle batch function errors". It might mean one of the following:
- The error was thrown, while Vitest was running this test.
- If the error occurred after the test had been completed, this was the last documented test before it was thrown.
Caused by: Error: Batch failed
 â¯ batchFn test/composition-utils.test.ts:1133:17
 â¯ dispatch src/utils.ts:2041:5
 â¯ callTimer node_modules/.pnpm/vitest@2.1.8_@types+node@22.10.2_jsdom@26.1.0/node_modules/vitest/dist/chunks/vi.DgezovHB.js:2300:25
 â¯ doTickInner node_modules/.pnpm/vitest@2.1.8_@types+node@22.10.2_jsdom@26.1.0/node_modules/vitest/dist/chunks/vi.DgezovHB.js:2886:30
 â¯ doTick node_modules/.pnpm/vitest@2.1.8_@types+node@22.10.2_jsdom@26.1.0/node_modules/vitest/dist/chunks/vi.DgezovHB.js:2967:21
 â¯ Immediate.<anonymous> node_modules/.pnpm/vitest@2.1.8_@types+node@22.10.2_jsdom@26.1.0/node_modules/vitest/dist/chunks/vi.DgezovHB.js:2987:30
 â¯ processImmediate node:internal/timers:483:21
 â¯ process.callbackTrampoline node:internal/async_hooks:130:17


âŽ¯âŽ¯âŽ¯âŽ¯âŽ¯âŽ¯âŽ¯âŽ¯âŽ¯âŽ¯âŽ¯âŽ¯âŽ¯âŽ¯âŽ¯âŽ¯âŽ¯âŽ¯âŽ¯âŽ¯âŽ¯âŽ¯âŽ¯âŽ¯âŽ¯âŽ¯âŽ¯âŽ¯âŽ¯âŽ¯âŽ¯âŽ¯âŽ¯âŽ¯âŽ¯âŽ¯âŽ¯âŽ¯âŽ¯âŽ¯âŽ¯âŽ¯âŽ¯âŽ¯âŽ¯âŽ¯âŽ¯âŽ¯âŽ¯âŽ¯âŽ¯âŽ¯âŽ¯âŽ¯âŽ¯âŽ¯âŽ¯âŽ¯âŽ¯âŽ¯âŽ¯âŽ¯âŽ¯âŽ¯âŽ¯âŽ¯âŽ¯âŽ¯âŽ¯âŽ¯âŽ¯ Unhandled Rejection âŽ¯âŽ¯âŽ¯âŽ¯âŽ¯âŽ¯âŽ¯âŽ¯âŽ¯âŽ¯âŽ¯âŽ¯âŽ¯âŽ¯âŽ¯âŽ¯âŽ¯âŽ¯âŽ¯âŽ¯âŽ¯âŽ¯âŽ¯âŽ¯âŽ¯âŽ¯âŽ¯âŽ¯âŽ¯âŽ¯âŽ¯âŽ¯âŽ¯âŽ¯âŽ¯âŽ¯âŽ¯âŽ¯âŽ¯âŽ¯âŽ¯âŽ¯âŽ¯âŽ¯âŽ¯âŽ¯âŽ¯âŽ¯âŽ¯âŽ¯âŽ¯âŽ¯âŽ¯âŽ¯âŽ¯âŽ¯âŽ¯âŽ¯âŽ¯âŽ¯âŽ¯âŽ¯âŽ¯âŽ¯âŽ¯âŽ¯âŽ¯âŽ¯âŽ¯âŽ¯âŽ¯
WorkflowError: Task failed: This operation was aborted
 â¯ runImpl src/run.ts:939:15
    937|         }
    938|
    939|         throw new WorkflowError(
       |               ^
    940|           `Task failed: ${error instanceof Error ? error.message : String(error)}`,
    941|           error,

âŽ¯âŽ¯âŽ¯âŽ¯âŽ¯âŽ¯âŽ¯âŽ¯âŽ¯âŽ¯âŽ¯âŽ¯âŽ¯âŽ¯âŽ¯âŽ¯âŽ¯âŽ¯âŽ¯âŽ¯âŽ¯âŽ¯âŽ¯âŽ¯âŽ¯âŽ¯âŽ¯âŽ¯âŽ¯âŽ¯âŽ¯âŽ¯âŽ¯âŽ¯âŽ¯âŽ¯âŽ¯âŽ¯âŽ¯âŽ¯âŽ¯âŽ¯âŽ¯âŽ¯âŽ¯âŽ¯âŽ¯âŽ¯âŽ¯âŽ¯âŽ¯âŽ¯âŽ¯âŽ¯âŽ¯âŽ¯âŽ¯âŽ¯âŽ¯âŽ¯âŽ¯âŽ¯âŽ¯âŽ¯âŽ¯âŽ¯âŽ¯âŽ¯âŽ¯âŽ¯âŽ¯âŽ¯âŽ¯âŽ¯âŽ¯âŽ¯âŽ¯âŽ¯âŽ¯âŽ¯âŽ¯âŽ¯âŽ¯âŽ¯âŽ¯âŽ¯âŽ¯âŽ¯âŽ¯âŽ¯âŽ¯âŽ¯âŽ¯âŽ¯âŽ¯âŽ¯âŽ¯âŽ¯âŽ¯âŽ¯âŽ¯âŽ¯âŽ¯âŽ¯âŽ¯âŽ¯âŽ¯âŽ¯âŽ¯âŽ¯âŽ¯âŽ¯âŽ¯âŽ¯âŽ¯âŽ¯âŽ¯âŽ¯âŽ¯âŽ¯âŽ¯âŽ¯âŽ¯âŽ¯âŽ¯âŽ¯âŽ¯âŽ¯âŽ¯âŽ¯âŽ¯âŽ¯âŽ¯âŽ¯âŽ¯âŽ¯âŽ¯âŽ¯âŽ¯âŽ¯âŽ¯âŽ¯âŽ¯âŽ¯âŽ¯âŽ¯âŽ¯âŽ¯âŽ¯âŽ¯âŽ¯âŽ¯âŽ¯âŽ¯âŽ¯âŽ¯âŽ¯âŽ¯âŽ¯âŽ¯âŽ¯âŽ¯âŽ¯
Serialized Error: { taskName: 'createBatchingTask(batchFn)', taskIndex: +0 }
This error originated in "test/composition-utils.test.ts" test file. It doesn't mean the error was thrown inside the file itself, but while it was running.
The latest test that might've caused the error is "should respect abort signals in batch queue". It might mean one of the following:
- The error was thrown, while Vitest was running this test.
- If the error occurred after the test had been completed, this was the last documented test before it was thrown.
Caused by: AbortError: This operation was aborted
 â¯ new DOMException node:internal/per_context/domexception:53:5
 â¯ AbortController.abort node:internal/abort_controller:391:18
 â¯ test/composition-utils.test.ts:1159:20
 â¯ node_modules/.pnpm/@vitest+runner@2.1.8/node_modules/@vitest/runner/dist/index.js:146:14
 â¯ node_modules/.pnpm/@vitest+runner@2.1.8/node_modules/@vitest/runner/dist/index.js:533:11
 â¯ runWithTimeout node_modules/.pnpm/@vitest+runner@2.1.8/node_modules/@vitest/runner/dist/index.js:39:7
 â¯ runTest node_modules/.pnpm/@vitest+runner@2.1.8/node_modules/@vitest/runner/dist/index.js:1056:17
 â¯ runSuite node_modules/.pnpm/@vitest+runner@2.1.8/node_modules/@vitest/runner/dist/index.js:1205:15
 â¯ runSuite node_modules/.pnpm/@vitest+runner@2.1.8/node_modules/@vitest/runner/dist/index.js:1205:15
 â¯ runSuite node_modules/.pnpm/@vitest+runner@2.1.8/node_modules/@vitest/runner/dist/index.js:1205:15

âŽ¯âŽ¯âŽ¯âŽ¯âŽ¯âŽ¯âŽ¯âŽ¯âŽ¯âŽ¯âŽ¯âŽ¯âŽ¯âŽ¯âŽ¯âŽ¯âŽ¯âŽ¯âŽ¯âŽ¯âŽ¯âŽ¯âŽ¯âŽ¯âŽ¯âŽ¯âŽ¯âŽ¯âŽ¯âŽ¯âŽ¯âŽ¯âŽ¯âŽ¯âŽ¯âŽ¯âŽ¯âŽ¯âŽ¯âŽ¯âŽ¯âŽ¯âŽ¯âŽ¯âŽ¯âŽ¯âŽ¯âŽ¯âŽ¯âŽ¯âŽ¯âŽ¯âŽ¯âŽ¯âŽ¯âŽ¯âŽ¯âŽ¯âŽ¯âŽ¯âŽ¯âŽ¯âŽ¯âŽ¯âŽ¯âŽ¯âŽ¯âŽ¯âŽ¯âŽ¯âŽ¯âŽ¯âŽ¯âŽ¯âŽ¯âŽ¯âŽ¯âŽ¯âŽ¯âŽ¯âŽ¯âŽ¯âŽ¯âŽ¯âŽ¯âŽ¯âŽ¯âŽ¯âŽ¯âŽ¯âŽ¯âŽ¯âŽ¯âŽ¯âŽ¯âŽ¯âŽ¯âŽ¯âŽ¯âŽ¯âŽ¯âŽ¯âŽ¯âŽ¯âŽ¯âŽ¯âŽ¯âŽ¯âŽ¯âŽ¯âŽ¯âŽ¯âŽ¯âŽ¯âŽ¯âŽ¯âŽ¯âŽ¯âŽ¯âŽ¯âŽ¯âŽ¯âŽ¯âŽ¯âŽ¯âŽ¯âŽ¯âŽ¯âŽ¯âŽ¯âŽ¯âŽ¯âŽ¯âŽ¯âŽ¯âŽ¯âŽ¯âŽ¯âŽ¯âŽ¯âŽ¯âŽ¯âŽ¯âŽ¯âŽ¯âŽ¯âŽ¯âŽ¯âŽ¯âŽ¯âŽ¯âŽ¯âŽ¯âŽ¯âŽ¯âŽ¯âŽ¯âŽ¯âŽ¯âŽ¯âŽ¯âŽ¯âŽ¯
Serialized Error: { code: 20, INDEX_SIZE_ERR: 1, DOMSTRING_SIZE_ERR: 2, HIERARCHY_REQUEST_ERR: 3, WRONG_DOCUMENT_ERR: 4, INVALID_CHARACTER_ERR: 5, NO_DATA_ALLOWED_ERR: 6, NO_MODIFICATION_ALLOWED_ERR: 7, NOT_FOUND_ERR: 8, NOT_SUPPORTED_ERR: 9, INUSE_ATTRIBUTE_ERR: 10, INVALID_STATE_ERR: 11, SYNTAX_ERR: 12, INVALID_MODIFICATION_ERR: 13, NAMESPACE_ERR: 14, INVALID_ACCESS_ERR: 15, VALIDATION_ERR: 16, TYPE_MISMATCH_ERR: 17, SECURITY_ERR: 18, NETWORK_ERR: 19, ABORT_ERR: 20, URL_MISMATCH_ERR: 21, QUOTA_EXCEEDED_ERR: 22, TIMEOUT_ERR: 23, INVALID_NODE_TYPE_ERR: 24, DATA_CLONE_ERR: 25 }
âŽ¯âŽ¯âŽ¯âŽ¯âŽ¯âŽ¯âŽ¯âŽ¯âŽ¯âŽ¯âŽ¯âŽ¯âŽ¯âŽ¯âŽ¯âŽ¯âŽ¯âŽ¯âŽ¯âŽ¯âŽ¯âŽ¯âŽ¯âŽ¯âŽ¯âŽ¯âŽ¯âŽ¯âŽ¯âŽ¯âŽ¯âŽ¯âŽ¯âŽ¯âŽ¯âŽ¯âŽ¯âŽ¯âŽ¯âŽ¯âŽ¯âŽ¯âŽ¯âŽ¯âŽ¯âŽ¯âŽ¯âŽ¯âŽ¯âŽ¯âŽ¯âŽ¯âŽ¯âŽ¯âŽ¯âŽ¯âŽ¯âŽ¯âŽ¯âŽ¯âŽ¯âŽ¯âŽ¯âŽ¯âŽ¯âŽ¯âŽ¯âŽ¯âŽ¯âŽ¯âŽ¯âŽ¯âŽ¯âŽ¯âŽ¯âŽ¯âŽ¯âŽ¯âŽ¯âŽ¯âŽ¯âŽ¯âŽ¯âŽ¯âŽ¯âŽ¯âŽ¯âŽ¯âŽ¯âŽ¯âŽ¯âŽ¯âŽ¯âŽ¯âŽ¯âŽ¯âŽ¯âŽ¯âŽ¯âŽ¯âŽ¯âŽ¯âŽ¯âŽ¯âŽ¯âŽ¯âŽ¯âŽ¯âŽ¯âŽ¯âŽ¯âŽ¯âŽ¯âŽ¯âŽ¯
