{"numTotalTestSuites":117,"numPassedTestSuites":83,"numFailedTestSuites":34,"numPendingTestSuites":0,"numTotalTests":275,"numPassedTests":241,"numFailedTests":34,"numPendingTests":0,"numTodoTests":0,"snapshot":{"added":0,"failure":false,"filesAdded":0,"filesRemoved":0,"filesRemovedList":[],"filesUnmatched":0,"filesUpdated":0,"matched":0,"total":0,"unchecked":0,"uncheckedKeysByFile":[],"unmatched":0,"updated":0,"didUpdate":false},"startTime":1749914124630,"success":false,"testResults":[{"assertionResults":[{"ancestorTitles":["Bracket and Provide Integration"],"fullName":"Bracket and Provide Integration should properly provide resources from bracket to use tasks","status":"passed","title":"should properly provide resources from bracket to use tasks","duration":8.33530200000007,"failureMessages":[],"meta":{}},{"ancestorTitles":["Bracket and Provide Integration"],"fullName":"Bracket and Provide Integration should handle nested bracket provides correctly","status":"passed","title":"should handle nested bracket provides correctly","duration":1.8942050000000563,"failureMessages":[],"meta":{}}],"startTime":1749914125684,"endTime":1749914125693.8943,"status":"passed","message":"","name":"/home/patrick/Projects/effectively/test/bracket-provide-integration.test.ts"},{"assertionResults":[{"ancestorTitles":["Circuit Breaker (circuit-breaker.ts)","CircuitOpenError"],"fullName":"Circuit Breaker (circuit-breaker.ts) CircuitOpenError should create proper error with circuit ID","status":"passed","title":"should create proper error with circuit ID","duration":5.5870290000000296,"failureMessages":[],"meta":{}},{"ancestorTitles":["Circuit Breaker (circuit-breaker.ts)","CircuitOpenError"],"fullName":"Circuit Breaker (circuit-breaker.ts) CircuitOpenError should have proper prototype chain","status":"passed","title":"should have proper prototype chain","duration":0.7643080000000282,"failureMessages":[],"meta":{}},{"ancestorTitles":["Circuit Breaker (circuit-breaker.ts)","withCircuitBreaker","CLOSED state behavior"],"fullName":"Circuit Breaker (circuit-breaker.ts) withCircuitBreaker CLOSED state behavior should allow requests to pass through when circuit is closed","status":"passed","title":"should allow requests to pass through when circuit is closed","duration":7.367038999999977,"failureMessages":[],"meta":{}},{"ancestorTitles":["Circuit Breaker (circuit-breaker.ts)","withCircuitBreaker","CLOSED state behavior"],"fullName":"Circuit Breaker (circuit-breaker.ts) withCircuitBreaker CLOSED state behavior should record failures but allow requests until threshold is reached","status":"passed","title":"should record failures but allow requests until threshold is reached","duration":15.374890999999934,"failureMessages":[],"meta":{}},{"ancestorTitles":["Circuit Breaker (circuit-breaker.ts)","withCircuitBreaker","CLOSED state behavior"],"fullName":"Circuit Breaker (circuit-breaker.ts) withCircuitBreaker CLOSED state behavior should reset failure count on successful request","status":"passed","title":"should reset failure count on successful request","duration":8.924620000000004,"failureMessages":[],"meta":{}},{"ancestorTitles":["Circuit Breaker (circuit-breaker.ts)","withCircuitBreaker","OPEN state behavior"],"fullName":"Circuit Breaker (circuit-breaker.ts) withCircuitBreaker OPEN state behavior should trip to OPEN state after reaching failure threshold","status":"failed","title":"should trip to OPEN state after reaching failure threshold","duration":22.51835200000005,"failureMessages":["AssertionError: expected error to be instance of CircuitOpenError\n    at file:///home/patrick/Projects/effectively/node_modules/.pnpm/@vitest+expect@2.1.8/node_modules/@vitest/expect/dist/index.js:1849:31\n    at processTicksAndRejections (node:internal/process/task_queues:95:5)\n    at /home/patrick/Projects/effectively/test/circuit-breaker.test.ts:190:9\n    at file:///home/patrick/Projects/effectively/node_modules/.pnpm/@vitest+runner@2.1.8/node_modules/@vitest/runner/dist/index.js:533:5\n    at runTest (file:///home/patrick/Projects/effectively/node_modules/.pnpm/@vitest+runner@2.1.8/node_modules/@vitest/runner/dist/index.js:1056:11)\n    at runSuite (file:///home/patrick/Projects/effectively/node_modules/.pnpm/@vitest+runner@2.1.8/node_modules/@vitest/runner/dist/index.js:1205:15)\n    at runSuite (file:///home/patrick/Projects/effectively/node_modules/.pnpm/@vitest+runner@2.1.8/node_modules/@vitest/runner/dist/index.js:1205:15)\n    at runSuite (file:///home/patrick/Projects/effectively/node_modules/.pnpm/@vitest+runner@2.1.8/node_modules/@vitest/runner/dist/index.js:1205:15)\n    at runSuite (file:///home/patrick/Projects/effectively/node_modules/.pnpm/@vitest+runner@2.1.8/node_modules/@vitest/runner/dist/index.js:1205:15)\n    at runFiles (file:///home/patrick/Projects/effectively/node_modules/.pnpm/@vitest+runner@2.1.8/node_modules/@vitest/runner/dist/index.js:1262:5)"],"meta":{}},{"ancestorTitles":["Circuit Breaker (circuit-breaker.ts)","withCircuitBreaker","OPEN state behavior"],"fullName":"Circuit Breaker (circuit-breaker.ts) withCircuitBreaker OPEN state behavior should fail fast with CircuitOpenError when circuit is open","status":"failed","title":"should fail fast with CircuitOpenError when circuit is open","duration":4.304717999999866,"failureMessages":["AssertionError: expected error to be instance of CircuitOpenError\n    at file:///home/patrick/Projects/effectively/node_modules/.pnpm/@vitest+expect@2.1.8/node_modules/@vitest/expect/dist/index.js:1849:31\n    at /home/patrick/Projects/effectively/test/circuit-breaker.test.ts:216:9\n    at file:///home/patrick/Projects/effectively/node_modules/.pnpm/@vitest+runner@2.1.8/node_modules/@vitest/runner/dist/index.js:533:5\n    at runTest (file:///home/patrick/Projects/effectively/node_modules/.pnpm/@vitest+runner@2.1.8/node_modules/@vitest/runner/dist/index.js:1056:11)\n    at runSuite (file:///home/patrick/Projects/effectively/node_modules/.pnpm/@vitest+runner@2.1.8/node_modules/@vitest/runner/dist/index.js:1205:15)\n    at runSuite (file:///home/patrick/Projects/effectively/node_modules/.pnpm/@vitest+runner@2.1.8/node_modules/@vitest/runner/dist/index.js:1205:15)\n    at runSuite (file:///home/patrick/Projects/effectively/node_modules/.pnpm/@vitest+runner@2.1.8/node_modules/@vitest/runner/dist/index.js:1205:15)\n    at runSuite (file:///home/patrick/Projects/effectively/node_modules/.pnpm/@vitest+runner@2.1.8/node_modules/@vitest/runner/dist/index.js:1205:15)\n    at runFiles (file:///home/patrick/Projects/effectively/node_modules/.pnpm/@vitest+runner@2.1.8/node_modules/@vitest/runner/dist/index.js:1262:5)\n    at startTests (file:///home/patrick/Projects/effectively/node_modules/.pnpm/@vitest+runner@2.1.8/node_modules/@vitest/runner/dist/index.js:1271:3)"],"meta":{}},{"ancestorTitles":["Circuit Breaker (circuit-breaker.ts)","withCircuitBreaker","HALF-OPEN state behavior"],"fullName":"Circuit Breaker (circuit-breaker.ts) withCircuitBreaker HALF-OPEN state behavior should transition to HALF-OPEN after timeout and succeed on trial request","status":"failed","title":"should transition to HALF-OPEN after timeout and succeed on trial request","duration":7.1703469999999925,"failureMessages":["AssertionError: expected error to be instance of CircuitOpenError\n    at file:///home/patrick/Projects/effectively/node_modules/.pnpm/@vitest+expect@2.1.8/node_modules/@vitest/expect/dist/index.js:1849:31\n    at /home/patrick/Projects/effectively/test/circuit-breaker.test.ts:248:9\n    at file:///home/patrick/Projects/effectively/node_modules/.pnpm/@vitest+runner@2.1.8/node_modules/@vitest/runner/dist/index.js:533:5\n    at runTest (file:///home/patrick/Projects/effectively/node_modules/.pnpm/@vitest+runner@2.1.8/node_modules/@vitest/runner/dist/index.js:1056:11)\n    at runSuite (file:///home/patrick/Projects/effectively/node_modules/.pnpm/@vitest+runner@2.1.8/node_modules/@vitest/runner/dist/index.js:1205:15)\n    at runSuite (file:///home/patrick/Projects/effectively/node_modules/.pnpm/@vitest+runner@2.1.8/node_modules/@vitest/runner/dist/index.js:1205:15)\n    at runSuite (file:///home/patrick/Projects/effectively/node_modules/.pnpm/@vitest+runner@2.1.8/node_modules/@vitest/runner/dist/index.js:1205:15)\n    at runSuite (file:///home/patrick/Projects/effectively/node_modules/.pnpm/@vitest+runner@2.1.8/node_modules/@vitest/runner/dist/index.js:1205:15)\n    at runFiles (file:///home/patrick/Projects/effectively/node_modules/.pnpm/@vitest+runner@2.1.8/node_modules/@vitest/runner/dist/index.js:1262:5)\n    at startTests (file:///home/patrick/Projects/effectively/node_modules/.pnpm/@vitest+runner@2.1.8/node_modules/@vitest/runner/dist/index.js:1271:3)"],"meta":{}},{"ancestorTitles":["Circuit Breaker (circuit-breaker.ts)","withCircuitBreaker","HALF-OPEN state behavior"],"fullName":"Circuit Breaker (circuit-breaker.ts) withCircuitBreaker HALF-OPEN state behavior should return to OPEN state if trial request fails","status":"failed","title":"should return to OPEN state if trial request fails","duration":7.131470000000036,"failureMessages":["AssertionError: expected error to be instance of CircuitOpenError\n    at file:///home/patrick/Projects/effectively/node_modules/.pnpm/@vitest+expect@2.1.8/node_modules/@vitest/expect/dist/index.js:1849:31\n    at /home/patrick/Projects/effectively/test/circuit-breaker.test.ts:303:9\n    at file:///home/patrick/Projects/effectively/node_modules/.pnpm/@vitest+runner@2.1.8/node_modules/@vitest/runner/dist/index.js:533:5\n    at runTest (file:///home/patrick/Projects/effectively/node_modules/.pnpm/@vitest+runner@2.1.8/node_modules/@vitest/runner/dist/index.js:1056:11)\n    at runSuite (file:///home/patrick/Projects/effectively/node_modules/.pnpm/@vitest+runner@2.1.8/node_modules/@vitest/runner/dist/index.js:1205:15)\n    at runSuite (file:///home/patrick/Projects/effectively/node_modules/.pnpm/@vitest+runner@2.1.8/node_modules/@vitest/runner/dist/index.js:1205:15)\n    at runSuite (file:///home/patrick/Projects/effectively/node_modules/.pnpm/@vitest+runner@2.1.8/node_modules/@vitest/runner/dist/index.js:1205:15)\n    at runSuite (file:///home/patrick/Projects/effectively/node_modules/.pnpm/@vitest+runner@2.1.8/node_modules/@vitest/runner/dist/index.js:1205:15)\n    at runFiles (file:///home/patrick/Projects/effectively/node_modules/.pnpm/@vitest+runner@2.1.8/node_modules/@vitest/runner/dist/index.js:1262:5)\n    at startTests (file:///home/patrick/Projects/effectively/node_modules/.pnpm/@vitest+runner@2.1.8/node_modules/@vitest/runner/dist/index.js:1271:3)"],"meta":{}},{"ancestorTitles":["Circuit Breaker (circuit-breaker.ts)","withCircuitBreaker","HALF-OPEN state behavior"],"fullName":"Circuit Breaker (circuit-breaker.ts) withCircuitBreaker HALF-OPEN state behavior should only transition to HALF-OPEN after the full timeout period","status":"failed","title":"should only transition to HALF-OPEN after the full timeout period","duration":6.412284999999883,"failureMessages":["AssertionError: expected error to be instance of CircuitOpenError\n    at file:///home/patrick/Projects/effectively/node_modules/.pnpm/@vitest+expect@2.1.8/node_modules/@vitest/expect/dist/index.js:1849:31\n    at /home/patrick/Projects/effectively/test/circuit-breaker.test.ts:322:9\n    at file:///home/patrick/Projects/effectively/node_modules/.pnpm/@vitest+runner@2.1.8/node_modules/@vitest/runner/dist/index.js:533:5\n    at runTest (file:///home/patrick/Projects/effectively/node_modules/.pnpm/@vitest+runner@2.1.8/node_modules/@vitest/runner/dist/index.js:1056:11)\n    at runSuite (file:///home/patrick/Projects/effectively/node_modules/.pnpm/@vitest+runner@2.1.8/node_modules/@vitest/runner/dist/index.js:1205:15)\n    at runSuite (file:///home/patrick/Projects/effectively/node_modules/.pnpm/@vitest+runner@2.1.8/node_modules/@vitest/runner/dist/index.js:1205:15)\n    at runSuite (file:///home/patrick/Projects/effectively/node_modules/.pnpm/@vitest+runner@2.1.8/node_modules/@vitest/runner/dist/index.js:1205:15)\n    at runSuite (file:///home/patrick/Projects/effectively/node_modules/.pnpm/@vitest+runner@2.1.8/node_modules/@vitest/runner/dist/index.js:1205:15)\n    at runFiles (file:///home/patrick/Projects/effectively/node_modules/.pnpm/@vitest+runner@2.1.8/node_modules/@vitest/runner/dist/index.js:1262:5)\n    at startTests (file:///home/patrick/Projects/effectively/node_modules/.pnpm/@vitest+runner@2.1.8/node_modules/@vitest/runner/dist/index.js:1271:3)"],"meta":{}},{"ancestorTitles":["Circuit Breaker (circuit-breaker.ts)","withCircuitBreaker","Configuration options"],"fullName":"Circuit Breaker (circuit-breaker.ts) withCircuitBreaker Configuration options should respect custom failure threshold","status":"passed","title":"should respect custom failure threshold","duration":16.550293999999894,"failureMessages":[],"meta":{}},{"ancestorTitles":["Circuit Breaker (circuit-breaker.ts)","withCircuitBreaker","Configuration options"],"fullName":"Circuit Breaker (circuit-breaker.ts) withCircuitBreaker Configuration options should respect custom open state timeout","status":"failed","title":"should respect custom open state timeout","duration":3.1026090000000295,"failureMessages":["AssertionError: expected error to be instance of CircuitOpenError\n    at file:///home/patrick/Projects/effectively/node_modules/.pnpm/@vitest+expect@2.1.8/node_modules/@vitest/expect/dist/index.js:1849:31\n    at /home/patrick/Projects/effectively/test/circuit-breaker.test.ts:381:9\n    at file:///home/patrick/Projects/effectively/node_modules/.pnpm/@vitest+runner@2.1.8/node_modules/@vitest/runner/dist/index.js:533:5\n    at runTest (file:///home/patrick/Projects/effectively/node_modules/.pnpm/@vitest+runner@2.1.8/node_modules/@vitest/runner/dist/index.js:1056:11)\n    at runSuite (file:///home/patrick/Projects/effectively/node_modules/.pnpm/@vitest+runner@2.1.8/node_modules/@vitest/runner/dist/index.js:1205:15)\n    at runSuite (file:///home/patrick/Projects/effectively/node_modules/.pnpm/@vitest+runner@2.1.8/node_modules/@vitest/runner/dist/index.js:1205:15)\n    at runSuite (file:///home/patrick/Projects/effectively/node_modules/.pnpm/@vitest+runner@2.1.8/node_modules/@vitest/runner/dist/index.js:1205:15)\n    at runSuite (file:///home/patrick/Projects/effectively/node_modules/.pnpm/@vitest+runner@2.1.8/node_modules/@vitest/runner/dist/index.js:1205:15)\n    at runFiles (file:///home/patrick/Projects/effectively/node_modules/.pnpm/@vitest+runner@2.1.8/node_modules/@vitest/runner/dist/index.js:1262:5)\n    at startTests (file:///home/patrick/Projects/effectively/node_modules/.pnpm/@vitest+runner@2.1.8/node_modules/@vitest/runner/dist/index.js:1271:3)"],"meta":{}},{"ancestorTitles":["Circuit Breaker (circuit-breaker.ts)","withCircuitBreaker","Configuration options"],"fullName":"Circuit Breaker (circuit-breaker.ts) withCircuitBreaker Configuration options should respect custom isFailure predicate","status":"failed","title":"should respect custom isFailure predicate","duration":7.135013999999956,"failureMessages":["AssertionError: expected error to be instance of PermanentError\n    at file:///home/patrick/Projects/effectively/node_modules/.pnpm/@vitest+expect@2.1.8/node_modules/@vitest/expect/dist/index.js:1849:31\n    at /home/patrick/Projects/effectively/test/circuit-breaker.test.ts:430:9\n    at file:///home/patrick/Projects/effectively/node_modules/.pnpm/@vitest+runner@2.1.8/node_modules/@vitest/runner/dist/index.js:533:5\n    at runTest (file:///home/patrick/Projects/effectively/node_modules/.pnpm/@vitest+runner@2.1.8/node_modules/@vitest/runner/dist/index.js:1056:11)\n    at runSuite (file:///home/patrick/Projects/effectively/node_modules/.pnpm/@vitest+runner@2.1.8/node_modules/@vitest/runner/dist/index.js:1205:15)\n    at runSuite (file:///home/patrick/Projects/effectively/node_modules/.pnpm/@vitest+runner@2.1.8/node_modules/@vitest/runner/dist/index.js:1205:15)\n    at runSuite (file:///home/patrick/Projects/effectively/node_modules/.pnpm/@vitest+runner@2.1.8/node_modules/@vitest/runner/dist/index.js:1205:15)\n    at runSuite (file:///home/patrick/Projects/effectively/node_modules/.pnpm/@vitest+runner@2.1.8/node_modules/@vitest/runner/dist/index.js:1205:15)\n    at runFiles (file:///home/patrick/Projects/effectively/node_modules/.pnpm/@vitest+runner@2.1.8/node_modules/@vitest/runner/dist/index.js:1262:5)\n    at startTests (file:///home/patrick/Projects/effectively/node_modules/.pnpm/@vitest+runner@2.1.8/node_modules/@vitest/runner/dist/index.js:1271:3)"],"meta":{}},{"ancestorTitles":["Circuit Breaker (circuit-breaker.ts)","withCircuitBreaker","Configuration options"],"fullName":"Circuit Breaker (circuit-breaker.ts) withCircuitBreaker Configuration options should not count BacktrackSignal as failure by default","status":"failed","title":"should not count BacktrackSignal as failure by default","duration":16.41503499999999,"failureMessages":["AssertionError: expected \"spy\" to be called with arguments: [ …(2) ]\n\nReceived: \n\n  1st spy call:\n\n  Array [\n-   \"[Circuit Breaker: config-backtrack-default-circuit0] Recorded failure #1.\",\n+   \"[Circuit Breaker: config-backtrack-default-circuit0] Recorded failure #1. Last failure at 1749914125804\",\n    Object {\n-     \"error\": ObjectContaining {\n-       \"message\": \"Real failure after backtrack\",\n-     },\n+     \"error\": [Error: Real failure after backtrack],\n    },\n  ]\n\n\nNumber of calls: 1\n\n    at Proxy.<anonymous> (file:///home/patrick/Projects/effectively/node_modules/.pnpm/@vitest+expect@2.1.8/node_modules/@vitest/expect/dist/index.js:1465:13)\n    at Proxy.<anonymous> (file:///home/patrick/Projects/effectively/node_modules/.pnpm/@vitest+expect@2.1.8/node_modules/@vitest/expect/dist/index.js:972:17)\n    at Proxy.methodWrapper (file:///home/patrick/Projects/effectively/node_modules/.pnpm/chai@5.2.0/node_modules/chai/chai.js:1618:25)\n    at /home/patrick/Projects/effectively/test/circuit-breaker.test.ts:471:39\n    at file:///home/patrick/Projects/effectively/node_modules/.pnpm/@vitest+runner@2.1.8/node_modules/@vitest/runner/dist/index.js:533:5\n    at runTest (file:///home/patrick/Projects/effectively/node_modules/.pnpm/@vitest+runner@2.1.8/node_modules/@vitest/runner/dist/index.js:1056:11)\n    at runSuite (file:///home/patrick/Projects/effectively/node_modules/.pnpm/@vitest+runner@2.1.8/node_modules/@vitest/runner/dist/index.js:1205:15)\n    at runSuite (file:///home/patrick/Projects/effectively/node_modules/.pnpm/@vitest+runner@2.1.8/node_modules/@vitest/runner/dist/index.js:1205:15)\n    at runSuite (file:///home/patrick/Projects/effectively/node_modules/.pnpm/@vitest+runner@2.1.8/node_modules/@vitest/runner/dist/index.js:1205:15)\n    at runSuite (file:///home/patrick/Projects/effectively/node_modules/.pnpm/@vitest+runner@2.1.8/node_modules/@vitest/runner/dist/index.js:1205:15)"],"meta":{}},{"ancestorTitles":["Circuit Breaker (circuit-breaker.ts)","withCircuitBreaker","Multiple circuit instances"],"fullName":"Circuit Breaker (circuit-breaker.ts) withCircuitBreaker Multiple circuit instances should maintain separate state for different circuit IDs","status":"failed","title":"should maintain separate state for different circuit IDs","duration":8.119013000000223,"failureMessages":["AssertionError: expected error to be instance of CircuitOpenError\n    at file:///home/patrick/Projects/effectively/node_modules/.pnpm/@vitest+expect@2.1.8/node_modules/@vitest/expect/dist/index.js:1849:31\n    at /home/patrick/Projects/effectively/test/circuit-breaker.test.ts:510:9\n    at file:///home/patrick/Projects/effectively/node_modules/.pnpm/@vitest+runner@2.1.8/node_modules/@vitest/runner/dist/index.js:533:5\n    at runTest (file:///home/patrick/Projects/effectively/node_modules/.pnpm/@vitest+runner@2.1.8/node_modules/@vitest/runner/dist/index.js:1056:11)\n    at runSuite (file:///home/patrick/Projects/effectively/node_modules/.pnpm/@vitest+runner@2.1.8/node_modules/@vitest/runner/dist/index.js:1205:15)\n    at runSuite (file:///home/patrick/Projects/effectively/node_modules/.pnpm/@vitest+runner@2.1.8/node_modules/@vitest/runner/dist/index.js:1205:15)\n    at runSuite (file:///home/patrick/Projects/effectively/node_modules/.pnpm/@vitest+runner@2.1.8/node_modules/@vitest/runner/dist/index.js:1205:15)\n    at runSuite (file:///home/patrick/Projects/effectively/node_modules/.pnpm/@vitest+runner@2.1.8/node_modules/@vitest/runner/dist/index.js:1205:15)\n    at runFiles (file:///home/patrick/Projects/effectively/node_modules/.pnpm/@vitest+runner@2.1.8/node_modules/@vitest/runner/dist/index.js:1262:5)\n    at startTests (file:///home/patrick/Projects/effectively/node_modules/.pnpm/@vitest+runner@2.1.8/node_modules/@vitest/runner/dist/index.js:1271:3)"],"meta":{}},{"ancestorTitles":["Circuit Breaker (circuit-breaker.ts)","withCircuitBreaker","Context integration"],"fullName":"Circuit Breaker (circuit-breaker.ts) withCircuitBreaker Context integration should work without logger in context if context only has scope","status":"passed","title":"should work without logger in context if context only has scope","duration":6.356064999999944,"failureMessages":[],"meta":{}},{"ancestorTitles":["Circuit Breaker (circuit-breaker.ts)","withCircuitBreaker","Context integration"],"fullName":"Circuit Breaker (circuit-breaker.ts) withCircuitBreaker Context integration should use context logger when available","status":"failed","title":"should use context logger when available","duration":5.6714549999999235,"failureMessages":["AssertionError: expected \"spy\" to be called with arguments: [ …(2) ]\n\nReceived: \n\n  1st spy call:\n\n  Array [\n-   \"[Circuit Breaker: ctx-custom-logger-circuit-B0] Recorded failure #1.\",\n+   \"[Circuit Breaker: ctx-custom-logger-circuit-B0] Recorded failure #1. Last failure at 1749914125836\",\n    Object {\n-     \"error\": ObjectContaining {\n-       \"message\": \"Custom logger error\",\n-     },\n+     \"error\": [Error: Custom logger error],\n    },\n  ]\n\n\nNumber of calls: 1\n\n    at Proxy.<anonymous> (file:///home/patrick/Projects/effectively/node_modules/.pnpm/@vitest+expect@2.1.8/node_modules/@vitest/expect/dist/index.js:1465:13)\n    at Proxy.<anonymous> (file:///home/patrick/Projects/effectively/node_modules/.pnpm/@vitest+expect@2.1.8/node_modules/@vitest/expect/dist/index.js:972:17)\n    at Proxy.methodWrapper (file:///home/patrick/Projects/effectively/node_modules/.pnpm/chai@5.2.0/node_modules/chai/chai.js:1618:25)\n    at /home/patrick/Projects/effectively/test/circuit-breaker.test.ts:566:40\n    at file:///home/patrick/Projects/effectively/node_modules/.pnpm/@vitest+runner@2.1.8/node_modules/@vitest/runner/dist/index.js:533:5\n    at runTest (file:///home/patrick/Projects/effectively/node_modules/.pnpm/@vitest+runner@2.1.8/node_modules/@vitest/runner/dist/index.js:1056:11)\n    at runSuite (file:///home/patrick/Projects/effectively/node_modules/.pnpm/@vitest+runner@2.1.8/node_modules/@vitest/runner/dist/index.js:1205:15)\n    at runSuite (file:///home/patrick/Projects/effectively/node_modules/.pnpm/@vitest+runner@2.1.8/node_modules/@vitest/runner/dist/index.js:1205:15)\n    at runSuite (file:///home/patrick/Projects/effectively/node_modules/.pnpm/@vitest+runner@2.1.8/node_modules/@vitest/runner/dist/index.js:1205:15)\n    at runSuite (file:///home/patrick/Projects/effectively/node_modules/.pnpm/@vitest+runner@2.1.8/node_modules/@vitest/runner/dist/index.js:1205:15)"],"meta":{}},{"ancestorTitles":["Circuit Breaker (circuit-breaker.ts)","withCircuitBreaker","Edge cases and error scenarios"],"fullName":"Circuit Breaker (circuit-breaker.ts) withCircuitBreaker Edge cases and error scenarios should handle undefined and null values correctly as input","status":"passed","title":"should handle undefined and null values correctly as input","duration":2.3575419999999667,"failureMessages":[],"meta":{}},{"ancestorTitles":["Circuit Breaker (circuit-breaker.ts)","withCircuitBreaker","Edge cases and error scenarios"],"fullName":"Circuit Breaker (circuit-breaker.ts) withCircuitBreaker Edge cases and error scenarios should handle rapid successive calls correctly (trial request)","status":"failed","title":"should handle rapid successive calls correctly (trial request)","duration":13.029825999999957,"failureMessages":["AssertionError: expected +0 to be 2 // Object.is equality\n    at /home/patrick/Projects/effectively/test/circuit-breaker.test.ts:649:35\n    at file:///home/patrick/Projects/effectively/node_modules/.pnpm/@vitest+runner@2.1.8/node_modules/@vitest/runner/dist/index.js:533:5\n    at runTest (file:///home/patrick/Projects/effectively/node_modules/.pnpm/@vitest+runner@2.1.8/node_modules/@vitest/runner/dist/index.js:1056:11)\n    at runSuite (file:///home/patrick/Projects/effectively/node_modules/.pnpm/@vitest+runner@2.1.8/node_modules/@vitest/runner/dist/index.js:1205:15)\n    at runSuite (file:///home/patrick/Projects/effectively/node_modules/.pnpm/@vitest+runner@2.1.8/node_modules/@vitest/runner/dist/index.js:1205:15)\n    at runSuite (file:///home/patrick/Projects/effectively/node_modules/.pnpm/@vitest+runner@2.1.8/node_modules/@vitest/runner/dist/index.js:1205:15)\n    at runSuite (file:///home/patrick/Projects/effectively/node_modules/.pnpm/@vitest+runner@2.1.8/node_modules/@vitest/runner/dist/index.js:1205:15)\n    at runFiles (file:///home/patrick/Projects/effectively/node_modules/.pnpm/@vitest+runner@2.1.8/node_modules/@vitest/runner/dist/index.js:1262:5)\n    at startTests (file:///home/patrick/Projects/effectively/node_modules/.pnpm/@vitest+runner@2.1.8/node_modules/@vitest/runner/dist/index.js:1271:3)\n    at file:///home/patrick/Projects/effectively/node_modules/.pnpm/vitest@2.1.8_@types+node@22.10.2_jsdom@26.1.0/node_modules/vitest/dist/chunks/runBaseTests.3qpJUEJM.js:126:11"],"meta":{}},{"ancestorTitles":["Circuit Breaker (circuit-breaker.ts)","withCircuitBreaker","Edge cases and error scenarios"],"fullName":"Circuit Breaker (circuit-breaker.ts) withCircuitBreaker Edge cases and error scenarios should maintain state across different run calls if ID is the same","status":"failed","title":"should maintain state across different run calls if ID is the same","duration":11.4522750000001,"failureMessages":["AssertionError: expected error to be instance of CircuitOpenError\n    at file:///home/patrick/Projects/effectively/node_modules/.pnpm/@vitest+expect@2.1.8/node_modules/@vitest/expect/dist/index.js:1849:31\n    at /home/patrick/Projects/effectively/test/circuit-breaker.test.ts:677:9\n    at file:///home/patrick/Projects/effectively/node_modules/.pnpm/@vitest+runner@2.1.8/node_modules/@vitest/runner/dist/index.js:533:5\n    at runTest (file:///home/patrick/Projects/effectively/node_modules/.pnpm/@vitest+runner@2.1.8/node_modules/@vitest/runner/dist/index.js:1056:11)\n    at runSuite (file:///home/patrick/Projects/effectively/node_modules/.pnpm/@vitest+runner@2.1.8/node_modules/@vitest/runner/dist/index.js:1205:15)\n    at runSuite (file:///home/patrick/Projects/effectively/node_modules/.pnpm/@vitest+runner@2.1.8/node_modules/@vitest/runner/dist/index.js:1205:15)\n    at runSuite (file:///home/patrick/Projects/effectively/node_modules/.pnpm/@vitest+runner@2.1.8/node_modules/@vitest/runner/dist/index.js:1205:15)\n    at runSuite (file:///home/patrick/Projects/effectively/node_modules/.pnpm/@vitest+runner@2.1.8/node_modules/@vitest/runner/dist/index.js:1205:15)\n    at runFiles (file:///home/patrick/Projects/effectively/node_modules/.pnpm/@vitest+runner@2.1.8/node_modules/@vitest/runner/dist/index.js:1262:5)\n    at startTests (file:///home/patrick/Projects/effectively/node_modules/.pnpm/@vitest+runner@2.1.8/node_modules/@vitest/runner/dist/index.js:1271:3)"],"meta":{}},{"ancestorTitles":["Circuit Breaker (circuit-breaker.ts)","withCircuitBreaker","Recovery scenarios"],"fullName":"Circuit Breaker (circuit-breaker.ts) withCircuitBreaker Recovery scenarios should handle mixed success/failure patterns correctly","status":"failed","title":"should handle mixed success/failure patterns correctly","duration":3.94734799999992,"failureMessages":["AssertionError: expected error to be instance of CircuitOpenError\n    at file:///home/patrick/Projects/effectively/node_modules/.pnpm/@vitest+expect@2.1.8/node_modules/@vitest/expect/dist/index.js:1849:31\n    at /home/patrick/Projects/effectively/test/circuit-breaker.test.ts:722:9\n    at file:///home/patrick/Projects/effectively/node_modules/.pnpm/@vitest+runner@2.1.8/node_modules/@vitest/runner/dist/index.js:533:5\n    at runTest (file:///home/patrick/Projects/effectively/node_modules/.pnpm/@vitest+runner@2.1.8/node_modules/@vitest/runner/dist/index.js:1056:11)\n    at runSuite (file:///home/patrick/Projects/effectively/node_modules/.pnpm/@vitest+runner@2.1.8/node_modules/@vitest/runner/dist/index.js:1205:15)\n    at runSuite (file:///home/patrick/Projects/effectively/node_modules/.pnpm/@vitest+runner@2.1.8/node_modules/@vitest/runner/dist/index.js:1205:15)\n    at runSuite (file:///home/patrick/Projects/effectively/node_modules/.pnpm/@vitest+runner@2.1.8/node_modules/@vitest/runner/dist/index.js:1205:15)\n    at runSuite (file:///home/patrick/Projects/effectively/node_modules/.pnpm/@vitest+runner@2.1.8/node_modules/@vitest/runner/dist/index.js:1205:15)\n    at runFiles (file:///home/patrick/Projects/effectively/node_modules/.pnpm/@vitest+runner@2.1.8/node_modules/@vitest/runner/dist/index.js:1262:5)\n    at startTests (file:///home/patrick/Projects/effectively/node_modules/.pnpm/@vitest+runner@2.1.8/node_modules/@vitest/runner/dist/index.js:1271:3)"],"meta":{}}],"startTime":1749914125688,"endTime":1749914125873.9473,"status":"failed","message":"","name":"/home/patrick/Projects/effectively/test/circuit-breaker.test.ts"},{"assertionResults":[{"ancestorTitles":["Composition Utilities (utils.ts)","Core composition functions","pipe"],"fullName":"Composition Utilities (utils.ts) Core composition functions pipe should pipe a value through a sequence of functions","status":"passed","title":"should pipe a value through a sequence of functions","duration":6.2926800000000185,"failureMessages":[],"meta":{}},{"ancestorTitles":["Composition Utilities (utils.ts)","Core composition functions","pipe"],"fullName":"Composition Utilities (utils.ts) Core composition functions pipe should work with a single function","status":"passed","title":"should work with a single function","duration":1.6003680000001168,"failureMessages":[],"meta":{}},{"ancestorTitles":["Composition Utilities (utils.ts)","Core composition functions","pipe"],"fullName":"Composition Utilities (utils.ts) Core composition functions pipe should return the value unchanged when no functions provided","status":"passed","title":"should return the value unchanged when no functions provided","duration":0.7691200000001572,"failureMessages":[],"meta":{}},{"ancestorTitles":["Composition Utilities (utils.ts)","Core composition functions","pipe"],"fullName":"Composition Utilities (utils.ts) Core composition functions pipe should handle complex transformations","status":"passed","title":"should handle complex transformations","duration":0.746216000000004,"failureMessages":[],"meta":{}},{"ancestorTitles":["Composition Utilities (utils.ts)","Core composition functions","flow"],"fullName":"Composition Utilities (utils.ts) Core composition functions flow should compose functions from left to right","status":"passed","title":"should compose functions from left to right","duration":3.502905999999939,"failureMessages":[],"meta":{}},{"ancestorTitles":["Composition Utilities (utils.ts)","Core composition functions","flow"],"fullName":"Composition Utilities (utils.ts) Core composition functions flow should handle functions with multiple arguments in first function","status":"passed","title":"should handle functions with multiple arguments in first function","duration":1.3087379999999484,"failureMessages":[],"meta":{}},{"ancestorTitles":["Composition Utilities (utils.ts)","Core composition functions","flow"],"fullName":"Composition Utilities (utils.ts) Core composition functions flow should handle single function","status":"passed","title":"should handle single function","duration":0.6898479999999836,"failureMessages":[],"meta":{}},{"ancestorTitles":["Composition Utilities (utils.ts)","Core composition functions","flow"],"fullName":"Composition Utilities (utils.ts) Core composition functions flow should handle no functions","status":"passed","title":"should handle no functions","duration":0.7867380000000139,"failureMessages":[],"meta":{}},{"ancestorTitles":["Composition Utilities (utils.ts)","Workflow creation","createWorkflow and chain"],"fullName":"Composition Utilities (utils.ts) Workflow creation createWorkflow and chain should chain tasks together sequentially","status":"passed","title":"should chain tasks together sequentially","duration":6.572777999999971,"failureMessages":[],"meta":{}},{"ancestorTitles":["Composition Utilities (utils.ts)","Workflow creation","createWorkflow and chain"],"fullName":"Composition Utilities (utils.ts) Workflow creation createWorkflow and chain should work with plain functions","status":"passed","title":"should work with plain functions","duration":2.306227999999919,"failureMessages":[],"meta":{}},{"ancestorTitles":["Composition Utilities (utils.ts)","Workflow creation","createWorkflow and chain"],"fullName":"Composition Utilities (utils.ts) Workflow creation createWorkflow and chain should handle single task workflow","status":"passed","title":"should handle single task workflow","duration":3.3542069999998603,"failureMessages":[],"meta":{}},{"ancestorTitles":["Composition Utilities (utils.ts)","Workflow creation","createWorkflow and chain"],"fullName":"Composition Utilities (utils.ts) Workflow creation createWorkflow and chain should pass context through workflow","status":"passed","title":"should pass context through workflow","duration":1.615188999999873,"failureMessages":[],"meta":{}},{"ancestorTitles":["Composition Utilities (utils.ts)","Workflow creation","createWorkflow and chain"],"fullName":"Composition Utilities (utils.ts) Workflow creation createWorkflow and chain should chain alias work identically","status":"passed","title":"should chain alias work identically","duration":1.6848339999999098,"failureMessages":[],"meta":{}},{"ancestorTitles":["Composition Utilities (utils.ts)","Workflow creation","Workflow starters","fromValue"],"fullName":"Composition Utilities (utils.ts) Workflow creation Workflow starters fromValue should start workflow with static value","status":"passed","title":"should start workflow with static value","duration":3.7514889999999923,"failureMessages":[],"meta":{}},{"ancestorTitles":["Composition Utilities (utils.ts)","Workflow creation","Workflow starters","fromValue"],"fullName":"Composition Utilities (utils.ts) Workflow creation Workflow starters fromValue should work with complex objects","status":"passed","title":"should work with complex objects","duration":6.855005000000119,"failureMessages":[],"meta":{}},{"ancestorTitles":["Composition Utilities (utils.ts)","Workflow creation","Workflow starters","fromPromise"],"fullName":"Composition Utilities (utils.ts) Workflow creation Workflow starters fromPromise should start workflow with promise","status":"passed","title":"should start workflow with promise","duration":2.4670320000000174,"failureMessages":[],"meta":{}},{"ancestorTitles":["Composition Utilities (utils.ts)","Workflow creation","Workflow starters","fromPromise"],"fullName":"Composition Utilities (utils.ts) Workflow creation Workflow starters fromPromise should handle rejected promises","status":"passed","title":"should handle rejected promises","duration":5.166541999999936,"failureMessages":[],"meta":{}},{"ancestorTitles":["Composition Utilities (utils.ts)","Workflow creation","Workflow starters","fromPromiseFn"],"fullName":"Composition Utilities (utils.ts) Workflow creation Workflow starters fromPromiseFn should start workflow with context-dependent function","status":"passed","title":"should start workflow with context-dependent function","duration":2.3369900000000143,"failureMessages":[],"meta":{}},{"ancestorTitles":["Composition Utilities (utils.ts)","Workflow creation","Workflow starters","fromPromiseFn"],"fullName":"Composition Utilities (utils.ts) Workflow creation Workflow starters fromPromiseFn should pass context correctly","status":"passed","title":"should pass context correctly","duration":1.2067030000000614,"failureMessages":[],"meta":{}},{"ancestorTitles":["Composition Utilities (utils.ts)","Pipeable operators","map"],"fullName":"Composition Utilities (utils.ts) Pipeable operators map should transform values in a workflow","status":"passed","title":"should transform values in a workflow","duration":3.991459999999961,"failureMessages":[],"meta":{}},{"ancestorTitles":["Composition Utilities (utils.ts)","Pipeable operators","map"],"fullName":"Composition Utilities (utils.ts) Pipeable operators map should work with async mapping functions","status":"passed","title":"should work with async mapping functions","duration":5.080049999999801,"failureMessages":[],"meta":{}},{"ancestorTitles":["Composition Utilities (utils.ts)","Pipeable operators","map"],"fullName":"Composition Utilities (utils.ts) Pipeable operators map should pass context to mapping function","status":"passed","title":"should pass context to mapping function","duration":3.4938009999998485,"failureMessages":[],"meta":{}},{"ancestorTitles":["Composition Utilities (utils.ts)","Pipeable operators","flatMap"],"fullName":"Composition Utilities (utils.ts) Pipeable operators flatMap should transform values into new tasks","status":"passed","title":"should transform values into new tasks","duration":5.210576000000174,"failureMessages":[],"meta":{}},{"ancestorTitles":["Composition Utilities (utils.ts)","Pipeable operators","flatMap"],"fullName":"Composition Utilities (utils.ts) Pipeable operators flatMap should pass context to flatMap function","status":"passed","title":"should pass context to flatMap function","duration":4.248700000000099,"failureMessages":[],"meta":{}},{"ancestorTitles":["Composition Utilities (utils.ts)","Pipeable operators","pick"],"fullName":"Composition Utilities (utils.ts) Pipeable operators pick should pick specified keys from object","status":"passed","title":"should pick specified keys from object","duration":5.7878800000000865,"failureMessages":[],"meta":{}},{"ancestorTitles":["Composition Utilities (utils.ts)","Pipeable operators","pick"],"fullName":"Composition Utilities (utils.ts) Pipeable operators pick should handle missing keys gracefully","status":"passed","title":"should handle missing keys gracefully","duration":3.312142999999878,"failureMessages":[],"meta":{}},{"ancestorTitles":["Composition Utilities (utils.ts)","Direct composition helpers","mapTask"],"fullName":"Composition Utilities (utils.ts) Direct composition helpers mapTask should transform task output","status":"passed","title":"should transform task output","duration":3.575953000000027,"failureMessages":[],"meta":{}},{"ancestorTitles":["Composition Utilities (utils.ts)","Direct composition helpers","mapTask"],"fullName":"Composition Utilities (utils.ts) Direct composition helpers mapTask should work with async mappers","status":"passed","title":"should work with async mappers","duration":9.795879000000014,"failureMessages":[],"meta":{}},{"ancestorTitles":["Composition Utilities (utils.ts)","Direct composition helpers","andThenTask"],"fullName":"Composition Utilities (utils.ts) Direct composition helpers andThenTask should chain tasks with direct composition","status":"passed","title":"should chain tasks with direct composition","duration":1.5055029999998624,"failureMessages":[],"meta":{}},{"ancestorTitles":["Composition Utilities (utils.ts)","Flow control and logic","when"],"fullName":"Composition Utilities (utils.ts) Flow control and logic when should execute task when predicate is true","status":"passed","title":"should execute task when predicate is true","duration":2.1092549999998482,"failureMessages":[],"meta":{}},{"ancestorTitles":["Composition Utilities (utils.ts)","Flow control and logic","when"],"fullName":"Composition Utilities (utils.ts) Flow control and logic when should skip task when predicate is false","status":"passed","title":"should skip task when predicate is false","duration":4.7283350000000155,"failureMessages":[],"meta":{}},{"ancestorTitles":["Composition Utilities (utils.ts)","Flow control and logic","when"],"fullName":"Composition Utilities (utils.ts) Flow control and logic when should work with async predicates","status":"passed","title":"should work with async predicates","duration":1.5155580000000555,"failureMessages":[],"meta":{}},{"ancestorTitles":["Composition Utilities (utils.ts)","Flow control and logic","when"],"fullName":"Composition Utilities (utils.ts) Flow control and logic when should pass context to predicate","status":"passed","title":"should pass context to predicate","duration":1.1722480000000814,"failureMessages":[],"meta":{}},{"ancestorTitles":["Composition Utilities (utils.ts)","Flow control and logic","unless"],"fullName":"Composition Utilities (utils.ts) Flow control and logic unless should execute task when predicate is false","status":"passed","title":"should execute task when predicate is false","duration":2.2473300000001473,"failureMessages":[],"meta":{}},{"ancestorTitles":["Composition Utilities (utils.ts)","Flow control and logic","unless"],"fullName":"Composition Utilities (utils.ts) Flow control and logic unless should skip task when predicate is true","status":"passed","title":"should skip task when predicate is true","duration":3.362376999999924,"failureMessages":[],"meta":{}},{"ancestorTitles":["Composition Utilities (utils.ts)","Flow control and logic","doWhile"],"fullName":"Composition Utilities (utils.ts) Flow control and logic doWhile should execute task repeatedly while condition is true","status":"passed","title":"should execute task repeatedly while condition is true","duration":2.457351000000017,"failureMessages":[],"meta":{}},{"ancestorTitles":["Composition Utilities (utils.ts)","Flow control and logic","doWhile"],"fullName":"Composition Utilities (utils.ts) Flow control and logic doWhile should not execute if condition is initially false","status":"passed","title":"should not execute if condition is initially false","duration":2.1033970000000863,"failureMessages":[],"meta":{}},{"ancestorTitles":["Composition Utilities (utils.ts)","Flow control and logic","doWhile"],"fullName":"Composition Utilities (utils.ts) Flow control and logic doWhile should respect abort signals","status":"failed","title":"should respect abort signals","duration":20.27126300000009,"failureMessages":["AssertionError: expected [Function] to throw error including 'Aborted' but got 'Workflow aborted'\n    at Assertion.<anonymous> (file:///home/patrick/Projects/effectively/node_modules/.pnpm/@vitest+expect@2.1.8/node_modules/@vitest/expect/dist/index.js:1509:21)\n    at Assertion.<anonymous> (file:///home/patrick/Projects/effectively/node_modules/.pnpm/@vitest+expect@2.1.8/node_modules/@vitest/expect/dist/index.js:972:17)\n    at Assertion.methodWrapper (file:///home/patrick/Projects/effectively/node_modules/.pnpm/chai@5.2.0/node_modules/chai/chai.js:1618:25)\n    at file:///home/patrick/Projects/effectively/node_modules/.pnpm/@vitest+expect@2.1.8/node_modules/@vitest/expect/dist/index.js:1849:31\n    at /home/patrick/Projects/effectively/test/composition-utils.test.ts:508:9\n    at file:///home/patrick/Projects/effectively/node_modules/.pnpm/@vitest+runner@2.1.8/node_modules/@vitest/runner/dist/index.js:533:5\n    at runTest (file:///home/patrick/Projects/effectively/node_modules/.pnpm/@vitest+runner@2.1.8/node_modules/@vitest/runner/dist/index.js:1056:11)\n    at runSuite (file:///home/patrick/Projects/effectively/node_modules/.pnpm/@vitest+runner@2.1.8/node_modules/@vitest/runner/dist/index.js:1205:15)\n    at runSuite (file:///home/patrick/Projects/effectively/node_modules/.pnpm/@vitest+runner@2.1.8/node_modules/@vitest/runner/dist/index.js:1205:15)\n    at runSuite (file:///home/patrick/Projects/effectively/node_modules/.pnpm/@vitest+runner@2.1.8/node_modules/@vitest/runner/dist/index.js:1205:15)"],"meta":{}},{"ancestorTitles":["Composition Utilities (utils.ts)","Flow control and logic","tap"],"fullName":"Composition Utilities (utils.ts) Flow control and logic tap should perform side effects without changing value","status":"passed","title":"should perform side effects without changing value","duration":7.035106000000042,"failureMessages":[],"meta":{}},{"ancestorTitles":["Composition Utilities (utils.ts)","Flow control and logic","tap"],"fullName":"Composition Utilities (utils.ts) Flow control and logic tap should work with async side effects","status":"passed","title":"should work with async side effects","duration":5.301316999999926,"failureMessages":[],"meta":{}},{"ancestorTitles":["Composition Utilities (utils.ts)","Flow control and logic","tap"],"fullName":"Composition Utilities (utils.ts) Flow control and logic tap should pass context to side effect function","status":"passed","title":"should pass context to side effect function","duration":2.607097000000067,"failureMessages":[],"meta":{}},{"ancestorTitles":["Composition Utilities (utils.ts)","Flow control and logic","sleep"],"fullName":"Composition Utilities (utils.ts) Flow control and logic sleep should pause workflow for specified duration","status":"passed","title":"should pause workflow for specified duration","duration":19.033138000000008,"failureMessages":[],"meta":{}},{"ancestorTitles":["Composition Utilities (utils.ts)","Flow control and logic","sleep"],"fullName":"Composition Utilities (utils.ts) Flow control and logic sleep should respect abort signals","status":"passed","title":"should respect abort signals","duration":6.52918899999986,"failureMessages":[],"meta":{}},{"ancestorTitles":["Composition Utilities (utils.ts)","Error handling and resilience","tapError"],"fullName":"Composition Utilities (utils.ts) Error handling and resilience tapError should perform side effects on error without catching it","status":"passed","title":"should perform side effects on error without catching it","duration":4.58500099999992,"failureMessages":[],"meta":{}},{"ancestorTitles":["Composition Utilities (utils.ts)","Error handling and resilience","tapError"],"fullName":"Composition Utilities (utils.ts) Error handling and resilience tapError should not perform side effect on success","status":"passed","title":"should not perform side effect on success","duration":1.013112000000092,"failureMessages":[],"meta":{}},{"ancestorTitles":["Composition Utilities (utils.ts)","Error handling and resilience","tapError"],"fullName":"Composition Utilities (utils.ts) Error handling and resilience tapError should pass context to error handler","status":"passed","title":"should pass context to error handler","duration":1.4403729999999086,"failureMessages":[],"meta":{}},{"ancestorTitles":["Composition Utilities (utils.ts)","Error handling and resilience","attempt"],"fullName":"Composition Utilities (utils.ts) Error handling and resilience attempt should convert exceptions to Result type","status":"passed","title":"should convert exceptions to Result type","duration":1.302929999999833,"failureMessages":[],"meta":{}},{"ancestorTitles":["Composition Utilities (utils.ts)","Error handling and resilience","attempt"],"fullName":"Composition Utilities (utils.ts) Error handling and resilience attempt should wrap successful results in Ok","status":"passed","title":"should wrap successful results in Ok","duration":1.135171999999784,"failureMessages":[],"meta":{}},{"ancestorTitles":["Composition Utilities (utils.ts)","Error handling and resilience","withRetry"],"fullName":"Composition Utilities (utils.ts) Error handling and resilience withRetry should retry failed tasks","status":"failed","title":"should retry failed tasks","duration":1002.0367759999999,"failureMessages":["Error: Test timed out in 1000ms.\nIf this is a long-running test, pass a timeout value as the last argument or configure it globally with \"testTimeout\".\n    at Timeout.<anonymous> (file:///home/patrick/Projects/effectively/node_modules/.pnpm/@vitest+runner@2.1.8/node_modules/@vitest/runner/dist/index.js:44:18)\n    at listOnTimeout (node:internal/timers:581:17)\n    at processTimers (node:internal/timers:519:7)"],"meta":{}},{"ancestorTitles":["Composition Utilities (utils.ts)","Error handling and resilience","withRetry"],"fullName":"Composition Utilities (utils.ts) Error handling and resilience withRetry should fail after max attempts","status":"passed","title":"should fail after max attempts","duration":16.761079999999765,"failureMessages":[],"meta":{}},{"ancestorTitles":["Composition Utilities (utils.ts)","Error handling and resilience","withRetry"],"fullName":"Composition Utilities (utils.ts) Error handling and resilience withRetry should use exponential backoff","status":"passed","title":"should use exponential backoff","duration":10.205066999999872,"failureMessages":[],"meta":{}},{"ancestorTitles":["Composition Utilities (utils.ts)","Error handling and resilience","withRetry"],"fullName":"Composition Utilities (utils.ts) Error handling and resilience withRetry should respect shouldRetry predicate","status":"failed","title":"should respect shouldRetry predicate","duration":1001.7701750000001,"failureMessages":["Error: Test timed out in 1000ms.\nIf this is a long-running test, pass a timeout value as the last argument or configure it globally with \"testTimeout\".\n    at Timeout.<anonymous> (file:///home/patrick/Projects/effectively/node_modules/.pnpm/@vitest+runner@2.1.8/node_modules/@vitest/runner/dist/index.js:44:18)\n    at listOnTimeout (node:internal/timers:581:17)\n    at processTimers (node:internal/timers:519:7)"],"meta":{}},{"ancestorTitles":["Composition Utilities (utils.ts)","Error handling and resilience","withRetry"],"fullName":"Composition Utilities (utils.ts) Error handling and resilience withRetry should not retry when shouldRetry returns false","status":"passed","title":"should not retry when shouldRetry returns false","duration":1.8474499999997533,"failureMessages":[],"meta":{}},{"ancestorTitles":["Composition Utilities (utils.ts)","Task enhancers","withName"],"fullName":"Composition Utilities (utils.ts) Task enhancers withName should attach name to task","status":"passed","title":"should attach name to task","duration":2.969308000000183,"failureMessages":[],"meta":{}},{"ancestorTitles":["Composition Utilities (utils.ts)","Task enhancers","withName"],"fullName":"Composition Utilities (utils.ts) Task enhancers withName should preserve task functionality","status":"passed","title":"should preserve task functionality","duration":2.1611559999996643,"failureMessages":[],"meta":{}},{"ancestorTitles":["Composition Utilities (utils.ts)","Task enhancers","memoize"],"fullName":"Composition Utilities (utils.ts) Task enhancers memoize should cache results based on input","status":"passed","title":"should cache results based on input","duration":8.90239900000006,"failureMessages":[],"meta":{}},{"ancestorTitles":["Composition Utilities (utils.ts)","Task enhancers","memoize"],"fullName":"Composition Utilities (utils.ts) Task enhancers memoize should use deep equality for cache keys","status":"passed","title":"should use deep equality for cache keys","duration":2.4974309999997786,"failureMessages":[],"meta":{}},{"ancestorTitles":["Composition Utilities (utils.ts)","Task enhancers","once"],"fullName":"Composition Utilities (utils.ts) Task enhancers once should execute task only once","status":"passed","title":"should execute task only once","duration":2.7001399999999194,"failureMessages":[],"meta":{}},{"ancestorTitles":["Composition Utilities (utils.ts)","Task enhancers","once"],"fullName":"Composition Utilities (utils.ts) Task enhancers once should share the same promise across calls","status":"passed","title":"should share the same promise across calls","duration":1.5176140000003215,"failureMessages":[],"meta":{}},{"ancestorTitles":["Composition Utilities (utils.ts)","Task enhancers","withTimeout"],"fullName":"Composition Utilities (utils.ts) Task enhancers withTimeout should timeout long-running tasks","status":"passed","title":"should timeout long-running tasks","duration":5.279518999999709,"failureMessages":[],"meta":{}},{"ancestorTitles":["Composition Utilities (utils.ts)","Task enhancers","withTimeout"],"fullName":"Composition Utilities (utils.ts) Task enhancers withTimeout should complete fast tasks normally","status":"passed","title":"should complete fast tasks normally","duration":1.6934590000000753,"failureMessages":[],"meta":{}},{"ancestorTitles":["Composition Utilities (utils.ts)","Task enhancers","withTimeout"],"fullName":"Composition Utilities (utils.ts) Task enhancers withTimeout should clean up timers on abort","status":"failed","title":"should clean up timers on abort","duration":1004.96994,"failureMessages":["Error: Test timed out in 1000ms.\nIf this is a long-running test, pass a timeout value as the last argument or configure it globally with \"testTimeout\".\n    at Timeout.<anonymous> (file:///home/patrick/Projects/effectively/node_modules/.pnpm/@vitest+runner@2.1.8/node_modules/@vitest/runner/dist/index.js:44:18)\n    at listOnTimeout (node:internal/timers:581:17)\n    at processTimers (node:internal/timers:519:7)"],"meta":{}},{"ancestorTitles":["Composition Utilities (utils.ts)","Task enhancers","withState"],"fullName":"Composition Utilities (utils.ts) Task enhancers withState should manage stateful workflows and provide tools via context","status":"passed","title":"should manage stateful workflows and provide tools via context","duration":3.579826000000139,"failureMessages":[],"meta":{}},{"ancestorTitles":["Composition Utilities (utils.ts)","Task enhancers","withState"],"fullName":"Composition Utilities (utils.ts) Task enhancers withState should initialize state with a static value","status":"passed","title":"should initialize state with a static value","duration":2.0948090000001685,"failureMessages":[],"meta":{}},{"ancestorTitles":["Composition Utilities (utils.ts)","Task enhancers","withState"],"fullName":"Composition Utilities (utils.ts) Task enhancers withState should throw if useState is used outside a withState context","status":"passed","title":"should throw if useState is used outside a withState context","duration":1.893423999999868,"failureMessages":[],"meta":{}},{"ancestorTitles":["Composition Utilities (utils.ts)","Advanced scheduling and batching","withThrottle"],"fullName":"Composition Utilities (utils.ts) Advanced scheduling and batching withThrottle should throttle task execution","status":"passed","title":"should throttle task execution","duration":2.7492999999994936,"failureMessages":[],"meta":{}},{"ancestorTitles":["Composition Utilities (utils.ts)","Advanced scheduling and batching","withThrottle"],"fullName":"Composition Utilities (utils.ts) Advanced scheduling and batching withThrottle should respect abort signals in throttle queue","status":"failed","title":"should respect abort signals in throttle queue","duration":1003.3698009999998,"failureMessages":["Error: Test timed out in 1000ms.\nIf this is a long-running test, pass a timeout value as the last argument or configure it globally with \"testTimeout\".\n    at Timeout.<anonymous> (file:///home/patrick/Projects/effectively/node_modules/.pnpm/@vitest+runner@2.1.8/node_modules/@vitest/runner/dist/index.js:44:18)\n    at listOnTimeout (node:internal/timers:581:17)\n    at processTimers (node:internal/timers:519:7)"],"meta":{}},{"ancestorTitles":["Composition Utilities (utils.ts)","Advanced scheduling and batching","withPoll"],"fullName":"Composition Utilities (utils.ts) Advanced scheduling and batching withPoll should poll until condition is met","status":"passed","title":"should poll until condition is met","duration":3.3794410000000425,"failureMessages":[],"meta":{}},{"ancestorTitles":["Composition Utilities (utils.ts)","Advanced scheduling and batching","withPoll"],"fullName":"Composition Utilities (utils.ts) Advanced scheduling and batching withPoll should timeout if condition is never met","status":"failed","title":"should timeout if condition is never met","duration":3.5771719999993365,"failureMessages":["AssertionError: expected error to be instance of PollTimeoutError\n    at file:///home/patrick/Projects/effectively/node_modules/.pnpm/@vitest+expect@2.1.8/node_modules/@vitest/expect/dist/index.js:1849:31"],"meta":{}},{"ancestorTitles":["Composition Utilities (utils.ts)","Advanced scheduling and batching","createBatchingTask"],"fullName":"Composition Utilities (utils.ts) Advanced scheduling and batching createBatchingTask should batch multiple calls","status":"passed","title":"should batch multiple calls","duration":2.3207689999999275,"failureMessages":[],"meta":{}},{"ancestorTitles":["Composition Utilities (utils.ts)","Advanced scheduling and batching","createBatchingTask"],"fullName":"Composition Utilities (utils.ts) Advanced scheduling and batching createBatchingTask should handle batch function errors","status":"passed","title":"should handle batch function errors","duration":3.767820000000029,"failureMessages":[],"meta":{}},{"ancestorTitles":["Composition Utilities (utils.ts)","Advanced scheduling and batching","createBatchingTask"],"fullName":"Composition Utilities (utils.ts) Advanced scheduling and batching createBatchingTask should respect abort signals in batch queue","status":"failed","title":"should respect abort signals in batch queue","duration":5.029953999999634,"failureMessages":["AssertionError: expected [Function] to throw error including 'Call aborted before batch dispatch' but got 'Task failed: This operation was abort…'\n    at Assertion.<anonymous> (file:///home/patrick/Projects/effectively/node_modules/.pnpm/@vitest+expect@2.1.8/node_modules/@vitest/expect/dist/index.js:1509:21)\n    at Assertion.<anonymous> (file:///home/patrick/Projects/effectively/node_modules/.pnpm/@vitest+expect@2.1.8/node_modules/@vitest/expect/dist/index.js:972:17)\n    at Assertion.methodWrapper (file:///home/patrick/Projects/effectively/node_modules/.pnpm/chai@5.2.0/node_modules/chai/chai.js:1618:25)\n    at file:///home/patrick/Projects/effectively/node_modules/.pnpm/@vitest+expect@2.1.8/node_modules/@vitest/expect/dist/index.js:1849:31"],"meta":{}},{"ancestorTitles":["Composition Utilities (utils.ts)","Advanced scheduling and batching","withDebounce"],"fullName":"Composition Utilities (utils.ts) Advanced scheduling and batching withDebounce should debounce rapid calls","status":"passed","title":"should debounce rapid calls","duration":1.6824279999991631,"failureMessages":[],"meta":{}},{"ancestorTitles":["Composition Utilities (utils.ts)","Advanced scheduling and batching","withDebounce"],"fullName":"Composition Utilities (utils.ts) Advanced scheduling and batching withDebounce should execute after debounce period","status":"passed","title":"should execute after debounce period","duration":2.565009999999347,"failureMessages":[],"meta":{}}],"startTime":1749914125736,"endTime":1749914130046.565,"status":"failed","message":"","name":"/home/patrick/Projects/effectively/test/composition-utils.test.ts"},{"assertionResults":[{"ancestorTitles":["Core Execution Engine (run.ts)","createContext and basic execution"],"fullName":"Core Execution Engine (run.ts) createContext and basic execution should create a context and run a simple task","status":"passed","title":"should create a context and run a simple task","duration":7.668051000000105,"failureMessages":[],"meta":{}},{"ancestorTitles":["Core Execution Engine (run.ts)","createContext and basic execution"],"fullName":"Core Execution Engine (run.ts) createContext and basic execution should provide context to tasks","status":"passed","title":"should provide context to tasks","duration":1.1289229999999861,"failureMessages":[],"meta":{}},{"ancestorTitles":["Core Execution Engine (run.ts)","createContext and basic execution"],"fullName":"Core Execution Engine (run.ts) createContext and basic execution should handle context overrides","status":"passed","title":"should handle context overrides","duration":2.362952999999834,"failureMessages":[],"meta":{}},{"ancestorTitles":["Core Execution Engine (run.ts)","createContext and basic execution"],"fullName":"Core Execution Engine (run.ts) createContext and basic execution should handle database operations through context","status":"passed","title":"should handle database operations through context","duration":7.677488999999923,"failureMessages":[],"meta":{}},{"ancestorTitles":["Core Execution Engine (run.ts)","Error handling and Result types"],"fullName":"Core Execution Engine (run.ts) Error handling and Result types should throw errors by default","status":"passed","title":"should throw errors by default","duration":8.233789999999999,"failureMessages":[],"meta":{}},{"ancestorTitles":["Core Execution Engine (run.ts)","Error handling and Result types"],"fullName":"Core Execution Engine (run.ts) Error handling and Result types should return Result when throw: false","status":"passed","title":"should return Result when throw: false","duration":4.353117999999995,"failureMessages":[],"meta":{}},{"ancestorTitles":["Core Execution Engine (run.ts)","Error handling and Result types"],"fullName":"Core Execution Engine (run.ts) Error handling and Result types should handle successful tasks with throw: false","status":"passed","title":"should handle successful tasks with throw: false","duration":1.3370849999998882,"failureMessages":[],"meta":{}},{"ancestorTitles":["Core Execution Engine (run.ts)","Backtracking and control flow"],"fullName":"Core Execution Engine (run.ts) Backtracking and control flow should handle BacktrackSignal correctly","status":"passed","title":"should handle BacktrackSignal correctly","duration":2.1760189999999966,"failureMessages":[],"meta":{}},{"ancestorTitles":["Core Execution Engine (run.ts)","Backtracking and control flow"],"fullName":"Core Execution Engine (run.ts) Backtracking and control flow should identify BacktrackSignal with type guard","status":"passed","title":"should identify BacktrackSignal with type guard","duration":1.0402369999999337,"failureMessages":[],"meta":{}},{"ancestorTitles":["Core Execution Engine (run.ts)","Backtracking and control flow"],"fullName":"Core Execution Engine (run.ts) Backtracking and control flow should prevent infinite backtracking loops","status":"passed","title":"should prevent infinite backtracking loops","duration":66.48648000000003,"failureMessages":[],"meta":{}},{"ancestorTitles":["Core Execution Engine (run.ts)","Context getters and safety"],"fullName":"Core Execution Engine (run.ts) Context getters and safety should throw ContextNotFoundError when getContext called outside run","status":"passed","title":"should throw ContextNotFoundError when getContext called outside run","duration":1.425613999999996,"failureMessages":[],"meta":{}},{"ancestorTitles":["Core Execution Engine (run.ts)","Context getters and safety"],"fullName":"Core Execution Engine (run.ts) Context getters and safety should return error Result when getContextSafe called outside run","status":"passed","title":"should return error Result when getContextSafe called outside run","duration":0.7784169999999904,"failureMessages":[],"meta":{}},{"ancestorTitles":["Core Execution Engine (run.ts)","Context getters and safety"],"fullName":"Core Execution Engine (run.ts) Context getters and safety should return undefined when getContextOrUndefined called outside run","status":"passed","title":"should return undefined when getContextOrUndefined called outside run","duration":0.8116039999999884,"failureMessages":[],"meta":{}},{"ancestorTitles":["Core Execution Engine (run.ts)","Context getters and safety"],"fullName":"Core Execution Engine (run.ts) Context getters and safety should work correctly inside run","status":"passed","title":"should work correctly inside run","duration":1.3021470000001045,"failureMessages":[],"meta":{}},{"ancestorTitles":["Core Execution Engine (run.ts)","Smart, Local, and Global context functions"],"fullName":"Core Execution Engine (run.ts) Smart, Local, and Global context functions should use global context as fallback for smart functions","status":"passed","title":"should use global context as fallback for smart functions","duration":2.344282999999905,"failureMessages":[],"meta":{}},{"ancestorTitles":["Core Execution Engine (run.ts)","Smart, Local, and Global context functions"],"fullName":"Core Execution Engine (run.ts) Smart, Local, and Global context functions should throw errors for local-only functions when no context","status":"passed","title":"should throw errors for local-only functions when no context","duration":1.1905329999999594,"failureMessages":[],"meta":{}},{"ancestorTitles":["Core Execution Engine (run.ts)","Smart, Local, and Global context functions"],"fullName":"Core Execution Engine (run.ts) Smart, Local, and Global context functions should work with global-only functions","status":"passed","title":"should work with global-only functions","duration":0.7632109999999557,"failureMessages":[],"meta":{}},{"ancestorTitles":["Core Execution Engine (run.ts)","provide function and context overrides"],"fullName":"Core Execution Engine (run.ts) provide function and context overrides should temporarily override context values","status":"failed","title":"should temporarily override context values","duration":16.710986000000048,"failureMessages":["Error: Context is not available\n    at Object.use (file:///home/patrick/Projects/effectively/node_modules/.pnpm/unctx@2.4.1/node_modules/unctx/dist/index.mjs:31:15)\n    at provide (/home/patrick/Projects/effectively/src/run.ts:2312:57)\n    at /home/patrick/Projects/effectively/test/core-run.test.ts:328:33\n    at processTicksAndRejections (node:internal/process/task_queues:95:5)\n    at file:///home/patrick/Projects/effectively/node_modules/.pnpm/@vitest+runner@2.1.8/node_modules/@vitest/runner/dist/index.js:533:5\n    at runTest (file:///home/patrick/Projects/effectively/node_modules/.pnpm/@vitest+runner@2.1.8/node_modules/@vitest/runner/dist/index.js:1056:11)\n    at runSuite (file:///home/patrick/Projects/effectively/node_modules/.pnpm/@vitest+runner@2.1.8/node_modules/@vitest/runner/dist/index.js:1205:15)\n    at runSuite (file:///home/patrick/Projects/effectively/node_modules/.pnpm/@vitest+runner@2.1.8/node_modules/@vitest/runner/dist/index.js:1205:15)\n    at runSuite (file:///home/patrick/Projects/effectively/node_modules/.pnpm/@vitest+runner@2.1.8/node_modules/@vitest/runner/dist/index.js:1205:15)\n    at runFiles (file:///home/patrick/Projects/effectively/node_modules/.pnpm/@vitest+runner@2.1.8/node_modules/@vitest/runner/dist/index.js:1262:5)"],"meta":{}},{"ancestorTitles":["Core Execution Engine (run.ts)","provide function and context overrides"],"fullName":"Core Execution Engine (run.ts) provide function and context overrides should nest provide calls correctly","status":"failed","title":"should nest provide calls correctly","duration":11.287533000000167,"failureMessages":["AssertionError: expected { userId: 'test-user', counter: +0 } to deeply equal { userId: 'level1', counter: 42 }\n    at /home/patrick/Projects/effectively/test/core-run.test.ts:351:22\n    at processTicksAndRejections (node:internal/process/task_queues:95:5)\n    at file:///home/patrick/Projects/effectively/node_modules/.pnpm/@vitest+runner@2.1.8/node_modules/@vitest/runner/dist/index.js:533:5\n    at runTest (file:///home/patrick/Projects/effectively/node_modules/.pnpm/@vitest+runner@2.1.8/node_modules/@vitest/runner/dist/index.js:1056:11)\n    at runSuite (file:///home/patrick/Projects/effectively/node_modules/.pnpm/@vitest+runner@2.1.8/node_modules/@vitest/runner/dist/index.js:1205:15)\n    at runSuite (file:///home/patrick/Projects/effectively/node_modules/.pnpm/@vitest+runner@2.1.8/node_modules/@vitest/runner/dist/index.js:1205:15)\n    at runSuite (file:///home/patrick/Projects/effectively/node_modules/.pnpm/@vitest+runner@2.1.8/node_modules/@vitest/runner/dist/index.js:1205:15)\n    at runFiles (file:///home/patrick/Projects/effectively/node_modules/.pnpm/@vitest+runner@2.1.8/node_modules/@vitest/runner/dist/index.js:1262:5)\n    at startTests (file:///home/patrick/Projects/effectively/node_modules/.pnpm/@vitest+runner@2.1.8/node_modules/@vitest/runner/dist/index.js:1271:3)\n    at file:///home/patrick/Projects/effectively/node_modules/.pnpm/vitest@2.1.8_@types+node@22.10.2_jsdom@26.1.0/node_modules/vitest/dist/chunks/runBaseTests.3qpJUEJM.js:126:11"],"meta":{}},{"ancestorTitles":["Core Execution Engine (run.ts)","provide function and context overrides"],"fullName":"Core Execution Engine (run.ts) provide function and context overrides should preserve scope in provide calls","status":"passed","title":"should preserve scope in provide calls","duration":1.9631440000000566,"failureMessages":[],"meta":{}},{"ancestorTitles":["Core Execution Engine (run.ts)","Context validation and merging"],"fullName":"Core Execution Engine (run.ts) Context validation and merging should validate context with schema","status":"passed","title":"should validate context with schema","duration":2.2340120000001207,"failureMessages":[],"meta":{}},{"ancestorTitles":["Core Execution Engine (run.ts)","Context validation and merging"],"fullName":"Core Execution Engine (run.ts) Context validation and merging should merge contexts correctly","status":"passed","title":"should merge contexts correctly","duration":0.6059450000000197,"failureMessages":[],"meta":{}},{"ancestorTitles":["Core Execution Engine (run.ts)","Context validation and merging"],"fullName":"Core Execution Engine (run.ts) Context validation and merging should require context properties","status":"passed","title":"should require context properties","duration":3.039703000000145,"failureMessages":[],"meta":{}},{"ancestorTitles":["Core Execution Engine (run.ts)","Dependency injection"],"fullName":"Core Execution Engine (run.ts) Dependency injection should create and use injection tokens","status":"failed","title":"should create and use injection tokens","duration":2.6065839999998843,"failureMessages":["Error: Context is not available\n    at Object.use (file:///home/patrick/Projects/effectively/node_modules/.pnpm/unctx@2.4.1/node_modules/unctx/dist/index.mjs:31:15)\n    at provide (/home/patrick/Projects/effectively/src/run.ts:2312:57)\n    at /home/patrick/Projects/effectively/test/core-run.test.ts:456:28\n    at file:///home/patrick/Projects/effectively/node_modules/.pnpm/@vitest+runner@2.1.8/node_modules/@vitest/runner/dist/index.js:146:14\n    at file:///home/patrick/Projects/effectively/node_modules/.pnpm/@vitest+runner@2.1.8/node_modules/@vitest/runner/dist/index.js:533:11\n    at runWithTimeout (file:///home/patrick/Projects/effectively/node_modules/.pnpm/@vitest+runner@2.1.8/node_modules/@vitest/runner/dist/index.js:39:7)\n    at runTest (file:///home/patrick/Projects/effectively/node_modules/.pnpm/@vitest+runner@2.1.8/node_modules/@vitest/runner/dist/index.js:1056:17)\n    at processTicksAndRejections (node:internal/process/task_queues:95:5)\n    at runSuite (file:///home/patrick/Projects/effectively/node_modules/.pnpm/@vitest+runner@2.1.8/node_modules/@vitest/runner/dist/index.js:1205:15)\n    at runSuite (file:///home/patrick/Projects/effectively/node_modules/.pnpm/@vitest+runner@2.1.8/node_modules/@vitest/runner/dist/index.js:1205:15)"],"meta":{}},{"ancestorTitles":["Core Execution Engine (run.ts)","Dependency injection"],"fullName":"Core Execution Engine (run.ts) Dependency injection should handle optional injection","status":"passed","title":"should handle optional injection","duration":1.922653999999966,"failureMessages":[],"meta":{}},{"ancestorTitles":["Core Execution Engine (run.ts)","Dependency injection"],"fullName":"Core Execution Engine (run.ts) Dependency injection should throw when required injection not found","status":"passed","title":"should throw when required injection not found","duration":1.0825450000002093,"failureMessages":[],"meta":{}},{"ancestorTitles":["Core Execution Engine (run.ts)","Cancellation and abort signals"],"fullName":"Core Execution Engine (run.ts) Cancellation and abort signals should propagate abort signals to context scope","status":"passed","title":"should propagate abort signals to context scope","duration":1.4054380000000037,"failureMessages":[],"meta":{}},{"ancestorTitles":["Core Execution Engine (run.ts)","Cancellation and abort signals"],"fullName":"Core Execution Engine (run.ts) Cancellation and abort signals should handle abort during execution","status":"passed","title":"should handle abort during execution","duration":13.919757000000118,"failureMessages":[],"meta":{}},{"ancestorTitles":["Core Execution Engine (run.ts)","Logging"],"fullName":"Core Execution Engine (run.ts) Logging should use provided logger","status":"passed","title":"should use provided logger","duration":2.865777999999864,"failureMessages":[],"meta":{}},{"ancestorTitles":["Core Execution Engine (run.ts)","Logging"],"fullName":"Core Execution Engine (run.ts) Logging should handle errors with logger","status":"passed","title":"should handle errors with logger","duration":3.3104490000000624,"failureMessages":[],"meta":{}},{"ancestorTitles":["Core Execution Engine (run.ts)","Edge cases and error scenarios"],"fullName":"Core Execution Engine (run.ts) Edge cases and error scenarios should handle null/undefined inputs gracefully","status":"passed","title":"should handle null/undefined inputs gracefully","duration":0.8670419999998558,"failureMessages":[],"meta":{}},{"ancestorTitles":["Core Execution Engine (run.ts)","Edge cases and error scenarios"],"fullName":"Core Execution Engine (run.ts) Edge cases and error scenarios should handle deeply nested task execution","status":"passed","title":"should handle deeply nested task execution","duration":1.4627590000000055,"failureMessages":[],"meta":{}},{"ancestorTitles":["Core Execution Engine (run.ts)","Edge cases and error scenarios"],"fullName":"Core Execution Engine (run.ts) Edge cases and error scenarios should preserve context through complex async operations","status":"passed","title":"should preserve context through complex async operations","duration":11.774944000000005,"failureMessages":[],"meta":{}}],"startTime":1749914126155,"endTime":1749914126349.775,"status":"failed","message":"","name":"/home/patrick/Projects/effectively/test/core-run.test.ts"},{"assertionResults":[{"ancestorTitles":["Data Processing (data-processing.ts)","mapReduce"],"fullName":"Data Processing (data-processing.ts) mapReduce should perform parallel map and sequential reduce","status":"passed","title":"should perform parallel map and sequential reduce","duration":25.53550999999993,"failureMessages":[],"meta":{}},{"ancestorTitles":["Data Processing (data-processing.ts)","mapReduce"],"fullName":"Data Processing (data-processing.ts) mapReduce should handle empty arrays","status":"passed","title":"should handle empty arrays","duration":1.334182999999939,"failureMessages":[],"meta":{}},{"ancestorTitles":["Data Processing (data-processing.ts)","mapReduce"],"fullName":"Data Processing (data-processing.ts) mapReduce should handle single element arrays","status":"passed","title":"should handle single element arrays","duration":3.675404999999955,"failureMessages":[],"meta":{}},{"ancestorTitles":["Data Processing (data-processing.ts)","mapReduce"],"fullName":"Data Processing (data-processing.ts) mapReduce should work with complex data types","status":"passed","title":"should work with complex data types","duration":7.105459999999994,"failureMessages":[],"meta":{}},{"ancestorTitles":["Data Processing (data-processing.ts)","mapReduce"],"fullName":"Data Processing (data-processing.ts) mapReduce should work with string concatenation","status":"passed","title":"should work with string concatenation","duration":8.847796000000017,"failureMessages":[],"meta":{}},{"ancestorTitles":["Data Processing (data-processing.ts)","mapReduce"],"fullName":"Data Processing (data-processing.ts) mapReduce should handle concurrency limits","status":"passed","title":"should handle concurrency limits","duration":44.355187000000114,"failureMessages":[],"meta":{}},{"ancestorTitles":["Data Processing (data-processing.ts)","mapReduce"],"fullName":"Data Processing (data-processing.ts) mapReduce should handle task failures gracefully","status":"passed","title":"should handle task failures gracefully","duration":19.875905999999986,"failureMessages":[],"meta":{}},{"ancestorTitles":["Data Processing (data-processing.ts)","filter"],"fullName":"Data Processing (data-processing.ts) filter should filter array based on async predicate","status":"passed","title":"should filter array based on async predicate","duration":14.953981999999996,"failureMessages":[],"meta":{}},{"ancestorTitles":["Data Processing (data-processing.ts)","filter"],"fullName":"Data Processing (data-processing.ts) filter should handle empty arrays","status":"passed","title":"should handle empty arrays","duration":0.9161569999998846,"failureMessages":[],"meta":{}},{"ancestorTitles":["Data Processing (data-processing.ts)","filter"],"fullName":"Data Processing (data-processing.ts) filter should handle arrays where no items pass filter","status":"passed","title":"should handle arrays where no items pass filter","duration":3.149169000000029,"failureMessages":[],"meta":{}},{"ancestorTitles":["Data Processing (data-processing.ts)","filter"],"fullName":"Data Processing (data-processing.ts) filter should handle arrays where all items pass filter","status":"passed","title":"should handle arrays where all items pass filter","duration":2.8037389999999505,"failureMessages":[],"meta":{}},{"ancestorTitles":["Data Processing (data-processing.ts)","filter"],"fullName":"Data Processing (data-processing.ts) filter should work with complex data types","status":"passed","title":"should work with complex data types","duration":9.527111000000104,"failureMessages":[],"meta":{}},{"ancestorTitles":["Data Processing (data-processing.ts)","filter"],"fullName":"Data Processing (data-processing.ts) filter should respect concurrency limits","status":"passed","title":"should respect concurrency limits","duration":51.196157000000085,"failureMessages":[],"meta":{}},{"ancestorTitles":["Data Processing (data-processing.ts)","filter"],"fullName":"Data Processing (data-processing.ts) filter should handle predicate task failures","status":"passed","title":"should handle predicate task failures","duration":24.440275000000156,"failureMessages":[],"meta":{}},{"ancestorTitles":["Data Processing (data-processing.ts)","filter"],"fullName":"Data Processing (data-processing.ts) filter should maintain original order of elements","status":"passed","title":"should maintain original order of elements","duration":9.653587000000016,"failureMessages":[],"meta":{}},{"ancestorTitles":["Data Processing (data-processing.ts)","groupBy"],"fullName":"Data Processing (data-processing.ts) groupBy should group items by key generated from async task","status":"passed","title":"should group items by key generated from async task","duration":8.62899399999992,"failureMessages":[],"meta":{}},{"ancestorTitles":["Data Processing (data-processing.ts)","groupBy"],"fullName":"Data Processing (data-processing.ts) groupBy should handle empty arrays","status":"passed","title":"should handle empty arrays","duration":1.0334049999999024,"failureMessages":[],"meta":{}},{"ancestorTitles":["Data Processing (data-processing.ts)","groupBy"],"fullName":"Data Processing (data-processing.ts) groupBy should handle arrays with single group","status":"passed","title":"should handle a
[...]

 ❯ test/telemetry.test.ts:349:42
    347|       await service.anotherMethod();
    348|
    349|       expect(mockTracer.startActiveSpan).toHaveBeenCalledWith(
       |                                          ^
    350|         "MyOtherService.anotherMethod",
    351|         expect.any(Function),

⎯⎯⎯⎯⎯⎯⎯⎯⎯⎯⎯⎯⎯⎯⎯⎯⎯⎯⎯⎯⎯⎯⎯⎯⎯⎯⎯⎯⎯⎯⎯⎯⎯⎯⎯⎯⎯⎯⎯⎯⎯⎯⎯⎯⎯⎯⎯⎯⎯⎯⎯⎯⎯⎯⎯⎯⎯⎯⎯⎯⎯⎯⎯⎯⎯⎯⎯⎯⎯⎯⎯⎯⎯⎯⎯⎯⎯⎯⎯⎯⎯⎯⎯⎯⎯⎯⎯⎯⎯⎯⎯⎯⎯⎯⎯⎯⎯⎯⎯⎯⎯⎯⎯⎯⎯⎯⎯⎯⎯⎯⎯⎯⎯⎯⎯⎯⎯⎯⎯⎯⎯⎯⎯⎯⎯⎯⎯⎯⎯⎯⎯⎯⎯⎯⎯⎯⎯⎯⎯⎯⎯⎯⎯⎯⎯⎯⎯⎯⎯⎯⎯⎯⎯⎯⎯[23/34]⎯

 FAIL  test/worker.test.ts > Web Worker Utilities (worker.ts) > runOnWorker (Request-Response) > should successfully execute a task on the worker and return the result
WorkflowError: Task failed: Seroval caught an error during the deserialization process.

TypeError
Cannot read properties of undefined (reading 't')

- For more information, please check the "cause" property of this error.
- If you believe this is an error in Seroval, please submit an issue at https://github.com/lxsmnsyc/seroval/issues/new
 ❯ runImpl src/run.ts:939:15
    937|         }
    938|
    939|         throw new WorkflowError(
       |               ^
    940|           `Task failed: ${error instanceof Error ? error.message : String(error)}`,
    941|           error,
 ❯ test/worker.test.ts:135:22

Caused by: Error: Seroval caught an error during the deserialization process.

TypeError
Cannot read properties of undefined (reading 't')

- For more information, please check the "cause" property of this error.
- If you believe this is an error in Seroval, please submit an issue at https://github.com/lxsmnsyc/seroval/issues/new
 ❯ VanillaDeserializerContext.deserializeTop node_modules/.pnpm/seroval@1.3.2/node_modules/seroval/src/core/context/deserializer.ts:379:13
 ❯ Module.fromJSON node_modules/.pnpm/seroval@1.3.2/node_modules/seroval/src/core/tree/index.ts:110:14
 ❯ MockMessagePort.worker2.onmessage src/worker.ts:316:38
 ❯ test/worker.test.ts:28:25

Caused by: TypeError: Cannot read properties of undefined (reading 't')
 ❯ VanillaDeserializerContext.deserialize node_modules/.pnpm/seroval@1.3.2/node_modules/seroval/src/core/context/deserializer.ts:384:18
 ❯ VanillaDeserializerContext.deserializeTop node_modules/.pnpm/seroval@1.3.2/node_modules/seroval/src/core/context/deserializer.ts:377:19
 ❯ Module.fromJSON node_modules/.pnpm/seroval@1.3.2/node_modules/seroval/src/core/tree/index.ts:110:14
 ❯ MockMessagePort.worker2.onmessage src/worker.ts:316:38
 ❯ test/worker.test.ts:28:25

⎯⎯⎯⎯⎯⎯⎯⎯⎯⎯⎯⎯⎯⎯⎯⎯⎯⎯⎯⎯⎯⎯⎯⎯⎯⎯⎯⎯⎯⎯⎯⎯⎯⎯⎯⎯⎯⎯⎯⎯⎯⎯⎯⎯⎯⎯⎯⎯⎯⎯⎯⎯⎯⎯⎯⎯⎯⎯⎯⎯⎯⎯⎯⎯⎯⎯⎯⎯⎯⎯⎯⎯⎯⎯⎯⎯⎯⎯⎯⎯⎯⎯⎯⎯⎯⎯⎯⎯⎯⎯⎯⎯⎯⎯⎯⎯⎯⎯⎯⎯⎯⎯⎯⎯⎯⎯⎯⎯⎯⎯⎯⎯⎯⎯⎯⎯⎯⎯⎯⎯⎯⎯⎯⎯⎯⎯⎯⎯⎯⎯⎯⎯⎯⎯⎯⎯⎯⎯⎯⎯⎯⎯⎯⎯⎯⎯⎯⎯⎯⎯⎯⎯⎯⎯⎯[24/34]⎯

 FAIL  test/worker.test.ts > Web Worker Utilities (worker.ts) > runOnWorker (Request-Response) > should correctly propagate an error from the worker task
AssertionError: expected [Function] to throw error including 'Worker task failed deliberately' but got 'Task failed: Seroval caught an error …'

- Expected
+ Received

- Worker task failed deliberately
+ Task failed: Seroval caught an error during the deserialization process.
+
+ TypeError
+ Cannot read properties of undefined (reading 't')
+
+ - For more information, please check the "cause" property of this error.
+ - If you believe this is an error in Seroval, please submit an issue at https://github.com/lxsmnsyc/seroval/issues/new

 ❯ test/worker.test.ts:143:7
    141|         plugins: [DOMExceptionPlugin],
    142|       });
    143|       await expect(testRun(remoteTask, null)).rejects.toThrow(
       |       ^
    144|         "Worker task failed deliberately",
    145|       );

⎯⎯⎯⎯⎯⎯⎯⎯⎯⎯⎯⎯⎯⎯⎯⎯⎯⎯⎯⎯⎯⎯⎯⎯⎯⎯⎯⎯⎯⎯⎯⎯⎯⎯⎯⎯⎯⎯⎯⎯⎯⎯⎯⎯⎯⎯⎯⎯⎯⎯⎯⎯⎯⎯⎯⎯⎯⎯⎯⎯⎯⎯⎯⎯⎯⎯⎯⎯⎯⎯⎯⎯⎯⎯⎯⎯⎯⎯⎯⎯⎯⎯⎯⎯⎯⎯⎯⎯⎯⎯⎯⎯⎯⎯⎯⎯⎯⎯⎯⎯⎯⎯⎯⎯⎯⎯⎯⎯⎯⎯⎯⎯⎯⎯⎯⎯⎯⎯⎯⎯⎯⎯⎯⎯⎯⎯⎯⎯⎯⎯⎯⎯⎯⎯⎯⎯⎯⎯⎯⎯⎯⎯⎯⎯⎯⎯⎯⎯⎯⎯⎯⎯⎯⎯⎯[25/34]⎯

 FAIL  test/worker.test.ts > Web Worker Utilities (worker.ts) > runOnWorker (Request-Response) > should reject if the taskId is not found on the worker
AssertionError: expected [Function] to throw error including 'Task "nonExistentTask" not found on w…' but got 'Task failed: Seroval caught an error …'

- Expected
+ Received

- Task "nonExistentTask" not found on worker
+ Task failed: Seroval caught an error during the deserialization process.
+
+ TypeError
+ Cannot read properties of undefined (reading 't')
+
+ - For more information, please check the "cause" property of this error.
+ - If you believe this is an error in Seroval, please submit an issue at https://github.com/lxsmnsyc/seroval/issues/new

 ❯ test/worker.test.ts:150:7
    148|     it("should reject if the taskId is not found on the worker", async () => {
    149|       const remoteTask = runOnWorker(mockWorker as any, "nonExistentTask");
    150|       await expect(testRun(remoteTask, null)).rejects.toThrow(
       |       ^
    151|         'Task "nonExistentTask" not found on worker',
    152|       );

⎯⎯⎯⎯⎯⎯⎯⎯⎯⎯⎯⎯⎯⎯⎯⎯⎯⎯⎯⎯⎯⎯⎯⎯⎯⎯⎯⎯⎯⎯⎯⎯⎯⎯⎯⎯⎯⎯⎯⎯⎯⎯⎯⎯⎯⎯⎯⎯⎯⎯⎯⎯⎯⎯⎯⎯⎯⎯⎯⎯⎯⎯⎯⎯⎯⎯⎯⎯⎯⎯⎯⎯⎯⎯⎯⎯⎯⎯⎯⎯⎯⎯⎯⎯⎯⎯⎯⎯⎯⎯⎯⎯⎯⎯⎯⎯⎯⎯⎯⎯⎯⎯⎯⎯⎯⎯⎯⎯⎯⎯⎯⎯⎯⎯⎯⎯⎯⎯⎯⎯⎯⎯⎯⎯⎯⎯⎯⎯⎯⎯⎯⎯⎯⎯⎯⎯⎯⎯⎯⎯⎯⎯⎯⎯⎯⎯⎯⎯⎯⎯⎯⎯⎯⎯⎯[26/34]⎯

 FAIL  test/worker.test.ts > Web Worker Utilities (worker.ts) > runOnWorker (Request-Response) > should handle cancellation from the main thread
AssertionError: expected [Function] to throw error including 'Operation aborted by main thread' but got 'Task failed: This operation was abort…'

Expected: "Operation aborted by main thread"
Received: "Task failed: This operation was aborted"

 ❯ test/worker.test.ts:167:7
    165|       controller.abort();
    166|
    167|       await expect(promise).rejects.toThrow("Operation aborted by main thread");
       |       ^
    168|     });
    169|   });

⎯⎯⎯⎯⎯⎯⎯⎯⎯⎯⎯⎯⎯⎯⎯⎯⎯⎯⎯⎯⎯⎯⎯⎯⎯⎯⎯⎯⎯⎯⎯⎯⎯⎯⎯⎯⎯⎯⎯⎯⎯⎯⎯⎯⎯⎯⎯⎯⎯⎯⎯⎯⎯⎯⎯⎯⎯⎯⎯⎯⎯⎯⎯⎯⎯⎯⎯⎯⎯⎯⎯⎯⎯⎯⎯⎯⎯⎯⎯⎯⎯⎯⎯⎯⎯⎯⎯⎯⎯⎯⎯⎯⎯⎯⎯⎯⎯⎯⎯⎯⎯⎯⎯⎯⎯⎯⎯⎯⎯⎯⎯⎯⎯⎯⎯⎯⎯⎯⎯⎯⎯⎯⎯⎯⎯⎯⎯⎯⎯⎯⎯⎯⎯⎯⎯⎯⎯⎯⎯⎯⎯⎯⎯⎯⎯⎯⎯⎯⎯⎯⎯⎯⎯⎯⎯[27/34]⎯

⎯⎯⎯⎯⎯⎯⎯⎯⎯⎯⎯⎯⎯⎯⎯⎯⎯⎯⎯⎯⎯⎯⎯⎯⎯⎯⎯⎯⎯⎯⎯⎯⎯⎯⎯⎯⎯⎯⎯⎯⎯⎯⎯⎯⎯⎯⎯⎯⎯⎯⎯⎯⎯⎯⎯⎯⎯⎯⎯⎯⎯⎯⎯⎯⎯⎯⎯⎯⎯⎯⎯⎯ Unhandled Errors ⎯⎯⎯⎯⎯⎯⎯⎯⎯⎯⎯⎯⎯⎯⎯⎯⎯⎯⎯⎯⎯⎯⎯⎯⎯⎯⎯⎯⎯⎯⎯⎯⎯⎯⎯⎯⎯⎯⎯⎯⎯⎯⎯⎯⎯⎯⎯⎯⎯⎯⎯⎯⎯⎯⎯⎯⎯⎯⎯⎯⎯⎯⎯⎯⎯⎯⎯⎯⎯⎯⎯⎯⎯

Vitest caught 7 unhandled errors during the test run.
This might cause false positive tests. Resolve unhandled errors to make sure your tests are not affected.

⎯⎯⎯⎯⎯⎯⎯⎯⎯⎯⎯⎯⎯⎯⎯⎯⎯⎯⎯⎯⎯⎯⎯⎯⎯⎯⎯⎯⎯⎯⎯⎯⎯⎯⎯⎯⎯⎯⎯⎯⎯⎯⎯⎯⎯⎯⎯⎯⎯⎯⎯⎯⎯⎯⎯⎯⎯⎯⎯⎯⎯⎯⎯⎯⎯⎯⎯⎯⎯⎯⎯ Unhandled Rejection ⎯⎯⎯⎯⎯⎯⎯⎯⎯⎯⎯⎯⎯⎯⎯⎯⎯⎯⎯⎯⎯⎯⎯⎯⎯⎯⎯⎯⎯⎯⎯⎯⎯⎯⎯⎯⎯⎯⎯⎯⎯⎯⎯⎯⎯⎯⎯⎯⎯⎯⎯⎯⎯⎯⎯⎯⎯⎯⎯⎯⎯⎯⎯⎯⎯⎯⎯⎯⎯⎯⎯
WorkflowError: Task failed: Always fails
 ❯ runImpl src/run.ts:939:15
    937|         }
    938|
    939|         throw new WorkflowError(
       |               ^
    940|           `Task failed: ${error instanceof Error ? error.message : String(error)}`,
    941|           error,

⎯⎯⎯⎯⎯⎯⎯⎯⎯⎯⎯⎯⎯⎯⎯⎯⎯⎯⎯⎯⎯⎯⎯⎯⎯⎯⎯⎯⎯⎯⎯⎯⎯⎯⎯⎯⎯⎯⎯⎯⎯⎯⎯⎯⎯⎯⎯⎯⎯⎯⎯⎯⎯⎯⎯⎯⎯⎯⎯⎯⎯⎯⎯⎯⎯⎯⎯⎯⎯⎯⎯⎯⎯⎯⎯⎯⎯⎯⎯⎯⎯⎯⎯⎯⎯⎯⎯⎯⎯⎯⎯⎯⎯⎯⎯⎯⎯⎯⎯⎯⎯⎯⎯⎯⎯⎯⎯⎯⎯⎯⎯⎯⎯⎯⎯⎯⎯⎯⎯⎯⎯⎯⎯⎯⎯⎯⎯⎯⎯⎯⎯⎯⎯⎯⎯⎯⎯⎯⎯⎯⎯⎯⎯⎯⎯⎯⎯⎯⎯⎯⎯⎯⎯⎯⎯⎯⎯⎯⎯⎯⎯⎯⎯
Serialized Error: { taskName: 'withRetry(anonymousTask, attempts=2)', taskIndex: +0 }
This error originated in "test/composition-utils.test.ts" test file. It doesn't mean the error was thrown inside the file itself, but while it was running.
The latest test that might've caused the error is "should fail after max attempts". It might mean one of the following:
- The error was thrown, while Vitest was running this test.
- If the error occurred after the test had been completed, this was the last documented test before it was thrown.
Caused by: Error: Always fails
 ❯ test/composition-utils.test.ts:704:17
 ❯ anonymousTask src/run.ts:552:12
 ❯ withRetry(anonymousTask, attempts=2) src/utils.ts:1391:22
 ❯ Object.callAsync node_modules/.pnpm/unctx@2.4.1/node_modules/unctx/dist/index.mjs:72:16
 ❯ runImpl src/run.ts:906:24


⎯⎯⎯⎯⎯⎯⎯⎯⎯⎯⎯⎯⎯⎯⎯⎯⎯⎯⎯⎯⎯⎯⎯⎯⎯⎯⎯⎯⎯⎯⎯⎯⎯⎯⎯⎯⎯⎯⎯⎯⎯⎯⎯⎯⎯⎯⎯⎯⎯⎯⎯⎯⎯⎯⎯⎯⎯⎯⎯⎯⎯⎯⎯⎯⎯⎯⎯⎯⎯⎯⎯ Unhandled Rejection ⎯⎯⎯⎯⎯⎯⎯⎯⎯⎯⎯⎯⎯⎯⎯⎯⎯⎯⎯⎯⎯⎯⎯⎯⎯⎯⎯⎯⎯⎯⎯⎯⎯⎯⎯⎯⎯⎯⎯⎯⎯⎯⎯⎯⎯⎯⎯⎯⎯⎯⎯⎯⎯⎯⎯⎯⎯⎯⎯⎯⎯⎯⎯⎯⎯⎯⎯⎯⎯⎯⎯
WorkflowError: Task failed: Temporary failure
 ❯ runImpl src/run.ts:939:15
    937|         }
    938|
    939|         throw new WorkflowError(
       |               ^
    940|           `Task failed: ${error instanceof Error ? error.message : String(error)}`,
    941|           error,

⎯⎯⎯⎯⎯⎯⎯⎯⎯⎯⎯⎯⎯⎯⎯⎯⎯⎯⎯⎯⎯⎯⎯⎯⎯⎯⎯⎯⎯⎯⎯⎯⎯⎯⎯⎯⎯⎯⎯⎯⎯⎯⎯⎯⎯⎯⎯⎯⎯⎯⎯⎯⎯⎯⎯⎯⎯⎯⎯⎯⎯⎯⎯⎯⎯⎯⎯⎯⎯⎯⎯⎯⎯⎯⎯⎯⎯⎯⎯⎯⎯⎯⎯⎯⎯⎯⎯⎯⎯⎯⎯⎯⎯⎯⎯⎯⎯⎯⎯⎯⎯⎯⎯⎯⎯⎯⎯⎯⎯⎯⎯⎯⎯⎯⎯⎯⎯⎯⎯⎯⎯⎯⎯⎯⎯⎯⎯⎯⎯⎯⎯⎯⎯⎯⎯⎯⎯⎯⎯⎯⎯⎯⎯⎯⎯⎯⎯⎯⎯⎯⎯⎯⎯⎯⎯⎯⎯⎯⎯⎯⎯⎯⎯
Serialized Error: { taskName: 'withRetry(anonymousTask, attempts=3)', taskIndex: +0 }
This error originated in "test/composition-utils.test.ts" test file. It doesn't mean the error was thrown inside the file itself, but while it was running.
The latest test that might've caused the error is "should use exponential backoff". It might mean one of the following:
- The error was thrown, while Vitest was running this test.
- If the error occurred after the test had been completed, this was the last documented test before it was thrown.
Caused by: Error: Temporary failure
 ❯ test/composition-utils.test.ts:723:17
 ❯ anonymousTask src/run.ts:552:12
 ❯ withRetry(anonymousTask, attempts=3) src/utils.ts:1391:22
 ❯ Object.callAsync node_modules/.pnpm/unctx@2.4.1/node_modules/unctx/dist/index.mjs:72:16
 ❯ runImpl src/run.ts:906:24


⎯⎯⎯⎯⎯⎯⎯⎯⎯⎯⎯⎯⎯⎯⎯⎯⎯⎯⎯⎯⎯⎯⎯⎯⎯⎯⎯⎯⎯⎯⎯⎯⎯⎯⎯⎯⎯⎯⎯⎯⎯⎯⎯⎯⎯⎯⎯⎯⎯⎯⎯⎯⎯⎯⎯⎯⎯⎯⎯⎯⎯⎯⎯⎯⎯⎯⎯⎯⎯⎯⎯ Unhandled Rejection ⎯⎯⎯⎯⎯⎯⎯⎯⎯⎯⎯⎯⎯⎯⎯⎯⎯⎯⎯⎯⎯⎯⎯⎯⎯⎯⎯⎯⎯⎯⎯⎯⎯⎯⎯⎯⎯⎯⎯⎯⎯⎯⎯⎯⎯⎯⎯⎯⎯⎯⎯⎯⎯⎯⎯⎯⎯⎯⎯⎯⎯⎯⎯⎯⎯⎯⎯⎯⎯⎯⎯
WorkflowError: Task failed: Task 'anonymousTask' timed out after 500ms.
 ❯ runImpl src/run.ts:939:15
    937|         }
    938|
    939|         throw new WorkflowError(
       |               ^
    940|           `Task failed: ${error instanceof Error ? error.message : String(error)}`,
    941|           error,

⎯⎯⎯⎯⎯⎯⎯⎯⎯⎯⎯⎯⎯⎯⎯⎯⎯⎯⎯⎯⎯⎯⎯⎯⎯⎯⎯⎯⎯⎯⎯⎯⎯⎯⎯⎯⎯⎯⎯⎯⎯⎯⎯⎯⎯⎯⎯⎯⎯⎯⎯⎯⎯⎯⎯⎯⎯⎯⎯⎯⎯⎯⎯⎯⎯⎯⎯⎯⎯⎯⎯⎯⎯⎯⎯⎯⎯⎯⎯⎯⎯⎯⎯⎯⎯⎯⎯⎯⎯⎯⎯⎯⎯⎯⎯⎯⎯⎯⎯⎯⎯⎯⎯⎯⎯⎯⎯⎯⎯⎯⎯⎯⎯⎯⎯⎯⎯⎯⎯⎯⎯⎯⎯⎯⎯⎯⎯⎯⎯⎯⎯⎯⎯⎯⎯⎯⎯⎯⎯⎯⎯⎯⎯⎯⎯⎯⎯⎯⎯⎯⎯⎯⎯⎯⎯⎯⎯⎯⎯⎯⎯⎯⎯
Serialized Error: { taskName: 'withTimeout(anonymousTask, 500ms)', taskIndex: +0 }
This error originated in "test/composition-utils.test.ts" test file. It doesn't mean the error was thrown inside the file itself, but while it was running.
The latest test that might've caused the error is "should timeout long-running tasks". It might mean one of the following:
- The error was thrown, while Vitest was running this test.
- If the error occurred after the test had been completed, this was the last documented test before it was thrown.
Caused by: TimeoutError: Task 'anonymousTask' timed out after 500ms.
 ❯ src/utils.ts:1711:16
 ❯ callTimer node_modules/.pnpm/vitest@2.1.8_@types+node@22.10.2_jsdom@26.1.0/node_modules/vitest/dist/chunks/vi.DgezovHB.js:2300:25
 ❯ doTickInner node_modules/.pnpm/vitest@2.1.8_@types+node@22.10.2_jsdom@26.1.0/node_modules/vitest/dist/chunks/vi.DgezovHB.js:2886:30
 ❯ doTick node_modules/.pnpm/vitest@2.1.8_@types+node@22.10.2_jsdom@26.1.0/node_modules/vitest/dist/chunks/vi.DgezovHB.js:2967:21
 ❯ Immediate.<anonymous> node_modules/.pnpm/vitest@2.1.8_@types+node@22.10.2_jsdom@26.1.0/node_modules/vitest/dist/chunks/vi.DgezovHB.js:2987:30
 ❯ processImmediate node:internal/timers:483:21
 ❯ process.callbackTrampoline node:internal/async_hooks:130:17

⎯⎯⎯⎯⎯⎯⎯⎯⎯⎯⎯⎯⎯⎯⎯⎯⎯⎯⎯⎯⎯⎯⎯⎯⎯⎯⎯⎯⎯⎯⎯⎯⎯⎯⎯⎯⎯⎯⎯⎯⎯⎯⎯⎯⎯⎯⎯⎯⎯⎯⎯⎯⎯⎯⎯⎯⎯⎯⎯⎯⎯⎯⎯⎯⎯⎯⎯⎯⎯⎯⎯⎯⎯⎯⎯⎯⎯⎯⎯⎯⎯⎯⎯⎯⎯⎯⎯⎯⎯⎯⎯⎯⎯⎯⎯⎯⎯⎯⎯⎯⎯⎯⎯⎯⎯⎯⎯⎯⎯⎯⎯⎯⎯⎯⎯⎯⎯⎯⎯⎯⎯⎯⎯⎯⎯⎯⎯⎯⎯⎯⎯⎯⎯⎯⎯⎯⎯⎯⎯⎯⎯⎯⎯⎯⎯⎯⎯⎯⎯⎯⎯⎯⎯⎯⎯⎯⎯⎯⎯⎯⎯⎯⎯
Serialized Error: { _tag: 'TimeoutError' }

⎯⎯⎯⎯⎯⎯⎯⎯⎯⎯⎯⎯⎯⎯⎯⎯⎯⎯⎯⎯⎯⎯⎯⎯⎯⎯⎯⎯⎯⎯⎯⎯⎯⎯⎯⎯⎯⎯⎯⎯⎯⎯⎯⎯⎯⎯⎯⎯⎯⎯⎯⎯⎯⎯⎯⎯⎯⎯⎯⎯⎯⎯⎯⎯⎯⎯⎯⎯⎯⎯⎯ Unhandled Rejection ⎯⎯⎯⎯⎯⎯⎯⎯⎯⎯⎯⎯⎯⎯⎯⎯⎯⎯⎯⎯⎯⎯⎯⎯⎯⎯⎯⎯⎯⎯⎯⎯⎯⎯⎯⎯⎯⎯⎯⎯⎯⎯⎯⎯⎯⎯⎯⎯⎯⎯⎯⎯⎯⎯⎯⎯⎯⎯⎯⎯⎯⎯⎯⎯⎯⎯⎯⎯⎯⎯⎯
WorkflowError: Task failed: Task 'anonymousTask' timed out after 250ms.
 ❯ runImpl src/run.ts:939:15
    937|         }
    938|
    939|         throw new WorkflowError(
       |               ^
    940|           `Task failed: ${error instanceof Error ? error.message : String(error)}`,
    941|           error,

⎯⎯⎯⎯⎯⎯⎯⎯⎯⎯⎯⎯⎯⎯⎯⎯⎯⎯⎯⎯⎯⎯⎯⎯⎯⎯⎯⎯⎯⎯⎯⎯⎯⎯⎯⎯⎯⎯⎯⎯⎯⎯⎯⎯⎯⎯⎯⎯⎯⎯⎯⎯⎯⎯⎯⎯⎯⎯⎯⎯⎯⎯⎯⎯⎯⎯⎯⎯⎯⎯⎯⎯⎯⎯⎯⎯⎯⎯⎯⎯⎯⎯⎯⎯⎯⎯⎯⎯⎯⎯⎯⎯⎯⎯⎯⎯⎯⎯⎯⎯⎯⎯⎯⎯⎯⎯⎯⎯⎯⎯⎯⎯⎯⎯⎯⎯⎯⎯⎯⎯⎯⎯⎯⎯⎯⎯⎯⎯⎯⎯⎯⎯⎯⎯⎯⎯⎯⎯⎯⎯⎯⎯⎯⎯⎯⎯⎯⎯⎯⎯⎯⎯⎯⎯⎯⎯⎯⎯⎯⎯⎯⎯⎯
Serialized Error: { taskName: 'withPoll(anonymousTask, interval=100ms, timeout=250ms)', taskIndex: +0 }
This error originated in "test/composition-utils.test.ts" test file. It doesn't mean the error was thrown inside the file itself, but while it was running.
The latest test that might've caused the error is "should timeout if condition is never met". It might mean one of the following:
- The error was thrown, while Vitest was running this test.
- If the error occurred after the test had been completed, this was the last documented test before it was thrown.
Caused by: PollTimeoutError: Task 'anonymousTask' timed out after 250ms.
 ❯ withPoll(anonymousTask, interval=100ms, timeout=250ms) src/utils.ts:2207:15
 ❯ Object.callAsync node_modules/.pnpm/unctx@2.4.1/node_modules/unctx/dist/index.mjs:72:16
 ❯ runImpl src/run.ts:906:24

⎯⎯⎯⎯⎯⎯⎯⎯⎯⎯⎯⎯⎯⎯⎯⎯⎯⎯⎯⎯⎯⎯⎯⎯⎯⎯⎯⎯⎯⎯⎯⎯⎯⎯⎯⎯⎯⎯⎯⎯⎯⎯⎯⎯⎯⎯⎯⎯⎯⎯⎯⎯⎯⎯⎯⎯⎯⎯⎯⎯⎯⎯⎯⎯⎯⎯⎯⎯⎯⎯⎯⎯⎯⎯⎯⎯⎯⎯⎯⎯⎯⎯⎯⎯⎯⎯⎯⎯⎯⎯⎯⎯⎯⎯⎯⎯⎯⎯⎯⎯⎯⎯⎯⎯⎯⎯⎯⎯⎯⎯⎯⎯⎯⎯⎯⎯⎯⎯⎯⎯⎯⎯⎯⎯⎯⎯⎯⎯⎯⎯⎯⎯⎯⎯⎯⎯⎯⎯⎯⎯⎯⎯⎯⎯⎯⎯⎯⎯⎯⎯⎯⎯⎯⎯⎯⎯⎯⎯⎯⎯⎯⎯⎯
Serialized Error: { _tag: 'TimeoutError' }

⎯⎯⎯⎯⎯⎯⎯⎯⎯⎯⎯⎯⎯⎯⎯⎯⎯⎯⎯⎯⎯⎯⎯⎯⎯⎯⎯⎯⎯⎯⎯⎯⎯⎯⎯⎯⎯⎯⎯⎯⎯⎯⎯⎯⎯⎯⎯⎯⎯⎯⎯⎯⎯⎯⎯⎯⎯⎯⎯⎯⎯⎯⎯⎯⎯⎯⎯⎯⎯⎯⎯ Unhandled Rejection ⎯⎯⎯⎯⎯⎯⎯⎯⎯⎯⎯⎯⎯⎯⎯⎯⎯⎯⎯⎯⎯⎯⎯⎯⎯⎯⎯⎯⎯⎯⎯⎯⎯⎯⎯⎯⎯⎯⎯⎯⎯⎯⎯⎯⎯⎯⎯⎯⎯⎯⎯⎯⎯⎯⎯⎯⎯⎯⎯⎯⎯⎯⎯⎯⎯⎯⎯⎯⎯⎯⎯
WorkflowError: Task failed: Batch failed
 ❯ runImpl src/run.ts:939:15
    937|         }
    938|
    939|         throw new WorkflowError(
       |               ^
    940|           `Task failed: ${error instanceof Error ? error.message : String(error)}`,
    941|           error,

⎯⎯⎯⎯⎯⎯⎯⎯⎯⎯⎯⎯⎯⎯⎯⎯⎯⎯⎯⎯⎯⎯⎯⎯⎯⎯⎯⎯⎯⎯⎯⎯⎯⎯⎯⎯⎯⎯⎯⎯⎯⎯⎯⎯⎯⎯⎯⎯⎯⎯⎯⎯⎯⎯⎯⎯⎯⎯⎯⎯⎯⎯⎯⎯⎯⎯⎯⎯⎯⎯⎯⎯⎯⎯⎯⎯⎯⎯⎯⎯⎯⎯⎯⎯⎯⎯⎯⎯⎯⎯⎯⎯⎯⎯⎯⎯⎯⎯⎯⎯⎯⎯⎯⎯⎯⎯⎯⎯⎯⎯⎯⎯⎯⎯⎯⎯⎯⎯⎯⎯⎯⎯⎯⎯⎯⎯⎯⎯⎯⎯⎯⎯⎯⎯⎯⎯⎯⎯⎯⎯⎯⎯⎯⎯⎯⎯⎯⎯⎯⎯⎯⎯⎯⎯⎯⎯⎯⎯⎯⎯⎯⎯⎯
Serialized Error: { taskName: 'createBatchingTask(batchFn)', taskIndex: +0 }
This error originated in "test/composition-utils.test.ts" test file. It doesn't mean the error was thrown inside the file itself, but while it was running.
The latest test that might've caused the error is "should handle batch function errors". It might mean one of the following:
- The error was thrown, while Vitest was running this test.
- If the error occurred after the test had been completed, this was the last documented test before it was thrown.
Caused by: Error: Batch failed
 ❯ batchFn test/composition-utils.test.ts:1098:17
 ❯ dispatch src/utils.ts:2381:5
 ❯ callTimer node_modules/.pnpm/vitest@2.1.8_@types+node@22.10.2_jsdom@26.1.0/node_modules/vitest/dist/chunks/vi.DgezovHB.js:2300:25
 ❯ doTickInner node_modules/.pnpm/vitest@2.1.8_@types+node@22.10.2_jsdom@26.1.0/node_modules/vitest/dist/chunks/vi.DgezovHB.js:2886:30
 ❯ doTick node_modules/.pnpm/vitest@2.1.8_@types+node@22.10.2_jsdom@26.1.0/node_modules/vitest/dist/chunks/vi.DgezovHB.js:2967:21
 ❯ Immediate.<anonymous> node_modules/.pnpm/vitest@2.1.8_@types+node@22.10.2_jsdom@26.1.0/node_modules/vitest/dist/chunks/vi.DgezovHB.js:2987:30
 ❯ processImmediate node:internal/timers:483:21
 ❯ process.callbackTrampoline node:internal/async_hooks:130:17


⎯⎯⎯⎯⎯⎯⎯⎯⎯⎯⎯⎯⎯⎯⎯⎯⎯⎯⎯⎯⎯⎯⎯⎯⎯⎯⎯⎯⎯⎯⎯⎯⎯⎯⎯⎯⎯⎯⎯⎯⎯⎯⎯⎯⎯⎯⎯⎯⎯⎯⎯⎯⎯⎯⎯⎯⎯⎯⎯⎯⎯⎯⎯⎯⎯⎯⎯⎯⎯⎯⎯ Unhandled Rejection ⎯⎯⎯⎯⎯⎯⎯⎯⎯⎯⎯⎯⎯⎯⎯⎯⎯⎯⎯⎯⎯⎯⎯⎯⎯⎯⎯⎯⎯⎯⎯⎯⎯⎯⎯⎯⎯⎯⎯⎯⎯⎯⎯⎯⎯⎯⎯⎯⎯⎯⎯⎯⎯⎯⎯⎯⎯⎯⎯⎯⎯⎯⎯⎯⎯⎯⎯⎯⎯⎯⎯
WorkflowError: Task failed: Batch failed
 ❯ runImpl src/run.ts:939:15
    937|         }
    938|
    939|         throw new WorkflowError(
       |               ^
    940|           `Task failed: ${error instanceof Error ? error.message : String(error)}`,
    941|           error,

⎯⎯⎯⎯⎯⎯⎯⎯⎯⎯⎯⎯⎯⎯⎯⎯⎯⎯⎯⎯⎯⎯⎯⎯⎯⎯⎯⎯⎯⎯⎯⎯⎯⎯⎯⎯⎯⎯⎯⎯⎯⎯⎯⎯⎯⎯⎯⎯⎯⎯⎯⎯⎯⎯⎯⎯⎯⎯⎯⎯⎯⎯⎯⎯⎯⎯⎯⎯⎯⎯⎯⎯⎯⎯⎯⎯⎯⎯⎯⎯⎯⎯⎯⎯⎯⎯⎯⎯⎯⎯⎯⎯⎯⎯⎯⎯⎯⎯⎯⎯⎯⎯⎯⎯⎯⎯⎯⎯⎯⎯⎯⎯⎯⎯⎯⎯⎯⎯⎯⎯⎯⎯⎯⎯⎯⎯⎯⎯⎯⎯⎯⎯⎯⎯⎯⎯⎯⎯⎯⎯⎯⎯⎯⎯⎯⎯⎯⎯⎯⎯⎯⎯⎯⎯⎯⎯⎯⎯⎯⎯⎯⎯⎯
Serialized Error: { taskName: 'createBatchingTask(batchFn)', taskIndex: +0 }
This error originated in "test/composition-utils.test.ts" test file. It doesn't mean the error was thrown inside the file itself, but while it was running.
The latest test that might've caused the error is "should handle batch function errors". It might mean one of the following:
- The error was thrown, while Vitest was running this test.
- If the error occurred after the test had been completed, this was the last documented test before it was thrown.
Caused by: Error: Batch failed
 ❯ batchFn test/composition-utils.test.ts:1098:17
 ❯ dispatch src/utils.ts:2381:5
 ❯ callTimer node_modules/.pnpm/vitest@2.1.8_@types+node@22.10.2_jsdom@26.1.0/node_modules/vitest/dist/chunks/vi.DgezovHB.js:2300:25
 ❯ doTickInner node_modules/.pnpm/vitest@2.1.8_@types+node@22.10.2_jsdom@26.1.0/node_modules/vitest/dist/chunks/vi.DgezovHB.js:2886:30
 ❯ doTick node_modules/.pnpm/vitest@2.1.8_@types+node@22.10.2_jsdom@26.1.0/node_modules/vitest/dist/chunks/vi.DgezovHB.js:2967:21
 ❯ Immediate.<anonymous> node_modules/.pnpm/vitest@2.1.8_@types+node@22.10.2_jsdom@26.1.0/node_modules/vitest/dist/chunks/vi.DgezovHB.js:2987:30
 ❯ processImmediate node:internal/timers:483:21
 ❯ process.callbackTrampoline node:internal/async_hooks:130:17


⎯⎯⎯⎯⎯⎯⎯⎯⎯⎯⎯⎯⎯⎯⎯⎯⎯⎯⎯⎯⎯⎯⎯⎯⎯⎯⎯⎯⎯⎯⎯⎯⎯⎯⎯⎯⎯⎯⎯⎯⎯⎯⎯⎯⎯⎯⎯⎯⎯⎯⎯⎯⎯⎯⎯⎯⎯⎯⎯⎯⎯⎯⎯⎯⎯⎯⎯⎯⎯⎯⎯ Unhandled Rejection ⎯⎯⎯⎯⎯⎯⎯⎯⎯⎯⎯⎯⎯⎯⎯⎯⎯⎯⎯⎯⎯⎯⎯⎯⎯⎯⎯⎯⎯⎯⎯⎯⎯⎯⎯⎯⎯⎯⎯⎯⎯⎯⎯⎯⎯⎯⎯⎯⎯⎯⎯⎯⎯⎯⎯⎯⎯⎯⎯⎯⎯⎯⎯⎯⎯⎯⎯⎯⎯⎯⎯
WorkflowError: Task failed: This operation was aborted
 ❯ runImpl src/run.ts:939:15
    937|         }
    938|
    939|         throw new WorkflowError(
       |               ^
    940|           `Task failed: ${error instanceof Error ? error.message : String(error)}`,
    941|           error,

⎯⎯⎯⎯⎯⎯⎯⎯⎯⎯⎯⎯⎯⎯⎯⎯⎯⎯⎯⎯⎯⎯⎯⎯⎯⎯⎯⎯⎯⎯⎯⎯⎯⎯⎯⎯⎯⎯⎯⎯⎯⎯⎯⎯⎯⎯⎯⎯⎯⎯⎯⎯⎯⎯⎯⎯⎯⎯⎯⎯⎯⎯⎯⎯⎯⎯⎯⎯⎯⎯⎯⎯⎯⎯⎯⎯⎯⎯⎯⎯⎯⎯⎯⎯⎯⎯⎯⎯⎯⎯⎯⎯⎯⎯⎯⎯⎯⎯⎯⎯⎯⎯⎯⎯⎯⎯⎯⎯⎯⎯⎯⎯⎯⎯⎯⎯⎯⎯⎯⎯⎯⎯⎯⎯⎯⎯⎯⎯⎯⎯⎯⎯⎯⎯⎯⎯⎯⎯⎯⎯⎯⎯⎯⎯⎯⎯⎯⎯⎯⎯⎯⎯⎯⎯⎯⎯⎯⎯⎯⎯⎯⎯⎯
Serialized Error: { taskName: 'createBatchingTask(batchFn)', taskIndex: +0 }
This error originated in "test/composition-utils.test.ts" test file. It doesn't mean the error was thrown inside the file itself, but while it was running.
The latest test that might've caused the error is "should respect abort signals in batch queue". It might mean one of the following:
- The error was thrown, while Vitest was running this test.
- If the error occurred after the test had been completed, this was the last documented test before it was thrown.
Caused by: AbortError: This operation was aborted
 ❯ new DOMException node:internal/per_context/domexception:53:5
 ❯ AbortController.abort node:internal/abort_controller:391:18
 ❯ test/composition-utils.test.ts:1124:20
 ❯ node_modules/.pnpm/@vitest+runner@2.1.8/node_modules/@vitest/runner/dist/index.js:146:14
 ❯ node_modules/.pnpm/@vitest+runner@2.1.8/node_modules/@vitest/runner/dist/index.js:533:11
 ❯ runWithTimeout node_modules/.pnpm/@vitest+runner@2.1.8/node_modules/@vitest/runner/dist/index.js:39:7
 ❯ runTest node_modules/.pnpm/@vitest+runner@2.1.8/node_modules/@vitest/runner/dist/index.js:1056:17
 ❯ runSuite node_modules/.pnpm/@vitest+runner@2.1.8/node_modules/@vitest/runner/dist/index.js:1205:15
 ❯ runSuite node_modules/.pnpm/@vitest+runner@2.1.8/node_modules/@vitest/runner/dist/index.js:1205:15
 ❯ runSuite node_modules/.pnpm/@vitest+runner@2.1.8/node_modules/@vitest/runner/dist/index.js:1205:15

⎯⎯⎯⎯⎯⎯⎯⎯⎯⎯⎯⎯⎯⎯⎯⎯⎯⎯⎯⎯⎯⎯⎯⎯⎯⎯⎯⎯⎯⎯⎯⎯⎯⎯⎯⎯⎯⎯⎯⎯⎯⎯⎯⎯⎯⎯⎯⎯⎯⎯⎯⎯⎯⎯⎯⎯⎯⎯⎯⎯⎯⎯⎯⎯⎯⎯⎯⎯⎯⎯⎯⎯⎯⎯⎯⎯⎯⎯⎯⎯⎯⎯⎯⎯⎯⎯⎯⎯⎯⎯⎯⎯⎯⎯⎯⎯⎯⎯⎯⎯⎯⎯⎯⎯⎯⎯⎯⎯⎯⎯⎯⎯⎯⎯⎯⎯⎯⎯⎯⎯⎯⎯⎯⎯⎯⎯⎯⎯⎯⎯⎯⎯⎯⎯⎯⎯⎯⎯⎯⎯⎯⎯⎯⎯⎯⎯⎯⎯⎯⎯⎯⎯⎯⎯⎯⎯⎯⎯⎯⎯⎯⎯⎯
Serialized Error: { code: 20, INDEX_SIZE_ERR: 1, DOMSTRING_SIZE_ERR: 2, HIERARCHY_REQUEST_ERR: 3, WRONG_DOCUMENT_ERR: 4, INVALID_CHARACTER_ERR: 5, NO_DATA_ALLOWED_ERR: 6, NO_MODIFICATION_ALLOWED_ERR: 7, NOT_FOUND_ERR: 8, NOT_SUPPORTED_ERR: 9, INUSE_ATTRIBUTE_ERR: 10, INVALID_STATE_ERR: 11, SYNTAX_ERR: 12, INVALID_MODIFICATION_ERR: 13, NAMESPACE_ERR: 14, INVALID_ACCESS_ERR: 15, VALIDATION_ERR: 16, TYPE_MISMATCH_ERR: 17, SECURITY_ERR: 18, NETWORK_ERR: 19, ABORT_ERR: 20, URL_MISMATCH_ERR: 21, QUOTA_EXCEEDED_ERR: 22, TIMEOUT_ERR: 23, INVALID_NODE_TYPE_ERR: 24, DATA_CLONE_ERR: 25 }
⎯⎯⎯⎯⎯⎯⎯⎯⎯⎯⎯⎯⎯⎯⎯⎯⎯⎯⎯⎯⎯⎯⎯⎯⎯⎯⎯⎯⎯⎯⎯⎯⎯⎯⎯⎯⎯⎯⎯⎯⎯⎯⎯⎯⎯⎯⎯⎯⎯⎯⎯⎯⎯⎯⎯⎯⎯⎯⎯⎯⎯⎯⎯⎯⎯⎯⎯⎯⎯⎯⎯⎯⎯⎯⎯⎯⎯⎯⎯⎯⎯⎯⎯⎯⎯⎯⎯⎯⎯⎯⎯⎯⎯⎯⎯⎯⎯⎯⎯⎯⎯⎯⎯⎯⎯⎯⎯⎯⎯⎯⎯⎯⎯⎯⎯⎯⎯⎯⎯⎯⎯⎯⎯⎯⎯⎯⎯⎯⎯⎯⎯⎯⎯⎯⎯⎯⎯⎯⎯⎯⎯⎯⎯⎯⎯⎯⎯⎯⎯⎯⎯⎯⎯⎯⎯⎯⎯⎯⎯⎯⎯⎯⎯

 Test Files  5 failed | 9 passed (14)
      Tests  34 failed | 241 passed (275)
     Errors  7 errors
   Start at  11:15:24
   Duration  5.44s (transform 3.40s, setup 0ms, collect 6.63s, tests 9.69s, environment 6ms, prepare 2.48s)

JSON report written to /home/patrick/Projects/effectively/test-results.json
 ELIFECYCLE  Test failed. See above for more details.
