{"numTotalTestSuites":117,"numPassedTestSuites":95,"numFailedTestSuites":22,"numPendingTestSuites":0,"numTotalTests":275,"numPassedTests":257,"numFailedTests":18,"numPendingTests":0,"numTodoTests":0,"snapshot":{"added":0,"failure":false,"filesAdded":0,"filesRemoved":0,"filesRemovedList":[],"filesUnmatched":0,"filesUpdated":0,"matched":0,"total":0,"unchecked":0,"uncheckedKeysByFile":[],"unmatched":0,"updated":0,"didUpdate":false},"startTime":1749922791346,"success":false,"testResults":[{"assertionResults":[{"ancestorTitles":["Bracket and Provide Integration"],"fullName":"Bracket and Provide Integration should properly provide resources from bracket to use tasks","status":"passed","title":"should properly provide resources from bracket to use tasks","duration":11.685363000000052,"failureMessages":[],"meta":{}},{"ancestorTitles":["Bracket and Provide Integration"],"fullName":"Bracket and Provide Integration should handle nested bracket provides correctly","status":"passed","title":"should handle nested bracket provides correctly","duration":1.9086229999998068,"failureMessages":[],"meta":{}}],"startTime":1749922792491,"endTime":1749922792504.9087,"status":"passed","message":"","name":"/home/patrick/Projects/effectively/test/bracket-provide-integration.test.ts"},{"assertionResults":[{"ancestorTitles":["Circuit Breaker (circuit-breaker.ts)","CircuitOpenError"],"fullName":"Circuit Breaker (circuit-breaker.ts) CircuitOpenError should create proper error with circuit ID","status":"passed","title":"should create proper error with circuit ID","duration":9.550175999999965,"failureMessages":[],"meta":{}},{"ancestorTitles":["Circuit Breaker (circuit-breaker.ts)","CircuitOpenError"],"fullName":"Circuit Breaker (circuit-breaker.ts) CircuitOpenError should have proper prototype chain","status":"passed","title":"should have proper prototype chain","duration":1.355246999999963,"failureMessages":[],"meta":{}},{"ancestorTitles":["Circuit Breaker (circuit-breaker.ts)","withCircuitBreaker","CLOSED state behavior"],"fullName":"Circuit Breaker (circuit-breaker.ts) withCircuitBreaker CLOSED state behavior should allow requests to pass through when circuit is closed","status":"passed","title":"should allow requests to pass through when circuit is closed","duration":7.728504999999814,"failureMessages":[],"meta":{}},{"ancestorTitles":["Circuit Breaker (circuit-breaker.ts)","withCircuitBreaker","CLOSED state behavior"],"fullName":"Circuit Breaker (circuit-breaker.ts) withCircuitBreaker CLOSED state behavior should record failures but allow requests until threshold is reached","status":"passed","title":"should record failures but allow requests until threshold is reached","duration":13.692555000000084,"failureMessages":[],"meta":{}},{"ancestorTitles":["Circuit Breaker (circuit-breaker.ts)","withCircuitBreaker","CLOSED state behavior"],"fullName":"Circuit Breaker (circuit-breaker.ts) withCircuitBreaker CLOSED state behavior should reset failure count on successful request","status":"passed","title":"should reset failure count on successful request","duration":3.3949219999999514,"failureMessages":[],"meta":{}},{"ancestorTitles":["Circuit Breaker (circuit-breaker.ts)","withCircuitBreaker","OPEN state behavior"],"fullName":"Circuit Breaker (circuit-breaker.ts) withCircuitBreaker OPEN state behavior should trip to OPEN state after reaching failure threshold","status":"passed","title":"should trip to OPEN state after reaching failure threshold","duration":2.2835359999999127,"failureMessages":[],"meta":{}},{"ancestorTitles":["Circuit Breaker (circuit-breaker.ts)","withCircuitBreaker","OPEN state behavior"],"fullName":"Circuit Breaker (circuit-breaker.ts) withCircuitBreaker OPEN state behavior should fail fast with CircuitOpenError when circuit is open","status":"failed","title":"should fail fast with CircuitOpenError when circuit is open","duration":1008.6592069999999,"failureMessages":["Error: Test timed out in 1000ms.\nIf this is a long-running test, pass a timeout value as the last argument or configure it globally with \"testTimeout\".\n    at Timeout.<anonymous> (file:///home/patrick/Projects/effectively/node_modules/.pnpm/@vitest+runner@2.1.8/node_modules/@vitest/runner/dist/index.js:44:18)\n    at listOnTimeout (node:internal/timers:581:17)\n    at processTimers (node:internal/timers:519:7)"],"meta":{}},{"ancestorTitles":["Circuit Breaker (circuit-breaker.ts)","withCircuitBreaker","HALF-OPEN state behavior"],"fullName":"Circuit Breaker (circuit-breaker.ts) withCircuitBreaker HALF-OPEN state behavior should transition to HALF-OPEN after timeout and succeed on trial request","status":"passed","title":"should transition to HALF-OPEN after timeout and succeed on trial request","duration":6.87721399999964,"failureMessages":[],"meta":{}},{"ancestorTitles":["Circuit Breaker (circuit-breaker.ts)","withCircuitBreaker","HALF-OPEN state behavior"],"fullName":"Circuit Breaker (circuit-breaker.ts) withCircuitBreaker HALF-OPEN state behavior should return to OPEN state if trial request fails","status":"passed","title":"should return to OPEN state if trial request fails","duration":3.6887109999997847,"failureMessages":[],"meta":{}},{"ancestorTitles":["Circuit Breaker (circuit-breaker.ts)","withCircuitBreaker","HALF-OPEN state behavior"],"fullName":"Circuit Breaker (circuit-breaker.ts) withCircuitBreaker HALF-OPEN state behavior should only transition to HALF-OPEN after the full timeout period","status":"passed","title":"should only transition to HALF-OPEN after the full timeout period","duration":6.945326000000023,"failureMessages":[],"meta":{}},{"ancestorTitles":["Circuit Breaker (circuit-breaker.ts)","withCircuitBreaker","Configuration options"],"fullName":"Circuit Breaker (circuit-breaker.ts) withCircuitBreaker Configuration options should respect custom failure threshold","status":"passed","title":"should respect custom failure threshold","duration":10.83444099999997,"failureMessages":[],"meta":{}},{"ancestorTitles":["Circuit Breaker (circuit-breaker.ts)","withCircuitBreaker","Configuration options"],"fullName":"Circuit Breaker (circuit-breaker.ts) withCircuitBreaker Configuration options should respect custom open state timeout","status":"passed","title":"should respect custom open state timeout","duration":3.9635410000000775,"failureMessages":[],"meta":{}},{"ancestorTitles":["Circuit Breaker (circuit-breaker.ts)","withCircuitBreaker","Configuration options"],"fullName":"Circuit Breaker (circuit-breaker.ts) withCircuitBreaker Configuration options should respect custom isFailure predicate","status":"failed","title":"should respect custom isFailure predicate","duration":22.761943999999858,"failureMessages":["AssertionError: expected error to be instance of PermanentError\n    at file:///home/patrick/Projects/effectively/node_modules/.pnpm/@vitest+expect@2.1.8/node_modules/@vitest/expect/dist/index.js:1849:31\n    at /home/patrick/Projects/effectively/test/circuit-breaker.test.ts:390:9\n    at file:///home/patrick/Projects/effectively/node_modules/.pnpm/@vitest+runner@2.1.8/node_modules/@vitest/runner/dist/index.js:533:5\n    at runTest (file:///home/patrick/Projects/effectively/node_modules/.pnpm/@vitest+runner@2.1.8/node_modules/@vitest/runner/dist/index.js:1056:11)\n    at runSuite (file:///home/patrick/Projects/effectively/node_modules/.pnpm/@vitest+runner@2.1.8/node_modules/@vitest/runner/dist/index.js:1205:15)\n    at runSuite (file:///home/patrick/Projects/effectively/node_modules/.pnpm/@vitest+runner@2.1.8/node_modules/@vitest/runner/dist/index.js:1205:15)\n    at runSuite (file:///home/patrick/Projects/effectively/node_modules/.pnpm/@vitest+runner@2.1.8/node_modules/@vitest/runner/dist/index.js:1205:15)\n    at runSuite (file:///home/patrick/Projects/effectively/node_modules/.pnpm/@vitest+runner@2.1.8/node_modules/@vitest/runner/dist/index.js:1205:15)\n    at runFiles (file:///home/patrick/Projects/effectively/node_modules/.pnpm/@vitest+runner@2.1.8/node_modules/@vitest/runner/dist/index.js:1262:5)\n    at startTests (file:///home/patrick/Projects/effectively/node_modules/.pnpm/@vitest+runner@2.1.8/node_modules/@vitest/runner/dist/index.js:1271:3)"],"meta":{}},{"ancestorTitles":["Circuit Breaker (circuit-breaker.ts)","withCircuitBreaker","Configuration options"],"fullName":"Circuit Breaker (circuit-breaker.ts) withCircuitBreaker Configuration options should not count BacktrackSignal as failure by default","status":"passed","title":"should not count BacktrackSignal as failure by default","duration":4.904308000000128,"failureMessages":[],"meta":{}},{"ancestorTitles":["Circuit Breaker (circuit-breaker.ts)","withCircuitBreaker","Multiple circuit instances"],"fullName":"Circuit Breaker (circuit-breaker.ts) withCircuitBreaker Multiple circuit instances should maintain separate state for different circuit IDs","status":"passed","title":"should maintain separate state for different circuit IDs","duration":5.558401000000231,"failureMessages":[],"meta":{}},{"ancestorTitles":["Circuit Breaker (circuit-breaker.ts)","withCircuitBreaker","Context integration"],"fullName":"Circuit Breaker (circuit-breaker.ts) withCircuitBreaker Context integration should work without logger in context if context only has scope","status":"passed","title":"should work without logger in context if context only has scope","duration":2.7908030000003237,"failureMessages":[],"meta":{}},{"ancestorTitles":["Circuit Breaker (circuit-breaker.ts)","withCircuitBreaker","Context integration"],"fullName":"Circuit Breaker (circuit-breaker.ts) withCircuitBreaker Context integration should use context logger when available","status":"passed","title":"should use context logger when available","duration":5.9949979999996685,"failureMessages":[],"meta":{}},{"ancestorTitles":["Circuit Breaker (circuit-breaker.ts)","withCircuitBreaker","Edge cases and error scenarios"],"fullName":"Circuit Breaker (circuit-breaker.ts) withCircuitBreaker Edge cases and error scenarios should handle undefined and null values correctly as input","status":"passed","title":"should handle undefined and null values correctly as input","duration":1.4241799999999785,"failureMessages":[],"meta":{}},{"ancestorTitles":["Circuit Breaker (circuit-breaker.ts)","withCircuitBreaker","Edge cases and error scenarios"],"fullName":"Circuit Breaker (circuit-breaker.ts) withCircuitBreaker Edge cases and error scenarios should handle rapid successive calls correctly (trial request)","status":"failed","title":"should handle rapid successive calls correctly (trial request)","duration":1003.4291509999998,"failureMessages":["Error: Test timed out in 1000ms.\nIf this is a long-running test, pass a timeout value as the last argument or configure it globally with \"testTimeout\".\n    at Timeout.<anonymous> (file:///home/patrick/Projects/effectively/node_modules/.pnpm/@vitest+runner@2.1.8/node_modules/@vitest/runner/dist/index.js:44:18)\n    at listOnTimeout (node:internal/timers:581:17)\n    at processTimers (node:internal/timers:519:7)"],"meta":{}},{"ancestorTitles":["Circuit Breaker (circuit-breaker.ts)","withCircuitBreaker","Edge cases and error scenarios"],"fullName":"Circuit Breaker (circuit-breaker.ts) withCircuitBreaker Edge cases and error scenarios should maintain state across different run calls if ID is the same","status":"passed","title":"should maintain state across different run calls if ID is the same","duration":3.7262549999995827,"failureMessages":[],"meta":{}},{"ancestorTitles":["Circuit Breaker (circuit-breaker.ts)","withCircuitBreaker","Recovery scenarios"],"fullName":"Circuit Breaker (circuit-breaker.ts) withCircuitBreaker Recovery scenarios should handle mixed success/failure patterns correctly","status":"passed","title":"should handle mixed success/failure patterns correctly","duration":1.3672449999999117,"failureMessages":[],"meta":{}}],"startTime":1749922792467,"endTime":1749922794602.3672,"status":"failed","message":"","name":"/home/patrick/Projects/effectively/test/circuit-breaker.test.ts"},{"assertionResults":[{"ancestorTitles":["Composition Utilities (utils.ts)","Core composition functions","pipe"],"fullName":"Composition Utilities (utils.ts) Core composition functions pipe should pipe a value through a sequence of functions","status":"passed","title":"should pipe a value through a sequence of functions","duration":3.248939000000064,"failureMessages":[],"meta":{}},{"ancestorTitles":["Composition Utilities (utils.ts)","Core composition functions","pipe"],"fullName":"Composition Utilities (utils.ts) Core composition functions pipe should work with a single function","status":"passed","title":"should work with a single function","duration":1.9344169999999394,"failureMessages":[],"meta":{}},{"ancestorTitles":["Composition Utilities (utils.ts)","Core composition functions","pipe"],"fullName":"Composition Utilities (utils.ts) Core composition functions pipe should return the value unchanged when no functions provided","status":"passed","title":"should return the value unchanged when no functions provided","duration":1.0898299999998926,"failureMessages":[],"meta":{}},{"ancestorTitles":["Composition Utilities (utils.ts)","Core composition functions","pipe"],"fullName":"Composition Utilities (utils.ts) Core composition functions pipe should handle complex transformations","status":"passed","title":"should handle complex transformations","duration":0.9442559999999958,"failureMessages":[],"meta":{}},{"ancestorTitles":["Composition Utilities (utils.ts)","Core composition functions","flow"],"fullName":"Composition Utilities (utils.ts) Core composition functions flow should compose functions from left to right","status":"passed","title":"should compose functions from left to right","duration":1.1834319999998115,"failureMessages":[],"meta":{}},{"ancestorTitles":["Composition Utilities (utils.ts)","Core composition functions","flow"],"fullName":"Composition Utilities (utils.ts) Core composition functions flow should handle functions with multiple arguments in first function","status":"passed","title":"should handle functions with multiple arguments in first function","duration":0.9185899999999947,"failureMessages":[],"meta":{}},{"ancestorTitles":["Composition Utilities (utils.ts)","Core composition functions","flow"],"fullName":"Composition Utilities (utils.ts) Core composition functions flow should handle single function","status":"passed","title":"should handle single function","duration":0.7282599999998638,"failureMessages":[],"meta":{}},{"ancestorTitles":["Composition Utilities (utils.ts)","Core composition functions","flow"],"fullName":"Composition Utilities (utils.ts) Core composition functions flow should handle no functions","status":"passed","title":"should handle no functions","duration":0.7532280000000355,"failureMessages":[],"meta":{}},{"ancestorTitles":["Composition Utilities (utils.ts)","Workflow creation","createWorkflow and chain"],"fullName":"Composition Utilities (utils.ts) Workflow creation createWorkflow and chain should chain tasks together sequentially","status":"passed","title":"should chain tasks together sequentially","duration":7.266863000000058,"failureMessages":[],"meta":{}},{"ancestorTitles":["Composition Utilities (utils.ts)","Workflow creation","createWorkflow and chain"],"fullName":"Composition Utilities (utils.ts) Workflow creation createWorkflow and chain should work with plain functions","status":"passed","title":"should work with plain functions","duration":2.1830019999999877,"failureMessages":[],"meta":{}},{"ancestorTitles":["Composition Utilities (utils.ts)","Workflow creation","createWorkflow and chain"],"fullName":"Composition Utilities (utils.ts) Workflow creation createWorkflow and chain should handle single task workflow","status":"passed","title":"should handle single task workflow","duration":4.049722000000202,"failureMessages":[],"meta":{}},{"ancestorTitles":["Composition Utilities (utils.ts)","Workflow creation","createWorkflow and chain"],"fullName":"Composition Utilities (utils.ts) Workflow creation createWorkflow and chain should pass context through workflow","status":"passed","title":"should pass context through workflow","duration":2.457790000000159,"failureMessages":[],"meta":{}},{"ancestorTitles":["Composition Utilities (utils.ts)","Workflow creation","createWorkflow and chain"],"fullName":"Composition Utilities (utils.ts) Workflow creation createWorkflow and chain should chain alias work identically","status":"passed","title":"should chain alias work identically","duration":3.085207999999966,"failureMessages":[],"meta":{}},{"ancestorTitles":["Composition Utilities (utils.ts)","Workflow creation","Workflow starters","fromValue"],"fullName":"Composition Utilities (utils.ts) Workflow creation Workflow starters fromValue should start workflow with static value","status":"passed","title":"should start workflow with static value","duration":2.9749349999999595,"failureMessages":[],"meta":{}},{"ancestorTitles":["Composition Utilities (utils.ts)","Workflow creation","Workflow starters","fromValue"],"fullName":"Composition Utilities (utils.ts) Workflow creation Workflow starters fromValue should work with complex objects","status":"passed","title":"should work with complex objects","duration":1.5221140000001014,"failureMessages":[],"meta":{}},{"ancestorTitles":["Composition Utilities (utils.ts)","Workflow creation","Workflow starters","fromPromise"],"fullName":"Composition Utilities (utils.ts) Workflow creation Workflow starters fromPromise should start workflow with promise","status":"passed","title":"should start workflow with promise","duration":1.352918999999929,"failureMessages":[],"meta":{}},{"ancestorTitles":["Composition Utilities (utils.ts)","Workflow creation","Workflow starters","fromPromise"],"fullName":"Composition Utilities (utils.ts) Workflow creation Workflow starters fromPromise should handle rejected promises","status":"passed","title":"should handle rejected promises","duration":6.828600999999935,"failureMessages":[],"meta":{}},{"ancestorTitles":["Composition Utilities (utils.ts)","Workflow creation","Workflow starters","fromPromiseFn"],"fullName":"Composition Utilities (utils.ts) Workflow creation Workflow starters fromPromiseFn should start workflow with context-dependent function","status":"passed","title":"should start workflow with context-dependent function","duration":1.5865879999998924,"failureMessages":[],"meta":{}},{"ancestorTitles":["Composition Utilities (utils.ts)","Workflow creation","Workflow starters","fromPromiseFn"],"fullName":"Composition Utilities (utils.ts) Workflow creation Workflow starters fromPromiseFn should pass context correctly","status":"passed","title":"should pass context correctly","duration":0.9892899999999827,"failureMessages":[],"meta":{}},{"ancestorTitles":["Composition Utilities (utils.ts)","Pipeable operators","map"],"fullName":"Composition Utilities (utils.ts) Pipeable operators map should transform values in a workflow","status":"passed","title":"should transform values in a workflow","duration":2.1071549999999206,"failureMessages":[],"meta":{}},{"ancestorTitles":["Composition Utilities (utils.ts)","Pipeable operators","map"],"fullName":"Composition Utilities (utils.ts) Pipeable operators map should work with async mapping functions","status":"passed","title":"should work with async mapping functions","duration":18.195007000000032,"failureMessages":[],"meta":{}},{"ancestorTitles":["Composition Utilities (utils.ts)","Pipeable operators","map"],"fullName":"Composition Utilities (utils.ts) Pipeable operators map should pass context to mapping function","status":"passed","title":"should pass context to mapping function","duration":1.535759999999982,"failureMessages":[],"meta":{}},{"ancestorTitles":["Composition Utilities (utils.ts)","Pipeable operators","flatMap"],"fullName":"Composition Utilities (utils.ts) Pipeable operators flatMap should transform values into new tasks","status":"passed","title":"should transform values into new tasks","duration":2.110356000000138,"failureMessages":[],"meta":{}},{"ancestorTitles":["Composition Utilities (utils.ts)","Pipeable operators","flatMap"],"fullName":"Composition Utilities (utils.ts) Pipeable operators flatMap should pass context to flatMap function","status":"passed","title":"should pass context to flatMap function","duration":3.3298520000000735,"failureMessages":[],"meta":{}},{"ancestorTitles":["Composition Utilities (utils.ts)","Pipeable operators","pick"],"fullName":"Composition Utilities (utils.ts) Pipeable operators pick should pick specified keys from object","status":"passed","title":"should pick specified keys from object","duration":3.125874999999951,"failureMessages":[],"meta":{}},{"ancestorTitles":["Composition Utilities (utils.ts)","Pipeable operators","pick"],"fullName":"Composition Utilities (utils.ts) Pipeable operators pick should handle missing keys gracefully","status":"passed","title":"should handle missing keys gracefully","duration":3.8755330000001322,"failureMessages":[],"meta":{}},{"ancestorTitles":["Composition Utilities (utils.ts)","Direct composition helpers","mapTask"],"fullName":"Composition Utilities (utils.ts) Direct composition helpers mapTask should transform task output","status":"passed","title":"should transform task output","duration":1.3559889999999086,"failureMessages":[],"meta":{}},{"ancestorTitles":["Composition Utilities (utils.ts)","Direct composition helpers","mapTask"],"fullName":"Composition Utilities (utils.ts) Direct composition helpers mapTask should work with async mappers","status":"passed","title":"should work with async mappers","duration":10.720440999999937,"failureMessages":[],"meta":{}},{"ancestorTitles":["Composition Utilities (utils.ts)","Direct composition helpers","andThenTask"],"fullName":"Composition Utilities (utils.ts) Direct composition helpers andThenTask should chain tasks with direct composition","status":"passed","title":"should chain tasks with direct composition","duration":1.4923369999999068,"failureMessages":[],"meta":{}},{"ancestorTitles":["Composition Utilities (utils.ts)","Flow control and logic","when"],"fullName":"Composition Utilities (utils.ts) Flow control and logic when should execute task when predicate is true","status":"passed","title":"should execute task when predicate is true","duration":1.9334479999999985,"failureMessages":[],"meta":{}},{"ancestorTitles":["Composition Utilities (utils.ts)","Flow control and logic","when"],"fullName":"Composition Utilities (utils.ts) Flow control and logic when should skip task when predicate is false","status":"passed","title":"should skip task when predicate is false","duration":1.517898999999943,"failureMessages":[],"meta":{}},{"ancestorTitles":["Composition Utilities (utils.ts)","Flow control and logic","when"],"fullName":"Composition Utilities (utils.ts) Flow control and logic when should work with async predicates","status":"passed","title":"should work with async predicates","duration":13.169250000000147,"failureMessages":[],"meta":{}},{"ancestorTitles":["Composition Utilities (utils.ts)","Flow control and logic","when"],"fullName":"Composition Utilities (utils.ts) Flow control and logic when should pass context to predicate","status":"passed","title":"should pass context to predicate","duration":2.1637949999999364,"failureMessages":[],"meta":{}},{"ancestorTitles":["Composition Utilities (utils.ts)","Flow control and logic","unless"],"fullName":"Composition Utilities (utils.ts) Flow control and logic unless should execute task when predicate is false","status":"passed","title":"should execute task when predicate is false","duration":0.9459019999999327,"failureMessages":[],"meta":{}},{"ancestorTitles":["Composition Utilities (utils.ts)","Flow control and logic","unless"],"fullName":"Composition Utilities (utils.ts) Flow control and logic unless should skip task when predicate is true","status":"passed","title":"should skip task when predicate is true","duration":1.0573229999999967,"failureMessages":[],"meta":{}},{"ancestorTitles":["Composition Utilities (utils.ts)","Flow control and logic","doWhile"],"fullName":"Composition Utilities (utils.ts) Flow control and logic doWhile should execute task repeatedly while condition is true","status":"passed","title":"should execute task repeatedly while condition is true","duration":1.373021000000108,"failureMessages":[],"meta":{}},{"ancestorTitles":["Composition Utilities (utils.ts)","Flow control and logic","doWhile"],"fullName":"Composition Utilities (utils.ts) Flow control and logic doWhile should not execute if condition is initially false","status":"passed","title":"should not execute if condition is initially false","duration":2.733829999999898,"failureMessages":[],"meta":{}},{"ancestorTitles":["Composition Utilities (utils.ts)","Flow control and logic","doWhile"],"fullName":"Composition Utilities (utils.ts) Flow control and logic doWhile should respect abort signals","status":"passed","title":"should respect abort signals","duration":27.353965000000017,"failureMessages":[],"meta":{}},{"ancestorTitles":["Composition Utilities (utils.ts)","Flow control and logic","tap"],"fullName":"Composition Utilities (utils.ts) Flow control and logic tap should perform side effects without changing value","status":"passed","title":"should perform side effects without changing value","duration":2.5482899999999518,"failureMessages":[],"meta":{}},{"ancestorTitles":["Composition Utilities (utils.ts)","Flow control and logic","tap"],"fullName":"Composition Utilities (utils.ts) Flow control and logic tap should work with async side effects","status":"passed","title":"should work with async side effects","duration":13.068467999999939,"failureMessages":[],"meta":{}},{"ancestorTitles":["Composition Utilities (utils.ts)","Flow control and logic","tap"],"fullName":"Composition Utilities (utils.ts) Flow control and logic tap should pass context to side effect function","status":"passed","title":"should pass context to side effect function","duration":1.0955590000000939,"failureMessages":[],"meta":{}},{"ancestorTitles":["Composition Utilities (utils.ts)","Flow control and logic","sleep"],"fullName":"Composition Utilities (utils.ts) Flow control and logic sleep should pause workflow for specified duration","status":"passed","title":"should pause workflow for specified duration","duration":101.72574899999995,"failureMessages":[],"meta":{}},{"ancestorTitles":["Composition Utilities (utils.ts)","Flow control and logic","sleep"],"fullName":"Composition Utilities (utils.ts) Flow control and logic sleep should respect abort signals","status":"passed","title":"should respect abort signals","duration":3.407769000000144,"failureMessages":[],"meta":{}},{"ancestorTitles":["Composition Utilities (utils.ts)","Error handling and resilience","tapError"],"fullName":"Composition Utilities (utils.ts) Error handling and resilience tapError should perform side effects on error without catching it","status":"passed","title":"should perform side effects on error without catching it","duration":4.322206999999935,"failureMessages":[],"meta":{}},{"ancestorTitles":["Composition Utilities (utils.ts)","Error handling and resilience","tapError"],"fullName":"Composition Utilities (utils.ts) Error handling and resilience tapError should not perform side effect on success","status":"passed","title":"should not perform side effect on success","duration":1.2765560000000278,"failureMessages":[],"meta":{}},{"ancestorTitles":["Composition Utilities (utils.ts)","Error handling and resilience","tapError"],"fullName":"Composition Utilities (utils.ts) Error handling and resilience tapError should pass context to error handler","status":"passed","title":"should pass context to error handler","duration":3.011242999999922,"failureMessages":[],"meta":{}},{"ancestorTitles":["Composition Utilities (utils.ts)","Error handling and resilience","attempt"],"fullName":"Composition Utilities (utils.ts) Error handling and resilience attempt should convert exceptions to Result type","status":"passed","title":"should convert exceptions to Result type","duration":1.4307549999998628,"failureMessages":[],"meta":{}},{"ancestorTitles":["Composition Utilities (utils.ts)","Error handling and resilience","attempt"],"fullName":"Composition Utilities (utils.ts) Error handling and resilience attempt should wrap successful results in Ok","status":"passed","title":"should wrap successful results in Ok","duration":1.4621360000001005,"failureMessages":[],"meta":{}},{"ancestorTitles":["Composition Utilities (utils.ts)","Error handling and resilience","withRetry"],"fullName":"Composition Utilities (utils.ts) Error handling and resilience withRetry should retry failed tasks","status":"passed","title":"should retry failed tasks","duration":34.28915000000006,"failureMessages":[],"meta":{}},{"ancestorTitles":["Composition Utilities (utils.ts)","Error handling and resilience","withRetry"],"fullName":"Composition Utilities (utils.ts) Error handling and resilience withRetry should fail after max attempts","status":"passed","title":"should fail after max attempts","duration":14.111529000000019,"failureMessages":[],"meta":{}},{"ancestorTitles":["Composition Utilities (utils.ts)","Error handling and resilience","withRetry"],"fullName":"Composition Utilities (utils.ts) Error handling and resilience withRetry should use exponential backoff","status":"passed","title":"should use exponential backoff","duration":303.51949000000013,"failureMessages":[],"meta":{}},{"ancestorTitles":["Composition Utilities (utils.ts)","Error handling and resilience","withRetry"],"fullName":"Composition Utilities (utils.ts) Error handling and resilience withRetry should respect shouldRetry predicate","status":"passed","title":"should respect shouldRetry predicate","duration":32.22871600000008,"failureMessages":[],"meta":{}},{"ancestorTitles":["Composition Utilities (utils.ts)","Error handling and resilience","withRetry"],"fullName":"Composition Utilities (utils.ts) Error handling and resilience withRetry should not retry when shouldRetry returns false","status":"passed","title":"should not retry when shouldRetry returns false","duration":3.496364999999969,"failureMessages":[],"meta":{}},{"ancestorTitles":["Composition Utilities (utils.ts)","Task enhancers","withName"],"fullName":"Composition Utilities (utils.ts) Task enhancers withName should attach name to task","status":"passed","title":"should attach name to task","duration":2.236727000000201,"failureMessages":[],"meta":{}},{"ancestorTitles":["Composition Utilities (utils.ts)","Task enhancers","withName"],"fullName":"Composition Utilities (utils.ts) Task enhancers withName should preserve task functionality","status":"passed","title":"should preserve task functionality","duration":1.2116649999998117,"failureMessages":[],"meta":{}},{"ancestorTitles":["Composition Utilities (utils.ts)","Task enhancers","memoize"],"fullName":"Composition Utilities (utils.ts) Task enhancers memoize should cache results based on input","status":"passed","title":"should cache results based on input","duration":22.21289200000001,"failureMessages":[],"meta":{}},{"ancestorTitles":["Composition Utilities (utils.ts)","Task enhancers","memoize"],"fullName":"Composition Utilities (utils.ts) Task enhancers memoize should use deep equality for cache keys","status":"passed","title":"should use deep equality for cache keys","duration":2.315562,"failureMessages":[],"meta":{}},{"ancestorTitles":["Composition Utilities (utils.ts)","Task enhancers","once"],"fullName":"Composition Utilities (utils.ts) Task enhancers once should execute task only once","status":"passed","title":"should execute task only once","duration":1.1700520000001688,"failureMessages":[],"meta":{}},{"ancestorTitles":["Composition Utilities (utils.ts)","Task enhancers","once"],"fullName":"Composition Utilities (utils.ts) Task enhancers once should share the same promise across calls","status":"passed","title":"should share the same promise across calls","duration":100.89057400000002,"failureMessages":[],"meta":{}},{"ancestorTitles":["Composition Utilities (utils.ts)","Task enhancers","withTimeout"],"fullName":"Composition Utilities (utils.ts) Task enhancers withTimeout should timeout long-running tasks","status":"passed","title":"should timeout long-running tasks","duration":501.4856420000001,"failureMessages":[],"meta":{}},{"ancestorTitles":["Composition Utilities (utils.ts)","Task enhancers","withTimeout"],"fullName":"Composition Utilities (utils.ts) Task enhancers withTimeout should complete fast tasks normally","status":"passed","title":"should complete fast tasks normally","duration":101.05217399999992,"failureMessages":[],"meta":{}},{"ancestorTitles":["Composition Utilities (utils.ts)","Task enhancers","withTimeout"],"fullName":"Composition Utilities (utils.ts) Task enhancers withTimeout should clean up timers on abort","status":"failed","title":"should clean up timers on abort","duration":1042.17297,"failureMessages":["Error: promise resolved \"'completed'\" instead of rejecting\n    at Assertion.__VITEST_REJECTS__ (file:///home/patrick/Projects/effectively/node_modules/.pnpm/@vitest+expect@2.1.8/node_modules/@vitest/expect/dist/index.js:1805:21)\n    at Assertion.propertyGetter (file:///home/patrick/Projects/effectively/node_modules/.pnpm/chai@5.2.0/node_modules/chai/chai.js:1486:27)\n    at Reflect.get (<anonymous>)\n    at Object.proxyGetter [as get] (file:///home/patrick/Projects/effectively/node_modules/.pnpm/chai@5.2.0/node_modules/chai/chai.js:1577:22)\n    at /home/patrick/Projects/effectively/test/composition-utils.test.ts:954:29\n    at file:///home/patrick/Projects/effectively/node_modules/.pnpm/@vitest+runner@2.1.8/node_modules/@vitest/runner/dist/index.js:146:14\n    at file:///home/patrick/Projects/effectively/node_modules/.pnpm/@vitest+runner@2.1.8/node_modules/@vitest/runner/dist/index.js:533:11\n    at runWithTimeout (file:///home/patrick/Projects/effectively/node_modules/.pnpm/@vitest+runner@2.1.8/node_modules/@vitest/runner/dist/index.js:39:7)\n    at runTest (file:///home/patrick/Projects/effectively/node_modules/.pnpm/@vitest+runner@2.1.8/node_modules/@vitest/runner/dist/index.js:1056:17)\n    at runSuite (file:///home/patrick/Projects/effectively/node_modules/.pnpm/@vitest+runner@2.1.8/node_modules/@vitest/runner/dist/index.js:1205:15)"],"meta":{}},{"ancestorTitles":["Composition Utilities (utils.ts)","Task enhancers","withState"],"fullName":"Composition Utilities (utils.ts) Task enhancers withState should manage stateful workflows and provide tools via context","status":"passed","title":"should manage stateful workflows and provide tools via context","duration":3.0809409999997115,"failureMessages":[],"meta":{}},{"ancestorTitles":["Composition Utilities (utils.ts)","Task enhancers","withState"],"fullName":"Composition Utilities (utils.ts) Task enhancers withState should initialize state with a static value","status":"passed","title":"should initialize state with a static value","duration":1.7940139999996063,"failureMessages":[],"meta":{}},{"ancestorTitles":["Composition Utilities (utils.ts)","Task enhancers","withState"],"fullName":"Composition Utilities (utils.ts) Task enhancers withState should throw if useState is used outside a withState context","status":"passed","title":"should throw if useState is used outside a withState context","duration":1.551556000000346,"failureMessages":[],"meta":{}},{"ancestorTitles":["Composition Utilities (utils.ts)","Advanced scheduling and batching","withThrottle"],"fullName":"Composition Utilities (utils.ts) Advanced scheduling and batching withThrottle should throttle task execution","status":"passed","title":"should throttle task execution","duration":157.7498270000001,"failureMessages":[],"meta":{}},{"ancestorTitles":["Composition Utilities (utils.ts)","Advanced scheduling and batching","withThrottle"],"fullName":"Composition Utilities (utils.ts) Advanced scheduling and batching withThrottle should respect abort signals in throttle queue","status":"failed","title":"should respect abort signals in throttle queue","duration":1008.1628440000004,"failureMessages":["Error: Test timed out in 1000ms.\nIf this is a long-running test, pass a timeout value as the last argument or configure it globally with \"testTimeout\".\n    at Timeout.<anonymous> (file:///home/patrick/Projects/effectively/node_modules/.pnpm/@vitest+runner@2.1.8/node_modules/@vitest/runner/dist/index.js:44:18)\n    at listOnTimeout (node:internal/timers:581:17)\n    at processTimers (node:internal/timers:519:7)"],"meta":{}},{"ancestorTitles":["Composition Utilities (utils.ts)","Advanced scheduling and batching","withPoll"],"fullName":"Composition Utilities (utils.ts) Advanced scheduling and batching withPoll should poll until condition is met","status":"passed","title":"should poll until condition is met","duration":2.266185000000405,"failureMessages":[],"meta":{}},{"ancestorTitles":["Composition Utilities (utils.ts)","Advanced scheduling and batching","withPoll"],"fullName":"Composition Utilities (utils.ts) Advanced scheduling and batching withPoll should timeout if condition is never met","status":"failed","title":"should timeout if condition is never met","duration":1001.045948,"failureMessages":["Error: Test timed out in 1000ms.\nIf this is a long-running test, pass a timeout value as the last argument or configure it globally with \"testTimeout\".\n    at Timeout.<anonymous> (file:///home/patrick/Projects/effectively/node_modules/.pnpm/@vitest+runner@2.1.8/node_modules/@vitest/runner/dist/index.js:44:18)\n    at listOnTimeout (node:internal/timers:581:17)\n    at processTimers (node:internal/timers:519:7)"],"meta":{}},{"ancestorTitles":["Composition Utilities (utils.ts)","Advanced scheduling and batching","createBatchingTask"],"fullName":"Composition Utilities (utils.ts) Advanced scheduling and batching createBatchingTask should batch multiple calls","status":"passed","title":"should batch multiple calls","duration":3.5676149999999325,"failureMessages":[],"meta":{}},{"ancestorTitles":["Composition Utilities (utils.ts)","Advanced scheduling and batching","createBatchingTask"],"fullName":"Composition Utilities (utils.ts) Advanced scheduling and batching createBatchingTask should handle batch function errors","status":"passed","title":"should handle batch function errors","duration":14.955490000000282,"failureMessages":[],"meta":{}},{"ancestorTitles":["Composition Utilities (utils.ts)","Advanced scheduling and batching","createBatchingTask"],"fullName":"Composition Utilities (utils.ts) Advanced scheduling and batching createBatchingTask should respect abort signals in batch queue","status":"failed","title":"should respect abort signals in batch queue","duration":6.374761000000035,"failureMessages":["AssertionError: expected WorkflowError: Task failed: This operatio… { …(6) } to satisfy [Function]\n    at Assertion.<anonymous> (file:///home/patrick/Projects/effectively/node_modules/.pnpm/@vitest+expect@2.1.8/node_modules/@vitest/expect/dist/index.js:1734:20)\n    at Assertion.<anonymous> (file:///home/patrick/Projects/effectively/node_modules/.pnpm/@vitest+expect@2.1.8/node_modules/@vitest/expect/dist/index.js:972:17)\n    at Assertion.methodWrapper (file:///home/patrick/Projects/effectively/node_modules/.pnpm/chai@5.2.0/node_modules/chai/chai.js:1618:25)\n    at file:///home/patrick/Projects/effectively/node_modules/.pnpm/@vitest+expect@2.1.8/node_modules/@vitest/expect/dist/index.js:1849:31"],"meta":{}},{"ancestorTitles":["Composition Utilities (utils.ts)","Advanced scheduling and batching","withDebounce"],"fullName":"Composition Utilities (utils.ts) Advanced scheduling and batching withDebounce should debounce rapid calls","status":"passed","title":"should debounce rapid calls","duration":4.621721999999863,"failureMessages":[],"meta":{}},{"ancestorTitles":["Composition Utilities (utils.ts)","Advanced scheduling and batching","withDebounce"],"fullName":"Composition Utilities (utils.ts) Advanced scheduling and batching withDebounce should execute after debounce period","status":"passed","title":"should execute after debounce period","duration":1.1320279999999912,"failureMessages":[],"meta":{}}],"startTime":1749922792514,"endTime":1749922797178.132,"status":"failed","message":"","name":"/home/patrick/Projects/effectively/test/composition-utils.test.ts"},{"assertionResults":[{"ancestorTitles":["Core Execution Engine (run.ts)","createContext and basic execution"],"fullName":"Core Execution Engine (run.ts) createContext and basic execution should create a context and run a simple task","status":"passed","title":"should create a context and run a simple task","duration":10.664810999999872,"failureMessages":[],"meta":{}},{"ancestorTitles":["Core Execution Engine (run.ts)","createContext and basic execution"],"fullName":"Core Execution Engine (run.ts) createContext and basic execution should provide context to tasks","status":"passed","title":"should provide context to tasks","duration":3.002095000000054,"failureMessages":[],"meta":{}},{"ancestorTitles":["Core Execution Engine (run.ts)","createContext and basic execution"],"fullName":"Core Execution Engine (run.ts) createContext and basic execution should handle context overrides","status":"passed","title":"should handle context overrides","duration":3.301081999999951,"failureMessages":[],"meta":{}},{"ancestorTitles":["Core Execution Engine (run.ts)","createContext and basic execution"],"fullName":"Core Execution Engine (run.ts) createContext and basic execution should handle database operations through context","status":"passed","title":"should handle database operations through context","duration":6.507522999999992,"failureMessages":[],"meta":{}},{"ancestorTitles":["Core Execution Engine (run.ts)","Error handling and Result types"],"fullName":"Core Execution Engine (run.ts) Error handling and Result types should throw errors by default","status":"passed","title":"should throw errors by default","duration":9.776695000000018,"failureMessages":[],"meta":{}},{"ancestorTitles":["Core Execution Engine (run.ts)","Error handling and Result types"],"fullName":"Core Execution Engine (run.ts) Error handling and Result types should return Result when throw: false","status":"passed","title":"should return Result when throw: false","duration":2.810951000000159,"failureMessages":[],"meta":{}},{"ancestorTitles":["Core Execution Engine (run.ts)","Error handling and Result types"],"fullName":"Core Execution Engine (run.ts) Error handling and Result types should handle successful tasks with throw: false","status":"passed","title":"should handle successful tasks with throw: false","duration":2.133968999999979,"failureMessages":[],"meta":{}},{"ancestorTitles":["Core Execution Engine (run.ts)","Backtracking and control flow"],"fullName":"Core Execution Engine (run.ts) Backtracking and control flow should handle BacktrackSignal correctly","status":"passed","title":"should handle BacktrackSignal correctly","duration":4.060819000000038,"failureMessages":[],"meta":{}},{"ancestorTitles":["Core Execution Engine (run.ts)","Backtracking and control flow"],"fullName":"Core Execution Engine (run.ts) Backtracking and control flow should identify BacktrackSignal with type guard","status":"passed","title":"should identify BacktrackSignal with type guard","duration":2.2151380000000245,"failureMessages":[],"meta":{}},{"ancestorTitles":["Core Execution Engine (run.ts)","Backtracking and control flow"],"fullName":"Core Execution Engine (run.ts) Backtracking and control flow should prevent infinite backtracking loops","status":"passed","title":"should prevent infinite backtracking loops","duration":71.05465900000013,"failureMessages":[],"meta":{}},{"ancestorTitles":["Core Execution Engine (run.ts)","Context getters and safety"],"fullName":"Core Execution Engine (run.ts) Context getters and safety should throw ContextNotFoundError when getContext called outside run","status":"passed","title":"should throw ContextNotFoundError when getContext called outside run","duration":1.8947630000000117,"failureMessages":[],"meta":{}},{"ancestorTitles":["Core Execution Engine (run.ts)","Context getters and safety"],"fullName":"Core Execution Engine (run.ts) Context getters and safety should return error Result when getContextSafe called outside run","status":"passed","title":"should return error Result when getContextSafe called outside run","duration":1.690759000000071,"failureMessages":[],"meta":{}},{"ancestorTitles":["Core Execution Engine (run.ts)","Context getters and safety"],"fullName":"Core Execution Engine (run.ts) Context getters and safety should return undefined when getContextOrUndefined called outside run","status":"passed","title":"should return undefined when getContextOrUndefined called outside run","duration":0.8015879999998106,"failureMessages":[],"meta":{}},{"ancestorTitles":["Core Execution Engine (run.ts)","Context getters and safety"],"fullName":"Core Execution Engine (run.ts) Context getters and safety should work correctly inside run","status":"passed","title":"should work correctly inside run","duration":1.189764999999852,"failureMessages":[],"meta":{}},{"ancestorTitles":["Core Execution Engine (run.ts)","Smart, Local, and Global context functions"],"fullName":"Core Execution Engine (run.ts) Smart, Local, and Global context functions should use global context as fallback for smart functions","status":"passed","title":"should use global context as fallback for smart functions","duration":2.3368970000001354,"failureMessages":[],"meta":{}},{"ancestorTitles":["Core Execution Engine (run.ts)","Smart, Local, and Global context functions"],"fullName":"Core Execution Engine (run.ts) Smart, Local, and Global context functions should throw errors for local-only functions when no context","status":"passed","title":"should throw errors for local-only functions when no context","duration":3.868889999999965,"failureMessages":[],"meta":{}},{"ancestorTitles":["Core Execution Engine (run.ts)","Smart, Local, and Global context functions"],"fullName":"Core Execution Engine (run.ts) Smart, Local, and Global context functions should work with global-only functions","status":"passed","title":"should work with global-only functions","duration":1.68726300000003,"failureMessages":[],"meta":{}},{"ancestorTitles":["Core Execution Engine (run.ts)","provide function and context overrides"],"fullName":"Core Execution Engine (run.ts) provide function and context overrides should temporarily override context values","status":"failed","title":"should temporarily override context values","duration":17.426213999999845,"failureMessages":["Error: Context is not available\n    at Object.use (file:///home/patrick/Projects/effectively/node_modules/.pnpm/unctx@2.4.1/node_modules/unctx/dist/index.mjs:31:15)\n    at provide (/home/patrick/Projects/effectively/src/run.ts:2312:53)\n    at /home/patrick/Projects/effectively/test/core-run.test.ts:328:33\n    at processTicksAndRejections (node:internal/process/task_queues:95:5)\n    at file:///home/patrick/Projects/effectively/node_modules/.pnpm/@vitest+runner@2.1.8/node_modules/@vitest/runner/dist/index.js:533:5\n    at runTest (file:///home/patrick/Projects/effectively/node_modules/.pnpm/@vitest+runner@2.1.8/node_modules/@vitest/runner/dist/index.js:1056:11)\n    at runSuite (file:///home/patrick/Projects/effectively/node_modules/.pnpm/@vitest+runner@2.1.8/node_modules/@vitest/runner/dist/index.js:1205:15)\n    at runSuite (file:///home/patrick/Projects/effectively/node_modules/.pnpm/@vitest+runner@2.1.8/node_modules/@vitest/runner/dist/index.js:1205:15)\n    at runSuite (file:///home/patrick/Projects/effectively/node_modules/.pnpm/@vitest+runner@2.1.8/node_modules/@vitest/runner/dist/index.js:1205:15)\n    at runFiles (file:///home/patrick/Projects/effectively/node_modules/.pnpm/@vitest+runner@2.1.8/node_modules/@vitest/runner/dist/index.js:1262:5)"],"meta":{}},{"ancestorTitles":["Core Execution Engine (run.ts)","provide function and context overrides"],"fullName":"Core Execution Engine (run.ts) provide function and context overrides should nest provide calls correctly","status":"failed","title":"should nest provide calls correctly","duration":13.579930000000104,"failureMessages":["AssertionError: expected { userId: 'test-user', counter: +0 } to deeply equal { userId: 'level1', counter: 42 }\n    at /home/patrick/Projects/effectively/test/core-run.test.ts:351:22\n    at processTicksAndRejections (node:internal/process/task_queues:95:5)\n    at file:///home/patrick/Projects/effectively/node_modules/.pnpm/@vitest+runner@2.1.8/node_modules/@vitest/runner/dist/index.js:533:5\n    at runTest (file:///home/patrick/Projects/effectively/node_modules/.pnpm/@vitest+runner@2.1.8/node_modules/@vitest/runner/dist/index.js:1056:11)\n    at runSuite (file:///home/patrick/Projects/effectively/node_modules/.pnpm/@vitest+runner@2.1.8/node_modules/@vitest/runner/dist/index.js:1205:15)\n    at runSuite (file:///home/patrick/Projects/effectively/node_modules/.pnpm/@vitest+runner@2.1.8/node_modules/@vitest/runner/dist/index.js:1205:15)\n    at runSuite (file:///home/patrick/Projects/effectively/node_modules/.pnpm/@vitest+runner@2.1.8/node_modules/@vitest/runner/dist/index.js:1205:15)\n    at runFiles (file:///home/patrick/Projects/effectively/node_modules/.pnpm/@vitest+runner@2.1.8/node_modules/@vitest/runner/dist/index.js:1262:5)\n    at startTests (file:///home/patrick/Projects/effectively/node_modules/.pnpm/@vitest+runner@2.1.8/node_modules/@vitest/runner/dist/index.js:1271:3)\n    at file:///home/patrick/Projects/effectively/node_modules/.pnpm/vitest@2.1.8_@types+node@22.10.2_jsdom@26.1.0/node_modules/vitest/dist/chunks/runBaseTests.3qpJUEJM.js:126:11"],"meta":{}},{"ancestorTitles":["Core Execution Engine (run.ts)","provide function and context overrides"],"fullName":"Core Execution Engine (run.ts) provide function and context overrides should preserve scope in provide calls","status":"passed","title":"should preserve scope in provide calls","duration":3.524787999999944,"failureMessages":[],"meta":{}},{"ancestorTitles":["Core Execution Engine (run.ts)","Context validation and merging"],"fullName":"Core Execution Engine (run.ts) Context validation and merging should validate context with schema","status":"passed","title":"should validate context with schema","duration":3.410145000000057,"failureMessages":[],"meta":{}},{"ancestorTitles":["Core Execution Engine (run.ts)","Context validation and merging"],"fullName":"Core Execution Engine (run.ts) Context validation and merging should merge contexts correctly","status":"passed","title":"should merge contexts correctly","duration":1.101669000000129,"failureMessages":[],"meta":{}},{"ancestorTitles":["Core Execution Engine (run.ts)","Context validation and merging"],"fullName":"Core Execution Engine (run.ts) Context validation and merging should require context properties","status":"passed","title":"should require context properties","duration":1.670319999999947,"failureMessages":[],"meta":{}},{"ancestorTitles":["Core Execution Engine (run.ts)","Dependency injection"],"fullName":"Core Execution Engine (run.ts) Dependency injection should create and use injection tokens","status":"failed","title":"should create and use injection tokens","duration":1.2367600000000039,"failureMessages":["Error: Context is not available\n    at Object.use (file:///home/patrick/Projects/effectively/node_modules/.pnpm/unctx@2.4.1/node_modules/unctx/dist/index.mjs:31:15)\n    at provide (/home/patrick/Projects/effectively/src/run.ts:2312:53)\n    at /home/patrick/Projects/effectively/test/core-run.test.ts:456:28\n    at file:///home/patrick/Projects/effectively/node_modules/.pnpm/@vitest+runner@2.1.8/node_modules/@vitest/runner/dist/index.js:146:14\n    at file:///home/patrick/Projects/effectively/node_modules/.pnpm/@vitest+runner@2.1.8/node_modules/@vitest/runner/dist/index.js:533:11\n    at runWithTimeout (file:///home/patrick/Projects/effectively/node_modules/.pnpm/@vitest+runner@2.1.8/node_modules/@vitest/runner/dist/index.js:39:7)\n    at runTest (file:///home/patrick/Projects/effectively/node_modules/.pnpm/@vitest+runner@2.1.8/node_modules/@vitest/runner/dist/index.js:1056:17)\n    at processTicksAndRejections (node:internal/process/task_queues:95:5)\n    at runSuite (file:///home/patrick/Projects/effectively/node_modules/.pnpm/@vitest+runner@2.1.8/node_modules/@vitest/runner/dist/index.js:1205:15)\n    at runSuite (file:///home/patrick/Projects/effectively/node_modules/.pnpm/@vitest+runner@2.1.8/node_modules/@vitest/runner/dist/index.js:1205:15)"],"meta":{}},{"ancestorTitles":["Core Execution Engine (run.ts)","Dependency injection"],"fullName":"Core Execution Engine (run.ts) Dependency injection should handle optional injection","status":"passed","title":"should handle optional injection","duration":2.5519939999999224,"failureMessages":[],"meta":{}},{"ancestorTitles":["Core Execution Engine (run.ts)","Dependency injection"],"fullName":"Core Execution Engine (run.ts) Dependency injection should throw when required injection not found","status":"passed","title":"should throw when required injection not found","duration":3.056421999999884,"failureMessages":[],"meta":{}},{"ancestorTitles":["Core Execution Engine (run.ts)","Cancellation and abort signals"],"fullName":"Core Execution Engine (run.ts) Cancellation and abort signals should propagate abort signals to context scope","status":"passed","title":"should propagate abort signals to context scope","duration":2.103346999999985,"failureMessages":[],"meta":{}},{"ancestorTitles":["Core Execution Engine (run.ts)","Cancellation and abort signals"],"fullName":"Core Execution Engine (run.ts) Cancellation and abort signals should handle abort during execution","status":"passed","title":"should handle abort during execution","duration":14.090829999999869,"failureMessages":[],"meta":{}},{"ancestorTitles":["Core Execution Engine (run.ts)","Logging"],"fullName":"Core Execution Engine (run.ts) Logging should use provided logger","status":"passed","title":"should use provided logger","duration":1.3597720000000209,"failureMessages":[],"meta":{}},{"ancestorTitles":["Core Execution Engine (run.ts)","Logging"],"fullName":"Core Execution Engine (run.ts) Logging should handle errors with logger","status":"passed","title":"should handle errors with logger","duration":4.991385000000037,"failureMessages":[],"meta":{}},{"ancestorTitles":["Core Execution Engine (run.ts)","Edge cases and error scenarios"],"fullName":"Core Execution Engine (run.ts) Edge cases and error scenarios should handle null/undefined inputs gracefully","status":"passed","title":"should handle null/undefined inputs gracefully","duration":1.1079939999999624,"failureMessages":[],"meta":{}},{"ancestorTitles":["Core Execution Engine (run.ts)","Edge cases and error scenarios"],"fullName":"Core Execution Engine (run.ts) Edge cases and error scenarios should handle deeply nested task execution","status":"passed","title":"should handle deeply nested task execution","duration":2.026482999999871,"failureMessages":[],"meta":{}},{"ancestorTitles":["Core Execution Engine (run.ts)","Edge cases and error scenarios"],"fullName":"Core Execution Engine (run.ts) Edge cases and error scenarios should preserve context through complex async operations","status":"passed","title":"should preserve context through complex async operations","duration":11.96275700000001,"failureMessages":[],"meta":{}}],"startTime":1749922792929,"endTime":1749922793151.9626,"status":"failed","message":"","name":"/home/patrick/Projects/effectively/test/core-run.test.ts"},{"assertionResults":[{"ancestorTitles":["Data Processing (data-processing.ts)","mapReduce"],"fullName":"Data Processing (data-processing.ts) mapReduce should perform parallel map and sequential reduce","status":"passed","title":"should perform parallel map and sequential reduce","duration":28.673628000000008,"failureMessages":[],"meta":{}},{"ancestorTitles":["Data Processing (data-processing.ts)","mapReduce"],"fullName":"Data Processing (data-processing.ts) mapReduce should handle empty arrays","status":"passed","title":"should handle empty arrays","duration":19.16941900000006,"failureMessages":[],"meta":{}},{"ancestorTitles":["Data Processing (data-processing.ts)","mapReduce"],"fullName":"Data Processing (data-processing.ts) mapReduce should handle single element arrays","status":"passed","title":"should handle single element arrays","duration":5.88844099999983,"failureMessages":[],"meta":{}},{"ancestorTitles":["Data Processing (data-processing.ts)","mapReduce"],"fullName":"Data Processing (data-processing.ts) mapReduce should work with complex data types","status":"passed","title":"should work with complex data types","duration":6.261641999999938,"failureMessages":[],"meta":{}},{"ancestorTitles":["Data Processing (data-processing.ts)","mapReduce"],"fullName":"Data Processing (data-processing.ts) mapReduce should work with string concatenation","status":"passed","title":"should work with string concatenation","duration":6.751226999999972,"failureMessages":[],"meta":{}},{"ancestorTitles":["Data Processing (data-processing.ts)","mapReduce"],"fullName":"Data Processing (data-processing.ts) mapReduce should handle concurrency limits","status":"passed","title":"should handle concurrency limits","duration":46.81509299999993,"failureMessages":[],"meta":{}},{"ancestorTitles":["Data Processing (data-processing.ts)","mapReduce"],"fullName":"Data Processing (data-processing.ts) mapReduce should handle task failures gracefully","status":"passed","title":"should handle task failures gracefully","duration":8.671690000000126,"failureMessages":[],"meta":{}},{"ancestorTitles":["Data Processing (data-processing.ts)","filter"],"fullName":"Data Processing (data-processing.ts) filter should filter array based on async predicate","status":"passed","title":"should filter array based on async predicate","duration":11.78540699999985,"failureMessages":[],"meta":{}},{"ancestorTitles":["Data Processing (data-processing.ts)","filter"],"fullName":"Data Processing (data-processing.ts) filter should handle empty arrays","status":"passed","title":"should handle empty arrays","duration":1.054255000000012,"failureMessages":[],"meta":{}},{"ancestorTitles":["Data Processing (data-processing.ts)","filter"],"fullName":"Data Processing (data-processing.ts) filter should handle arrays where no items pass filter","status":"passed","title":"should handle arrays where no items pass filter","duration":4.286376999999902,"failureMessages":[],"meta":{}},{"ancestorTitles":["Data Processing (data-processing.ts)","filter"],"fullName":"Data Processing (data-processing.ts) filter should handle arrays where all items pass filter","status":"passed","title":"should handle arrays where all items pass filter","duration":4.4906610000000455,"failureMessages":[],"meta":{}},{"ancestorTitles":["Data Processing (data-processing.ts)","filter"],"fullName":"Data Processing (data-processing.ts) filter should work with complex data types","status":"passed","title":"should work with complex data types","duration":9.687869000000092,"failureMessages":[],"meta":{}},{"ancestorTitles":["Data Processing (data-processing.ts)","filter"],"fullName":"Data Processing (data-processing.ts) filter should respect concurrency limits","status":"passed","title":"should respect concurrency limits","duration":50.54742699999997,"failureMessages":[],"meta":{}},{"ancestorTitles":["Data Processing (data-processing.ts)","filter"],"fullName":"Data Processing (data-processing.ts) filter should handle predicate task failures","status":"passed","title":"should handle predicate task failures","duration":30.077056999999968,"failureMessages":[],"meta":{}},{"ancestorTitles":["Data Processing (data-processing.ts)","filter"],"fullName":"Data Processing (data-processing.ts) filter should maintain original order of elements","status":"passed","title":"should maintain original order of elements","duration":14.218628999999964,"failureMessages":[],"meta":{}},{"ancestorTitles":["Data Processing (data-processing.ts)","groupBy"],"fullName":"Data Processing (data-processing.ts) groupBy should group items by key generated from async task","status":"passed","title":"should group items by key generated from async task","duration":20.96112100000005,"failureMessages":[],"meta":{}},{"ancestorTitles":["Data Processing (data-processing.ts)","groupBy"],"fullName":"Data Processing (data-processing.ts) groupBy should handle empty arrays","status":"passed","title":"should handle empty arrays","duration":3.9790740000000824,"failureMessages":[],"meta":{}},{"ancestorTitles":["Data Processing (data-processing.ts)","groupBy"],"fullName":"Data Processing (data-processing.ts) groupBy should handle arrays with single group","status":"passed","title":"should handle arrays with single group","duration":9.700702999999976,"failureMessages":[],"meta":{}},{"ancestorTitles":["Data Processing (data-processing.ts)","groupBy"],"fullName":"Data Processing (data-processing.ts) groupBy should work with complex data types","status":"passed","title":"should work with complex data types","duration":6.123486999999841,"failureMessages":[],"meta":{}},{"ancestorTitles":["Data Processing (data-processing.ts)","groupBy"],"fullName":"Data Processing (data-processing.ts) groupBy should handle numeric keys","status":"passed","title":"should handle numeric keys","duration":3.883103000000119,"failureMessages":[],"meta":{}},{"ancestorTitles":["Data Processing (data-processing.ts)","groupBy"],"fullName":"Data Processing (data-processing.ts) groupBy should respect concurrency limits","status":"passed","title":"should respect concurrency limits","duration":42.214574000000084,"failureMessages":[],"meta":{}},{"ancestorTitles":["Data Processing (data-processing.ts)","groupBy"],"fullName":"Data Processing (data-processing.ts) groupBy should handle keying task failures","status":"passed","title":"should handle keying task failures","duration":2.815663000000086,"failureMessages":[],"meta":{}},{"ancestorTitles":["Data Processing (data-processing.ts)","groupBy"],"fullName":"Data Processing (data-processing.ts) groupBy should maintain insertion order within groups","status":"passed","title":"should maintain insertion order within groups","duration":2.3498819999999796,"failureMessages":[],"meta":{}},{"ancestorTitles":["Data Processing (data-processing.ts)","groupBy"],"fullName":"Data Processing (data-processing.ts) groupBy should handle duplicate keys correctly","status":"passed","title":"should handle duplicate keys correctly","duration":4.22838999999999,"failureMessages":[],"meta":{}},{"ancestorTitles":["Data Processing (data-processing.ts)","Integration tests"],"fullName":"Data Processing (data-processing.ts) Integration tests should combine mapReduce with filter for complex processing","status":"passed","title":"should combine mapReduce with filter for complex processing","duration":8.819559000000027,"failureMessages":[],"meta":{}},{"ancestorTitles":["Data Processing (data-processing.ts)","Integration tests"],"fullName":"Data Processing (data-processing.ts) Integration tests should use groupBy with mapReduce for aggregation","status":"passed","title":"should use groupBy with mapReduce for aggregation","duration":10.226366999999982,"failureMessages":[],"meta":{}}],"startTime":1749922792690,"endTime":1749922793062.2263,"status":"passed","message":"","name":"/home/patrick/Projects/effectively/test/data-processing.test.ts"},{"assertionResults":[{"ancestorTitles":["Debug Provide"],"fullName":"Debug Provide should work with context-specific provide","status":"passed","title":"should work with context-specific provide","duration":10.057974999999942,"failureMessages":[],"meta":{}},{"ancestorTitles":["Debug Provide"],"fullName":"Debug Provide should work with global provide","status":"passed","title":"should work with global provide","duration":1.5440280000000257,"failureMessages":[],"meta":{}}],"startTime":1749922793201,"endTime":1749922793213.544,"status":"passed","message":"","name":"/home/patrick/Projects/effectively/test/debug-provide.test.ts"},{"assertionResults":[{"ancestorTitles":["Do Notation","doTask"],"fullName":"Do Notation doTask should execute simple do block with tasks","status":"passed","title":"should execute simple do block with tasks","duration":10.910485999999992,"failureMessages":[],"meta":{}},{"ancestorTitles":["Do Notation","doTask"],"fullName":"Do Notation doTask should handle input values","status":"passed","title":"should handle input values","duration":1.714913999999908,"failureMessages":[],"meta":{}},{"ancestorTitles":["Do Notation","doTask"],"fullName":"Do Notation doTask should handle plain values with pure","status":"passed","title":"should handle plain values with pure","duration":1.731313,"failureMessages":[],"meta":{}},{"ancestorTitles":["Do Notation","doTask"],"fullName":"Do Notation doTask should handle Promise values","status":"passed","title":"should handle Promise values","duration":1.4192340000001877,"failureMessages":[],"meta":{}},{"ancestorTitles":["Do Notation","doTask"],"fullName":"Do Notation doTask should handle Result types - success case","status":"passed","title":"should handle Result types - success case","duration":1.2186799999999494,"failureMessages":[],"meta":{}},{"ancestorTitles":["Do Notation","doTask"],"fullName":"Do Notation doTask should handle Result types - error case","status":"passed","title":"should handle Result types - error case","duration":7.142861000000039,"failureMessages":[],"meta":{}},{"ancestorTitles":["Do Notation","doTask"],"fullName":"Do Notation doTask should propagate errors from tasks","status":"passed","title":"should propagate errors from tasks","duration":1.5543209999998453,"failureMessages":[],"meta":{}},{"ancestorTitles":["Do Notation","doTask"],"fullName":"Do Notation doTask should handle try/catch in generators","status":"passed","title":"should handle try/catch in generators","duration":1.971358999999893,"failureMessages":[],"meta":{}},{"ancestorTitles":["Do Notation","context-specific doTask"],"fullName":"Do Notation context-specific doTask should work with typed context","status":"passed","title":"should work with typed context","duration":3.5037869999998748,"failureMessages":[],"meta":{}},{"ancestorTitles":["Do Notation","context-specific doTask"],"fullName":"Do Notation context-specific doTask should work with doBlock for no-input workflows","status":"passed","title":"should work with doBlock for no-input workflows","duration":1.6645399999999881,"failureMessages":[],"meta":{}},{"ancestorTitles":["Do Notation","conditional functions"],"fullName":"Do Notation conditional functions should execute doWhen with true condition","status":"passed","title":"should execute doWhen with true condition","duration":2.0293189999999868,"failureMessages":[],"meta":{}},{"ancestorTitles":["Do Notation","conditional functions"],"fullName":"Do Notation conditional functions should execute doWhen with false condition","status":"passed","title":"should execute doWhen with false condition","duration":1.232862999999952,"failureMessages":[],"meta":{}},{"ancestorTitles":["Do Notation","conditional functions"],"fullName":"Do Notation conditional functions should execute doUnless with false condition","status":"passed","title":"should execute doUnless with false condition","duration":1.3323459999999159,"failureMessages":[],"meta":{}},{"ancestorTitles":["Do Notation","conditional functions"],"fullName":"Do Notation conditional functions should skip doUnless with true condition","status":"passed","title":"should skip doUnless with true condition","duration":1.0400700000000143,"failureMessages":[],"meta":{}},{"ancestorTitles":["Do Notation","sequence function"],"fullName":"Do Notation sequence function should execute tasks in sequence and collect results","status":"passed","title":"should execute tasks in sequence and collect results","duration":1.2216100000000552,"failureMessages":[],"meta":{}},{"ancestorTitles":["Do Notation","sequence function"],"fullName":"Do Notation sequence function should handle empty sequence","status":"passed","title":"should handle empty sequence","duration":0.6562490000001162,"failureMessages":[],"meta":{}},{"ancestorTitles":["Do Notation","forEach function"],"fullName":"Do Notation forEach function should iterate over items and execute generator for each","status":"passed","title":"should iterate over items and execute generator for each","duration":3.5381929999998647,"failureMessages":[],"meta":{}},{"ancestorTitles":["Do Notation","forEach function"],"fullName":"Do Notation forEach function should handle empty array","status":"passed","title":"should handle empty array","duration":4.9828939999999875,"failureMessages":[],"meta":{}},{"ancestorTitles":["Do Notation","integration tests"],"fullName":"Do Notation integration tests should handle complex workflow with multiple patterns","status":"passed","title":"should handle complex workflow with multiple patterns","duration":1.6024969999998575,"failureMessages":[],"meta":{}}],"startTime":1749922792461,"endTime":1749922792516.6025,"status":"passed","message":"","name":"/home/patrick/Projects/effectively/test/do-notation.test.ts"},{"assertionResults":[{"ancestorTitles":["Error Handling (errors.ts)","createErrorType"],"fullName":"Error Handling (errors.ts) createErrorType should create a basic custom error type","status":"passed","title":"should create a basic custom error type","duration":6.769444000000021,"failureMessages":[],"meta":{}},{"ancestorTitles":["Error Handling (errors.ts)","createErrorType"],"fullName":"Error Handling (errors.ts) createErrorType should create hierarchical error types","status":"passed","title":"should create hierarchical error types","duration":2.050310999999965,"failureMessages":[],"meta":{}},{"ancestorTitles":["Error Handling (errors.ts)","createErrorType"],"fullName":"Error Handling (errors.ts) createErrorType should create multi-level inheritance hierarchies","status":"passed","title":"should create multi-level inheritance hierarchies","duration":1.7622069999999894,"failureMessages":[],"meta":{}},{"ancestorTitles":["Error Handling (errors.ts)","createErrorType"],"fullName":"Error Handling (errors.ts) createErrorType should handle custom constructor parameters","status":"passed","title":"should handle custom constructor parameters","duration":0.9208649999998215,"failureMessages":[],"meta":{}},{"ancestorTitles":["Error Handling (errors.ts)","createErrorType"],"fullName":"Error Handling (errors.ts) createErrorType should maintain proper stack traces","status":"passed","title":"should maintain proper stack traces","duration":17.035049000000072,"failureMessages":[],"meta":{}},{"ancestorTitles":["Error Handling (errors.ts)","createErrorType"],"fullName":"Error Handling (errors.ts) createErrorType should set constructor name properly","status":"passed","title":"should set constructor name properly","duration":1.0107900000000427,"failureMessages":[],"meta":{}},{"ancestorTitles":["Error Handling (errors.ts)","createErrorType"],"fullName":"Error Handling (errors.ts) createErrorType should handle errors with no message","status":"passed","title":"should handle errors with no message","duration":0.6310150000001613,"failureMessages":[],"meta":{}},{"ancestorTitles":["Error Handling (errors.ts)","createErrorHandler"],"fullName":"Error Handling (errors.ts) createErrorHandler should create a typed error handler tuple","status":"passed","title":"should create a typed error handler tuple","duration":3.014906999999994,"failureMessages":[],"meta":{}},{"ancestorTitles":["Error Handling (errors.ts)","createErrorHandler"],"fullName":"Error Handling (errors.ts) createErrorHandler should provide correct error typing in handler","status":"passed","title":"should provide correct error typing in handler","duration":0.9551320000000487,"failureMessages":[],"meta":{}},{"ancestorTitles":["Error Handling (errors.ts)","createErrorHandler"],"fullName":"Error Handling (errors.ts) createErrorHandler should work with async handlers","status":"passed","title":"should work with async handlers","duration":13.096565999999939,"failureMessages":[],"meta":{}},{"ancestorTitles":["Error Handling (errors.ts)","withErrorBoundary"],"fullName":"Error Handling (errors.ts) withErrorBoundary should catch and handle specific errors","status":"passed","title":"should catch and handle specific errors","duration":11.022866999999906,"failureMessages":[],"meta":{}},{"ancestorTitles":["Error Handling (errors.ts)","withErrorBoundary"],"fullName":"Error Handling (errors.ts) withErrorBoundary should handle hierarchical errors correctly","status":"passed","title":"should handle hierarchical errors correctly","duration":1.8430869999999686,"failureMessages":[],"meta":{}},{"ancestorTitles":["Error Handling (errors.ts)","withErrorBoundary"],"fullName":"Error Handling (errors.ts) withErrorBoundary should match handlers in order","status":"passed","title":"should match handlers in order","duration":1.7917179999999462,"failureMessages":[],"meta":{}},{"ancestorTitles":["Error Handling (errors.ts)","withErrorBoundary"],"fullName":"Error Handling (errors.ts) withErrorBoundary should not catch BacktrackSignal errors","status":"passed","title":"should not catch BacktrackSignal errors","duration":2.04018300000007,"failureMessages":[],"meta":{}},{"ancestorTitles":["Error Handling (errors.ts)","withErrorBoundary"],"fullName":"Error Handling (errors.ts) withErrorBoundary should rethrow unhandled errors","status":"passed","title":"should rethrow unhandled errors","duration":5.6547599999998965,"failureMessages":[],"meta":{}},{"ancestorTitles":["Error Handling (errors.ts)","withErrorBoundary"],"fullName":"Error Handling (errors.ts) withErrorBoundary should pass context to error handlers","status":"passed","title":"should pass context to error handlers","duration":1.2216080000000602,"failureMessages":[],"meta":{}},{"ancestorTitles":["Error Handling (errors.ts)","withErrorBoundary"],"fullName":"Error Handling (errors.ts) withErrorBoundary should handle async error handlers","status":"passed","title":"should handle async error handlers","duration":13.066764000000148,"failureMessages":[],"meta":{}},{"ancestorTitles":["Error Handling (errors.ts)","withErrorBoundary"],"fullName":"Error Handling (errors.ts) withErrorBoundary should work with successful tasks","status":"passed","title":"should work with successful tasks","duration":1.1367139999999836,"failureMessages":[],"meta":{}},{"ancestorTitles":["Error Handling (errors.ts)","withErrorBoundary"],"fullName":"Error Handling (errors.ts) withErrorBoundary should handle non-Error thrown values","status":"passed","title":"should handle non-Error thrown values","duration":1.4167439999998805,"failureMessages":[],"meta":{}},{"ancestorTitles":["Error Handling (errors.ts)","withErrorBoundary"],"fullName":"Error Handling (errors.ts) withErrorBoundary should handle multiple error types in complex workflows","status":"passed","title":"should handle multiple error types in complex workflows","duration":4.517060000000129,"failureMessages":[],"meta":{}},{"ancestorTitles":["Error Handling (errors.ts)","tryCatch"],"fullName":"Error Handling (errors.ts) tryCatch should convert successful sync functions to Ok results","status":"passed","title":"should convert successful sync functions to Ok results","duration":1.7324999999998454,"failureMessages":[],"meta":{}},{"ancestorTitles":["Error Handling (errors.ts)","tryCatch"],"fullName":"Error Handling (errors.ts) tryCatch should convert successful async functions to Ok results","status":"passed","title":"should convert successful async functions to Ok results","duration":11.800453000000061,"failureMessages":[],"meta":{}},{"ancestorTitles":["Error Handling (errors.ts)","tryCatch"],"fullName":"Error Handling (errors.ts) tryCatch should convert thrown errors to Err results","status":"passed","title":"should convert thrown errors to Err results","duration":2.2178480000000036,"failureMessages":[],"meta":{}},{"ancestorTitles":["Error Handling (errors.ts)","tryCatch"],"fullName":"Error Handling (errors.ts) tryCatch should convert async thrown errors to Err results","status":"passed","title":"should convert async thrown errors to Err results","duration":11.166531000000077,"failureMessages":[],"meta":{}},{"ancestorTitles":["Error Handling (errors.ts)","tryCatch"],"fullName":"Error Handling (errors.ts) tryCatch should handle non-Error thrown values","status":"passed","title":"should handle non-Error thrown values","duration":1.9977870000000166,"failureMessages":[],"meta":{}},{"ancestorTitles":["Error Handling (errors.ts)","tryCatch"],"fullName":"Error Handling (errors.ts) tryCatch should preserve function arguments","status":"passed","title":"should preserve function arguments","duration":2.3632149999998546,"failureMessages":[],"meta":{}},{"ancestorTitles":["Error Handling (errors.ts)","tryCatch"],"fullName":"Error Handling (errors.ts) tryCatch should work with functions that return undefined","status":"passed","title":"should work with functions that return undefined","duration":3.163381000000072,"failureMessages":[],"meta":{}},{"ancestorTitles":["Error Handling (errors.ts)","tryCatch"],"fullName":"Error Handling (errors.ts) tryCatch should work with functions that return null","status":"passed","title":"should work with functions that return null","duration":1.009612000000061,"failureMessages":[],"meta":{}},{"ancestorTitles":["Error Handling (errors.ts)","tryCatch"],"fullName":"Error Handling (errors.ts) tryCatch should handle custom error types","status":"passed","title":"should handle custom error types","duration":2.6382579999999507,"failureMessages":[],"meta":{}},{"ancestorTitles":["Error Handling (errors.ts)","tryCatch"],"fullName":"Error Handling (errors.ts) tryCatch should work with API-like functions","status":"passed","title":"should work with API-like functions","duration":2.110985000000028,"failureMessages":[],"meta":{}},{"ancestorTitles":["Error Handling (errors.ts)","Integration with task workflows"],"fullName":"Error Handling (errors.ts) Integration with task workflows should integrate error boundaries with complex workflows","status":"passed","title":"should integrate error boundaries with complex workflows","duration":2.702052999999978,"failureMessages":[],"meta":{}},{"ancestorTitles":["Error Handling (errors.ts)","Integration with task workflows"],"fullName":"Error Handling (errors.ts) Integration with task workflows should combine tryCatch with task workflows","status":"passed","title":"should combine tryCatch with task workflows","duration":4.421406999999817,"failureMessages":[],"meta":{}}],"startTime":1749922792466,"endTime":1749922792610.4214,"status":"passed","message":"","name":"/home/patrick/Projects/effectively/test/error-handling.test.ts"},{"assertionResults":[{"ancestorTitles":["Global Provide Function Fix"],"fullName":"Global Provide Function Fix should properly enhance context when provide is called within existing context","status":"passed","title":"should properly enhance context when provide is called within existing context","duration":9.437958999999978,"failureMessages":[],"meta":{}},{"ancestorTitles":["Global Provide Function Fix"],"fullName":"Global Provide Function Fix should work with nested provide calls","status":"passed","title":"should work with nested provide calls","duration":1.32984799999997,"failureMessages":[],"meta":{}}],"startTime":1749922793162,"endTime":1749922793173.3298,"status":"passed","message":"","name":"/home/patrick/Projects/effectively/test/global-provide-fix.test.ts"},{"assertionResults":[{"ancestorTitles":["Resource Management (bracket.ts)","withResource (bracket)"],"fullName":"Resource Management (bracket.ts) withResource (bracket) should acquire, use, and release resources correctly","status
[...]
","message":"","name":"/home/patrick/Projects/effectively/test/simple-bracket.test.ts"},{"assertionResults":[{"ancestorTitles":["Structured Concurrency (structured-concurrency.ts)","forkJoin"],"fullName":"Structured Concurrency (structured-concurrency.ts) forkJoin should execute tasks in parallel and return keyed results","status":"passed","title":"should execute tasks in parallel and return keyed results","duration":15.974005999999918,"failureMessages":[],"meta":{}},{"ancestorTitles":["Structured Concurrency (structured-concurrency.ts)","forkJoin"],"fullName":"Structured Concurrency (structured-concurrency.ts) forkJoin should handle empty task object","status":"passed","title":"should handle empty task object","duration":1.3159080000000358,"failureMessages":[],"meta":{}},{"ancestorTitles":["Structured Concurrency (structured-concurrency.ts)","forkJoin"],"fullName":"Structured Concurrency (structured-concurrency.ts) forkJoin should handle single task","status":"passed","title":"should handle single task","duration":1.6729789999999412,"failureMessages":[],"meta":{}},{"ancestorTitles":["Structured Concurrency (structured-concurrency.ts)","forkJoin"],"fullName":"Structured Concurrency (structured-concurrency.ts) forkJoin should pass the same input to all tasks","status":"passed","title":"should pass the same input to all tasks","duration":2.4105389999999716,"failureMessages":[],"meta":{}},{"ancestorTitles":["Structured Concurrency (structured-concurrency.ts)","forkJoin"],"fullName":"Structured Concurrency (structured-concurrency.ts) forkJoin should handle task failures correctly","status":"passed","title":"should handle task failures correctly","duration":8.10702399999991,"failureMessages":[],"meta":{}},{"ancestorTitles":["Structured Concurrency (structured-concurrency.ts)","forkJoin"],"fullName":"Structured Concurrency (structured-concurrency.ts) forkJoin should maintain type safety","status":"passed","title":"should maintain type safety","duration":2.9048740000000635,"failureMessages":[],"meta":{}},{"ancestorTitles":["Structured Concurrency (structured-concurrency.ts)","forkJoin"],"fullName":"Structured Concurrency (structured-concurrency.ts) forkJoin should respect context overrides","status":"passed","title":"should respect context overrides","duration":1.618780999999899,"failureMessages":[],"meta":{}},{"ancestorTitles":["Structured Concurrency (structured-concurrency.ts)","ift (if-then-else)"],"fullName":"Structured Concurrency (structured-concurrency.ts) ift (if-then-else) should execute onTrue task when predicate is true","status":"passed","title":"should execute onTrue task when predicate is true","duration":1.6040040000000317,"failureMessages":[],"meta":{}},{"ancestorTitles":["Structured Concurrency (structured-concurrency.ts)","ift (if-then-else)"],"fullName":"Structured Concurrency (structured-concurrency.ts) ift (if-then-else) should execute onFalse task when predicate is false","status":"passed","title":"should execute onFalse task when predicate is false","duration":3.3735330000001795,"failureMessages":[],"meta":{}},{"ancestorTitles":["Structured Concurrency (structured-concurrency.ts)","ift (if-then-else)"],"fullName":"Structured Concurrency (structured-concurrency.ts) ift (if-then-else) should work with async predicates","status":"passed","title":"should work with async predicates","duration":5.146308999999974,"failureMessages":[],"meta":{}},{"ancestorTitles":["Structured Concurrency (structured-concurrency.ts)","ift (if-then-else)"],"fullName":"Structured Concurrency (structured-concurrency.ts) ift (if-then-else) should pass context to predicate","status":"passed","title":"should pass context to predicate","duration":1.5508930000000873,"failureMessages":[],"meta":{}},{"ancestorTitles":["Structured Concurrency (structured-concurrency.ts)","ift (if-then-else)"],"fullName":"Structured Concurrency (structured-concurrency.ts) ift (if-then-else) should handle errors in predicate","status":"passed","title":"should handle errors in predicate","duration":5.0056790000001,"failureMessages":[],"meta":{}},{"ancestorTitles":["Structured Concurrency (structured-concurrency.ts)","ift (if-then-else)"],"fullName":"Structured Concurrency (structured-concurrency.ts) ift (if-then-else) should handle errors in branch tasks","status":"passed","title":"should handle errors in branch tasks","duration":3.2763270000000375,"failureMessages":[],"meta":{}},{"ancestorTitles":["Structured Concurrency (structured-concurrency.ts)","ift (if-then-else)"],"fullName":"Structured Concurrency (structured-concurrency.ts) ift (if-then-else) should support different return types from branches","status":"passed","title":"should support different return types from branches","duration":3.26958599999989,"failureMessages":[],"meta":{}},{"ancestorTitles":["Structured Concurrency (structured-concurrency.ts)","ift (if-then-else)"],"fullName":"Structured Concurrency (structured-concurrency.ts) ift (if-then-else) should work with complex conditional logic","status":"passed","title":"should work with complex conditional logic","duration":2.0860200000001896,"failureMessages":[],"meta":{}},{"ancestorTitles":["Structured Concurrency (structured-concurrency.ts)","allTuple"],"fullName":"Structured Concurrency (structured-concurrency.ts) allTuple should execute tasks in parallel and return typed tuple","status":"passed","title":"should execute tasks in parallel and return typed tuple","duration":3.8030180000000655,"failureMessages":[],"meta":{}},{"ancestorTitles":["Structured Concurrency (structured-concurrency.ts)","allTuple"],"fullName":"Structured Concurrency (structured-concurrency.ts) allTuple should handle empty array","status":"passed","title":"should handle empty array","duration":2.758070000000089,"failureMessages":[],"meta":{}},{"ancestorTitles":["Structured Concurrency (structured-concurrency.ts)","allTuple"],"fullName":"Structured Concurrency (structured-concurrency.ts) allTuple should handle single task","status":"passed","title":"should handle single task","duration":1.190204999999878,"failureMessages":[],"meta":{}},{"ancestorTitles":["Structured Concurrency (structured-concurrency.ts)","allTuple"],"fullName":"Structured Concurrency (structured-concurrency.ts) allTuple should execute tasks in parallel","status":"passed","title":"should execute tasks in parallel","duration":1.7734579999998914,"failureMessages":[],"meta":{}},{"ancestorTitles":["Structured Concurrency (structured-concurrency.ts)","allTuple"],"fullName":"Structured Concurrency (structured-concurrency.ts) allTuple should handle task failures","status":"passed","title":"should handle task failures","duration":3.2273079999999936,"failureMessages":[],"meta":{}},{"ancestorTitles":["Structured Concurrency (structured-concurrency.ts)","allTuple"],"fullName":"Structured Concurrency (structured-concurrency.ts) allTuple should maintain order of results","status":"passed","title":"should maintain order of results","duration":2.8587749999999232,"failureMessages":[],"meta":{}},{"ancestorTitles":["Structured Concurrency (structured-concurrency.ts)","allTuple"],"fullName":"Structured Concurrency (structured-concurrency.ts) allTuple should pass same input to all tasks","status":"passed","title":"should pass same input to all tasks","duration":1.3586900000000242,"failureMessages":[],"meta":{}},{"ancestorTitles":["Structured Concurrency (structured-concurrency.ts)","Integration tests"],"fullName":"Structured Concurrency (structured-concurrency.ts) Integration tests should combine forkJoin and ift for complex workflows","status":"passed","title":"should combine forkJoin and ift for complex workflows","duration":3.5050039999998717,"failureMessages":[],"meta":{}},{"ancestorTitles":["Structured Concurrency (structured-concurrency.ts)","Integration tests"],"fullName":"Structured Concurrency (structured-concurrency.ts) Integration tests should handle nested forkJoin operations","status":"passed","title":"should handle nested forkJoin operations","duration":2.0705849999999373,"failureMessages":[],"meta":{}},{"ancestorTitles":["Structured Concurrency (structured-concurrency.ts)","Integration tests"],"fullName":"Structured Concurrency (structured-concurrency.ts) Integration tests should handle complex predicate logic in ift","status":"passed","title":"should handle complex predicate logic in ift","duration":1.8424600000000737,"failureMessages":[],"meta":{}}],"startTime":1749922792468,"endTime":1749922792555.8425,"status":"passed","message":"","name":"/home/patrick/Projects/effectively/test/structured-concurrency.test.ts"},{"assertionResults":[{"ancestorTitles":["Telemetry (telemetry.ts)","withSpan"],"fullName":"Telemetry (telemetry.ts) withSpan should create a span, set status OK on success, and return task result","status":"passed","title":"should create a span, set status OK on success, and return task result","duration":16.538770999999997,"failureMessages":[],"meta":{}},{"ancestorTitles":["Telemetry (telemetry.ts)","withSpan"],"fullName":"Telemetry (telemetry.ts) withSpan should create a span, record exception, set status ERROR on failure, and re-throw","status":"passed","title":"should create a span, record exception, set status ERROR on failure, and re-throw","duration":9.43164999999999,"failureMessages":[],"meta":{}},{"ancestorTitles":["Telemetry (telemetry.ts)","withSpan"],"fullName":"Telemetry (telemetry.ts) withSpan should fall back to logging when no tracer is available","status":"passed","title":"should fall back to logging when no tracer is available","duration":2.6674909999999272,"failureMessages":[],"meta":{}},{"ancestorTitles":["Telemetry (telemetry.ts)","recordMetric"],"fullName":"Telemetry (telemetry.ts) recordMetric should record a counter metric","status":"passed","title":"should record a counter metric","duration":5.213252999999895,"failureMessages":[],"meta":{}},{"ancestorTitles":["Telemetry (telemetry.ts)","recordMetric"],"fullName":"Telemetry (telemetry.ts) recordMetric should record a histogram metric","status":"passed","title":"should record a histogram metric","duration":2.6713400000001,"failureMessages":[],"meta":{}},{"ancestorTitles":["Telemetry (telemetry.ts)","recordMetric"],"fullName":"Telemetry (telemetry.ts) recordMetric should fall back to logging when no meter is available","status":"passed","title":"should fall back to logging when no meter is available","duration":2.8329180000000633,"failureMessages":[],"meta":{}},{"ancestorTitles":["Telemetry (telemetry.ts)","Higher-Level Enhancers"],"fullName":"Telemetry (telemetry.ts) Higher-Level Enhancers withTiming should record a histogram on success and failure","status":"passed","title":"withTiming should record a histogram on success and failure","duration":2.765113000000156,"failureMessages":[],"meta":{}},{"ancestorTitles":["Telemetry (telemetry.ts)","Higher-Level Enhancers"],"fullName":"Telemetry (telemetry.ts) Higher-Level Enhancers withCounter should increment on success and failure","status":"passed","title":"withCounter should increment on success and failure","duration":4.763776000000007,"failureMessages":[],"meta":{}},{"ancestorTitles":["Telemetry (telemetry.ts)","Higher-Level Enhancers"],"fullName":"Telemetry (telemetry.ts) Higher-Level Enhancers withObservability should call span, timer, and counter logic","status":"passed","title":"withObservability should call span, timer, and counter logic","duration":4.773292999999967,"failureMessages":[],"meta":{}},{"ancestorTitles":["Telemetry (telemetry.ts)","Manual Span Helpers"],"fullName":"Telemetry (telemetry.ts) Manual Span Helpers addSpanAttributes should call setAttributes on the active span","status":"passed","title":"addSpanAttributes should call setAttributes on the active span","duration":2.2511809999998604,"failureMessages":[],"meta":{}},{"ancestorTitles":["Telemetry (telemetry.ts)","Manual Span Helpers"],"fullName":"Telemetry (telemetry.ts) Manual Span Helpers recordSpanException should call recordException on the active span","status":"passed","title":"recordSpanException should call recordException on the active span","duration":4.502083000000084,"failureMessages":[],"meta":{}},{"ancestorTitles":["Telemetry (telemetry.ts)","Manual Span Helpers"],"fullName":"Telemetry (telemetry.ts) Manual Span Helpers getCurrentSpan should return the active span","status":"passed","title":"getCurrentSpan should return the active span","duration":1.3196109999998953,"failureMessages":[],"meta":{}},{"ancestorTitles":["Telemetry (telemetry.ts)","@traced Decorator"],"fullName":"Telemetry (telemetry.ts) @traced Decorator should wrap a class method with a span","status":"passed","title":"should wrap a class method with a span","duration":2.786207999999988,"failureMessages":[],"meta":{}},{"ancestorTitles":["Telemetry (telemetry.ts)","@traced Decorator"],"fullName":"Telemetry (telemetry.ts) @traced Decorator should use class.method as default span name","status":"passed","title":"should use class.method as default span name","duration":1.190894999999955,"failureMessages":[],"meta":{}},{"ancestorTitles":["Telemetry (telemetry.ts)","@traced Decorator"],"fullName":"Telemetry (telemetry.ts) @traced Decorator should not wrap if no tracer is present in context","status":"passed","title":"should not wrap if no tracer is present in context","duration":1.066870999999992,"failureMessages":[],"meta":{}}],"startTime":1749922792560,"endTime":1749922792629.067,"status":"passed","message":"","name":"/home/patrick/Projects/effectively/test/telemetry.test.ts"},{"assertionResults":[{"ancestorTitles":["Web Worker Utilities (worker.ts)","runOnWorker (Request-Response)"],"fullName":"Web Worker Utilities (worker.ts) runOnWorker (Request-Response) should successfully execute a task on the worker and return the result","status":"failed","title":"should successfully execute a task on the worker and return the result","duration":1031.4667489999997,"failureMessages":["Error: Test timed out in 1000ms.\nIf this is a long-running test, pass a timeout value as the last argument or configure it globally with \"testTimeout\".\n    at Timeout.<anonymous> (file:///home/patrick/Projects/effectively/node_modules/.pnpm/@vitest+runner@2.1.8/node_modules/@vitest/runner/dist/index.js:44:18)\n    at listOnTimeout (node:internal/timers:581:17)\n    at processTimers (node:internal/timers:519:7)"],"meta":{}},{"ancestorTitles":["Web Worker Utilities (worker.ts)","runOnWorker (Request-Response)"],"fullName":"Web Worker Utilities (worker.ts) runOnWorker (Request-Response) should correctly propagate an error from the worker task","status":"failed","title":"should correctly propagate an error from the worker task","duration":1015.3684830000002,"failureMessages":["Error: Test timed out in 1000ms.\nIf this is a long-running test, pass a timeout value as the last argument or configure it globally with \"testTimeout\".\n    at Timeout.<anonymous> (file:///home/patrick/Projects/effectively/node_modules/.pnpm/@vitest+runner@2.1.8/node_modules/@vitest/runner/dist/index.js:44:18)\n    at listOnTimeout (node:internal/timers:581:17)\n    at processTimers (node:internal/timers:519:7)"],"meta":{}},{"ancestorTitles":["Web Worker Utilities (worker.ts)","runOnWorker (Request-Response)"],"fullName":"Web Worker Utilities (worker.ts) runOnWorker (Request-Response) should reject if the taskId is not found on the worker","status":"failed","title":"should reject if the taskId is not found on the worker","duration":1006.0615159999998,"failureMessages":["Error: Test timed out in 1000ms.\nIf this is a long-running test, pass a timeout value as the last argument or configure it globally with \"testTimeout\".\n    at Timeout.<anonymous> (file:///home/patrick/Projects/effectively/node_modules/.pnpm/@vitest+runner@2.1.8/node_modules/@vitest/runner/dist/index.js:44:18)\n    at listOnTimeout (node:internal/timers:581:17)\n    at processTimers (node:internal/timers:519:7)"],"meta":{}},{"ancestorTitles":["Web Worker Utilities (worker.ts)","runOnWorker (Request-Response)"],"fullName":"Web Worker Utilities (worker.ts) runOnWorker (Request-Response) should handle cancellation from the main thread","status":"failed","title":"should handle cancellation from the main thread","duration":1005.5626149999998,"failureMessages":["Error: Test timed out in 1000ms.\nIf this is a long-running test, pass a timeout value as the last argument or configure it globally with \"testTimeout\".\n    at Timeout.<anonymous> (file:///home/patrick/Projects/effectively/node_modules/.pnpm/@vitest+runner@2.1.8/node_modules/@vitest/runner/dist/index.js:44:18)\n    at listOnTimeout (node:internal/timers:581:17)\n    at processTimers (node:internal/timers:519:7)"],"meta":{}},{"ancestorTitles":["Web Worker Utilities (worker.ts)","runStreamOnWorker (Streaming)"],"fullName":"Web Worker Utilities (worker.ts) runStreamOnWorker (Streaming) should stream all results successfully from the worker","status":"failed","title":"should stream all results successfully from the worker","duration":1008.4990879999996,"failureMessages":["Error: Test timed out in 1000ms.\nIf this is a long-running test, pass a timeout value as the last argument or configure it globally with \"testTimeout\".\n    at Timeout.<anonymous> (file:///home/patrick/Projects/effectively/node_modules/.pnpm/@vitest+runner@2.1.8/node_modules/@vitest/runner/dist/index.js:44:18)\n    at listOnTimeout (node:internal/timers:581:17)\n    at processTimers (node:internal/timers:519:7)"],"meta":{}},{"ancestorTitles":["Web Worker Utilities (worker.ts)","runStreamOnWorker (Streaming)"],"fullName":"Web Worker Utilities (worker.ts) runStreamOnWorker (Streaming) should propagate an error thrown from the worker stream","status":"failed","title":"should propagate an error thrown from the worker stream","duration":1006.0623160000005,"failureMessages":["Error: Test timed out in 1000ms.\nIf this is a long-running test, pass a timeout value as the last argument or configure it globally with \"testTimeout\".\n    at Timeout.<anonymous> (file:///home/patrick/Projects/effectively/node_modules/.pnpm/@vitest+runner@2.1.8/node_modules/@vitest/runner/dist/index.js:44:18)\n    at listOnTimeout (node:internal/timers:581:17)\n    at processTimers (node:internal/timers:519:7)"],"meta":{}},{"ancestorTitles":["Web Worker Utilities (worker.ts)","runStreamOnWorker (Streaming)"],"fullName":"Web Worker Utilities (worker.ts) runStreamOnWorker (Streaming) should handle cancellation from the main thread during streaming","status":"failed","title":"should handle cancellation from the main thread during streaming","duration":1005.042570999999,"failureMessages":["Error: Test timed out in 1000ms.\nIf this is a long-running test, pass a timeout value as the last argument or configure it globally with \"testTimeout\".\n    at Timeout.<anonymous> (file:///home/patrick/Projects/effectively/node_modules/.pnpm/@vitest+runner@2.1.8/node_modules/@vitest/runner/dist/index.js:44:18)\n    at listOnTimeout (node:internal/timers:581:17)\n    at processTimers (node:internal/timers:519:7)"],"meta":{}},{"ancestorTitles":["Web Worker Utilities (worker.ts)","runStreamOnWorker (Streaming)"],"fullName":"Web Worker Utilities (worker.ts) runStreamOnWorker (Streaming) should handle the consumer breaking the loop early","status":"failed","title":"should handle the consumer breaking the loop early","duration":1007.1550520000001,"failureMessages":["Error: Test timed out in 1000ms.\nIf this is a long-running test, pass a timeout value as the last argument or configure it globally with \"testTimeout\".\n    at Timeout.<anonymous> (file:///home/patrick/Projects/effectively/node_modules/.pnpm/@vitest+runner@2.1.8/node_modules/@vitest/runner/dist/index.js:44:18)\n    at listOnTimeout (node:internal/timers:581:17)\n    at processTimers (node:internal/timers:519:7)"],"meta":{}}],"startTime":1749922792661,"endTime":1749922800749.155,"status":"failed","message":"","name":"/home/patrick/Projects/effectively/test/worker.test.ts"}]}